<?xml version="1.0" encoding="UTF-8"?>
<!-- Generated by org.testng.reporters.JUnitReportReporter -->
<testsuite skipped="0" hostname="sunfish.sailpoint.com" name="sailpoint.object.PasswordPolicyTest" tests="18" failures="0" timestamp="11 May 2021 16:09:47 GMT" time="0.005" errors="0">
  <testcase name="testMergingResetDaysPolicies" time="0.000" classname="sailpoint.object.PasswordPolicyTest"/>
  <testcase name="testMergingMinNumericPolicies" time="0.000" classname="sailpoint.object.PasswordPolicyTest"/>
  <testcase name="testMergingDictionaryCheckPolicies" time="0.000" classname="sailpoint.object.PasswordPolicyTest"/>
  <testcase name="testConvertConstraintsWithoutNoConstraints" time="0.000" classname="sailpoint.object.PasswordPolicyTest"/>
  <testcase name="testMergingIdentityAttributesCheckPolicies" time="0.000" classname="sailpoint.object.PasswordPolicyTest"/>
  <testcase name="testMergingPasswordHistoryPolicies" time="0.000" classname="sailpoint.object.PasswordPolicyTest"/>
  <testcase name="testMergingMinLengthPolicies" time="0.000" classname="sailpoint.object.PasswordPolicyTest"/>
  <testcase name="testMergingExpirationDaysPolicies" time="0.001" classname="sailpoint.object.PasswordPolicyTest"/>
  <testcase name="testConvertConstraintsWithNoConstraints" time="0.002" classname="sailpoint.object.PasswordPolicyTest"/>
  <testcase name="testMergingMinSpecialPolicies" time="0.000" classname="sailpoint.object.PasswordPolicyTest"/>
  <testcase name="testMergingConflictingMaxLengthAndSpecialLength" time="0.000" classname="sailpoint.object.PasswordPolicyTest"/>
  <testcase name="testMergingConflictingLengthPolicy" time="0.000" classname="sailpoint.object.PasswordPolicyTest"/>
  <testcase name="testMergingMinAlphaPolicies" time="0.000" classname="sailpoint.object.PasswordPolicyTest"/>
  <testcase name="testMergingAccountAttributesCheckPolicies" time="0.002" classname="sailpoint.object.PasswordPolicyTest"/>
  <testcase name="testMergingMinUpperPolicies" time="0.000" classname="sailpoint.object.PasswordPolicyTest"/>
  <testcase name="testMergingChangeDurationPolicies" time="0.000" classname="sailpoint.object.PasswordPolicyTest"/>
  <testcase name="testMergingMaxLengthPolicies" time="0.000" classname="sailpoint.object.PasswordPolicyTest"/>
  <testcase name="testMergingMinLowerPolicies" time="0.000" classname="sailpoint.object.PasswordPolicyTest"/>
</testsuite> <!-- sailpoint.object.PasswordPolicyTest -->
