<?xml version="1.0" encoding="UTF-8"?>
<!-- Generated by org.testng.reporters.JUnitReportReporter -->
<testsuite skipped="0" hostname="sunfish.sailpoint.com" name="sailpoint.service.ForwardingServiceTests" tests="3" failures="0" timestamp="11 May 2021 16:09:46 GMT" time="0.180" errors="0">
  <testcase name="testGetForwardingInfo" time="0.003" classname="sailpoint.service.ForwardingServiceTests"/>
  <testcase name="testUpdateForwardingInfo" time="0.174" classname="sailpoint.service.ForwardingServiceTests"/>
  <testcase name="testGetForwardingInfoNull" time="0.003" classname="sailpoint.service.ForwardingServiceTests"/>
</testsuite> <!-- sailpoint.service.ForwardingServiceTests -->
