<?xml version="1.0" encoding="UTF-8"?>
<!-- Generated by org.testng.reporters.JUnitReportReporter -->
<testsuite skipped="0" hostname="sunfish.sailpoint.com" name="sailpoint.authorization.OAuthRightAuthorizerTest" tests="7" failures="0" timestamp="11 May 2021 16:09:47 GMT" time="0.001" errors="0">
  <testcase name="testReadUser" time="0.000" classname="sailpoint.authorization.OAuthRightAuthorizerTest"/>
  <testcase name="testSCIMExecUser" time="0.000" classname="sailpoint.authorization.OAuthRightAuthorizerTest"/>
  <testcase name="testAdmin" time="0.000" classname="sailpoint.authorization.OAuthRightAuthorizerTest"/>
  <testcase name="testFullAccessUser" time="0.000" classname="sailpoint.authorization.OAuthRightAuthorizerTest"/>
  <testcase name="testOldToken" time="0.001" classname="sailpoint.authorization.OAuthRightAuthorizerTest"/>
  <testcase name="testSCIMExecUserFailure" time="0.000" classname="sailpoint.authorization.OAuthRightAuthorizerTest"/>
  <testcase name="testOnlyRequiresOneRight" time="0.000" classname="sailpoint.authorization.OAuthRightAuthorizerTest"/>
</testsuite> <!-- sailpoint.authorization.OAuthRightAuthorizerTest -->
