<?xml version="1.0" encoding="UTF-8"?>
<!-- Generated by org.testng.reporters.JUnitReportReporter -->
<testsuite skipped="0" hostname="sunfish.sailpoint.com" name="sailpoint.web.view.certification.CertificationItemDisplayNameColumnTests" tests="4" failures="0" timestamp="11 May 2021 16:09:47 GMT" time="0.025" errors="0">
  <testcase name="testPolicyViolation" time="0.002" classname="sailpoint.web.view.certification.CertificationItemDisplayNameColumnTests"/>
  <testcase name="testException" time="0.008" classname="sailpoint.web.view.certification.CertificationItemDisplayNameColumnTests"/>
  <testcase name="testRole" time="0.002" classname="sailpoint.web.view.certification.CertificationItemDisplayNameColumnTests"/>
  <testcase name="testAccount" time="0.013" classname="sailpoint.web.view.certification.CertificationItemDisplayNameColumnTests"/>
</testsuite> <!-- sailpoint.web.view.certification.CertificationItemDisplayNameColumnTests -->
