<?xml version="1.0" encoding="UTF-8"?>
<!-- Generated by org.testng.reporters.JUnitReportReporter -->
<testsuite skipped="0" hostname="sunfish.sailpoint.com" name="sailpoint.rest.WorkItemResourceTest" tests="2" failures="0" timestamp="11 May 2021 16:09:46 GMT" time="1.310" errors="0">
  <testcase name="testGetViolations" time="0.836" classname="sailpoint.rest.WorkItemResourceTest"/>
  <testcase name="testAddApprovalComment" time="0.474" classname="sailpoint.rest.WorkItemResourceTest"/>
</testsuite> <!-- sailpoint.rest.WorkItemResourceTest -->
