<?xml version="1.0" encoding="UTF-8"?>
<!-- Generated by org.testng.reporters.JUnitReportReporter -->
<testsuite skipped="0" hostname="sunfish.sailpoint.com" name="sailpoint.tools.TracingAspectTest" tests="8" failures="0" timestamp="11 May 2021 16:09:47 GMT" time="1.028" errors="0">
  <testcase name="testHasNoAspect" time="0.000" classname="sailpoint.tools.TracingAspectTest"/>
  <testcase name="testHasAspect" time="0.002" classname="sailpoint.tools.TracingAspectTest"/>
  <testcase name="testFilterValue" time="0.000" classname="sailpoint.tools.TracingAspectTest"/>
  <testcase name="testIsSensitive" time="0.000" classname="sailpoint.tools.TracingAspectTest"/>
  <testcase name="testContainsAny" time="0.001" classname="sailpoint.tools.TracingAspectTest"/>
  <testcase name="testFilterRecursion" time="0.007" classname="sailpoint.tools.TracingAspectTest"/>
  <testcase name="testTiming" time="1.007" classname="sailpoint.tools.TracingAspectTest"/>
  <testcase name="testMethodAnnotations" time="0.011" classname="sailpoint.tools.TracingAspectTest"/>
</testsuite> <!-- sailpoint.tools.TracingAspectTest -->
