<?xml version="1.0" encoding="UTF-8"?>
<!-- Generated by org.testng.reporters.JUnitReportReporter -->
<testsuite skipped="0" hostname="sunfish.sailpoint.com" name="sailpoint.identityai.OAuthTokenRetrieverTests" tests="11" failures="0" timestamp="11 May 2021 16:09:47 GMT" time="0.005" errors="0">
  <testcase name="testGetTokenFromResponse_error" time="0.000" classname="sailpoint.identityai.OAuthTokenRetrieverTests"/>
  <testcase name="testGetTokenFromResponse_success" time="0.000" classname="sailpoint.identityai.OAuthTokenRetrieverTests"/>
  <testcase name="testGetTokenFromResponse_success" time="0.001" classname="sailpoint.identityai.OAuthTokenRetrieverTests"/>
  <testcase name="testGetTokenFromResponse_error" time="0.000" classname="sailpoint.identityai.OAuthTokenRetrieverTests"/>
  <testcase name="testTokenSuccess" time="0.001" classname="sailpoint.identityai.OAuthTokenRetrieverTests"/>
  <testcase name="testGetTokenFromResponse_error" time="0.001" classname="sailpoint.identityai.OAuthTokenRetrieverTests"/>
  <testcase name="testGetTokenFromResponse_success" time="0.001" classname="sailpoint.identityai.OAuthTokenRetrieverTests"/>
  <testcase name="testGetTokenFromResponse_success" time="0.000" classname="sailpoint.identityai.OAuthTokenRetrieverTests"/>
  <testcase name="testGetTokenFromResponse_error" time="0.000" classname="sailpoint.identityai.OAuthTokenRetrieverTests"/>
  <testcase name="testTokenSuccess" time="0.000" classname="sailpoint.identityai.OAuthTokenRetrieverTests"/>
  <testcase name="testGetTokenFromResponse_error" time="0.001" classname="sailpoint.identityai.OAuthTokenRetrieverTests"/>
</testsuite> <!-- sailpoint.identityai.OAuthTokenRetrieverTests -->
