<?xml version="1.0" encoding="UTF-8"?>
<!-- Generated by org.testng.reporters.JUnitReportReporter -->
<testsuite skipped="0" hostname="sunfish.sailpoint.com" name="sailpoint.scim.common.ComplexValueTest" tests="13" failures="0" timestamp="11 May 2021 16:09:47 GMT" time="0.002" errors="0">
  <testcase name="testGetDateValue" time="0.000" classname="sailpoint.scim.common.ComplexValueTest"/>
  <testcase name="testGetValue" time="0.000" classname="sailpoint.scim.common.ComplexValueTest"/>
  <testcase name="testContainsAttributes" time="0.000" classname="sailpoint.scim.common.ComplexValueTest"/>
  <testcase name="testRemove" time="0.000" classname="sailpoint.scim.common.ComplexValueTest"/>
  <testcase name="testSetValue" time="0.000" classname="sailpoint.scim.common.ComplexValueTest"/>
  <testcase name="testGetStringValue" time="0.000" classname="sailpoint.scim.common.ComplexValueTest"/>
  <testcase name="testGetBooleanValue" time="0.000" classname="sailpoint.scim.common.ComplexValueTest"/>
  <testcase name="testGetList" time="0.000" classname="sailpoint.scim.common.ComplexValueTest"/>
  <testcase name="testSetValueNull" time="0.000" classname="sailpoint.scim.common.ComplexValueTest"/>
  <testcase name="testAddValueNotAMultiValue" time="0.001" classname="sailpoint.scim.common.ComplexValueTest"/>
  <testcase name="testAddValue" time="0.001" classname="sailpoint.scim.common.ComplexValueTest"/>
  <testcase name="testGetIntValue" time="0.000" classname="sailpoint.scim.common.ComplexValueTest"/>
  <testcase name="testAddValueNull" time="0.000" classname="sailpoint.scim.common.ComplexValueTest"/>
</testsuite> <!-- sailpoint.scim.common.ComplexValueTest -->
