<?xml version="1.0" encoding="UTF-8"?>
<!-- Generated by org.testng.reporters.JUnitReportReporter -->
<testsuite skipped="0" hostname="sunfish.sailpoint.com" name="sailpoint.authorization.PasswordGenerationAuthorizerTest" tests="2" failures="0" timestamp="11 May 2021 16:09:47 GMT" time="8.341" errors="0">
  <testcase name="testAuthorizeWhenPasswordGenerationDisabled" time="4.556" classname="sailpoint.authorization.PasswordGenerationAuthorizerTest"/>
  <testcase name="testAuthorizeWhenPasswordGenerationEnabled" time="3.785" classname="sailpoint.authorization.PasswordGenerationAuthorizerTest"/>
</testsuite> <!-- sailpoint.authorization.PasswordGenerationAuthorizerTest -->
