<?xml version="1.0" encoding="UTF-8"?>
<!-- Generated by org.testng.reporters.JUnitReportReporter -->
<testsuite skipped="0" hostname="sunfish.sailpoint.com" name="sailpoint.rest.ui.identity.LinkResourceTests" tests="11" failures="0" timestamp="11 May 2021 16:09:47 GMT" time="3.430" errors="0">
  <testcase name="validateCanChangePasswordWithNormalManagerRelation" time="0.733" classname="sailpoint.rest.ui.identity.LinkResourceTests"/>
  <testcase name="validateNewQuicklinkWorksToGeneratePassword" time="0.666" classname="sailpoint.rest.ui.identity.LinkResourceTests"/>
  <testcase name="validateNewQuicklinkWorks" time="0.641" classname="sailpoint.rest.ui.identity.LinkResourceTests"/>
  <testcase name="validateManagePasswordDoesNotAuthorizeOtherScopedIdentity" time="0.075" classname="sailpoint.rest.ui.identity.LinkResourceTests"/>
  <testcase name="testPasswordPolicyFailure" time="0.106" classname="sailpoint.rest.ui.identity.LinkResourceTests"/>
  <testcase name="validateCanGeneratePasswordWithNormalManagerRelation" time="0.792" classname="sailpoint.rest.ui.identity.LinkResourceTests"/>
  <testcase name="validateThatChangePasswordRequiresANewPassword" time="0.048" classname="sailpoint.rest.ui.identity.LinkResourceTests"/>
  <testcase name="validateGeneratePasswordLinkIdSubstitutionDoesNotAuth" time="0.054" classname="sailpoint.rest.ui.identity.LinkResourceTests"/>
  <testcase name="validateCantGeneratePasswordWhenDisabled" time="0.189" classname="sailpoint.rest.ui.identity.LinkResourceTests"/>
  <testcase name="validateManagePasswordDoesNotAuthorizeOtherScopedIdentityGeneratePassword" time="0.067" classname="sailpoint.rest.ui.identity.LinkResourceTests"/>
  <testcase name="validateChangePasswordLinkIdSubstitutionFails" time="0.059" classname="sailpoint.rest.ui.identity.LinkResourceTests"/>
</testsuite> <!-- sailpoint.rest.ui.identity.LinkResourceTests -->
