<?xml version="1.0" encoding="UTF-8"?>
<!-- Generated by org.testng.reporters.JUnitReportReporter -->
<testsuite skipped="0" hostname="sunfish.sailpoint.com" name="sailpoint.server.SailPointConsoleTests" tests="5" failures="0" timestamp="11 May 2021 16:09:47 GMT" time="0.146" errors="0">
  <testcase name="testCmdAuthenticateWithEncryptedPassword" time="0.032" classname="sailpoint.server.SailPointConsoleTests"/>
  <testcase name="testConsoleLoginWithEncryptedPassword" time="0.028" classname="sailpoint.server.SailPointConsoleTests"/>
  <testcase name="testCmdAuthenticateWithUnencryptedPassword" time="0.026" classname="sailpoint.server.SailPointConsoleTests"/>
  <testcase name="testConsoleLoginWithUnencryptedPassword" time="0.049" classname="sailpoint.server.SailPointConsoleTests"/>
  <testcase name="testListClasses" time="0.011" classname="sailpoint.server.SailPointConsoleTests"/>
</testsuite> <!-- sailpoint.server.SailPointConsoleTests -->
