<?xml version="1.0" encoding="UTF-8"?>
<!-- Generated by org.testng.reporters.JUnitReportReporter -->
<testsuite skipped="0" hostname="sunfish.sailpoint.com" name="sailpoint.service.WorkItemDTOTests" tests="7" failures="0" timestamp="11 May 2021 16:09:47 GMT" time="0.560" errors="0">
  <testcase name="testConstructorFromMapWithMissingWorkItemThrows" time="0.075" classname="sailpoint.service.WorkItemDTOTests"/>
  <testcase name="testIsDisableForwarding" time="0.062" classname="sailpoint.service.WorkItemDTOTests"/>
  <testcase name="testConstructorFromMap" time="0.080" classname="sailpoint.service.WorkItemDTOTests"/>
  <testcase name="testConstructorFromObject" time="0.088" classname="sailpoint.service.WorkItemDTOTests"/>
  <testcase name="testCertificationIdGetsSet" time="0.079" classname="sailpoint.service.WorkItemDTOTests"/>
  <testcase name="testForceClassicApprovalUIFlagGetsSetProperly" time="0.071" classname="sailpoint.service.WorkItemDTOTests"/>
  <testcase name="testConstructorFromMapWithMissingIDThrows" time="0.105" classname="sailpoint.service.WorkItemDTOTests"/>
</testsuite> <!-- sailpoint.service.WorkItemDTOTests -->
