<?xml version="1.0" encoding="UTF-8"?>
<!-- Generated by org.testng.reporters.JUnitReportReporter -->
<testsuite skipped="0" hostname="sunfish.sailpoint.com" name="sailpoint.api.IdentityArchiveTests" tests="2" failures="0" timestamp="11 May 2021 16:09:47 GMT" time="7.005" errors="0">
  <testcase name="testSnapshotStorageMode" time="5.986" classname="sailpoint.api.IdentityArchiveTests"/>
  <testcase name="testPersistSnapshot" time="1.019" classname="sailpoint.api.IdentityArchiveTests"/>
</testsuite> <!-- sailpoint.api.IdentityArchiveTests -->
