<?xml version="1.0" encoding="UTF-8"?>
<!-- Generated by org.testng.reporters.JUnitReportReporter -->
<testsuite skipped="0" hostname="sunfish.sailpoint.com" name="sailpoint.connector.DelimitedFileTests" tests="8" failures="0" timestamp="11 May 2021 16:09:47 GMT" time="19.314" errors="0">
  <testcase name="testTestConfiguration" time="1.085" classname="sailpoint.connector.DelimitedFileTests"/>
  <testcase name="testNegativeIterateObjects" time="1.854" classname="sailpoint.connector.DelimitedFileTests"/>
  <testcase name="testFetchNonExistingObject" time="1.583" classname="sailpoint.connector.DelimitedFileTests"/>
  <testcase name="testDelimitedPartitioning" time="9.106" classname="sailpoint.connector.DelimitedFileTests"/>
  <testcase name="testGetObject" time="1.357" classname="sailpoint.connector.DelimitedFileTests"/>
  <testcase name="testIterateObjects" time="1.729" classname="sailpoint.connector.DelimitedFileTests"/>
  <testcase name="testCreateDefaultApplication" time="0.985" classname="sailpoint.connector.DelimitedFileTests"/>
  <testcase name="testSchemaAttributeFiltering" time="1.615" classname="sailpoint.connector.DelimitedFileTests"/>
</testsuite> <!-- sailpoint.connector.DelimitedFileTests -->
