<?xml version="1.0" encoding="UTF-8"?>
<!-- Generated by org.testng.reporters.JUnitReportReporter -->
<testsuite skipped="0" hostname="sunfish.sailpoint.com" name="sailpoint.transformer.IdentityTransformerTest" tests="13" failures="0" timestamp="11 May 2021 16:09:47 GMT" time="26.433" errors="0">
  <testcase name="testFromNewModelToPlanRoundTrip" time="1.248" classname="sailpoint.transformer.IdentityTransformerTest"/>
  <testcase name="testToMap" time="1.102" classname="sailpoint.transformer.IdentityTransformerTest"/>
  <testcase name="testEncryptedPassFromExistingModelToPlanRoundTrip" time="1.208" classname="sailpoint.transformer.IdentityTransformerTest"/>
  <testcase name="testRefreshLight" time="1.608" classname="sailpoint.transformer.IdentityTransformerTest"/>
  <testcase name="testToMapExpand" time="1.137" classname="sailpoint.transformer.IdentityTransformerTest"/>
  <testcase name="testRefresh" time="1.711" classname="sailpoint.transformer.IdentityTransformerTest"/>
  <testcase name="testFromExistingModelToPlanRoundTrip" time="1.315" classname="sailpoint.transformer.IdentityTransformerTest"/>
  <testcase name="testExampleWorkflowModify" time="6.050" classname="sailpoint.transformer.IdentityTransformerTest"/>
  <testcase name="testToMapLightIdentity" time="1.076" classname="sailpoint.transformer.IdentityTransformerTest"/>
  <testcase name="testExampleWorkflowCreate" time="6.548" classname="sailpoint.transformer.IdentityTransformerTest"/>
  <testcase name="testNullWorkgroupValues" time="1.226" classname="sailpoint.transformer.IdentityTransformerTest"/>
  <testcase name="testRefreshFromNull" time="1.152" classname="sailpoint.transformer.IdentityTransformerTest"/>
  <testcase name="testRefreshToNull" time="1.052" classname="sailpoint.transformer.IdentityTransformerTest"/>
</testsuite> <!-- sailpoint.transformer.IdentityTransformerTest -->
