<?xml version="1.0" encoding="UTF-8"?>
<!-- Generated by org.testng.reporters.JUnitReportReporter -->
<testsuite skipped="0" hostname="sunfish.sailpoint.com" name="sailpoint.authorization.AccessItemAuthorizerTest" tests="9" failures="0" timestamp="11 May 2021 16:09:47 GMT" time="56.808" errors="0">
  <testcase name="testAuthorizedByRecommendationRole" time="5.257" classname="sailpoint.authorization.AccessItemAuthorizerTest"/>
  <testcase name="testAuthorizedParentRole" time="5.418" classname="sailpoint.authorization.AccessItemAuthorizerTest"/>
  <testcase name="testAuthorizedPermittedRole" time="4.948" classname="sailpoint.authorization.AccessItemAuthorizerTest"/>
  <testcase name="testAuthorizedRole" time="5.627" classname="sailpoint.authorization.AccessItemAuthorizerTest"/>
  <testcase name="testAuthorizedManagedAttribute" time="5.667" classname="sailpoint.authorization.AccessItemAuthorizerTest"/>
  <testcase name="testAuthorizedCurrentAccessManagedAttribute" time="5.812" classname="sailpoint.authorization.AccessItemAuthorizerTest"/>
  <testcase name="testAuthorizedCurrentAccessRole" time="5.642" classname="sailpoint.authorization.AccessItemAuthorizerTest"/>
  <testcase name="testUnauthorizedManagedAttribute" time="5.928" classname="sailpoint.authorization.AccessItemAuthorizerTest"/>
  <testcase name="testUnauthorizedRole" time="12.509" classname="sailpoint.authorization.AccessItemAuthorizerTest"/>
</testsuite> <!-- sailpoint.authorization.AccessItemAuthorizerTest -->
