<?xml version="1.0" encoding="UTF-8"?>
<!-- Generated by org.testng.reporters.JUnitReportReporter -->
<testsuite skipped="0" hostname="sunfish.sailpoint.com" name="sailpoint.rest.PolicyResourceTest" tests="2" failures="0" timestamp="11 May 2021 16:09:47 GMT" time="0.248" errors="0">
  <testcase name="testCheckRolePolicies" time="0.111" classname="sailpoint.rest.PolicyResourceTest"/>
  <testcase name="testCheckPasswordPolicy" time="0.137" classname="sailpoint.rest.PolicyResourceTest"/>
</testsuite> <!-- sailpoint.rest.PolicyResourceTest -->
