<?xml version="1.0" encoding="UTF-8"?>
<!-- Generated by org.testng.reporters.JUnitReportReporter -->
<testsuite skipped="0" hostname="sunfish.sailpoint.com" name="sailpoint.scim.common.GroupResourceTest" tests="1" failures="0" timestamp="11 May 2021 16:09:47 GMT" time="0.000" errors="0">
  <testcase name="testMembers" time="0.000" classname="sailpoint.scim.common.GroupResourceTest"/>
</testsuite> <!-- sailpoint.scim.common.GroupResourceTest -->
