<?xml version="1.0" encoding="UTF-8"?>
<!-- Generated by org.testng.reporters.JUnitReportReporter -->
<testsuite skipped="0" hostname="sunfish.sailpoint.com" name="sailpoint.tools.Rfc4180CsvBuilderTest" tests="21" failures="0" timestamp="11 May 2021 16:09:46 GMT" time="0.003" errors="0">
  <testcase name="testShouldCorrectlyCreateQuotedCsvWithFieldsWithQuotes" time="0.000" classname="sailpoint.tools.Rfc4180CsvBuilderTest"/>
  <testcase name="testRfc4180CsvBuilderWithTwoRecordsShouldWorkIfEndCurrentRecordIsCalledBeforeBuild" time="0.000" classname="sailpoint.tools.Rfc4180CsvBuilderTest"/>
  <testcase name="testRfc4180CsvBuilderWithTwoRecordsShouldFailIfRecordWithMoreFieldsAreAdded" time="0.000" classname="sailpoint.tools.Rfc4180CsvBuilderTest"/>
  <testcase name="testRfc4180CsvBuilderWithShouldCorrectlyHandleFieldsWithCommasAndQuotes" time="0.000" classname="sailpoint.tools.Rfc4180CsvBuilderTest"/>
  <testcase name="testRfc4180CsvBuilderShouldCorrectlyHandleEmptyFields" time="0.000" classname="sailpoint.tools.Rfc4180CsvBuilderTest"/>
  <testcase name="testShouldCorrectlyParseFieldsWithInternalCommas" time="0.000" classname="sailpoint.tools.Rfc4180CsvBuilderTest"/>
  <testcase name="testShouldBeCompatibleWithUtilCsvToList2" time="0.000" classname="sailpoint.tools.Rfc4180CsvBuilderTest"/>
  <testcase name="testRfc4180CsvBuilderWithExcelFormula" time="0.001" classname="sailpoint.tools.Rfc4180CsvBuilderTest"/>
  <testcase name="testShouldBeCompatibleWithUtilCsvToList" time="0.000" classname="sailpoint.tools.Rfc4180CsvBuilderTest"/>
  <testcase name="testRfc4180CsvBuilderShouldQuoteFieldsThatContainQuotes" time="0.001" classname="sailpoint.tools.Rfc4180CsvBuilderTest"/>
  <testcase name="testRfc4180CsvBuilderWithTwoRecordsShouldBuildCorrectCsv" time="0.000" classname="sailpoint.tools.Rfc4180CsvBuilderTest"/>
  <testcase name="testRfc4180CsvBuildShouldQuoteFieldsThatContainCRLF" time="0.000" classname="sailpoint.tools.Rfc4180CsvBuilderTest"/>
  <testcase name="testRfc4180CsvBuilderWithTwoRecordsShouldFailIfRecordWithFewerFieldsAreAdded" time="0.001" classname="sailpoint.tools.Rfc4180CsvBuilderTest"/>
  <testcase name="testRfc4180CsvBuilderShouldNotCompressFieldsWithSpaces" time="0.000" classname="sailpoint.tools.Rfc4180CsvBuilderTest"/>
  <testcase name="testRfc4180CsvBuilderWithOneSimpleFieldShouldCreateCorrectCSV" time="0.000" classname="sailpoint.tools.Rfc4180CsvBuilderTest"/>
  <testcase name="testRfc4180CsvBuilderWithTwoSimpleFieldsShouldCreateCorrectCsv" time="0.000" classname="sailpoint.tools.Rfc4180CsvBuilderTest"/>
  <testcase name="testRfc4180CsvBuilderWithTwoRecordsShouldFailIfRecordWithFewerFieldsAreAddedAndBuildIsCalled" time="0.000" classname="sailpoint.tools.Rfc4180CsvBuilderTest"/>
  <testcase name="testEmptyRfc4180CsvBuilderShouldBuildEmptyString" time="0.000" classname="sailpoint.tools.Rfc4180CsvBuilderTest"/>
  <testcase name="testCallingEndCurrentRecordABunchOfTimesInARowShouldProbablyReturnTheEmptyString" time="0.000" classname="sailpoint.tools.Rfc4180CsvBuilderTest"/>
  <testcase name="testRfc4180CsvBuilderShouldAddNullLiteralForNullValue" time="0.000" classname="sailpoint.tools.Rfc4180CsvBuilderTest"/>
  <testcase name="testRfc4180CsvBuilderShouldCorrectlyHandleFieldsWithCommas" time="0.000" classname="sailpoint.tools.Rfc4180CsvBuilderTest"/>
</testsuite> <!-- sailpoint.tools.Rfc4180CsvBuilderTest -->
