<?xml version="1.0" encoding="UTF-8"?>
<!-- Generated by org.testng.reporters.JUnitReportReporter -->
<testsuite skipped="0" hostname="sunfish.sailpoint.com" name="sailpoint.authorization.TaskDefinitionAuthorizerTest" tests="4" failures="0" timestamp="11 May 2021 16:09:47 GMT" time="0.004" errors="0">
  <testcase name="testNullDefinition" time="0.003" classname="sailpoint.authorization.TaskDefinitionAuthorizerTest"/>
  <testcase name="testNullOwner" time="0.000" classname="sailpoint.authorization.TaskDefinitionAuthorizerTest"/>
  <testcase name="testOwnerMismatch" time="0.000" classname="sailpoint.authorization.TaskDefinitionAuthorizerTest"/>
  <testcase name="testOwnerMatch" time="0.001" classname="sailpoint.authorization.TaskDefinitionAuthorizerTest"/>
</testsuite> <!-- sailpoint.authorization.TaskDefinitionAuthorizerTest -->
