<?xml version="1.0" encoding="UTF-8"?>
<!-- Generated by org.testng.reporters.JUnitReportReporter -->
<testsuite skipped="0" hostname="sunfish.sailpoint.com" name="sailpoint.rest.GroupFactoryResourceTest" tests="2" failures="0" timestamp="11 May 2021 16:09:47 GMT" time="0.175" errors="0">
  <testcase name="testGetFactories" time="0.089" classname="sailpoint.rest.GroupFactoryResourceTest"/>
  <testcase name="testGetOptions" time="0.086" classname="sailpoint.rest.GroupFactoryResourceTest"/>
</testsuite> <!-- sailpoint.rest.GroupFactoryResourceTest -->
