<?xml version="1.0" encoding="UTF-8"?>
<!-- Generated by org.testng.reporters.JUnitReportReporter -->
<testsuite skipped="0" hostname="sunfish.sailpoint.com" name="sailpoint.service.pam.ContainerGroupListServiceTests" tests="2" failures="0" timestamp="11 May 2021 16:09:46 GMT" time="0.021" errors="0">
  <testcase name="testGetGroupsCount" time="0.001" classname="sailpoint.service.pam.ContainerGroupListServiceTests"/>
  <testcase name="testGetGroups" time="0.020" classname="sailpoint.service.pam.ContainerGroupListServiceTests"/>
</testsuite> <!-- sailpoint.service.pam.ContainerGroupListServiceTests -->
