<?xml version="1.0" encoding="UTF-8"?>
<!-- Generated by org.testng.reporters.JUnitReportReporter -->
<testsuite skipped="0" hostname="sunfish.sailpoint.com" name="sailpoint.rest.oauth.InvalidOAuthConfigTest" tests="4" failures="0" timestamp="11 May 2021 16:09:47 GMT" time="0.309" errors="0">
  <testcase name="testInactiveProxyUser" time="0.082" classname="sailpoint.rest.oauth.InvalidOAuthConfigTest"/>
  <testcase name="testInvalidConfig" time="0.079" classname="sailpoint.rest.oauth.InvalidOAuthConfigTest"/>
  <testcase name="testNoConfig" time="0.057" classname="sailpoint.rest.oauth.InvalidOAuthConfigTest"/>
  <testcase name="testPartialConfig" time="0.091" classname="sailpoint.rest.oauth.InvalidOAuthConfigTest"/>
</testsuite> <!-- sailpoint.rest.oauth.InvalidOAuthConfigTest -->
