<?xml version="1.0" encoding="UTF-8"?>
<!-- Generated by org.testng.reporters.JUnitReportReporter -->
<testsuite skipped="0" hostname="sunfish.sailpoint.com" name="sailpoint.rest.scim.LaunchedWorkflowResourceTest" tests="5" failures="0" timestamp="11 May 2021 16:09:47 GMT" time="0.335" errors="0">
  <testcase name="testGetEtagNotMatch" time="0.069" classname="sailpoint.rest.scim.LaunchedWorkflowResourceTest"/>
  <testcase name="testGetByName" time="0.064" classname="sailpoint.rest.scim.LaunchedWorkflowResourceTest"/>
  <testcase name="testGetEtagMatch" time="0.103" classname="sailpoint.rest.scim.LaunchedWorkflowResourceTest"/>
  <testcase name="testGetNotFound" time="0.030" classname="sailpoint.rest.scim.LaunchedWorkflowResourceTest"/>
  <testcase name="testGetById" time="0.069" classname="sailpoint.rest.scim.LaunchedWorkflowResourceTest"/>
</testsuite> <!-- sailpoint.rest.scim.LaunchedWorkflowResourceTest -->
