<?xml version="1.0" encoding="UTF-8"?>
<!-- Generated by org.testng.reporters.JUnitReportReporter -->
<testsuite skipped="0" hostname="sunfish.sailpoint.com" name="sailpoint.rapidsetup.constraint.impl.GenericChangeEvaluatorTests" tests="3" failures="0" timestamp="11 May 2021 16:09:47 GMT" time="0.004" errors="0">
  <testcase name="test_change_empty_property" time="0.001" classname="sailpoint.rapidsetup.constraint.impl.GenericChangeEvaluatorTests"/>
  <testcase name="test_changed" time="0.003" classname="sailpoint.rapidsetup.constraint.impl.GenericChangeEvaluatorTests"/>
  <testcase name="test_not_changed" time="0.000" classname="sailpoint.rapidsetup.constraint.impl.GenericChangeEvaluatorTests"/>
</testsuite> <!-- sailpoint.rapidsetup.constraint.impl.GenericChangeEvaluatorTests -->
