<?xml version="1.0" encoding="UTF-8"?>
<!-- Generated by org.testng.reporters.JUnitReportReporter -->
<testsuite skipped="0" hostname="sunfish.sailpoint.com" name="sailpoint.rest.ui.certifications.CertificationListResourceTests" tests="10" failures="0" timestamp="11 May 2021 16:09:47 GMT" time="2.830" errors="0">
  <testcase name="testGetCertificationsWithSorting" time="0.592" classname="sailpoint.rest.ui.certifications.CertificationListResourceTests"/>
  <testcase name="testGetSubCertifications" time="0.273" classname="sailpoint.rest.ui.certifications.CertificationListResourceTests"/>
  <testcase name="testGetSubCertificationInvalidId" time="0.037" classname="sailpoint.rest.ui.certifications.CertificationListResourceTests"/>
  <testcase name="testGetCertificationAuthorization" time="0.440" classname="sailpoint.rest.ui.certifications.CertificationListResourceTests"/>
  <testcase name="testGetInvalidCertification" time="0.167" classname="sailpoint.rest.ui.certifications.CertificationListResourceTests"/>
  <testcase name="testExportCertificationAuthorization" time="0.314" classname="sailpoint.rest.ui.certifications.CertificationListResourceTests"/>
  <testcase name="testGetCertification" time="0.265" classname="sailpoint.rest.ui.certifications.CertificationListResourceTests"/>
  <testcase name="testGetCertifications" time="0.344" classname="sailpoint.rest.ui.certifications.CertificationListResourceTests"/>
  <testcase name="testExportCertificationInvalidId" time="0.152" classname="sailpoint.rest.ui.certifications.CertificationListResourceTests"/>
  <testcase name="testGetSubCertificationAuthorization" time="0.246" classname="sailpoint.rest.ui.certifications.CertificationListResourceTests"/>
</testsuite> <!-- sailpoint.rest.ui.certifications.CertificationListResourceTests -->
