<?xml version="1.0" encoding="UTF-8"?>
<!-- Generated by org.testng.reporters.JUnitReportReporter -->
<testsuite skipped="0" hostname="sunfish.sailpoint.com" name="sailpoint.web.link.AccountLinkDTOTest" tests="12" failures="0" timestamp="11 May 2021 16:09:46 GMT" time="0.000" errors="0">
  <testcase name="canSetAndGetAccountErrors" time="0.000" classname="sailpoint.web.link.AccountLinkDTOTest"/>
  <testcase name="shouldAllowDisableDeleteAndRefresh" time="0.000" classname="sailpoint.web.link.AccountLinkDTOTest"/>
  <testcase name="shouldAllowEnableDeleteAndRefresh" time="0.000" classname="sailpoint.web.link.AccountLinkDTOTest"/>
  <testcase name="shouldHaveAllOptionsIfShowAllIsTrue" time="0.000" classname="sailpoint.web.link.AccountLinkDTOTest"/>
  <testcase name="shouldHaveDeleteAndRefreshWhenNoFeatures" time="0.000" classname="sailpoint.web.link.AccountLinkDTOTest"/>
  <testcase name="shouldCreateCorrectSelfEnabledConfigKey" time="0.000" classname="sailpoint.web.link.AccountLinkDTOTest"/>
  <testcase name="shouldNotAllowAutoRefreshWhenNoRandomAccess" time="0.000" classname="sailpoint.web.link.AccountLinkDTOTest"/>
  <testcase name="shouldNotHaveRefreshWhenNoRandomAccess" time="0.000" classname="sailpoint.web.link.AccountLinkDTOTest"/>
  <testcase name="shouldntBeAbleToUnlockIfConfigIsDisabled" time="0.000" classname="sailpoint.web.link.AccountLinkDTOTest"/>
  <testcase name="testShowEnableOptionWithShowAllIsTrue" time="0.000" classname="sailpoint.web.link.AccountLinkDTOTest"/>
  <testcase name="shouldCreateCorrectSubordinateEnabledConfigKey" time="0.000" classname="sailpoint.web.link.AccountLinkDTOTest"/>
  <testcase name="shouldBeAbleToUnlockIfAppSupportsIt" time="0.000" classname="sailpoint.web.link.AccountLinkDTOTest"/>
</testsuite> <!-- sailpoint.web.link.AccountLinkDTOTest -->
