<?xml version="1.0" encoding="UTF-8"?>
<!-- Generated by org.testng.reporters.JUnitReportReporter -->
<testsuite skipped="0" hostname="sunfish.sailpoint.com" name="sailpoint.service.scim.UserPropertySetterTest" tests="1" failures="0" timestamp="11 May 2021 16:09:46 GMT" time="0.014" errors="0">
  <testcase name="testMultipleEmailsThrowError" time="0.014" classname="sailpoint.service.scim.UserPropertySetterTest"/>
</testsuite> <!-- sailpoint.service.scim.UserPropertySetterTest -->
