<?xml version="1.0" encoding="UTF-8"?>
<!-- Generated by org.testng.reporters.JUnitReportReporter -->
<testsuite skipped="0" hostname="sunfish.sailpoint.com" name="sailpoint.connector.XMLFileConnectorTests" tests="9" failures="0" timestamp="11 May 2021 16:09:46 GMT" time="0.591" errors="0">
  <testcase name="testDefaultPermissionFiltering" time="0.026" classname="sailpoint.connector.XMLFileConnectorTests"/>
  <testcase name="testCreateDefaultApplication" time="0.255" classname="sailpoint.connector.XMLFileConnectorTests"/>
  <testcase name="testTestConfiguration" time="0.008" classname="sailpoint.connector.XMLFileConnectorTests"/>
  <testcase name="testGetObject" time="0.011" classname="sailpoint.connector.XMLFileConnectorTests"/>
  <testcase name="testSchemaAttributeFiltering" time="0.008" classname="sailpoint.connector.XMLFileConnectorTests"/>
  <testcase name="testNegativeIterateObjects" time="0.008" classname="sailpoint.connector.XMLFileConnectorTests"/>
  <testcase name="testFetchNonExistingObject" time="0.013" classname="sailpoint.connector.XMLFileConnectorTests"/>
  <testcase name="testOptionAttributeFiltering" time="0.251" classname="sailpoint.connector.XMLFileConnectorTests"/>
  <testcase name="testIterateObjects" time="0.011" classname="sailpoint.connector.XMLFileConnectorTests"/>
</testsuite> <!-- sailpoint.connector.XMLFileConnectorTests -->
