<?xml version="1.0" encoding="UTF-8"?>
<!-- Generated by org.testng.reporters.JUnitReportReporter -->
<testsuite skipped="0" hostname="sunfish.sailpoint.com" name="sailpoint.api.certification.RemediationRequestIdTests" tests="1" failures="0" timestamp="11 May 2021 16:09:47 GMT" time="1.537" errors="0">
  <testcase name="testRequestId" time="1.537" classname="sailpoint.api.certification.RemediationRequestIdTests"/>
</testsuite> <!-- sailpoint.api.certification.RemediationRequestIdTests -->
