<?xml version="1.0" encoding="UTF-8"?>
<!-- Generated by org.testng.reporters.JUnitReportReporter -->
<testsuite skipped="0" hostname="sunfish.sailpoint.com" name="sailpoint.api.ScopePersistenceTests" tests="2" failures="0" timestamp="11 May 2021 16:09:47 GMT" time="3.131" errors="0">
  <testcase name="testCRUD" time="1.991" classname="sailpoint.api.ScopePersistenceTests"/>
  <testcase name="testImport" time="1.140" classname="sailpoint.api.ScopePersistenceTests"/>
</testsuite> <!-- sailpoint.api.ScopePersistenceTests -->
