<?xml version="1.0" encoding="UTF-8"?>
<!-- Generated by org.testng.reporters.JUnitReportReporter -->
<testsuite skipped="0" hostname="sunfish.sailpoint.com" name="sailpoint.service.policyviolation.PolicyViolationListServiceTests" tests="16" failures="0" timestamp="11 May 2021 16:09:47 GMT" time="38.415" errors="0">
  <testcase name="testGetViolationAfterDelegationDecision" time="2.394" classname="sailpoint.service.policyviolation.PolicyViolationListServiceTests"/>
  <testcase name="testGetPolicyViolationsWithIdentityFilter" time="2.209" classname="sailpoint.service.policyviolation.PolicyViolationListServiceTests"/>
  <testcase name="testGetViolationAfterRevocationDecisionWithEntitlements" time="2.366" classname="sailpoint.service.policyviolation.PolicyViolationListServiceTests"/>
  <testcase name="testGetPolicyViolationsWithFirstNameAndTypeFilter" time="2.196" classname="sailpoint.service.policyviolation.PolicyViolationListServiceTests"/>
  <testcase name="testGetPolicyViolationsDecisionChoices" time="2.646" classname="sailpoint.service.policyviolation.PolicyViolationListServiceTests"/>
  <testcase name="testGetPolicyViolationsWithTypeFilter" time="2.854" classname="sailpoint.service.policyviolation.PolicyViolationListServiceTests"/>
  <testcase name="testGetPolicyViolationsDecisionChoicesNoDelegation" time="2.121" classname="sailpoint.service.policyviolation.PolicyViolationListServiceTests"/>
  <testcase name="testGetPolicyViolationsWithIdentityFirstNameFilter" time="2.106" classname="sailpoint.service.policyviolation.PolicyViolationListServiceTests"/>
  <testcase name="testGetPolicyViolationsShowAll" time="2.119" classname="sailpoint.service.policyviolation.PolicyViolationListServiceTests"/>
  <testcase name="testGetPolicyViolationsWithStatusFilter" time="2.486" classname="sailpoint.service.policyviolation.PolicyViolationListServiceTests"/>
  <testcase name="testGetPolicyViolations" time="2.596" classname="sailpoint.service.policyviolation.PolicyViolationListServiceTests"/>
  <testcase name="testGetPolicyViolationsWithIdentityFirstNameFilters" time="2.058" classname="sailpoint.service.policyviolation.PolicyViolationListServiceTests"/>
  <testcase name="testGetDelegatedViolation" time="2.506" classname="sailpoint.service.policyviolation.PolicyViolationListServiceTests"/>
  <testcase name="testGetViolationAfterRevocationDecisionWithRoles" time="2.495" classname="sailpoint.service.policyviolation.PolicyViolationListServiceTests"/>
  <testcase name="testGetPolicyViolationsStatusCountsMetadata" time="2.125" classname="sailpoint.service.policyviolation.PolicyViolationListServiceTests"/>
  <testcase name="testGetViolationAfterMitigationDecision" time="3.138" classname="sailpoint.service.policyviolation.PolicyViolationListServiceTests"/>
</testsuite> <!-- sailpoint.service.policyviolation.PolicyViolationListServiceTests -->
