<?xml version="1.0" encoding="UTF-8"?>
<!-- Generated by org.testng.reporters.JUnitReportReporter -->
<testsuite skipped="0" hostname="sunfish.sailpoint.com" name="sailpoint.rest.ApplicationResourceTest" tests="11" failures="0" timestamp="11 May 2021 16:09:47 GMT" time="1.771" errors="0">
  <testcase name="testStatuses" time="0.260" classname="sailpoint.rest.ApplicationResourceTest"/>
  <testcase name="testGetSchemaAttr" time="0.131" classname="sailpoint.rest.ApplicationResourceTest"/>
  <testcase name="testApplicationAccountsGrid" time="0.228" classname="sailpoint.rest.ApplicationResourceTest"/>
  <testcase name="testGetNotFound" time="0.039" classname="sailpoint.rest.ApplicationResourceTest"/>
  <testcase name="testAppStatus" time="0.184" classname="sailpoint.rest.ApplicationResourceTest"/>
  <testcase name="testGetInstances" time="0.354" classname="sailpoint.rest.ApplicationResourceTest"/>
  <testcase name="testGetApplicationByIdOrName" time="0.108" classname="sailpoint.rest.ApplicationResourceTest"/>
  <testcase name="testGetSummary" time="0.126" classname="sailpoint.rest.ApplicationResourceTest"/>
  <testcase name="testGetApplicationFailed" time="0.052" classname="sailpoint.rest.ApplicationResourceTest"/>
  <testcase name="testGetSummary" time="0.123" classname="sailpoint.rest.ApplicationResourceTest"/>
  <testcase name="testTestConnector" time="0.166" classname="sailpoint.rest.ApplicationResourceTest"/>
</testsuite> <!-- sailpoint.rest.ApplicationResourceTest -->
