<?xml version="1.0" encoding="UTF-8"?>
<!-- Generated by org.testng.reporters.JUnitReportReporter -->
<testsuite skipped="0" hostname="sunfish.sailpoint.com" name="sailpoint.web.IdentitySearchTests" tests="4" failures="0" timestamp="11 May 2021 16:09:47 GMT" time="2.500" errors="0">
  <testcase name="testRiskScoreSearches" time="0.549" classname="sailpoint.web.IdentitySearchTests"/>
  <testcase name="testCollectionSearches" time="0.857" classname="sailpoint.web.IdentitySearchTests"/>
  <testcase name="testBasicSearches" time="0.548" classname="sailpoint.web.IdentitySearchTests"/>
  <testcase name="testOneHundredAndOneParameters" time="0.546" classname="sailpoint.web.IdentitySearchTests"/>
</testsuite> <!-- sailpoint.web.IdentitySearchTests -->
