<?xml version="1.0" encoding="UTF-8"?>
<!-- Generated by org.testng.reporters.JUnitReportReporter -->
<testsuite skipped="0" hostname="sunfish.sailpoint.com" name="sailpoint.rest.scim.SchemaAuthorizationTest" tests="10" failures="0" timestamp="11 May 2021 16:09:47 GMT" time="0.286" errors="0">
  <testcase name="testAccountSchemaInvalidUserDenied" time="0.011" classname="sailpoint.rest.scim.SchemaAuthorizationTest"/>
  <testcase name="testAccountSchemaAsSysAdminUser" time="0.044" classname="sailpoint.rest.scim.SchemaAuthorizationTest"/>
  <testcase name="testAccountSchemaAsSCIMExec" time="0.057" classname="sailpoint.rest.scim.SchemaAuthorizationTest"/>
  <testcase name="testAccountSchemaAsNormalDenied" time="0.032" classname="sailpoint.rest.scim.SchemaAuthorizationTest"/>
  <testcase name="testAccountSchemaAnonymousDenied" time="0.002" classname="sailpoint.rest.scim.SchemaAuthorizationTest"/>
  <testcase name="testAccountResourceTypeAsSchemaDenied" time="0.026" classname="sailpoint.rest.scim.SchemaAuthorizationTest"/>
  <testcase name="testAccountSchemaAsWebServicesExec" time="0.038" classname="sailpoint.rest.scim.SchemaAuthorizationTest"/>
  <testcase name="testAccountSchemaAsSchemaUser" time="0.037" classname="sailpoint.rest.scim.SchemaAuthorizationTest"/>
  <testcase name="testAccountSchemaBadPasswordDenied" time="0.011" classname="sailpoint.rest.scim.SchemaAuthorizationTest"/>
  <testcase name="testAccountSchemaAsReadAccountDenied" time="0.028" classname="sailpoint.rest.scim.SchemaAuthorizationTest"/>
</testsuite> <!-- sailpoint.rest.scim.SchemaAuthorizationTest -->
