<?xml version="1.0" encoding="UTF-8"?>
<!-- Generated by org.testng.reporters.JUnitReportReporter -->
<testsuite skipped="0" hostname="sunfish.sailpoint.com" name="sailpoint.service.scim.ServerMapperTest" tests="9" failures="0" timestamp="11 May 2021 16:09:47 GMT" time="0.346" errors="0">
  <testcase name="testServerMapper" time="0.028" classname="sailpoint.service.scim.ServerMapperTest"/>
  <testcase name="testServerMapperRoles" time="0.049" classname="sailpoint.service.scim.ServerMapperTest"/>
  <testcase name="testServerMapperIncludesExcludes" time="0.004" classname="sailpoint.service.scim.ServerMapperTest"/>
  <testcase name="testSetUserPasswordNull" time="0.026" classname="sailpoint.service.scim.ServerMapperTest"/>
  <testcase name="testSetUserPasswordEmpty" time="0.026" classname="sailpoint.service.scim.ServerMapperTest"/>
  <testcase name="testFailureSetUserPasswordIllegalCharacters" time="0.055" classname="sailpoint.service.scim.ServerMapperTest"/>
  <testcase name="testServerMapperEntitlements" time="0.063" classname="sailpoint.service.scim.ServerMapperTest"/>
  <testcase name="testCreateUserSetters" time="0.058" classname="sailpoint.service.scim.ServerMapperTest"/>
  <testcase name="testUserSetters" time="0.037" classname="sailpoint.service.scim.ServerMapperTest"/>
</testsuite> <!-- sailpoint.service.scim.ServerMapperTest -->
