<?xml version="1.0" encoding="UTF-8"?>
<!-- Generated by org.testng.reporters.JUnitReportReporter -->
<testsuite skipped="0" hostname="sunfish.sailpoint.com" name="sailpoint.service.UISessionStorageServiceTests" tests="8" failures="0" timestamp="11 May 2021 16:09:46 GMT" time="0.034" errors="0">
  <testcase name="testNavigationKey" time="0.006" classname="sailpoint.service.UISessionStorageServiceTests"/>
  <testcase name="testGetSessionStorageWithInvalidKey" time="0.000" classname="sailpoint.service.UISessionStorageServiceTests"/>
  <testcase name="testGetInvalidKey" time="0.012" classname="sailpoint.service.UISessionStorageServiceTests"/>
  <testcase name="testGetSessionStorageDontPop" time="0.001" classname="sailpoint.service.UISessionStorageServiceTests"/>
  <testcase name="testSetAndGetSessionStorage" time="0.000" classname="sailpoint.service.UISessionStorageServiceTests"/>
  <testcase name="testGetSessionStoragePops" time="0.000" classname="sailpoint.service.UISessionStorageServiceTests"/>
  <testcase name="testGetSessionStorageWithNullKey" time="0.008" classname="sailpoint.service.UISessionStorageServiceTests"/>
  <testcase name="testPutInvalidKey" time="0.007" classname="sailpoint.service.UISessionStorageServiceTests"/>
</testsuite> <!-- sailpoint.service.UISessionStorageServiceTests -->
