<?xml version="1.0" encoding="UTF-8"?>
<!-- Generated by org.testng.reporters.JUnitReportReporter -->
<testsuite skipped="0" hostname="sunfish.sailpoint.com" name="sailpoint.rest.scim.ApplicationResourceTest" tests="18" failures="0" timestamp="11 May 2021 16:09:47 GMT" time="1.444" errors="0">
  <testcase name="testGetApplicationIncludeAsRead" time="0.113" classname="sailpoint.rest.scim.ApplicationResourceTest"/>
  <testcase name="testGetApplicationAsSCIMExec" time="0.244" classname="sailpoint.rest.scim.ApplicationResourceTest"/>
  <testcase name="testGetApplicationNotFound" time="0.026" classname="sailpoint.rest.scim.ApplicationResourceTest"/>
  <testcase name="testGetApplicationAsResourceTypeDenied" time="0.028" classname="sailpoint.rest.scim.ApplicationResourceTest"/>
  <testcase name="testGetApplicationIncludeMixedAsRead" time="0.078" classname="sailpoint.rest.scim.ApplicationResourceTest"/>
  <testcase name="testGetApplicationBearerScopedAuthDenied" time="0.016" classname="sailpoint.rest.scim.ApplicationResourceTest"/>
  <testcase name="testGetApplicationIfNoneMatch" time="0.060" classname="sailpoint.rest.scim.ApplicationResourceTest"/>
  <testcase name="testGetApplicationIfNoneMatchNotModifiedResponse" time="0.099" classname="sailpoint.rest.scim.ApplicationResourceTest"/>
  <testcase name="testGetApplicationMultiByte" time="0.061" classname="sailpoint.rest.scim.ApplicationResourceTest"/>
  <testcase name="testGetApplicationBearerAuth" time="0.127" classname="sailpoint.rest.scim.ApplicationResourceTest"/>
  <testcase name="testGetApplicationIncludeInvalidAttribute" time="0.075" classname="sailpoint.rest.scim.ApplicationResourceTest"/>
  <testcase name="testAuthorizeFullAccessUser" time="0.066" classname="sailpoint.rest.scim.ApplicationResourceTest"/>
  <testcase name="testGetApplicationIncludeNone" time="0.068" classname="sailpoint.rest.scim.ApplicationResourceTest"/>
  <testcase name="testGetApplicationAsSchemaDenied" time="0.039" classname="sailpoint.rest.scim.ApplicationResourceTest"/>
  <testcase name="testGetApplicationAccessDenied" time="0.117" classname="sailpoint.rest.scim.ApplicationResourceTest"/>
  <testcase name="testGetApplicationAsInvalidCredential" time="0.065" classname="sailpoint.rest.scim.ApplicationResourceTest"/>
  <testcase name="testGetApplicationExcludeAsRead" time="0.053" classname="sailpoint.rest.scim.ApplicationResourceTest"/>
  <testcase name="testGetApplicationBearerLimitedAuth" time="0.109" classname="sailpoint.rest.scim.ApplicationResourceTest"/>
</testsuite> <!-- sailpoint.rest.scim.ApplicationResourceTest -->
