<?xml version="1.0" encoding="UTF-8"?>
<!-- Generated by org.testng.reporters.JUnitReportReporter -->
<testsuite skipped="0" hostname="sunfish.sailpoint.com" name="sailpoint.rest.FormResourceTest" tests="6" failures="0" timestamp="11 May 2021 16:09:47 GMT" time="5.753" errors="0">
  <testcase name="testCreateForm" time="1.262" classname="sailpoint.rest.FormResourceTest"/>
  <testcase name="testPostButtons" time="1.018" classname="sailpoint.rest.FormResourceTest"/>
  <testcase name="testGetPreviewForm" time="0.911" classname="sailpoint.rest.FormResourceTest"/>
  <testcase name="testGetForm" time="0.839" classname="sailpoint.rest.FormResourceTest"/>
  <testcase name="testFormTypes" time="0.854" classname="sailpoint.rest.FormResourceTest"/>
  <testcase name="testUpdateForm" time="0.869" classname="sailpoint.rest.FormResourceTest"/>
</testsuite> <!-- sailpoint.rest.FormResourceTest -->
