<?xml version="1.0" encoding="UTF-8"?>
<!-- Generated by org.testng.reporters.JUnitReportReporter -->
<testsuite skipped="0" hostname="sunfish.sailpoint.com" name="sailpoint.service.certification.schedule.CertificationScheduleServiceTests" tests="56" failures="0" timestamp="11 May 2021 16:09:47 GMT" time="30.844" errors="0">
  <testcase name="testSaveTargetPermissionFilters" time="0.125" classname="sailpoint.service.certification.schedule.CertificationScheduleServiceTests"/>
  <testcase name="testSaveAdditionalEntitlementFilters" time="0.142" classname="sailpoint.service.certification.schedule.CertificationScheduleServiceTests"/>
  <testcase name="testSaveChangesCertificationGroup" time="2.312" classname="sailpoint.service.certification.schedule.CertificationScheduleServiceTests"/>
  <testcase name="testSaveInvalidNotificationDays" time="0.026" classname="sailpoint.service.certification.schedule.CertificationScheduleServiceTests"/>
  <testcase name="testSaveMissingApprovalRule" time="0.039" classname="sailpoint.service.certification.schedule.CertificationScheduleServiceTests"/>
  <testcase name="testActivePeriodDurationEditable" time="2.421" classname="sailpoint.service.certification.schedule.CertificationScheduleServiceTests"/>
  <testcase name="testSaveInvalidActivePeriodDuration" time="0.089" classname="sailpoint.service.certification.schedule.CertificationScheduleServiceTests"/>
  <testcase name="testSaveCertificationSchedule" time="0.118" classname="sailpoint.service.certification.schedule.CertificationScheduleServiceTests"/>
  <testcase name="testStartDateInPast" time="0.088" classname="sailpoint.service.certification.schedule.CertificationScheduleServiceTests"/>
  <testcase name="testSaveMissingCertifierRule" time="0.073" classname="sailpoint.service.certification.schedule.CertificationScheduleServiceTests"/>
  <testcase name="testSaveMissingOwner" time="0.173" classname="sailpoint.service.certification.schedule.CertificationScheduleServiceTests"/>
  <testcase name="testGetCertScheduleNotFound" time="0.061" classname="sailpoint.service.certification.schedule.CertificationScheduleServiceTests"/>
  <testcase name="testStartDateInPastForGeneratedCert" time="0.618" classname="sailpoint.service.certification.schedule.CertificationScheduleServiceTests"/>
  <testcase name="testSaveAccountFilters" time="0.109" classname="sailpoint.service.certification.schedule.CertificationScheduleServiceTests"/>
  <testcase name="testSaveChangesSchedule" time="0.146" classname="sailpoint.service.certification.schedule.CertificationScheduleServiceTests"/>
  <testcase name="testGetCertScheduleFromTemplate" time="0.284" classname="sailpoint.service.certification.schedule.CertificationScheduleServiceTests"/>
  <testcase name="testGetCertScheduleFromCertificationGroup" time="0.366" classname="sailpoint.service.certification.schedule.CertificationScheduleServiceTests"/>
  <testcase name="testSaveScheduleCertAdmin" time="0.185" classname="sailpoint.service.certification.schedule.CertificationScheduleServiceTests"/>
  <testcase name="testGetCertScheduleFromCertGroupNotActivated" time="0.272" classname="sailpoint.service.certification.schedule.CertificationScheduleServiceTests"/>
  <testcase name="testSaveMissingEntityRule" time="0.047" classname="sailpoint.service.certification.schedule.CertificationScheduleServiceTests"/>
  <testcase name="testSaveInvalidRemediationPeriodDuration" time="0.109" classname="sailpoint.service.certification.schedule.CertificationScheduleServiceTests"/>
  <testcase name="testSaveMissingEsignature" time="0.076" classname="sailpoint.service.certification.schedule.CertificationScheduleServiceTests"/>
  <testcase name="testEditableAttributes" time="0.487" classname="sailpoint.service.certification.schedule.CertificationScheduleServiceTests"/>
  <testcase name="testSaveEntityFilters" time="0.112" classname="sailpoint.service.certification.schedule.CertificationScheduleServiceTests"/>
  <testcase name="testSaveInvalidReassignmentLimit" time="0.168" classname="sailpoint.service.certification.schedule.CertificationScheduleServiceTests"/>
  <testcase name="testLoadDefaultsForDependentAttributes" time="0.190" classname="sailpoint.service.certification.schedule.CertificationScheduleServiceTests"/>
  <testcase name="testMetaData" time="0.049" classname="sailpoint.service.certification.schedule.CertificationScheduleServiceTests"/>
  <testcase name="testEmptyPartitionCount" time="0.282" classname="sailpoint.service.certification.schedule.CertificationScheduleServiceTests"/>
  <testcase name="testCollapseAndExpandSuggests" time="0.333" classname="sailpoint.service.certification.schedule.CertificationScheduleServiceTests"/>
  <testcase name="testGetDefaultCertSchedule" time="0.079" classname="sailpoint.service.certification.schedule.CertificationScheduleServiceTests"/>
  <testcase name="testSaveRoleAndAdditionalEntitlementFilters" time="0.224" classname="sailpoint.service.certification.schedule.CertificationScheduleServiceTests"/>
  <testcase name="testSaveDifferentFiltersOnEditedDefinition" time="0.137" classname="sailpoint.service.certification.schedule.CertificationScheduleServiceTests"/>
  <testcase name="testBackupCertifierNotRequiredForSingleCertifier" time="0.106" classname="sailpoint.service.certification.schedule.CertificationScheduleServiceTests"/>
  <testcase name="testStartDateInPastRunNow" time="9.216" classname="sailpoint.service.certification.schedule.CertificationScheduleServiceTests"/>
  <testcase name="testSaveInvalidChallengePeriodDuration" time="0.083" classname="sailpoint.service.certification.schedule.CertificationScheduleServiceTests"/>
  <testcase name="testSaveMissingSingleCertifier" time="0.034" classname="sailpoint.service.certification.schedule.CertificationScheduleServiceTests"/>
  <testcase name="testSaveRoleFilters" time="0.086" classname="sailpoint.service.certification.schedule.CertificationScheduleServiceTests"/>
  <testcase name="testMissingStartDate" time="0.085" classname="sailpoint.service.certification.schedule.CertificationScheduleServiceTests"/>
  <testcase name="testSaveChangesScheduleSharedWithCertificationGroup" time="0.482" classname="sailpoint.service.certification.schedule.CertificationScheduleServiceTests"/>
  <testcase name="testSaveInvalidPartitionCount" time="0.040" classname="sailpoint.service.certification.schedule.CertificationScheduleServiceTests"/>
  <testcase name="testSaveChangesCertificationGroupSharedWithSchedule" time="2.484" classname="sailpoint.service.certification.schedule.CertificationScheduleServiceTests"/>
  <testcase name="testSaveCertificationNonEditableAttributes" time="2.444" classname="sailpoint.service.certification.schedule.CertificationScheduleServiceTests"/>
  <testcase name="testIsActivePeriodDurationEditable" time="2.331" classname="sailpoint.service.certification.schedule.CertificationScheduleServiceTests"/>
  <testcase name="testSaveMissingBackupCertifier" time="0.035" classname="sailpoint.service.certification.schedule.CertificationScheduleServiceTests"/>
  <testcase name="testEditableAttributesEmptyCert" time="0.073" classname="sailpoint.service.certification.schedule.CertificationScheduleServiceTests"/>
  <testcase name="testAttributeValueTypeConversions" time="0.085" classname="sailpoint.service.certification.schedule.CertificationScheduleServiceTests"/>
  <testcase name="testSaveCertDefinition" time="0.091" classname="sailpoint.service.certification.schedule.CertificationScheduleServiceTests"/>
  <testcase name="testGetCertScheduleFromCertGroupActivated" time="2.278" classname="sailpoint.service.certification.schedule.CertificationScheduleServiceTests"/>
  <testcase name="testSaveInvalidAutomaticClosingPeriodDuration" time="0.089" classname="sailpoint.service.certification.schedule.CertificationScheduleServiceTests"/>
  <testcase name="testSaveExistingScheduleWithRemovedValue" time="0.193" classname="sailpoint.service.certification.schedule.CertificationScheduleServiceTests"/>
  <testcase name="testSaveMissingNameTemplate" time="0.036" classname="sailpoint.service.certification.schedule.CertificationScheduleServiceTests"/>
  <testcase name="testSaveMissingEntityType" time="0.136" classname="sailpoint.service.certification.schedule.CertificationScheduleServiceTests"/>
  <testcase name="testGetCertScheduleDTO" time="0.118" classname="sailpoint.service.certification.schedule.CertificationScheduleServiceTests"/>
  <testcase name="testSaveInvalidDefaultDuration" time="0.076" classname="sailpoint.service.certification.schedule.CertificationScheduleServiceTests"/>
  <testcase name="testSaveShowRecommendationsDisabled" time="0.195" classname="sailpoint.service.certification.schedule.CertificationScheduleServiceTests"/>
  <testcase name="testSavePredelegation" time="0.108" classname="sailpoint.service.certification.schedule.CertificationScheduleServiceTests"/>
</testsuite> <!-- sailpoint.service.certification.schedule.CertificationScheduleServiceTests -->
