<?xml version="1.0" encoding="UTF-8"?>
<!-- Generated by org.testng.reporters.JUnitReportReporter -->
<testsuite skipped="0" hostname="sunfish.sailpoint.com" name="sailpoint.api.certification.ManagerCertificationBuilderTests" tests="7" failures="0" timestamp="11 May 2021 16:09:47 GMT" time="18.996" errors="0">
  <testcase name="testAssignedRoleCertifiableCreation" time="1.780" classname="sailpoint.api.certification.ManagerCertificationBuilderTests"/>
  <testcase name="testAssignedRoleCertifiableCreationWithApps" time="1.346" classname="sailpoint.api.certification.ManagerCertificationBuilderTests"/>
  <testcase name="testTopLevelManagerCert" time="3.391" classname="sailpoint.api.certification.ManagerCertificationBuilderTests"/>
  <testcase name="testTopLevelManagerCertFlattened" time="3.467" classname="sailpoint.api.certification.ManagerCertificationBuilderTests"/>
  <testcase name="testExcludeBaseAppAccounts" time="1.511" classname="sailpoint.api.certification.ManagerCertificationBuilderTests"/>
  <testcase name="testTopLevelSelfManagedCert" time="3.435" classname="sailpoint.api.certification.ManagerCertificationBuilderTests"/>
  <testcase name="testTopLevelSelfManagedCertFlattened" time="4.066" classname="sailpoint.api.certification.ManagerCertificationBuilderTests"/>
</testsuite> <!-- sailpoint.api.certification.ManagerCertificationBuilderTests -->
