<?xml version="1.0" encoding="UTF-8"?>
<!-- Generated by org.testng.reporters.JUnitReportReporter -->
<testsuite skipped="0" hostname="sunfish.sailpoint.com" name="sailpoint.rest.ui.certifications.CertificationItemResourceTests" tests="29" failures="0" timestamp="11 May 2021 16:09:47 GMT" time="25.696" errors="0">
  <testcase name="testGetRoleDetailsNonRoleItem" time="0.331" classname="sailpoint.rest.ui.certifications.CertificationItemResourceTests"/>
  <testcase name="testGetRoleManagedAttributeDetailsUnauthorizedWithBadMA" time="0.365" classname="sailpoint.rest.ui.certifications.CertificationItemResourceTests"/>
  <testcase name="testGetManagedAttributeDetailsThrowsWithNoMA" time="0.901" classname="sailpoint.rest.ui.certifications.CertificationItemResourceTests"/>
  <testcase name="testGetIdentityAttributesForEntitlementOwnerCert" time="0.601" classname="sailpoint.rest.ui.certifications.CertificationItemResourceTests"/>
  <testcase name="testGetApplicationAccountDetails" time="0.525" classname="sailpoint.rest.ui.certifications.CertificationItemResourceTests"/>
  <testcase name="testGetRoleDetailsWithClassifications" time="0.410" classname="sailpoint.rest.ui.certifications.CertificationItemResourceTests"/>
  <testcase name="testGetIdentityAttributesForNonEntitlementOwnerCertFails" time="0.369" classname="sailpoint.rest.ui.certifications.CertificationItemResourceTests"/>
  <testcase name="testGetRoleDetailsDeletedRole" time="4.812" classname="sailpoint.rest.ui.certifications.CertificationItemResourceTests"/>
  <testcase name="testGetAccountManagedAttributeDetails" time="0.622" classname="sailpoint.rest.ui.certifications.CertificationItemResourceTests"/>
  <testcase name="testPostComment" time="0.510" classname="sailpoint.rest.ui.certifications.CertificationItemResourceTests"/>
  <testcase name="testGetRoleDetailsDeletedIdentity" time="4.957" classname="sailpoint.rest.ui.certifications.CertificationItemResourceTests"/>
  <testcase name="testGetIdentityHistoryAuthorization" time="0.576" classname="sailpoint.rest.ui.certifications.CertificationItemResourceTests"/>
  <testcase name="testGetIdentityHistoryWithPendingAction" time="0.558" classname="sailpoint.rest.ui.certifications.CertificationItemResourceTests"/>
  <testcase name="testGetRoleDetailsWithClassificationsPaginationReverse" time="0.510" classname="sailpoint.rest.ui.certifications.CertificationItemResourceTests"/>
  <testcase name="testGetManagedAttributeDetailsWithClassificationsPaginationReverse" time="0.584" classname="sailpoint.rest.ui.certifications.CertificationItemResourceTests"/>
  <testcase name="testGetRoleDetails" time="0.680" classname="sailpoint.rest.ui.certifications.CertificationItemResourceTests"/>
  <testcase name="testGetManagedAttributeDetailsWithClassificationsPagination" time="0.785" classname="sailpoint.rest.ui.certifications.CertificationItemResourceTests"/>
  <testcase name="testGetManagedAttributeDetails" time="0.708" classname="sailpoint.rest.ui.certifications.CertificationItemResourceTests"/>
  <testcase name="testGetLinkAttributes" time="0.472" classname="sailpoint.rest.ui.certifications.CertificationItemResourceTests"/>
  <testcase name="testGetSimpleEntitlements" time="0.363" classname="sailpoint.rest.ui.certifications.CertificationItemResourceTests"/>
  <testcase name="testGetManagedAttributeDetailsWithClassifications" time="0.920" classname="sailpoint.rest.ui.certifications.CertificationItemResourceTests"/>
  <testcase name="testGetDelegationDescription" time="0.430" classname="sailpoint.rest.ui.certifications.CertificationItemResourceTests"/>
  <testcase name="testGetRoleDetailsWithClassificationsPagination" time="0.513" classname="sailpoint.rest.ui.certifications.CertificationItemResourceTests"/>
  <testcase name="testGetRemediationAdvice" time="1.773" classname="sailpoint.rest.ui.certifications.CertificationItemResourceTests"/>
  <testcase name="testGetRoleManagedAttributeDetails" time="0.460" classname="sailpoint.rest.ui.certifications.CertificationItemResourceTests"/>
  <testcase name="testGetRoleHierarchy" time="0.472" classname="sailpoint.rest.ui.certifications.CertificationItemResourceTests"/>
  <testcase name="testGetAccountManagedAttributeDetailsThrowsWithBadMA" time="0.401" classname="sailpoint.rest.ui.certifications.CertificationItemResourceTests"/>
  <testcase name="testGetRoleHierarchyBadRole" time="0.448" classname="sailpoint.rest.ui.certifications.CertificationItemResourceTests"/>
  <testcase name="testGetRemediationSummary" time="0.640" classname="sailpoint.rest.ui.certifications.CertificationItemResourceTests"/>
</testsuite> <!-- sailpoint.rest.ui.certifications.CertificationItemResourceTests -->
