<?xml version="1.0" encoding="UTF-8"?>
<!-- Generated by org.testng.reporters.JUnitReportReporter -->
<testsuite skipped="0" hostname="sunfish.sailpoint.com" name="sailpoint.web.form.FormDTOTests" tests="11" failures="0" timestamp="11 May 2021 16:09:47 GMT" time="0.141" errors="0">
  <testcase name="changeName" time="0.007" classname="sailpoint.web.form.FormDTOTests"/>
  <testcase name="testRowColumnSpans" time="0.034" classname="sailpoint.web.form.FormDTOTests"/>
  <testcase name="testOneColumns" time="0.025" classname="sailpoint.web.form.FormDTOTests"/>
  <testcase name="existingFormPropertiesAreIntactAndNewPropertiesOverwrite" time="0.003" classname="sailpoint.web.form.FormDTOTests"/>
  <testcase name="existingFieldPropertiesAreKeptIntact" time="0.002" classname="sailpoint.web.form.FormDTOTests"/>
  <testcase name="testFormDeepCopy" time="0.035" classname="sailpoint.web.form.FormDTOTests"/>
  <testcase name="changedFieldIsInRightSection" time="0.003" classname="sailpoint.web.form.FormDTOTests"/>
  <testcase name="sectionProperties" time="0.003" classname="sailpoint.web.form.FormDTOTests"/>
  <testcase name="newFormIsCreated" time="0.002" classname="sailpoint.web.form.FormDTOTests"/>
  <testcase name="deleteIfFieldIsRemovedFromDto" time="0.004" classname="sailpoint.web.form.FormDTOTests"/>
  <testcase name="testRowColumn" time="0.023" classname="sailpoint.web.form.FormDTOTests"/>
</testsuite> <!-- sailpoint.web.form.FormDTOTests -->
