<?xml version="1.0" encoding="UTF-8"?>
<!-- Generated by org.testng.reporters.JUnitReportReporter -->
<testsuite skipped="0" hostname="sunfish.sailpoint.com" name="sailpoint.server.BSFClassLoaderTests" tests="13" failures="0" timestamp="11 May 2021 16:09:47 GMT" time="0.933" errors="0">
  <testcase name="test_getServiceExecutorClasses" time="0.049" classname="sailpoint.server.BSFClassLoaderTests"/>
  <testcase name="test_getPackageFromClassName" time="0.010" classname="sailpoint.server.BSFClassLoaderTests"/>
  <testcase name="test_getInterestingPlugins" time="0.107" classname="sailpoint.server.BSFClassLoaderTests"/>
  <testcase name="test_loadClass_no_plugins" time="0.011" classname="sailpoint.server.BSFClassLoaderTests"/>
  <testcase name="test_getTaskExecutorClassesWith2Plugins" time="0.385" classname="sailpoint.server.BSFClassLoaderTests"/>
  <testcase name="test_getScriptableClasses" time="0.050" classname="sailpoint.server.BSFClassLoaderTests"/>
  <testcase name="test_getPolicyExecutorClasses" time="0.071" classname="sailpoint.server.BSFClassLoaderTests"/>
  <testcase name="test_getTaskExecutorClasses" time="0.056" classname="sailpoint.server.BSFClassLoaderTests"/>
  <testcase name="test_killSwitch" time="0.068" classname="sailpoint.server.BSFClassLoaderTests"/>
  <testcase name="test_getVersion" time="0.011" classname="sailpoint.server.BSFClassLoaderTests"/>
  <testcase name="test_loadClass_from_plugin_with_killswitch" time="0.044" classname="sailpoint.server.BSFClassLoaderTests"/>
  <testcase name="test_isLegalForExport" time="0.009" classname="sailpoint.server.BSFClassLoaderTests"/>
  <testcase name="test_loadClass_from_plugin" time="0.062" classname="sailpoint.server.BSFClassLoaderTests"/>
</testsuite> <!-- sailpoint.server.BSFClassLoaderTests -->
