<?xml version="1.0" encoding="UTF-8"?>
<!-- Generated by org.testng.reporters.JUnitReportReporter -->
<testsuite skipped="0" hostname="sunfish.sailpoint.com" name="sailpoint.identityai.OAuthPooledConnectionManagerTests" tests="35" failures="0" timestamp="11 May 2021 16:09:47 GMT" time="0.030" errors="0">
  <testcase name="testHasChangedForOAuth_nulls" time="0.000" classname="sailpoint.identityai.OAuthPooledConnectionManagerTests"/>
  <testcase name="testHasChangedForOAuth" time="0.000" classname="sailpoint.identityai.OAuthPooledConnectionManagerTests"/>
  <testcase name="testHasChangedForOAuth" time="0.000" classname="sailpoint.identityai.OAuthPooledConnectionManagerTests"/>
  <testcase name="testAsUrl" time="0.000" classname="sailpoint.identityai.OAuthPooledConnectionManagerTests"/>
  <testcase name="testHasChangedForOAuth" time="0.000" classname="sailpoint.identityai.OAuthPooledConnectionManagerTests"/>
  <testcase name="testHasChangedForOAuth" time="0.001" classname="sailpoint.identityai.OAuthPooledConnectionManagerTests"/>
  <testcase name="testHasChangedForOAuth" time="0.000" classname="sailpoint.identityai.OAuthPooledConnectionManagerTests"/>
  <testcase name="testRescheduleTokenRefresh" time="0.010" classname="sailpoint.identityai.OAuthPooledConnectionManagerTests"/>
  <testcase name="testResetOAuthToken" time="0.003" classname="sailpoint.identityai.OAuthPooledConnectionManagerTests"/>
  <testcase name="testHasChangedForOAuth" time="0.000" classname="sailpoint.identityai.OAuthPooledConnectionManagerTests"/>
  <testcase name="testHasChangedForOAuth" time="0.000" classname="sailpoint.identityai.OAuthPooledConnectionManagerTests"/>
  <testcase name="testHasChangedForOAuth" time="0.000" classname="sailpoint.identityai.OAuthPooledConnectionManagerTests"/>
  <testcase name="testHasChangedForOAuth" time="0.000" classname="sailpoint.identityai.OAuthPooledConnectionManagerTests"/>
  <testcase name="testHasChangedForOAuth" time="0.000" classname="sailpoint.identityai.OAuthPooledConnectionManagerTests"/>
  <testcase name="testHasChangedForOAuth" time="0.000" classname="sailpoint.identityai.OAuthPooledConnectionManagerTests"/>
  <testcase name="testAsUrl" time="0.000" classname="sailpoint.identityai.OAuthPooledConnectionManagerTests"/>
  <testcase name="testHasChangedForOAuth" time="0.000" classname="sailpoint.identityai.OAuthPooledConnectionManagerTests"/>
  <testcase name="testHasChangedForOAuth" time="0.000" classname="sailpoint.identityai.OAuthPooledConnectionManagerTests"/>
  <testcase name="testHasChangedForOAuth" time="0.001" classname="sailpoint.identityai.OAuthPooledConnectionManagerTests"/>
  <testcase name="testHasChangedForOAuth" time="0.000" classname="sailpoint.identityai.OAuthPooledConnectionManagerTests"/>
  <testcase name="testHasChangedForOAuth" time="0.000" classname="sailpoint.identityai.OAuthPooledConnectionManagerTests"/>
  <testcase name="testAsUrl" time="0.000" classname="sailpoint.identityai.OAuthPooledConnectionManagerTests"/>
  <testcase name="testAsUrl" time="0.000" classname="sailpoint.identityai.OAuthPooledConnectionManagerTests"/>
  <testcase name="testHasChangedForOAuth" time="0.000" classname="sailpoint.identityai.OAuthPooledConnectionManagerTests"/>
  <testcase name="testResetOAuthToken" time="0.009" classname="sailpoint.identityai.OAuthPooledConnectionManagerTests"/>
  <testcase name="testResetOAuthToken" time="0.003" classname="sailpoint.identityai.OAuthPooledConnectionManagerTests"/>
  <testcase name="testHasChangedForOAuth" time="0.000" classname="sailpoint.identityai.OAuthPooledConnectionManagerTests"/>
  <testcase name="testHasChangedForOAuth" time="0.000" classname="sailpoint.identityai.OAuthPooledConnectionManagerTests"/>
  <testcase name="testHasChangedForOAuth" time="0.000" classname="sailpoint.identityai.OAuthPooledConnectionManagerTests"/>
  <testcase name="testHasChangedForOAuth" time="0.000" classname="sailpoint.identityai.OAuthPooledConnectionManagerTests"/>
  <testcase name="testHasChangedForOAuth" time="0.000" classname="sailpoint.identityai.OAuthPooledConnectionManagerTests"/>
  <testcase name="testHasChangedForOAuth" time="0.000" classname="sailpoint.identityai.OAuthPooledConnectionManagerTests"/>
  <testcase name="testResetOAuthToken" time="0.003" classname="sailpoint.identityai.OAuthPooledConnectionManagerTests"/>
  <testcase name="testHasChangedForOAuth" time="0.000" classname="sailpoint.identityai.OAuthPooledConnectionManagerTests"/>
  <testcase name="testHasChangedForOAuth" time="0.000" classname="sailpoint.identityai.OAuthPooledConnectionManagerTests"/>
</testsuite> <!-- sailpoint.identityai.OAuthPooledConnectionManagerTests -->
