<?xml version="1.0" encoding="UTF-8"?>
<!-- Generated by org.testng.reporters.JUnitReportReporter -->
<testsuite skipped="0" hostname="sunfish.sailpoint.com" name="sailpoint.rest.ui.pam.ContainerListResourceTests" tests="2" failures="0" timestamp="11 May 2021 16:09:47 GMT" time="0.599" errors="0">
  <testcase name="testCreate" time="0.331" classname="sailpoint.rest.ui.pam.ContainerListResourceTests"/>
  <testcase name="testSuggest" time="0.268" classname="sailpoint.rest.ui.pam.ContainerListResourceTests"/>
</testsuite> <!-- sailpoint.rest.ui.pam.ContainerListResourceTests -->
