<?xml version="1.0" encoding="UTF-8"?>
<!-- Generated by org.testng.reporters.JUnitReportReporter -->
<testsuite skipped="0" hostname="sunfish.sailpoint.com" name="sailpoint.rest.ManagedAttributesResourceTest" tests="4" failures="0" timestamp="11 May 2021 16:09:47 GMT" time="0.632" errors="0">
  <testcase name="testGetManagedAttributeSuggest" time="0.320" classname="sailpoint.rest.ManagedAttributesResourceTest"/>
  <testcase name="testGetManagedAttributes" time="0.106" classname="sailpoint.rest.ManagedAttributesResourceTest"/>
  <testcase name="testGetManagedAttributClassifications" time="0.148" classname="sailpoint.rest.ManagedAttributesResourceTest"/>
  <testcase name="testGetManagedAttributeNames" time="0.058" classname="sailpoint.rest.ManagedAttributesResourceTest"/>
</testsuite> <!-- sailpoint.rest.ManagedAttributesResourceTest -->
