<?xml version="1.0" encoding="UTF-8"?>
<!-- Generated by org.testng.reporters.JUnitReportReporter -->
<testsuite skipped="0" hostname="sunfish.sailpoint.com" name="sailpoint.rapidsetup.tools.CertificationLauncherTests" tests="3" failures="0" timestamp="11 May 2021 16:09:47 GMT" time="0.007" errors="0">
  <testcase name="testUpdateOrAddListFilterValue_existingFilterValues" time="0.000" classname="sailpoint.rapidsetup.tools.CertificationLauncherTests"/>
  <testcase name="testUpdateOrAddListFilterValue_emptyFilterValues" time="0.007" classname="sailpoint.rapidsetup.tools.CertificationLauncherTests"/>
  <testcase name="testUpdateOrAddListFilterValue_otherFilterValues" time="0.000" classname="sailpoint.rapidsetup.tools.CertificationLauncherTests"/>
</testsuite> <!-- sailpoint.rapidsetup.tools.CertificationLauncherTests -->
