<?xml version="1.0" encoding="UTF-8"?>
<!-- Generated by org.testng.reporters.JUnitReportReporter -->
<testsuite skipped="0" hostname="sunfish.sailpoint.com" name="sailpoint.rest.OAuthClientListResourceTest" tests="14" failures="0" timestamp="11 May 2021 16:09:47 GMT" time="5.248" errors="0">
  <testcase name="testUpdateClient" time="1.299" classname="sailpoint.rest.OAuthClientListResourceTest"/>
  <testcase name="testPaging" time="0.523" classname="sailpoint.rest.OAuthClientListResourceTest"/>
  <testcase name="testCreateClient" time="0.295" classname="sailpoint.rest.OAuthClientListResourceTest"/>
  <testcase name="testFilterLimit" time="0.138" classname="sailpoint.rest.OAuthClientListResourceTest"/>
  <testcase name="testKeyRegen" time="0.281" classname="sailpoint.rest.OAuthClientListResourceTest"/>
  <testcase name="testAuthorization" time="0.298" classname="sailpoint.rest.OAuthClientListResourceTest"/>
  <testcase name="testDeleteClient" time="1.179" classname="sailpoint.rest.OAuthClientListResourceTest"/>
  <testcase name="testCreateClientFail" time="0.188" classname="sailpoint.rest.OAuthClientListResourceTest"/>
  <testcase name="testUpdateClientUniqueNameFail" time="0.190" classname="sailpoint.rest.OAuthClientListResourceTest"/>
  <testcase name="testDeleteClientFail" time="0.195" classname="sailpoint.rest.OAuthClientListResourceTest"/>
  <testcase name="testSort" time="0.157" classname="sailpoint.rest.OAuthClientListResourceTest"/>
  <testcase name="testGetClientss" time="0.134" classname="sailpoint.rest.OAuthClientListResourceTest"/>
  <testcase name="testCreateClientUniqueNameFail" time="0.228" classname="sailpoint.rest.OAuthClientListResourceTest"/>
  <testcase name="testUpdateClientFail" time="0.143" classname="sailpoint.rest.OAuthClientListResourceTest"/>
</testsuite> <!-- sailpoint.rest.OAuthClientListResourceTest -->
