<?xml version="1.0" encoding="UTF-8"?>
<!-- Generated by org.testng.reporters.JUnitReportReporter -->
<testsuite skipped="0" hostname="sunfish.sailpoint.com" name="sailpoint.rest.WorkflowListResourceTest" tests="3" failures="0" timestamp="11 May 2021 16:09:47 GMT" time="0.351" errors="0">
  <testcase name="testGetWorkflowTypes" time="0.109" classname="sailpoint.rest.WorkflowListResourceTest"/>
  <testcase name="testGetCallables" time="0.111" classname="sailpoint.rest.WorkflowListResourceTest"/>
  <testcase name="testGetApprovalModes" time="0.131" classname="sailpoint.rest.WorkflowListResourceTest"/>
</testsuite> <!-- sailpoint.rest.WorkflowListResourceTest -->
