<?xml version="1.0" encoding="UTF-8"?>
<!-- Generated by org.testng.reporters.JUnitReportReporter -->
<testsuite skipped="0" hostname="sunfish.sailpoint.com" name="sailpoint.rest.PluginsListResourceTest" tests="3" failures="0" timestamp="11 May 2021 16:09:46 GMT" time="0.209" errors="0">
  <testcase name="testGetPluginsAuthorization" time="0.097" classname="sailpoint.rest.PluginsListResourceTest"/>
  <testcase name="testMultiPartAuthorization" time="0.080" classname="sailpoint.rest.PluginsListResourceTest"/>
  <testcase name="testMultiPartAuthorizationFailure" time="0.032" classname="sailpoint.rest.PluginsListResourceTest"/>
</testsuite> <!-- sailpoint.rest.PluginsListResourceTest -->
