<?xml version="1.0" encoding="UTF-8"?>
<!-- Generated by org.testng.reporters.JUnitReportReporter -->
<testsuite skipped="0" hostname="sunfish.sailpoint.com" name="sailpoint.service.form.renderer.creator.ExtjsFormItemDTOCreatorTests" tests="10" failures="0" timestamp="11 May 2021 16:09:47 GMT" time="0.014" errors="0">
  <testcase name="testManagedAttributeField" time="0.000" classname="sailpoint.service.form.renderer.creator.ExtjsFormItemDTOCreatorTests"/>
  <testcase name="testDateField" time="0.000" classname="sailpoint.service.form.renderer.creator.ExtjsFormItemDTOCreatorTests"/>
  <testcase name="testLongField" time="0.001" classname="sailpoint.service.form.renderer.creator.ExtjsFormItemDTOCreatorTests"/>
  <testcase name="testBooleanField" time="0.000" classname="sailpoint.service.form.renderer.creator.ExtjsFormItemDTOCreatorTests"/>
  <testcase name="testPermissionField" time="0.001" classname="sailpoint.service.form.renderer.creator.ExtjsFormItemDTOCreatorTests"/>
  <testcase name="testSecretField" time="0.001" classname="sailpoint.service.form.renderer.creator.ExtjsFormItemDTOCreatorTests"/>
  <testcase name="testIntField" time="0.001" classname="sailpoint.service.form.renderer.creator.ExtjsFormItemDTOCreatorTests"/>
  <testcase name="testLabel" time="0.001" classname="sailpoint.service.form.renderer.creator.ExtjsFormItemDTOCreatorTests"/>
  <testcase name="testTextField" time="0.001" classname="sailpoint.service.form.renderer.creator.ExtjsFormItemDTOCreatorTests"/>
  <testcase name="testAllowedValuesField" time="0.008" classname="sailpoint.service.form.renderer.creator.ExtjsFormItemDTOCreatorTests"/>
</testsuite> <!-- sailpoint.service.form.renderer.creator.ExtjsFormItemDTOCreatorTests -->
