<?xml version="1.0" encoding="UTF-8"?>
<!-- Generated by org.testng.reporters.JUnitReportReporter -->
<testsuite skipped="0" hostname="sunfish.sailpoint.com" name="sailpoint.api.dashboard.DashboardCardsTest" tests="4" failures="0" timestamp="11 May 2021 16:09:46 GMT" time="14.691" errors="0">
  <testcase name="getDashboardCardsApprovalsOnly" time="3.885" classname="sailpoint.api.dashboard.DashboardCardsTest"/>
  <testcase name="getDashboardCardsForOthersOnly" time="3.519" classname="sailpoint.api.dashboard.DashboardCardsTest"/>
  <testcase name="getDashboardCardsSelfAndOthers" time="3.842" classname="sailpoint.api.dashboard.DashboardCardsTest"/>
  <testcase name="getDashboardCardsForSelfOnly" time="3.445" classname="sailpoint.api.dashboard.DashboardCardsTest"/>
</testsuite> <!-- sailpoint.api.dashboard.DashboardCardsTest -->
