<?xml version="1.0" encoding="UTF-8"?>
<!-- Generated by org.testng.reporters.JUnitReportReporter -->
<testsuite skipped="0" hostname="sunfish.sailpoint.com" name="sailpoint.messaging.TwilioTests" tests="6" failures="0" timestamp="11 May 2021 16:09:47 GMT" time="0.967" errors="0">
  <testcase name="validNumber" time="0.159" classname="sailpoint.messaging.TwilioTests"/>
  <testcase name="invalidNumber" time="0.109" classname="sailpoint.messaging.TwilioTests"/>
  <testcase name="blacklistedNumber" time="0.432" classname="sailpoint.messaging.TwilioTests"/>
  <testcase name="noSMSNumber" time="0.092" classname="sailpoint.messaging.TwilioTests"/>
  <testcase name="noInternationalNumber" time="0.090" classname="sailpoint.messaging.TwilioTests"/>
  <testcase name="noRouteNumber" time="0.085" classname="sailpoint.messaging.TwilioTests"/>
</testsuite> <!-- sailpoint.messaging.TwilioTests -->
