<?xml version="1.0" encoding="UTF-8"?>
<!-- Generated by org.testng.reporters.JUnitReportReporter -->
<testsuite skipped="0" hostname="sunfish.sailpoint.com" name="sailpoint.lcm.LCMOrderedProvisioningTests" tests="18" failures="0" timestamp="11 May 2021 16:09:47 GMT" time="217.995" errors="0">
  <testcase name="testDependencyWithRetry" time="21.756" classname="sailpoint.lcm.LCMOrderedProvisioningTests"/>
  <testcase name="testCyclicOrderedProvisioning" time="7.539" classname="sailpoint.lcm.LCMOrderedProvisioningTests"/>
  <testcase name="testManualActionDependency" time="11.261" classname="sailpoint.lcm.LCMOrderedProvisioningTests"/>
  <testcase name="testCyclicOrderedProvisioningUsingFormReference" time="9.070" classname="sailpoint.lcm.LCMOrderedProvisioningTests"/>
  <testcase name="testMultipleDependenciesUsingFormReference" time="10.043" classname="sailpoint.lcm.LCMOrderedProvisioningTests"/>
  <testcase name="testApplicationLevelDependencyUsingFormReference" time="18.932" classname="sailpoint.lcm.LCMOrderedProvisioningTests"/>
  <testcase name="testExistingDependencyUsingFormReference" time="9.866" classname="sailpoint.lcm.LCMOrderedProvisioningTests"/>
  <testcase name="testExistingDependency" time="10.112" classname="sailpoint.lcm.LCMOrderedProvisioningTests"/>
  <testcase name="testManualActionDependencyUsingFormReference" time="9.723" classname="sailpoint.lcm.LCMOrderedProvisioningTests"/>
  <testcase name="testApplicationLevelDependency" time="19.936" classname="sailpoint.lcm.LCMOrderedProvisioningTests"/>
  <testcase name="testMultipleDependencies" time="10.525" classname="sailpoint.lcm.LCMOrderedProvisioningTests"/>
  <testcase name="testOrderedProvisioning" time="9.179" classname="sailpoint.lcm.LCMOrderedProvisioningTests"/>
  <testcase name="testCyclicOrderedProvisioning2UsingFormReference" time="9.983" classname="sailpoint.lcm.LCMOrderedProvisioningTests"/>
  <testcase name="testCyclicOrderedProvisioning2" time="9.764" classname="sailpoint.lcm.LCMOrderedProvisioningTests"/>
  <testcase name="testDeprovisioningBug26848" time="9.497" classname="sailpoint.lcm.LCMOrderedProvisioningTests"/>
  <testcase name="testDependencyFailure" time="9.564" classname="sailpoint.lcm.LCMOrderedProvisioningTests"/>
  <testcase name="testDependencyWithRetryUsingFormReference" time="21.701" classname="sailpoint.lcm.LCMOrderedProvisioningTests"/>
  <testcase name="testDependencyFailureUsingFormReference" time="9.544" classname="sailpoint.lcm.LCMOrderedProvisioningTests"/>
</testsuite> <!-- sailpoint.lcm.LCMOrderedProvisioningTests -->
