<?xml version="1.0" encoding="UTF-8"?>
<!-- Generated by org.testng.reporters.JUnitReportReporter -->
<testsuite skipped="0" hostname="sunfish.sailpoint.com" name="sailpoint.api.EntitlementCorrelationTests" tests="23" failures="0" timestamp="11 May 2021 16:09:46 GMT" time="137.285" errors="0">
  <testcase name="testBirthrightRoles" time="5.354" classname="sailpoint.api.EntitlementCorrelationTests"/>
  <testcase name="testBirthrightRoles" time="3.950" classname="sailpoint.api.EntitlementCorrelationTests"/>
  <testcase name="testFilteredEntitlementCorrelationScan" time="9.210" classname="sailpoint.api.EntitlementCorrelationTests"/>
  <testcase name="testProfileClasses" time="6.394" classname="sailpoint.api.EntitlementCorrelationTests"/>
  <testcase name="testBasicEntitlementCorrelation" time="6.130" classname="sailpoint.api.EntitlementCorrelationTests"/>
  <testcase name="testContributingEntitlementAnalysis" time="7.417" classname="sailpoint.api.EntitlementCorrelationTests"/>
  <testcase name="testNoEntitlementExceptions" time="5.510" classname="sailpoint.api.EntitlementCorrelationTests"/>
  <testcase name="testHierarchicalRoles" time="5.525" classname="sailpoint.api.EntitlementCorrelationTests"/>
  <testcase name="testEntitlementCorrelationScan" time="7.477" classname="sailpoint.api.EntitlementCorrelationTests"/>
  <testcase name="testBirthrightRoles" time="5.887" classname="sailpoint.api.EntitlementCorrelationTests"/>
  <testcase name="testNonModeledAdditionalEntitlement" time="5.658" classname="sailpoint.api.EntitlementCorrelationTests"/>
  <testcase name="testMultipleAccountsPerApplication" time="2.560" classname="sailpoint.api.EntitlementCorrelationTests"/>
  <testcase name="testAssignedOnlyDetectionWithInheritance" time="6.631" classname="sailpoint.api.EntitlementCorrelationTests"/>
  <testcase name="testBug19245AndBug22070" time="7.711" classname="sailpoint.api.EntitlementCorrelationTests"/>
  <testcase name="testEntitlementMapping" time="5.693" classname="sailpoint.api.EntitlementCorrelationTests"/>
  <testcase name="testNoFlattening" time="5.704" classname="sailpoint.api.EntitlementCorrelationTests"/>
  <testcase name="testORdBusinessRole" time="5.528" classname="sailpoint.api.EntitlementCorrelationTests"/>
  <testcase name="testBug140" time="5.482" classname="sailpoint.api.EntitlementCorrelationTests"/>
  <testcase name="testDetectionWhenRoleIsAssignedAndDetected" time="5.694" classname="sailpoint.api.EntitlementCorrelationTests"/>
  <testcase name="testBirthrightRoles" time="6.685" classname="sailpoint.api.EntitlementCorrelationTests"/>
  <testcase name="testBirthrightRoles" time="5.807" classname="sailpoint.api.EntitlementCorrelationTests"/>
  <testcase name="testBirthrightRoles" time="5.890" classname="sailpoint.api.EntitlementCorrelationTests"/>
  <testcase name="testMultipleAccountsOneRoleOneExtraEntitlement" time="5.388" classname="sailpoint.api.EntitlementCorrelationTests"/>
</testsuite> <!-- sailpoint.api.EntitlementCorrelationTests -->
