<?xml version="1.0" encoding="UTF-8"?>
<!-- Generated by org.testng.reporters.JUnitReportReporter -->
<testsuite skipped="0" hostname="sunfish.sailpoint.com" name="sailpoint.web.JSFOutcomeParserTests" tests="6" failures="0" timestamp="11 May 2021 16:09:47 GMT" time="0.001" errors="0">
  <testcase name="testHashOnly" time="0.000" classname="sailpoint.web.JSFOutcomeParserTests"/>
  <testcase name="testNullOutcome" time="0.000" classname="sailpoint.web.JSFOutcomeParserTests"/>
  <testcase name="testQueryOnly" time="0.000" classname="sailpoint.web.JSFOutcomeParserTests"/>
  <testcase name="testNoSpecialChars" time="0.000" classname="sailpoint.web.JSFOutcomeParserTests"/>
  <testcase name="testHashAndQuery" time="0.001" classname="sailpoint.web.JSFOutcomeParserTests"/>
  <testcase name="testQueryAndHash" time="0.000" classname="sailpoint.web.JSFOutcomeParserTests"/>
</testsuite> <!-- sailpoint.web.JSFOutcomeParserTests -->
