<?xml version="1.0" encoding="UTF-8"?>
<!-- Generated by org.testng.reporters.JUnitReportReporter -->
<testsuite skipped="0" hostname="sunfish.sailpoint.com" name="sailpoint.service.identitypreferences.IdentityPreferencesServiceTests" tests="18" failures="0" timestamp="11 May 2021 16:09:47 GMT" time="1.278" errors="0">
  <testcase name="testSetUserPreferences" time="0.041" classname="sailpoint.service.identitypreferences.IdentityPreferencesServiceTests"/>
  <testcase name="testUpdateIdentityForwardingPreferencesValidatesDatesAreNotInthePast" time="0.002" classname="sailpoint.service.identitypreferences.IdentityPreferencesServiceTests"/>
  <testcase name="testGetSystemUserAttributesForSystemUser" time="0.001" classname="sailpoint.service.identitypreferences.IdentityPreferencesServiceTests"/>
  <testcase name="testUpdateIdentityForwardingPreferencesValidatesStartDateBeforeEndDate" time="0.002" classname="sailpoint.service.identitypreferences.IdentityPreferencesServiceTests"/>
  <testcase name="testUpdatePasswordShouldErrorIfConfirmPasswordIsNull" time="0.000" classname="sailpoint.service.identitypreferences.IdentityPreferencesServiceTests"/>
  <testcase name="testGetUserPreferences" time="0.000" classname="sailpoint.service.identitypreferences.IdentityPreferencesServiceTests"/>
  <testcase name="testIsPreferencesEnabledReturnsFalse" time="0.270" classname="sailpoint.service.identitypreferences.IdentityPreferencesServiceTests"/>
  <testcase name="testUpdatePasswordShouldUpdatePassword" time="0.058" classname="sailpoint.service.identitypreferences.IdentityPreferencesServiceTests"/>
  <testcase name="testGetSystemUserAttributesForNonSystemUser" time="0.000" classname="sailpoint.service.identitypreferences.IdentityPreferencesServiceTests"/>
  <testcase name="testUpdateIdentityForwardingPreferencesResetsForwarding" time="0.020" classname="sailpoint.service.identitypreferences.IdentityPreferencesServiceTests"/>
  <testcase name="testSetSystemUserAttributes" time="0.018" classname="sailpoint.service.identitypreferences.IdentityPreferencesServiceTests"/>
  <testcase name="testGetConfigAfterSettingSysConfig" time="0.568" classname="sailpoint.service.identitypreferences.IdentityPreferencesServiceTests"/>
  <testcase name="testIsPreferencesEnabledReturnsTrue" time="0.000" classname="sailpoint.service.identitypreferences.IdentityPreferencesServiceTests"/>
  <testcase name="testUpdateIdentityForwardingPreferencesSameStartDateAndEndDate" time="0.020" classname="sailpoint.service.identitypreferences.IdentityPreferencesServiceTests"/>
  <testcase name="testGetIdentityForwardingPreferences" time="0.004" classname="sailpoint.service.identitypreferences.IdentityPreferencesServiceTests"/>
  <testcase name="testIsPreferencesEnabledReturnsFalseWhenSSOAuthenticated" time="0.274" classname="sailpoint.service.identitypreferences.IdentityPreferencesServiceTests"/>
  <testcase name="testUpdatePasswordShouldErrorIfNewPasswordIsNull" time="0.000" classname="sailpoint.service.identitypreferences.IdentityPreferencesServiceTests"/>
  <testcase name="testGetConfigWithSSO" time="0.000" classname="sailpoint.service.identitypreferences.IdentityPreferencesServiceTests"/>
</testsuite> <!-- sailpoint.service.identitypreferences.IdentityPreferencesServiceTests -->
