<?xml version="1.0" encoding="UTF-8"?>
<!-- Generated by org.testng.reporters.JUnitReportReporter -->
<testsuite skipped="0" hostname="sunfish.sailpoint.com" name="sailpoint.rapidsetup.constraint.implicits.LeaverImplicitCheckTests" tests="2" failures="0" timestamp="11 May 2021 16:09:47 GMT" time="0.021" errors="0">
  <testcase name="testLeaverCheckRequireCorrelated" time="0.008" classname="sailpoint.rapidsetup.constraint.implicits.LeaverImplicitCheckTests"/>
  <testcase name="testLeaverCheckRequireCorrelated" time="0.013" classname="sailpoint.rapidsetup.constraint.implicits.LeaverImplicitCheckTests"/>
</testsuite> <!-- sailpoint.rapidsetup.constraint.implicits.LeaverImplicitCheckTests -->
