<?xml version="1.0" encoding="UTF-8"?>
<!-- Generated by org.testng.reporters.JUnitReportReporter -->
<testsuite skipped="0" hostname="sunfish.sailpoint.com" name="sailpoint.service.plugin.PluginsServiceTests" tests="15" failures="0" timestamp="11 May 2021 16:09:47 GMT" time="1.533" errors="0">
  <testcase name="testUninstallRemovesCache" time="0.085" classname="sailpoint.service.plugin.PluginsServiceTests"/>
  <testcase name="testUpdateSettingstoNull" time="0.147" classname="sailpoint.service.plugin.PluginsServiceTests"/>
  <testcase name="testInitializePlugins" time="0.096" classname="sailpoint.service.plugin.PluginsServiceTests"/>
  <testcase name="testReturnsFormForSettings" time="0.087" classname="sailpoint.service.plugin.PluginsServiceTests"/>
  <testcase name="testSkipsSettingIfNoNameOrType" time="0.093" classname="sailpoint.service.plugin.PluginsServiceTests"/>
  <testcase name="testRevertsToDefaultIfInvalidValue" time="0.098" classname="sailpoint.service.plugin.PluginsServiceTests"/>
  <testcase name="testGetPluginsIncludeDisabled" time="0.084" classname="sailpoint.service.plugin.PluginsServiceTests"/>
  <testcase name="testGetPluginsEnabledOnly" time="0.101" classname="sailpoint.service.plugin.PluginsServiceTests"/>
  <testcase name="testUpgradeDisabledNotInCache" time="0.122" classname="sailpoint.service.plugin.PluginsServiceTests"/>
  <testcase name="testUpdateSettings" time="0.092" classname="sailpoint.service.plugin.PluginsServiceTests"/>
  <testcase name="testUnloadPluginWithObject" time="0.202" classname="sailpoint.service.plugin.PluginsServiceTests"/>
  <testcase name="testLoadPlugin" time="0.079" classname="sailpoint.service.plugin.PluginsServiceTests"/>
  <testcase name="testToggle" time="0.088" classname="sailpoint.service.plugin.PluginsServiceTests"/>
  <testcase name="testUnloadPluginWithName" time="0.068" classname="sailpoint.service.plugin.PluginsServiceTests"/>
  <testcase name="testEnableNoCaching" time="0.091" classname="sailpoint.service.plugin.PluginsServiceTests"/>
</testsuite> <!-- sailpoint.service.plugin.PluginsServiceTests -->
