<?xml version="1.0" encoding="UTF-8"?>
<!-- Generated by org.testng.reporters.JUnitReportReporter -->
<testsuite skipped="0" hostname="sunfish.sailpoint.com" name="sailpoint.rest.AttachmentResourceTest" tests="22" failures="0" timestamp="11 May 2021 16:09:47 GMT" time="1.758" errors="0">
  <testcase name="testSetDescriptionFailsWhenDisabled" time="0.132" classname="sailpoint.rest.AttachmentResourceTest"/>
  <testcase name="testRemoveFileWithEmptyId" time="0.025" classname="sailpoint.rest.AttachmentResourceTest"/>
  <testcase name="testGetFileWithInvalidId" time="0.027" classname="sailpoint.rest.AttachmentResourceTest"/>
  <testcase name="testSetDescriptionNoDescription" time="0.033" classname="sailpoint.rest.AttachmentResourceTest"/>
  <testcase name="testSetDescriptionFailsWhenAttachmentIsInUse" time="0.064" classname="sailpoint.rest.AttachmentResourceTest"/>
  <testcase name="testUploadFailsWithBadCredentials" time="0.031" classname="sailpoint.rest.AttachmentResourceTest"/>
  <testcase name="testSetDescriptionNotOwner" time="0.043" classname="sailpoint.rest.AttachmentResourceTest"/>
  <testcase name="testRemoveFileInUse" time="0.026" classname="sailpoint.rest.AttachmentResourceTest"/>
  <testcase name="testRemoveFileSuccess" time="0.034" classname="sailpoint.rest.AttachmentResourceTest"/>
  <testcase name="testGetFileByRequester" time="0.037" classname="sailpoint.rest.AttachmentResourceTest"/>
  <testcase name="testGetFileByApprover" time="0.054" classname="sailpoint.rest.AttachmentResourceTest"/>
  <testcase name="testRemoveFileWithBadId" time="0.029" classname="sailpoint.rest.AttachmentResourceTest"/>
  <testcase name="testGetFileWithEmptyId" time="0.028" classname="sailpoint.rest.AttachmentResourceTest"/>
  <testcase name="testUploadFailsWhenDisabled" time="0.240" classname="sailpoint.rest.AttachmentResourceTest"/>
  <testcase name="testGetFileByInvalidOwner" time="0.048" classname="sailpoint.rest.AttachmentResourceTest"/>
  <testcase name="testUploadFailsWhenFileSizeTooBig" time="0.550" classname="sailpoint.rest.AttachmentResourceTest"/>
  <testcase name="testUploadFailsWhenTooManyFiles" time="0.132" classname="sailpoint.rest.AttachmentResourceTest"/>
  <testcase name="testRemoveFileWithInvalidOwner" time="0.026" classname="sailpoint.rest.AttachmentResourceTest"/>
  <testcase name="testSetDescriptionTooLong" time="0.031" classname="sailpoint.rest.AttachmentResourceTest"/>
  <testcase name="testSetDescriptionNotFound" time="0.023" classname="sailpoint.rest.AttachmentResourceTest"/>
  <testcase name="testUploadSuccess" time="0.111" classname="sailpoint.rest.AttachmentResourceTest"/>
  <testcase name="testGetFileWithValidId" time="0.034" classname="sailpoint.rest.AttachmentResourceTest"/>
</testsuite> <!-- sailpoint.rest.AttachmentResourceTest -->
