<?xml version="1.0" encoding="UTF-8"?>
<!-- Generated by org.testng.reporters.JUnitReportReporter -->
<testsuite skipped="0" hostname="sunfish.sailpoint.com" name="sailpoint.rest.scim.RoleListResourceTest" tests="34" failures="0" timestamp="11 May 2021 16:09:47 GMT" time="2.853" errors="0">
  <testcase name="testFilterSwCo" time="0.069" classname="sailpoint.rest.scim.RoleListResourceTest"/>
  <testcase name="testListRoleBearerAuth" time="0.085" classname="sailpoint.rest.scim.RoleListResourceTest"/>
  <testcase name="testFilterNoMatchOrMatch" time="0.080" classname="sailpoint.rest.scim.RoleListResourceTest"/>
  <testcase name="testFilterSw" time="0.074" classname="sailpoint.rest.scim.RoleListResourceTest"/>
  <testcase name="testFilterSwCoNot" time="0.053" classname="sailpoint.rest.scim.RoleListResourceTest"/>
  <testcase name="testFilterParenthesis" time="0.161" classname="sailpoint.rest.scim.RoleListResourceTest"/>
  <testcase name="testFilterType" time="0.077" classname="sailpoint.rest.scim.RoleListResourceTest"/>
  <testcase name="testFilterOrInheritance" time="0.091" classname="sailpoint.rest.scim.RoleListResourceTest"/>
  <testcase name="testFilterAndNotCoNe" time="0.077" classname="sailpoint.rest.scim.RoleListResourceTest"/>
  <testcase name="testFilterDateGt" time="0.127" classname="sailpoint.rest.scim.RoleListResourceTest"/>
  <testcase name="testPagingWithSortDescending" time="0.191" classname="sailpoint.rest.scim.RoleListResourceTest"/>
  <testcase name="testTooManyException" time="0.057" classname="sailpoint.rest.scim.RoleListResourceTest"/>
  <testcase name="testFilterPresent" time="0.056" classname="sailpoint.rest.scim.RoleListResourceTest"/>
  <testcase name="testFilterDateLt" time="0.086" classname="sailpoint.rest.scim.RoleListResourceTest"/>
  <testcase name="testFilterMatchOwner" time="0.073" classname="sailpoint.rest.scim.RoleListResourceTest"/>
  <testcase name="testFilterGte" time="0.083" classname="sailpoint.rest.scim.RoleListResourceTest"/>
  <testcase name="testFailedUnsupportedFilter" time="0.056" classname="sailpoint.rest.scim.RoleListResourceTest"/>
  <testcase name="testFilterNotPresent" time="0.077" classname="sailpoint.rest.scim.RoleListResourceTest"/>
  <testcase name="testFilterDateGtLt" time="0.081" classname="sailpoint.rest.scim.RoleListResourceTest"/>
  <testcase name="testListRolesIncludeExtendedExclude" time="0.060" classname="sailpoint.rest.scim.RoleListResourceTest"/>
  <testcase name="testFilterDatePRAndGT" time="0.047" classname="sailpoint.rest.scim.RoleListResourceTest"/>
  <testcase name="testListRolesIncludeExtended" time="0.073" classname="sailpoint.rest.scim.RoleListResourceTest"/>
  <testcase name="testFilterClassification" time="0.084" classname="sailpoint.rest.scim.RoleListResourceTest"/>
  <testcase name="testListRoles" time="0.105" classname="sailpoint.rest.scim.RoleListResourceTest"/>
  <testcase name="testListRolesIncludeAttributes" time="0.117" classname="sailpoint.rest.scim.RoleListResourceTest"/>
  <testcase name="testFilterAndNotCoEq" time="0.076" classname="sailpoint.rest.scim.RoleListResourceTest"/>
  <testcase name="testFilterNoMatch" time="0.042" classname="sailpoint.rest.scim.RoleListResourceTest"/>
  <testcase name="testFilterIdentityAttribute" time="0.150" classname="sailpoint.rest.scim.RoleListResourceTest"/>
  <testcase name="testFilterNoMatchComplex" time="0.041" classname="sailpoint.rest.scim.RoleListResourceTest"/>
  <testcase name="testFilterMatchComplexCase" time="0.131" classname="sailpoint.rest.scim.RoleListResourceTest"/>
  <testcase name="testFailedFilterInvalid" time="0.068" classname="sailpoint.rest.scim.RoleListResourceTest"/>
  <testcase name="testFilterMatch" time="0.071" classname="sailpoint.rest.scim.RoleListResourceTest"/>
  <testcase name="testFilterMultiByteChar" time="0.056" classname="sailpoint.rest.scim.RoleListResourceTest"/>
  <testcase name="testFailedFilterIdentityId" time="0.078" classname="sailpoint.rest.scim.RoleListResourceTest"/>
</testsuite> <!-- sailpoint.rest.scim.RoleListResourceTest -->
