<?xml version="1.0" encoding="UTF-8"?>
<!-- Generated by org.testng.reporters.JUnitReportReporter -->
<testsuite skipped="0" hostname="sunfish.sailpoint.com" name="sailpoint.rest.ui.me.TablePreferencesResourceTests" tests="2" failures="0" timestamp="11 May 2021 16:09:47 GMT" time="0.119" errors="0">
  <testcase name="testGetAuth" time="0.065" classname="sailpoint.rest.ui.me.TablePreferencesResourceTests"/>
  <testcase name="testPutAuth" time="0.054" classname="sailpoint.rest.ui.me.TablePreferencesResourceTests"/>
</testsuite> <!-- sailpoint.rest.ui.me.TablePreferencesResourceTests -->
