<?xml version="1.0" encoding="UTF-8"?>
<!-- Generated by org.testng.reporters.JUnitReportReporter -->
<testsuite skipped="0" hostname="sunfish.sailpoint.com" name="sailpoint.api.IdentityLifecyclerTests" tests="4" failures="0" timestamp="11 May 2021 16:09:47 GMT" time="0.001" errors="0">
  <testcase name="testAddUseByDoesNotBarfWithNullConfig" time="0.000" classname="sailpoint.api.IdentityLifecyclerTests"/>
  <testcase name="testAddUseByHonorsConfigSettingWhenSet" time="0.001" classname="sailpoint.api.IdentityLifecyclerTests"/>
  <testcase name="testAddUseByHonorsConfigSettingWhenNotSet" time="0.000" classname="sailpoint.api.IdentityLifecyclerTests"/>
  <testcase name="testAddUseByDoesNotBarfWithNullRequest" time="0.000" classname="sailpoint.api.IdentityLifecyclerTests"/>
</testsuite> <!-- sailpoint.api.IdentityLifecyclerTests -->
