<?xml version="1.0" encoding="UTF-8"?>
<!-- Generated by org.testng.reporters.JUnitReportReporter -->
<testsuite skipped="0" hostname="sunfish.sailpoint.com" name="sailpoint.rest.RoleListResourceTest" tests="4" failures="0" timestamp="11 May 2021 16:09:47 GMT" time="0.408" errors="0">
  <testcase name="testGetAssignableRoles" time="0.167" classname="sailpoint.rest.RoleListResourceTest"/>
  <testcase name="testGetGridPermitsForRole" time="0.048" classname="sailpoint.rest.RoleListResourceTest"/>
  <testcase name="testGetGridRolesForIdentity" time="0.132" classname="sailpoint.rest.RoleListResourceTest"/>
  <testcase name="testGetGridRoles" time="0.061" classname="sailpoint.rest.RoleListResourceTest"/>
</testsuite> <!-- sailpoint.rest.RoleListResourceTest -->
