<?xml version="1.0" encoding="UTF-8"?>
<!-- Generated by org.testng.reporters.JUnitReportReporter -->
<testsuite skipped="0" hostname="sunfish.sailpoint.com" name="sailpoint.rest.ui.UserResetResourceTests" tests="6" failures="0" timestamp="11 May 2021 16:09:47 GMT" time="0.552" errors="0">
  <testcase name="checkInvalidStatus" time="0.201" classname="sailpoint.rest.ui.UserResetResourceTests"/>
  <testcase name="getQuestions" time="0.036" classname="sailpoint.rest.ui.UserResetResourceTests"/>
  <testcase name="validateAuthQuestionsReset" time="0.079" classname="sailpoint.rest.ui.UserResetResourceTests"/>
  <testcase name="validateSMSReset" time="0.087" classname="sailpoint.rest.ui.UserResetResourceTests"/>
  <testcase name="unlockAccountSMSInvalid" time="0.074" classname="sailpoint.rest.ui.UserResetResourceTests"/>
  <testcase name="unlockAccountSMSValid" time="0.075" classname="sailpoint.rest.ui.UserResetResourceTests"/>
</testsuite> <!-- sailpoint.rest.ui.UserResetResourceTests -->
