<?xml version="1.0" encoding="UTF-8"?>
<!-- Generated by org.testng.reporters.JUnitReportReporter -->
<testsuite skipped="0" hostname="sunfish.sailpoint.com" name="sailpoint.service.certification.RoleProfileHelperTests" tests="5" failures="0" timestamp="11 May 2021 16:09:47 GMT" time="0.034" errors="0">
  <testcase name="testConstraints" time="0.012" classname="sailpoint.service.certification.RoleProfileHelperTests"/>
  <testcase name="testGetRoleProfileDTO" time="0.004" classname="sailpoint.service.certification.RoleProfileHelperTests"/>
  <testcase name="testLocalizedRoleProfileName" time="0.001" classname="sailpoint.service.certification.RoleProfileHelperTests"/>
  <testcase name="testPermissions" time="0.003" classname="sailpoint.service.certification.RoleProfileHelperTests"/>
  <testcase name="testGetRoleProfileDTOSnapshot" time="0.014" classname="sailpoint.service.certification.RoleProfileHelperTests"/>
</testsuite> <!-- sailpoint.service.certification.RoleProfileHelperTests -->
