<?xml version="1.0" encoding="UTF-8"?>
<!-- Generated by org.testng.reporters.JUnitReportReporter -->
<testsuite skipped="0" hostname="sunfish.sailpoint.com" name="sailpoint.service.scim.AlertServiceTest" tests="16" failures="0" timestamp="11 May 2021 16:09:47 GMT" time="1.692" errors="0">
  <testcase name="testUpdateResourceNotFound" time="0.000" classname="sailpoint.service.scim.AlertServiceTest"/>
  <testcase name="testListResourceMaxCount" time="0.001" classname="sailpoint.service.scim.AlertServiceTest"/>
  <testcase name="testTaskProcessor" time="0.571" classname="sailpoint.service.scim.AlertServiceTest"/>
  <testcase name="testCorrelationRule" time="0.070" classname="sailpoint.service.scim.AlertServiceTest"/>
  <testcase name="testApplyAlertInput" time="0.018" classname="sailpoint.service.scim.AlertServiceTest"/>
  <testcase name="testGetResource" time="0.380" classname="sailpoint.service.scim.AlertServiceTest"/>
  <testcase name="testListResourceStartIndexLessThanOne" time="0.019" classname="sailpoint.service.scim.AlertServiceTest"/>
  <testcase name="testDeleteResourceNotFound" time="0.001" classname="sailpoint.service.scim.AlertServiceTest"/>
  <testcase name="testNullCreationRule" time="0.008" classname="sailpoint.service.scim.AlertServiceTest"/>
  <testcase name="testListResourceCountZeroReturnsTotalResults" time="0.004" classname="sailpoint.service.scim.AlertServiceTest"/>
  <testcase name="testCreateResource" time="0.051" classname="sailpoint.service.scim.AlertServiceTest"/>
  <testcase name="testDeleteUserModified" time="0.002" classname="sailpoint.service.scim.AlertServiceTest"/>
  <testcase name="testUpdateResource" time="0.002" classname="sailpoint.service.scim.AlertServiceTest"/>
  <testcase name="testGetResourceNotFound" time="0.001" classname="sailpoint.service.scim.AlertServiceTest"/>
  <testcase name="testTaskAggregation" time="0.564" classname="sailpoint.service.scim.AlertServiceTest"/>
  <testcase name="testAuditResourcesConfigurationUpdated" time="0.000" classname="sailpoint.service.scim.AlertServiceTest"/>
</testsuite> <!-- sailpoint.service.scim.AlertServiceTest -->
