<?xml version="1.0" encoding="UTF-8"?>
<!-- Generated by org.testng.reporters.JUnitReportReporter -->
<testsuite skipped="0" hostname="sunfish.sailpoint.com" name="sailpoint.rest.IdentityRequestResourceTest" tests="2" failures="0" timestamp="11 May 2021 16:09:47 GMT" time="0.256" errors="0">
  <testcase name="testList" time="0.148" classname="sailpoint.rest.IdentityRequestResourceTest"/>
  <testcase name="testCancelWorkflow" time="0.108" classname="sailpoint.rest.IdentityRequestResourceTest"/>
</testsuite> <!-- sailpoint.rest.IdentityRequestResourceTest -->
