<?xml version="1.0" encoding="UTF-8"?>
<!-- Generated by org.testng.reporters.JUnitReportReporter -->
<testsuite skipped="0" hostname="sunfish.sailpoint.com" name="sailpoint.api.ConsoleTests" tests="4" failures="0" timestamp="11 May 2021 16:09:47 GMT" time="17.450" errors="0">
  <testcase name="testImportImmutableNoSauce" time="4.696" classname="sailpoint.api.ConsoleTests"/>
  <testcase name="testDeleteImmutableWithSauce" time="3.888" classname="sailpoint.api.ConsoleTests"/>
  <testcase name="testDeleteImmutableNoSauce" time="4.761" classname="sailpoint.api.ConsoleTests"/>
  <testcase name="testImportImmutableWithSauce" time="4.105" classname="sailpoint.api.ConsoleTests"/>
</testsuite> <!-- sailpoint.api.ConsoleTests -->
