<?xml version="1.0" encoding="UTF-8"?>
<!-- Generated by org.testng.reporters.JUnitReportReporter -->
<testsuite skipped="0" hostname="sunfish.sailpoint.com" name="sailpoint.lcm.BatchRequestTests" tests="15" failures="0" timestamp="11 May 2021 16:09:47 GMT" time="276.218" errors="0">
  <testcase name="testValidateHeaderWithMissingNameHeader" time="7.994" classname="sailpoint.lcm.BatchRequestTests"/>
  <testcase name="testRemoveAssignedRole" time="11.359" classname="sailpoint.lcm.BatchRequestTests"/>
  <testcase name="testValidateHeaderWithValidHeader" time="8.625" classname="sailpoint.lcm.BatchRequestTests"/>
  <testcase name="testAddRemoveAttributeAssignment" time="11.130" classname="sailpoint.lcm.BatchRequestTests"/>
  <testcase name="testValidateHeaderWithMixedCaseFields" time="9.100" classname="sailpoint.lcm.BatchRequestTests"/>
  <testcase name="testValidateHeaderWithInvalidHeaderField" time="8.964" classname="sailpoint.lcm.BatchRequestTests"/>
  <testcase name="testValidateHeaderWithMissingOpHeader" time="8.412" classname="sailpoint.lcm.BatchRequestTests"/>
  <testcase name="testRemoveDetectedRole" time="11.737" classname="sailpoint.lcm.BatchRequestTests"/>
  <testcase name="testAddRoles" time="9.226" classname="sailpoint.lcm.BatchRequestTests"/>
  <testcase name="testCreateIdentity" time="142.273" classname="sailpoint.lcm.BatchRequestTests"/>
  <testcase name="testRemoveDetectedRoleWithAttributeAssignment" time="11.342" classname="sailpoint.lcm.BatchRequestTests"/>
  <testcase name="testAddEntitlementRequestWithNativeIdentity" time="9.514" classname="sailpoint.lcm.BatchRequestTests"/>
  <testcase name="testValidateHeaderWithSunsetDateBeforeSunriseDate" time="8.508" classname="sailpoint.lcm.BatchRequestTests"/>
  <testcase name="testValidateHeaderWithPastSunsetDate" time="8.288" classname="sailpoint.lcm.BatchRequestTests"/>
  <testcase name="testChangePasswordForm" time="9.746" classname="sailpoint.lcm.BatchRequestTests"/>
</testsuite> <!-- sailpoint.lcm.BatchRequestTests -->
