<?xml version="1.0" encoding="UTF-8"?>
<!-- Generated by org.testng.reporters.JUnitReportReporter -->
<testsuite skipped="0" hostname="sunfish.sailpoint.com" name="sailpoint.credential.CredentialRetrieverTests" tests="12" failures="0" timestamp="11 May 2021 16:09:46 GMT" time="0.102" errors="0">
  <testcase name="testUpdateCredentialsNullApp" time="0.000" classname="sailpoint.credential.CredentialRetrieverTests"/>
  <testcase name="testExists" time="0.001" classname="sailpoint.credential.CredentialRetrieverTests"/>
  <testcase name="testDecryptionOfRequestAttributes" time="0.044" classname="sailpoint.credential.CredentialRetrieverTests"/>
  <testcase name="testUpdateCredentials" time="0.002" classname="sailpoint.credential.CredentialRetrieverTests"/>
  <testcase name="testDecryptionOfConfigAttributes" time="0.049" classname="sailpoint.credential.CredentialRetrieverTests"/>
  <testcase name="testExistsNotFound" time="0.001" classname="sailpoint.credential.CredentialRetrieverTests"/>
  <testcase name="testCreateRequest" time="0.001" classname="sailpoint.credential.CredentialRetrieverTests"/>
  <testcase name="testNullParamsCreateRequest" time="0.000" classname="sailpoint.credential.CredentialRetrieverTests"/>
  <testcase name="testFilterCredentialSources" time="0.001" classname="sailpoint.credential.CredentialRetrieverTests"/>
  <testcase name="testNullParamsCreateConfig" time="0.000" classname="sailpoint.credential.CredentialRetrieverTests"/>
  <testcase name="testExistsNullApp" time="0.001" classname="sailpoint.credential.CredentialRetrieverTests"/>
  <testcase name="testCreateConfig" time="0.002" classname="sailpoint.credential.CredentialRetrieverTests"/>
</testsuite> <!-- sailpoint.credential.CredentialRetrieverTests -->
