<?xml version="1.0" encoding="UTF-8"?>
<!-- Generated by org.testng.reporters.JUnitReportReporter -->
<testsuite skipped="0" hostname="sunfish.sailpoint.com" name="sailpoint.service.MessageServiceTests" tests="3" failures="0" timestamp="11 May 2021 16:09:46 GMT" time="0.022" errors="0">
  <testcase name="testTranslatedLocalesGetEnglish" time="0.005" classname="sailpoint.service.MessageServiceTests"/>
  <testcase name="testGetsLocalizedEnglishMessages" time="0.002" classname="sailpoint.service.MessageServiceTests"/>
  <testcase name="testGetsLocalizedMessagesInOtherLocales" time="0.015" classname="sailpoint.service.MessageServiceTests"/>
</testsuite> <!-- sailpoint.service.MessageServiceTests -->
