<?xml version="1.0" encoding="UTF-8"?>
<!-- Generated by org.testng.reporters.JUnitReportReporter -->
<testsuite skipped="0" hostname="sunfish.sailpoint.com" name="sailpoint.rest.ui.identitypreferences.IdentityPreferencesResourceTests" tests="10" failures="0" timestamp="11 May 2021 16:09:47 GMT" time="1.535" errors="0">
  <testcase name="testGetIdentityForwardingPreferencesAuthorization" time="0.227" classname="sailpoint.rest.ui.identitypreferences.IdentityPreferencesResourceTests"/>
  <testcase name="testGetSystemUserAttributesAuthorization" time="0.064" classname="sailpoint.rest.ui.identitypreferences.IdentityPreferencesResourceTests"/>
  <testcase name="testGetIdentityPreferencesConfigAuthorization" time="0.053" classname="sailpoint.rest.ui.identitypreferences.IdentityPreferencesResourceTests"/>
  <testcase name="testUpdateIdentityForwardingPreferencesAuthorization" time="0.226" classname="sailpoint.rest.ui.identitypreferences.IdentityPreferencesResourceTests"/>
  <testcase name="testUpdatePasswordAuthorization" time="0.200" classname="sailpoint.rest.ui.identitypreferences.IdentityPreferencesResourceTests"/>
  <testcase name="testGetUserPreferencesAuthorization" time="0.273" classname="sailpoint.rest.ui.identitypreferences.IdentityPreferencesResourceTests"/>
  <testcase name="testSetSystemUserAttributesAuthorization" time="0.076" classname="sailpoint.rest.ui.identitypreferences.IdentityPreferencesResourceTests"/>
  <testcase name="testGetIdentityPreferencesConfig" time="0.027" classname="sailpoint.rest.ui.identitypreferences.IdentityPreferencesResourceTests"/>
  <testcase name="testSetUserPreferencesAuthorization" time="0.262" classname="sailpoint.rest.ui.identitypreferences.IdentityPreferencesResourceTests"/>
  <testcase name="testGetUserPreferences" time="0.127" classname="sailpoint.rest.ui.identitypreferences.IdentityPreferencesResourceTests"/>
</testsuite> <!-- sailpoint.rest.ui.identitypreferences.IdentityPreferencesResourceTests -->
