<?xml version="1.0" encoding="UTF-8"?>
<!-- Generated by org.testng.reporters.JUnitReportReporter -->
<testsuite skipped="0" hostname="sunfish.sailpoint.com" name="sailpoint.api.IntegrationTests" tests="12" failures="0" timestamp="11 May 2021 16:09:47 GMT" time="37.670" errors="0">
  <testcase name="testBasicRoleSync" time="8.363" classname="sailpoint.api.IntegrationTests"/>
  <testcase name="testRolePlansWithProvisioning" time="2.807" classname="sailpoint.api.IntegrationTests"/>
  <testcase name="unfilterWillAddTheFilteredGroupAttributesBack" time="2.535" classname="sailpoint.api.IntegrationTests"/>
  <testcase name="testOperationTransformation" time="2.296" classname="sailpoint.api.IntegrationTests"/>
  <testcase name="transientFieldsAreFiltered" time="3.513" classname="sailpoint.api.IntegrationTests"/>
  <testcase name="unfilterWillAddTheFilteredAttributesBack" time="2.477" classname="sailpoint.api.IntegrationTests"/>
  <testcase name="testRoleReconcilliation" time="3.143" classname="sailpoint.api.IntegrationTests"/>
  <testcase name="transientGroupRequestFieldsAreFiltered" time="2.303" classname="sailpoint.api.IntegrationTests"/>
  <testcase name="testPlanCompilation" time="2.255" classname="sailpoint.api.IntegrationTests"/>
  <testcase name="testDeprovisioning" time="2.903" classname="sailpoint.api.IntegrationTests"/>
  <testcase name="testRolePlans" time="2.425" classname="sailpoint.api.IntegrationTests"/>
  <testcase name="testRoleAssignmentRetention" time="2.650" classname="sailpoint.api.IntegrationTests"/>
</testsuite> <!-- sailpoint.api.IntegrationTests -->
