<?xml version="1.0" encoding="UTF-8"?>
<!-- Generated by org.testng.reporters.JUnitReportReporter -->
<testsuite skipped="0" hostname="sunfish.sailpoint.com" name="sailpoint.openconnector.OpenConnectorTests" tests="6" failures="0" timestamp="11 May 2021 16:09:47 GMT" time="3.207" errors="0">
  <testcase name="testOpenConnectorEnable" time="0.481" classname="sailpoint.openconnector.OpenConnectorTests"/>
  <testcase name="testOpenConnectorDeleteWithAttributeRequests" time="0.537" classname="sailpoint.openconnector.OpenConnectorTests"/>
  <testcase name="testOpenConnectorCreateWithPermissions" time="0.596" classname="sailpoint.openconnector.OpenConnectorTests"/>
  <testcase name="testOpenConnectorResults" time="0.592" classname="sailpoint.openconnector.OpenConnectorTests"/>
  <testcase name="testCredentialConfigurationSimulateError" time="0.495" classname="sailpoint.openconnector.OpenConnectorTests"/>
  <testcase name="testOpenConnectorPartitioning" time="0.506" classname="sailpoint.openconnector.OpenConnectorTests"/>
</testsuite> <!-- sailpoint.openconnector.OpenConnectorTests -->
