<?xml version="1.0" encoding="UTF-8"?>
<!-- Generated by org.testng.reporters.JUnitReportReporter -->
<testsuite skipped="0" hostname="sunfish.sailpoint.com" name="sailpoint.environmentMonitoring.MonitoringUtilTests" tests="7" failures="0" timestamp="11 May 2021 16:09:47 GMT" time="3.018" errors="0">
  <testcase name="testUnCachedCpuUsage" time="3.001" classname="sailpoint.environmentMonitoring.MonitoringUtilTests"/>
  <testcase name="testGetOperatingSystemNameVersion" time="0.000" classname="sailpoint.environmentMonitoring.MonitoringUtilTests"/>
  <testcase name="testNonZeroMaxFileCount" time="0.000" classname="sailpoint.environmentMonitoring.MonitoringUtilTests"/>
  <testcase name="testNonZeroCpuUsage" time="0.000" classname="sailpoint.environmentMonitoring.MonitoringUtilTests"/>
  <testcase name="testNonZeroOpenFileCount" time="0.000" classname="sailpoint.environmentMonitoring.MonitoringUtilTests"/>
  <testcase name="testGetOperatingSystemArchitecture" time="0.000" classname="sailpoint.environmentMonitoring.MonitoringUtilTests"/>
  <testcase name="testCachedCpuUsage" time="0.017" classname="sailpoint.environmentMonitoring.MonitoringUtilTests"/>
</testsuite> <!-- sailpoint.environmentMonitoring.MonitoringUtilTests -->
