<?xml version="1.0" encoding="UTF-8"?>
<!-- Generated by org.testng.reporters.JUnitReportReporter -->
<testsuite skipped="0" hostname="sunfish.sailpoint.com" name="sailpoint.service.IdentityListServiceTests" tests="39" failures="0" timestamp="11 May 2021 16:09:47 GMT" time="0.477" errors="0">
  <testcase name="testCurrentUserInFrontSelected" time="0.006" classname="sailpoint.service.IdentityListServiceTests"/>
  <testcase name="testIdentityAttributeFilterMatchingIdentities" time="0.015" classname="sailpoint.service.IdentityListServiceTests"/>
  <testcase name="testBaseListResourceColumnSelectorGetColumn" time="0.000" classname="sailpoint.service.IdentityListServiceTests"/>
  <testcase name="testSearchManaged" time="0.008" classname="sailpoint.service.IdentityListServiceTests"/>
  <testcase name="testSearchIdsManaged" time="0.013" classname="sailpoint.service.IdentityListServiceTests"/>
  <testcase name="testThrowBadApp" time="0.001" classname="sailpoint.service.IdentityListServiceTests"/>
  <testcase name="testSearchAllIdsNameFilter" time="0.010" classname="sailpoint.service.IdentityListServiceTests"/>
  <testcase name="testSearchIdsManagedNameFilter" time="0.009" classname="sailpoint.service.IdentityListServiceTests"/>
  <testcase name="testSearchNonMatchingIdentitiesByEntitlement" time="0.017" classname="sailpoint.service.IdentityListServiceTests"/>
  <testcase name="testIdentityType" time="0.012" classname="sailpoint.service.IdentityListServiceTests"/>
  <testcase name="testGetSelectedIdentities" time="0.008" classname="sailpoint.service.IdentityListServiceTests"/>
  <testcase name="testThrowAppWithoutNativeIdentity" time="0.001" classname="sailpoint.service.IdentityListServiceTests"/>
  <testcase name="testSearchMiddlePageNameSort" time="0.005" classname="sailpoint.service.IdentityListServiceTests"/>
  <testcase name="testCalculateLimit" time="0.017" classname="sailpoint.service.IdentityListServiceTests"/>
  <testcase name="testBaseListResourceColumnSelectorGetColumns" time="0.001" classname="sailpoint.service.IdentityListServiceTests"/>
  <testcase name="testSearchNestedAttributeNameFilter" time="0.034" classname="sailpoint.service.IdentityListServiceTests"/>
  <testcase name="testSearchManagedNameFilter" time="0.010" classname="sailpoint.service.IdentityListServiceTests"/>
  <testcase name="testResolveIdFromExternalParameter" time="0.009" classname="sailpoint.service.IdentityListServiceTests"/>
  <testcase name="testCalculateStart" time="0.003" classname="sailpoint.service.IdentityListServiceTests"/>
  <testcase name="testNameFilterExtendedIdentityAttribute" time="0.168" classname="sailpoint.service.IdentityListServiceTests"/>
  <testcase name="testSearchMatchingIdentitiesByRole" time="0.007" classname="sailpoint.service.IdentityListServiceTests"/>
  <testcase name="testSearchAllIdsIgnorePaging" time="0.005" classname="sailpoint.service.IdentityListServiceTests"/>
  <testcase name="testThrowBadIn" time="0.002" classname="sailpoint.service.IdentityListServiceTests"/>
  <testcase name="testSearchAllSortedAsc" time="0.006" classname="sailpoint.service.IdentityListServiceTests"/>
  <testcase name="testSearchNonMatchingIdentitiesByRole" time="0.011" classname="sailpoint.service.IdentityListServiceTests"/>
  <testcase name="testSortingMatchingIdentitiesByEntitlement" time="0.019" classname="sailpoint.service.IdentityListServiceTests"/>
  <testcase name="testSearchPartialLastPageNameSort" time="0.005" classname="sailpoint.service.IdentityListServiceTests"/>
  <testcase name="testThrowNativeIdentityWithoutApp" time="0.000" classname="sailpoint.service.IdentityListServiceTests"/>
  <testcase name="testSearchAllIdsMaxSelectableUsers" time="0.004" classname="sailpoint.service.IdentityListServiceTests"/>
  <testcase name="testThrowBadNativeIdentity" time="0.001" classname="sailpoint.service.IdentityListServiceTests"/>
  <testcase name="testSearchAllIds" time="0.008" classname="sailpoint.service.IdentityListServiceTests"/>
  <testcase name="testSortingMatchingIdentitiesByRole" time="0.012" classname="sailpoint.service.IdentityListServiceTests"/>
  <testcase name="testSearchAllSortedDesc" time="0.006" classname="sailpoint.service.IdentityListServiceTests"/>
  <testcase name="testSearchMatchingIdentitiesByEntitlement" time="0.018" classname="sailpoint.service.IdentityListServiceTests"/>
  <testcase name="testThrowBadName" time="0.001" classname="sailpoint.service.IdentityListServiceTests"/>
  <testcase name="testThrowAllNull" time="0.001" classname="sailpoint.service.IdentityListServiceTests"/>
  <testcase name="testCurrentUserInFront" time="0.012" classname="sailpoint.service.IdentityListServiceTests"/>
  <testcase name="testSearchFirstPageNameSort" time="0.006" classname="sailpoint.service.IdentityListServiceTests"/>
  <testcase name="testSearchAllNameFilter" time="0.006" classname="sailpoint.service.IdentityListServiceTests"/>
</testsuite> <!-- sailpoint.service.IdentityListServiceTests -->
