<?xml version="1.0" encoding="UTF-8"?>
<!-- Generated by org.testng.reporters.JUnitReportReporter -->
<testsuite skipped="0" hostname="sunfish.sailpoint.com" name="sailpoint.rest.IIQResourceTest" tests="6" failures="0" timestamp="11 May 2021 16:09:46 GMT" time="0.556" errors="0">
  <testcase name="testEncryptedAuthenticationViaQueryParamsFails" time="0.051" classname="sailpoint.rest.IIQResourceTest"/>
  <testcase name="testAuthentication" time="0.088" classname="sailpoint.rest.IIQResourceTest"/>
  <testcase name="testConfiguration" time="0.184" classname="sailpoint.rest.IIQResourceTest"/>
  <testcase name="testPing" time="0.106" classname="sailpoint.rest.IIQResourceTest"/>
  <testcase name="testAuthenticationViaQueryParams" time="0.080" classname="sailpoint.rest.IIQResourceTest"/>
  <testcase name="testEncryptedAuthenticationFails" time="0.047" classname="sailpoint.rest.IIQResourceTest"/>
</testsuite> <!-- sailpoint.rest.IIQResourceTest -->
