<?xml version="1.0" encoding="UTF-8"?>
<!-- Generated by org.testng.reporters.JUnitReportReporter -->
<testsuite skipped="0" hostname="sunfish.sailpoint.com" name="sailpoint.rest.ConfigurationResourceTest" tests="1" failures="0" timestamp="11 May 2021 16:09:47 GMT" time="0.057" errors="0">
  <testcase name="testGetRightConfig" time="0.057" classname="sailpoint.rest.ConfigurationResourceTest"/>
</testsuite> <!-- sailpoint.rest.ConfigurationResourceTest -->
