<?xml version="1.0" encoding="UTF-8"?>
<!-- Generated by org.testng.reporters.JUnitReportReporter -->
<testsuite skipped="0" hostname="sunfish.sailpoint.com" name="sailpoint.rest.ui.identityrequest.IdentityRequestItemResourceTests" tests="7" failures="0" timestamp="11 May 2021 16:09:46 GMT" time="10.459" errors="0">
  <testcase name="testGetManagedAttributeDetailsWithNullApplicationId" time="1.034" classname="sailpoint.rest.ui.identityrequest.IdentityRequestItemResourceTests"/>
  <testcase name="testGetSimpleEntitlements" time="1.064" classname="sailpoint.rest.ui.identityrequest.IdentityRequestItemResourceTests"/>
  <testcase name="testGetRoleDetailsObjectNotFound" time="1.050" classname="sailpoint.rest.ui.identityrequest.IdentityRequestItemResourceTests"/>
  <testcase name="testGetRoleDetailsWithNonRoleItem" time="1.445" classname="sailpoint.rest.ui.identityrequest.IdentityRequestItemResourceTests"/>
  <testcase name="testGetRoleDetails" time="1.631" classname="sailpoint.rest.ui.identityrequest.IdentityRequestItemResourceTests"/>
  <testcase name="testGetManagedAttributeDetails" time="2.756" classname="sailpoint.rest.ui.identityrequest.IdentityRequestItemResourceTests"/>
  <testcase name="testGetManagedAttributeDetailsWithBadMA" time="1.479" classname="sailpoint.rest.ui.identityrequest.IdentityRequestItemResourceTests"/>
</testsuite> <!-- sailpoint.rest.ui.identityrequest.IdentityRequestItemResourceTests -->
