<?xml version="1.0" encoding="UTF-8"?>
<!-- Generated by org.testng.reporters.JUnitReportReporter -->
<testsuite skipped="0" hostname="sunfish.sailpoint.com" name="sailpoint.rest.HostsResourceTest" tests="30" failures="0" timestamp="11 May 2021 16:09:46 GMT" time="2.685" errors="0">
  <testcase name="testPutAddNonConflictingServices" time="0.089" classname="sailpoint.rest.HostsResourceTest"/>
  <testcase name="testSortOpenFileCountDescending" time="0.031" classname="sailpoint.rest.HostsResourceTest"/>
  <testcase name="testPutAttemptRenameToEmpty" time="0.079" classname="sailpoint.rest.HostsResourceTest"/>
  <testcase name="testSortMemoryUsageAscending" time="0.030" classname="sailpoint.rest.HostsResourceTest"/>
  <testcase name="testSortTaskThreadsAscending" time="0.031" classname="sailpoint.rest.HostsResourceTest"/>
  <testcase name="testGetHosts" time="0.028" classname="sailpoint.rest.HostsResourceTest"/>
  <testcase name="testSortMemoryUsagePercentageAscending" time="0.031" classname="sailpoint.rest.HostsResourceTest"/>
  <testcase name="testSortCpuUsageAscending" time="0.036" classname="sailpoint.rest.HostsResourceTest"/>
  <testcase name="testSortRequestThreadsAscending" time="0.031" classname="sailpoint.rest.HostsResourceTest"/>
  <testcase name="testSortDatabaseResponseDescending" time="0.031" classname="sailpoint.rest.HostsResourceTest"/>
  <testcase name="testExtendedAttributes" time="0.048" classname="sailpoint.rest.HostsResourceTest"/>
  <testcase name="testQuery" time="0.075" classname="sailpoint.rest.HostsResourceTest"/>
  <testcase name="testPutSetRetention" time="0.262" classname="sailpoint.rest.HostsResourceTest"/>
  <testcase name="testSortOpenFileCountAscending" time="0.030" classname="sailpoint.rest.HostsResourceTest"/>
  <testcase name="testPutSetEnabledStatistics" time="0.249" classname="sailpoint.rest.HostsResourceTest"/>
  <testcase name="testPutSetPollingInterval" time="0.267" classname="sailpoint.rest.HostsResourceTest"/>
  <testcase name="testSortMemoryUsageDescending" time="0.030" classname="sailpoint.rest.HostsResourceTest"/>
  <testcase name="testSortTaskThreadsDescending" time="0.041" classname="sailpoint.rest.HostsResourceTest"/>
  <testcase name="testSortMemoryUsagePercentageDescending" time="0.030" classname="sailpoint.rest.HostsResourceTest"/>
  <testcase name="testPutAttemptRenameToNull" time="0.087" classname="sailpoint.rest.HostsResourceTest"/>
  <testcase name="testPutAddConflictingServices" time="0.073" classname="sailpoint.rest.HostsResourceTest"/>
  <testcase name="testAuthorization" time="0.434" classname="sailpoint.rest.HostsResourceTest"/>
  <testcase name="testDelete" time="0.109" classname="sailpoint.rest.HostsResourceTest"/>
  <testcase name="testPatchDeleteMonitoringConfig" time="0.164" classname="sailpoint.rest.HostsResourceTest"/>
  <testcase name="testSortRequestThreadsDescending" time="0.030" classname="sailpoint.rest.HostsResourceTest"/>
  <testcase name="testSortDatabaseResponseAscending" time="0.029" classname="sailpoint.rest.HostsResourceTest"/>
  <testcase name="testSortCpuUsageDescending" time="0.040" classname="sailpoint.rest.HostsResourceTest"/>
  <testcase name="testPutAddIncludedServices" time="0.101" classname="sailpoint.rest.HostsResourceTest"/>
  <testcase name="testPutAttemptRename" time="0.064" classname="sailpoint.rest.HostsResourceTest"/>
  <testcase name="testPutAddExcludedServices" time="0.105" classname="sailpoint.rest.HostsResourceTest"/>
</testsuite> <!-- sailpoint.rest.HostsResourceTest -->
