<?xml version="1.0" encoding="UTF-8"?>
<!-- Generated by org.testng.reporters.JUnitReportReporter -->
<testsuite skipped="0" hostname="sunfish.sailpoint.com" name="sailpoint.service.listfilter.UserAccessRoleFilterContextTests" tests="4" failures="0" timestamp="11 May 2021 16:09:47 GMT" time="0.064" errors="0">
  <testcase name="testFilterContextDeepLinks" time="0.006" classname="sailpoint.service.listfilter.UserAccessRoleFilterContextTests"/>
  <testcase name="testTypeFilter" time="0.004" classname="sailpoint.service.listfilter.UserAccessRoleFilterContextTests"/>
  <testcase name="testListFilterServiceDeepLinks" time="0.034" classname="sailpoint.service.listfilter.UserAccessRoleFilterContextTests"/>
  <testcase name="testRoleFilters" time="0.020" classname="sailpoint.service.listfilter.UserAccessRoleFilterContextTests"/>
</testsuite> <!-- sailpoint.service.listfilter.UserAccessRoleFilterContextTests -->
