<?xml version="1.0" encoding="UTF-8"?>
<!-- Generated by org.testng.reporters.JUnitReportReporter -->
<testsuite skipped="0" hostname="sunfish.sailpoint.com" name="sailpoint.service.UserAccessServiceTests" tests="9" failures="0" timestamp="11 May 2021 16:09:47 GMT" time="3.620" errors="0">
  <testcase name="testCombinedIdentity" time="0.263" classname="sailpoint.service.UserAccessServiceTests"/>
  <testcase name="testLcmAuthorityFilters" time="0.182" classname="sailpoint.service.UserAccessServiceTests"/>
  <testcase name="testIsEnabled" time="0.052" classname="sailpoint.service.UserAccessServiceTests"/>
  <testcase name="testFullText" time="2.529" classname="sailpoint.service.UserAccessServiceTests"/>
  <testcase name="testQuickLinkSettings" time="0.051" classname="sailpoint.service.UserAccessServiceTests"/>
  <testcase name="testEntitlements" time="0.043" classname="sailpoint.service.UserAccessServiceTests"/>
  <testcase name="testCombinedKeyword" time="0.304" classname="sailpoint.service.UserAccessServiceTests"/>
  <testcase name="testValidation" time="0.025" classname="sailpoint.service.UserAccessServiceTests"/>
  <testcase name="testRoles" time="0.171" classname="sailpoint.service.UserAccessServiceTests"/>
</testsuite> <!-- sailpoint.service.UserAccessServiceTests -->
