<?xml version="1.0" encoding="UTF-8"?>
<!-- Generated by org.testng.reporters.JUnitReportReporter -->
<testsuite skipped="0" hostname="sunfish.sailpoint.com" name="sailpoint.rest.oauth.OAuthAccessTokenResourceTest" tests="7" failures="0" timestamp="11 May 2021 16:09:47 GMT" time="0.230" errors="0">
  <testcase name="testInvalidGrant" time="0.004" classname="sailpoint.rest.oauth.OAuthAccessTokenResourceTest"/>
  <testcase name="testTokenWithScope" time="0.010" classname="sailpoint.rest.oauth.OAuthAccessTokenResourceTest"/>
  <testcase name="testInvalidScope" time="0.011" classname="sailpoint.rest.oauth.OAuthAccessTokenResourceTest"/>
  <testcase name="testNullClientId" time="0.004" classname="sailpoint.rest.oauth.OAuthAccessTokenResourceTest"/>
  <testcase name="testToken" time="0.007" classname="sailpoint.rest.oauth.OAuthAccessTokenResourceTest"/>
  <testcase name="testInvalidSecret" time="0.005" classname="sailpoint.rest.oauth.OAuthAccessTokenResourceTest"/>
  <testcase name="testInternationalizationToken" time="0.189" classname="sailpoint.rest.oauth.OAuthAccessTokenResourceTest"/>
</testsuite> <!-- sailpoint.rest.oauth.OAuthAccessTokenResourceTest -->
