<?xml version="1.0" encoding="UTF-8"?>
<!-- Generated by org.testng.reporters.JUnitReportReporter -->
<testsuite skipped="0" hostname="sunfish.sailpoint.com" name="sailpoint.object.IdentityTest" tests="3" failures="0" timestamp="11 May 2021 16:09:47 GMT" time="0.003" errors="0">
  <testcase name="testGetStringValueBean" time="0.002" classname="sailpoint.object.IdentityTest"/>
  <testcase name="testGetStringValue" time="0.000" classname="sailpoint.object.IdentityTest"/>
  <testcase name="testAddAttributeAssignment" time="0.001" classname="sailpoint.object.IdentityTest"/>
</testsuite> <!-- sailpoint.object.IdentityTest -->
