<?xml version="1.0" encoding="UTF-8"?>
<!-- Generated by org.testng.reporters.JUnitReportReporter -->
<testsuite skipped="0" hostname="sunfish.sailpoint.com" name="sailpoint.web.accessrequest.RemovedEntitlementTests" tests="4" failures="0" timestamp="11 May 2021 16:09:47 GMT" time="0.000" errors="0">
  <testcase name="testConstructor" time="0.000" classname="sailpoint.web.accessrequest.RemovedEntitlementTests"/>
  <testcase name="testConstructorWithEmptyConfig" time="0.000" classname="sailpoint.web.accessrequest.RemovedEntitlementTests"/>
  <testcase name="testConstructorWithNullConfig" time="0.000" classname="sailpoint.web.accessrequest.RemovedEntitlementTests"/>
  <testcase name="testConstructorWithPartialConfig" time="0.000" classname="sailpoint.web.accessrequest.RemovedEntitlementTests"/>
</testsuite> <!-- sailpoint.web.accessrequest.RemovedEntitlementTests -->
