<?xml version="1.0" encoding="UTF-8"?>
<!-- Generated by org.testng.reporters.JUnitReportReporter -->
<testsuite skipped="0" hostname="sunfish.sailpoint.com" name="sailpoint.service.quicklink.QuickLinkLauncherTests" tests="8" failures="0" timestamp="11 May 2021 16:09:47 GMT" time="1.554" errors="0">
  <testcase name="testLaunchOtherQuickLink" time="0.182" classname="sailpoint.service.quicklink.QuickLinkLauncherTests"/>
  <testcase name="testLaunchWorkflowWithIdentitySelection" time="0.187" classname="sailpoint.service.quicklink.QuickLinkLauncherTests"/>
  <testcase name="testLaunchExternalLink" time="0.183" classname="sailpoint.service.quicklink.QuickLinkLauncherTests"/>
  <testcase name="testLaunchWorkflowWithWorkItem" time="0.194" classname="sailpoint.service.quicklink.QuickLinkLauncherTests"/>
  <testcase name="testLaunchWorkflowSuccessMessage" time="0.179" classname="sailpoint.service.quicklink.QuickLinkLauncherTests"/>
  <testcase name="testValidateQuickLink" time="0.189" classname="sailpoint.service.quicklink.QuickLinkLauncherTests"/>
  <testcase name="testLaunchWorkflowWithoutWorkItemErrorMessage" time="0.214" classname="sailpoint.service.quicklink.QuickLinkLauncherTests"/>
  <testcase name="testLaunchWorkflowWithoutWorkItemLaunchMessages" time="0.226" classname="sailpoint.service.quicklink.QuickLinkLauncherTests"/>
</testsuite> <!-- sailpoint.service.quicklink.QuickLinkLauncherTests -->
