<?xml version="1.0" encoding="UTF-8"?>
<!-- Generated by org.testng.reporters.JUnitReportReporter -->
<testsuite skipped="0" hostname="sunfish.sailpoint.com" name="sailpoint.integration.rest.IdentityServiceDelegateTests" tests="5" failures="0" timestamp="11 May 2021 16:09:47 GMT" time="0.177" errors="0">
  <testcase name="createNonExistingIdentityViaCreateOrUpdate" time="0.021" classname="sailpoint.integration.rest.IdentityServiceDelegateTests"/>
  <testcase name="testManagerAttributeViaCreateOrUpdate" time="0.035" classname="sailpoint.integration.rest.IdentityServiceDelegateTests"/>
  <testcase name="createNonExistingIdentityViaCreate" time="0.023" classname="sailpoint.integration.rest.IdentityServiceDelegateTests"/>
  <testcase name="updateExistingIdentityViaCreateOrUpdate" time="0.057" classname="sailpoint.integration.rest.IdentityServiceDelegateTests"/>
  <testcase name="createExistingIdentityViaCreate" time="0.041" classname="sailpoint.integration.rest.IdentityServiceDelegateTests"/>
</testsuite> <!-- sailpoint.integration.rest.IdentityServiceDelegateTests -->
