<?xml version="1.0" encoding="UTF-8"?>
<!-- Generated by org.testng.reporters.JUnitReportReporter -->
<testsuite skipped="0" hostname="sunfish.sailpoint.com" name="sailpoint.rapidsetup.constraint.TriggerPredicateTests" tests="10" failures="0" timestamp="11 May 2021 16:09:47 GMT" time="0.023" errors="0">
  <testcase name="testOrGroupTrueConstraintConfig" time="0.000" classname="sailpoint.rapidsetup.constraint.TriggerPredicateTests"/>
  <testcase name="testAndGroupTrueConstraintConfig" time="0.000" classname="sailpoint.rapidsetup.constraint.TriggerPredicateTests"/>
  <testcase name="testSimpleTrueConstraintConfig" time="0.000" classname="sailpoint.rapidsetup.constraint.TriggerPredicateTests"/>
  <testcase name="testSubGroupTrueConstraintConfig" time="0.008" classname="sailpoint.rapidsetup.constraint.TriggerPredicateTests"/>
  <testcase name="testSimpleFalseConstraintConfig" time="0.001" classname="sailpoint.rapidsetup.constraint.TriggerPredicateTests"/>
  <testcase name="testEmptyConstraintConfig" time="0.000" classname="sailpoint.rapidsetup.constraint.TriggerPredicateTests"/>
  <testcase name="testDateConstraintConfig" time="0.003" classname="sailpoint.rapidsetup.constraint.TriggerPredicateTests"/>
  <testcase name="testOrGroupFalseConstraintConfig" time="0.000" classname="sailpoint.rapidsetup.constraint.TriggerPredicateTests"/>
  <testcase name="testAndGroupFalseConstraintConfig" time="0.009" classname="sailpoint.rapidsetup.constraint.TriggerPredicateTests"/>
  <testcase name="testSubGroupFalseConstraintConfig" time="0.002" classname="sailpoint.rapidsetup.constraint.TriggerPredicateTests"/>
</testsuite> <!-- sailpoint.rapidsetup.constraint.TriggerPredicateTests -->
