<?xml version="1.0" encoding="UTF-8"?>
<!-- Generated by org.testng.reporters.JUnitReportReporter -->
<testsuite skipped="0" hostname="sunfish.sailpoint.com" name="sailpoint.web.view.certification.ShortItemTypeColumnTests" tests="1" failures="0" timestamp="11 May 2021 16:09:47 GMT" time="0.004" errors="0">
  <testcase name="testGetValue" time="0.004" classname="sailpoint.web.view.certification.ShortItemTypeColumnTests"/>
</testsuite> <!-- sailpoint.web.view.certification.ShortItemTypeColumnTests -->
