<?xml version="1.0" encoding="UTF-8"?>
<!-- Generated by org.testng.reporters.JUnitReportReporter -->
<testsuite skipped="0" hostname="sunfish.sailpoint.com" name="sailpoint.api.ExpirationTests" tests="4" failures="0" timestamp="11 May 2021 16:09:47 GMT" time="9.186" errors="0">
  <testcase name="testInterrogatorWithMitigationExpiration" time="0.270" classname="sailpoint.api.ExpirationTests"/>
  <testcase name="testExpirationTask" time="4.441" classname="sailpoint.api.ExpirationTests"/>
  <testcase name="testMitigationExpiration" time="2.176" classname="sailpoint.api.ExpirationTests"/>
  <testcase name="testMitigationExpirationScanner" time="2.299" classname="sailpoint.api.ExpirationTests"/>
</testsuite> <!-- sailpoint.api.ExpirationTests -->
