<?xml version="1.0" encoding="UTF-8"?>
<!-- Generated by org.testng.reporters.JUnitReportReporter -->
<testsuite skipped="0" hostname="sunfish.sailpoint.com" name="sailpoint.tools.VariableExpansionTests" tests="6" failures="0" timestamp="11 May 2021 16:09:47 GMT" time="0.455" errors="0">
  <testcase name="stepReturn" time="0.111" classname="sailpoint.tools.VariableExpansionTests"/>
  <testcase name="ensureLevelsAreRight" time="0.002" classname="sailpoint.tools.VariableExpansionTests"/>
  <testcase name="variableInitializer" time="0.079" classname="sailpoint.tools.VariableExpansionTests"/>
  <testcase name="approval" time="0.119" classname="sailpoint.tools.VariableExpansionTests"/>
  <testcase name="stepArguments" time="0.120" classname="sailpoint.tools.VariableExpansionTests"/>
  <testcase name="workflowValidator" time="0.024" classname="sailpoint.tools.VariableExpansionTests"/>
</testsuite> <!-- sailpoint.tools.VariableExpansionTests -->
