<?xml version="1.0" encoding="UTF-8"?>
<!-- Generated by org.testng.reporters.JUnitReportReporter -->
<testsuite skipped="0" hostname="sunfish.sailpoint.com" name="sailpoint.service.identityrequest.ApprovalSummaryDTOTests" tests="3" failures="0" timestamp="11 May 2021 16:09:46 GMT" time="0.032" errors="0">
  <testcase name="testApprovalSummaryDTOConstructorInvalidData" time="0.011" classname="sailpoint.service.identityrequest.ApprovalSummaryDTOTests"/>
  <testcase name="testApprovalSummaryDTOConstructorWithNullStatus" time="0.010" classname="sailpoint.service.identityrequest.ApprovalSummaryDTOTests"/>
  <testcase name="testApprovalSummaryDTOConstructor" time="0.011" classname="sailpoint.service.identityrequest.ApprovalSummaryDTOTests"/>
</testsuite> <!-- sailpoint.service.identityrequest.ApprovalSummaryDTOTests -->
