<?xml version="1.0" encoding="UTF-8"?>
<!-- Generated by org.testng.reporters.JUnitReportReporter -->
<testsuite skipped="0" hostname="sunfish.sailpoint.com" name="sailpoint.service.form.renderer.creator.FormItemDTOCreatorTests" tests="13" failures="0" timestamp="11 May 2021 16:09:46 GMT" time="0.035" errors="0">
  <testcase name="testMultiTextWithStringValue" time="0.001" classname="sailpoint.service.form.renderer.creator.FormItemDTOCreatorTests"/>
  <testcase name="testLabelTextAttribute" time="0.000" classname="sailpoint.service.form.renderer.creator.FormItemDTOCreatorTests"/>
  <testcase name="testManagedAttributeField" time="0.000" classname="sailpoint.service.form.renderer.creator.FormItemDTOCreatorTests"/>
  <testcase name="testTextField" time="0.006" classname="sailpoint.service.form.renderer.creator.FormItemDTOCreatorTests"/>
  <testcase name="testLabel" time="0.001" classname="sailpoint.service.form.renderer.creator.FormItemDTOCreatorTests"/>
  <testcase name="testDynamicFieldValues" time="0.003" classname="sailpoint.service.form.renderer.creator.FormItemDTOCreatorTests"/>
  <testcase name="testSecretField" time="0.001" classname="sailpoint.service.form.renderer.creator.FormItemDTOCreatorTests"/>
  <testcase name="testIntField" time="0.001" classname="sailpoint.service.form.renderer.creator.FormItemDTOCreatorTests"/>
  <testcase name="testAllowedValuesField" time="0.019" classname="sailpoint.service.form.renderer.creator.FormItemDTOCreatorTests"/>
  <testcase name="testLongField" time="0.002" classname="sailpoint.service.form.renderer.creator.FormItemDTOCreatorTests"/>
  <testcase name="testDateField" time="0.001" classname="sailpoint.service.form.renderer.creator.FormItemDTOCreatorTests"/>
  <testcase name="testPermissionField" time="0.000" classname="sailpoint.service.form.renderer.creator.FormItemDTOCreatorTests"/>
  <testcase name="testBooleanField" time="0.000" classname="sailpoint.service.form.renderer.creator.FormItemDTOCreatorTests"/>
</testsuite> <!-- sailpoint.service.form.renderer.creator.FormItemDTOCreatorTests -->
