<?xml version="1.0" encoding="UTF-8"?>
<!-- Generated by org.testng.reporters.JUnitReportReporter -->
<testsuite skipped="0" hostname="sunfish.sailpoint.com" name="sailpoint.service.WorkItemDTOFactoryTests" tests="3" failures="0" timestamp="11 May 2021 16:09:47 GMT" time="13.913" errors="0">
  <testcase name="testRequestViolation" time="4.542" classname="sailpoint.service.WorkItemDTOFactoryTests"/>
  <testcase name="testApproval" time="5.042" classname="sailpoint.service.WorkItemDTOFactoryTests"/>
  <testcase name="testPamApproval" time="4.329" classname="sailpoint.service.WorkItemDTOFactoryTests"/>
</testsuite> <!-- sailpoint.service.WorkItemDTOFactoryTests -->
