<?xml version="1.0" encoding="UTF-8"?>
<!-- Generated by org.testng.reporters.JUnitReportReporter -->
<testsuite skipped="0" hostname="sunfish.sailpoint.com" name="sailpoint.scim.common.ReferenceTest" tests="8" failures="0" timestamp="11 May 2021 16:09:47 GMT" time="0.000" errors="0">
  <testcase name="testCreateResourceTypeReferenceNullId" time="0.000" classname="sailpoint.scim.common.ReferenceTest"/>
  <testcase name="testCreateExternalReferenceNullURL" time="0.000" classname="sailpoint.scim.common.ReferenceTest"/>
  <testcase name="testCreateResourceTypeReferenceNullResourceType" time="0.000" classname="sailpoint.scim.common.ReferenceTest"/>
  <testcase name="testCreateURIReference" time="0.000" classname="sailpoint.scim.common.ReferenceTest"/>
  <testcase name="testCreateResourceTypeReference" time="0.000" classname="sailpoint.scim.common.ReferenceTest"/>
  <testcase name="testCreateExternalReference" time="0.000" classname="sailpoint.scim.common.ReferenceTest"/>
  <testcase name="testCreateURIReferenceNullURI" time="0.000" classname="sailpoint.scim.common.ReferenceTest"/>
  <testcase name="testCreateResourceTypeReferenceNullResourceTypeName" time="0.000" classname="sailpoint.scim.common.ReferenceTest"/>
</testsuite> <!-- sailpoint.scim.common.ReferenceTest -->
