<?xml version="1.0" encoding="UTF-8"?>
<!-- Generated by org.testng.reporters.JUnitReportReporter -->
<testsuite skipped="0" hostname="sunfish.sailpoint.com" name="sailpoint.rest.scim.AlertListResourceTest" tests="9" failures="0" timestamp="11 May 2021 16:09:47 GMT" time="0.694" errors="0">
  <testcase name="testListSortDescending" time="0.066" classname="sailpoint.rest.scim.AlertListResourceTest"/>
  <testcase name="testListAllObjects" time="0.235" classname="sailpoint.rest.scim.AlertListResourceTest"/>
  <testcase name="testSCIMExecAuthenticate" time="0.050" classname="sailpoint.rest.scim.AlertListResourceTest"/>
  <testcase name="testNotSCIMExecAuthenticateDenied" time="0.030" classname="sailpoint.rest.scim.AlertListResourceTest"/>
  <testcase name="testAdminAuthenticate" time="0.055" classname="sailpoint.rest.scim.AlertListResourceTest"/>
  <testcase name="testListAllObjectsSingleAttribute" time="0.064" classname="sailpoint.rest.scim.AlertListResourceTest"/>
  <testcase name="testListAllObjectsMultipleAttributes" time="0.067" classname="sailpoint.rest.scim.AlertListResourceTest"/>
  <testcase name="testListFilterNoMatch" time="0.052" classname="sailpoint.rest.scim.AlertListResourceTest"/>
  <testcase name="testListFilterBySearchable" time="0.075" classname="sailpoint.rest.scim.AlertListResourceTest"/>
</testsuite> <!-- sailpoint.rest.scim.AlertListResourceTest -->
