<?xml version="1.0" encoding="UTF-8"?>
<!-- Generated by org.testng.reporters.JUnitReportReporter -->
<testsuite skipped="0" hostname="sunfish.sailpoint.com" name="sailpoint.service.batchrequest.BatchRequestItemsListServiceTests" tests="1" failures="0" timestamp="11 May 2021 16:09:46 GMT" time="0.030" errors="0">
  <testcase name="testGetBatchRequestItems" time="0.030" classname="sailpoint.service.batchrequest.BatchRequestItemsListServiceTests"/>
</testsuite> <!-- sailpoint.service.batchrequest.BatchRequestItemsListServiceTests -->
