<?xml version="1.0" encoding="UTF-8"?>
<!-- Generated by org.testng.reporters.JUnitReportReporter -->
<testsuite skipped="0" hostname="sunfish.sailpoint.com" name="sailpoint.service.pam.PamRequestServiceTests" tests="2" failures="0" timestamp="11 May 2021 16:09:46 GMT" time="0.010" errors="0">
  <testcase name="testCreatePAMRequest" time="0.002" classname="sailpoint.service.pam.PamRequestServiceTests"/>
  <testcase name="testCreateApprovalSet" time="0.008" classname="sailpoint.service.pam.PamRequestServiceTests"/>
</testsuite> <!-- sailpoint.service.pam.PamRequestServiceTests -->
