<?xml version="1.0" encoding="UTF-8"?>
<!-- Generated by org.testng.reporters.JUnitReportReporter -->
<testsuite skipped="0" hostname="sunfish.sailpoint.com" name="sailpoint.rest.ProvisioningTransactionListResourceTest" tests="20" failures="0" timestamp="11 May 2021 16:09:47 GMT" time="13.851" errors="0">
  <testcase name="testRunReportAuth" time="4.073" classname="sailpoint.rest.ProvisioningTransactionListResourceTest"/>
  <testcase name="testSingleGet" time="0.027" classname="sailpoint.rest.ProvisioningTransactionListResourceTest"/>
  <testcase name="testRunReportNotAuth" time="0.044" classname="sailpoint.rest.ProvisioningTransactionListResourceTest"/>
  <testcase name="testGetPTOs" time="0.033" classname="sailpoint.rest.ProvisioningTransactionListResourceTest"/>
  <testcase name="testFilterDates" time="0.107" classname="sailpoint.rest.ProvisioningTransactionListResourceTest"/>
  <testcase name="testFilterType" time="0.069" classname="sailpoint.rest.ProvisioningTransactionListResourceTest"/>
  <testcase name="testFilterOperation" time="0.079" classname="sailpoint.rest.ProvisioningTransactionListResourceTest"/>
  <testcase name="testFilterLimit" time="0.026" classname="sailpoint.rest.ProvisioningTransactionListResourceTest"/>
  <testcase name="testFilterAppName" time="0.031" classname="sailpoint.rest.ProvisioningTransactionListResourceTest"/>
  <testcase name="testGetStatusCounts" time="0.027" classname="sailpoint.rest.ProvisioningTransactionListResourceTest"/>
  <testcase name="testRunReportFilters" time="4.097" classname="sailpoint.rest.ProvisioningTransactionListResourceTest"/>
  <testcase name="testRunReport" time="4.097" classname="sailpoint.rest.ProvisioningTransactionListResourceTest"/>
  <testcase name="testPaging" time="0.290" classname="sailpoint.rest.ProvisioningTransactionListResourceTest"/>
  <testcase name="testFilterStatus" time="0.088" classname="sailpoint.rest.ProvisioningTransactionListResourceTest"/>
  <testcase name="testSuggest" time="0.226" classname="sailpoint.rest.ProvisioningTransactionListResourceTest"/>
  <testcase name="testFilterAccountDisplayName" time="0.038" classname="sailpoint.rest.ProvisioningTransactionListResourceTest"/>
  <testcase name="testFilterSource" time="0.068" classname="sailpoint.rest.ProvisioningTransactionListResourceTest"/>
  <testcase name="testSort" time="0.037" classname="sailpoint.rest.ProvisioningTransactionListResourceTest"/>
  <testcase name="testAuthorization" time="0.361" classname="sailpoint.rest.ProvisioningTransactionListResourceTest"/>
  <testcase name="testNotFound" time="0.033" classname="sailpoint.rest.ProvisioningTransactionListResourceTest"/>
</testsuite> <!-- sailpoint.rest.ProvisioningTransactionListResourceTest -->
