<?xml version="1.0" encoding="UTF-8"?>
<!-- Generated by org.testng.reporters.JUnitReportReporter -->
<testsuite skipped="0" hostname="sunfish.sailpoint.com" name="sailpoint.service.pam.ContainerListFilterContextTests" tests="1" failures="0" timestamp="11 May 2021 16:09:47 GMT" time="0.003" errors="0">
  <testcase name="testDefaultFilters" time="0.003" classname="sailpoint.service.pam.ContainerListFilterContextTests"/>
</testsuite> <!-- sailpoint.service.pam.ContainerListFilterContextTests -->
