<?xml version="1.0" encoding="UTF-8"?>
<!-- Generated by org.testng.reporters.JUnitReportReporter -->
<testsuite skipped="0" hostname="sunfish.sailpoint.com" name="sailpoint.rest.ui.certifications.CertificationItemListResourceTests" tests="12" failures="0" timestamp="11 May 2021 16:09:47 GMT" time="6.034" errors="0">
  <testcase name="testGetCertificationItemsWithExcludedType" time="0.351" classname="sailpoint.rest.ui.certifications.CertificationItemListResourceTests"/>
  <testcase name="testGetCertificationItemsWithPanelFilters" time="0.500" classname="sailpoint.rest.ui.certifications.CertificationItemListResourceTests"/>
  <testcase name="testGetCertificationItemsWithMultipleStatuses" time="0.641" classname="sailpoint.rest.ui.certifications.CertificationItemListResourceTests"/>
  <testcase name="testInvalidCertificationException" time="0.258" classname="sailpoint.rest.ui.certifications.CertificationItemListResourceTests"/>
  <testcase name="testFilterSuggestAuth" time="0.420" classname="sailpoint.rest.ui.certifications.CertificationItemListResourceTests"/>
  <testcase name="testAuthorization" time="0.868" classname="sailpoint.rest.ui.certifications.CertificationItemListResourceTests"/>
  <testcase name="testGetCertificationItemsWithType" time="0.517" classname="sailpoint.rest.ui.certifications.CertificationItemListResourceTests"/>
  <testcase name="testFiltersSuggestUrl" time="0.368" classname="sailpoint.rest.ui.certifications.CertificationItemListResourceTests"/>
  <testcase name="testFiltersAuthorization" time="0.308" classname="sailpoint.rest.ui.certifications.CertificationItemListResourceTests"/>
  <testcase name="testGetCertificationItemsWithSummaryStatusFilter" time="0.584" classname="sailpoint.rest.ui.certifications.CertificationItemListResourceTests"/>
  <testcase name="testGetCertificationItemsWithRoleFilter" time="0.633" classname="sailpoint.rest.ui.certifications.CertificationItemListResourceTests"/>
  <testcase name="testGetCertificationItemsWithManagerFilter" time="0.586" classname="sailpoint.rest.ui.certifications.CertificationItemListResourceTests"/>
</testsuite> <!-- sailpoint.rest.ui.certifications.CertificationItemListResourceTests -->
