<?xml version="1.0" encoding="UTF-8"?>
<!-- Generated by org.testng.reporters.JUnitReportReporter -->
<testsuite skipped="0" hostname="sunfish.sailpoint.com" name="sailpoint.unstructured.WindowsSourceTests" tests="4" failures="0" timestamp="11 May 2021 16:09:47 GMT" time="8.487" errors="0">
  <testcase name="testIterateObjects" time="1.267" classname="sailpoint.unstructured.WindowsSourceTests"/>
  <testcase name="testIterateObjectsWindowsNormalization" time="2.388" classname="sailpoint.unstructured.WindowsSourceTests"/>
  <testcase name="testIterateObjectsWindowsNormalization" time="3.433" classname="sailpoint.unstructured.WindowsSourceTests"/>
  <testcase name="testIterateObjects" time="1.399" classname="sailpoint.unstructured.WindowsSourceTests"/>
</testsuite> <!-- sailpoint.unstructured.WindowsSourceTests -->
