<?xml version="1.0" encoding="UTF-8"?>
<!-- Generated by org.testng.reporters.JUnitReportReporter -->
<testsuite skipped="0" hostname="sunfish.sailpoint.com" name="sailpoint.service.PageAuthenticationServiceTests" tests="12" failures="0" timestamp="11 May 2021 16:09:47 GMT" time="1.524" errors="0">
  <testcase name="testRedirectAfterMfa" time="0.027" classname="sailpoint.service.PageAuthenticationServiceTests"/>
  <testcase name="testSSOHandlerSuccessUnansweredAuthLoginReturnToDashboardTrue" time="0.419" classname="sailpoint.service.PageAuthenticationServiceTests"/>
  <testcase name="testFinallyUserAuthNullPrincipalNotNullMobileURL" time="0.002" classname="sailpoint.service.PageAuthenticationServiceTests"/>
  <testcase name="testSSOValidatorInvalidate" time="0.130" classname="sailpoint.service.PageAuthenticationServiceTests"/>
  <testcase name="testSSOHandlerSuccess" time="0.065" classname="sailpoint.service.PageAuthenticationServiceTests"/>
  <testcase name="testSSOHandlerSuccessLoginReturnToDashboardTrue" time="0.501" classname="sailpoint.service.PageAuthenticationServiceTests"/>
  <testcase name="testExternalHandler" time="0.023" classname="sailpoint.service.PageAuthenticationServiceTests"/>
  <testcase name="testRedirectAfterMfa" time="0.008" classname="sailpoint.service.PageAuthenticationServiceTests"/>
  <testcase name="testFinallyUserAuthNullPrincipalNull" time="0.022" classname="sailpoint.service.PageAuthenticationServiceTests"/>
  <testcase name="testSSOHandlerSuccessTimeZone" time="0.020" classname="sailpoint.service.PageAuthenticationServiceTests"/>
  <testcase name="testLoginHandler" time="0.002" classname="sailpoint.service.PageAuthenticationServiceTests"/>
  <testcase name="testSSOHandlerSuccessUnAnsweredAuthAnswers" time="0.305" classname="sailpoint.service.PageAuthenticationServiceTests"/>
</testsuite> <!-- sailpoint.service.PageAuthenticationServiceTests -->
