<?xml version="1.0" encoding="UTF-8"?>
<!-- Generated by org.testng.reporters.JUnitReportReporter -->
<testsuite skipped="0" hostname="sunfish.sailpoint.com" name="sailpoint.api.LocalizerTests" tests="4" failures="0" timestamp="11 May 2021 16:09:47 GMT" time="1.373" errors="0">
  <testcase name="testAddLocalizedAttribute" time="0.124" classname="sailpoint.api.LocalizerTests"/>
  <testcase name="testFallbackLanguageDescription" time="0.060" classname="sailpoint.api.LocalizerTests"/>
  <testcase name="testCascadeDelete" time="0.954" classname="sailpoint.api.LocalizerTests"/>
  <testcase name="testGetDefaultLocalizedValue" time="0.235" classname="sailpoint.api.LocalizerTests"/>
</testsuite> <!-- sailpoint.api.LocalizerTests -->
