<?xml version="1.0" encoding="UTF-8"?>
<!-- Generated by org.testng.reporters.JUnitReportReporter -->
<testsuite skipped="0" hostname="sunfish.sailpoint.com" name="sailpoint.activity.RACFActivityTests" tests="2" failures="0" timestamp="11 May 2021 16:09:47 GMT" time="0.065" errors="0">
  <testcase name="testRACFActivityCollection" time="0.035" classname="sailpoint.activity.RACFActivityTests"/>
  <testcase name="testRACFSkipAlreadyProcessed" time="0.030" classname="sailpoint.activity.RACFActivityTests"/>
</testsuite> <!-- sailpoint.activity.RACFActivityTests -->
