<?xml version="1.0" encoding="UTF-8"?>
<!-- Generated by org.testng.reporters.JUnitReportReporter -->
<testsuite skipped="0" hostname="sunfish.sailpoint.com" name="sailpoint.service.oauth.OAuthTokenValidatorTests" tests="4" failures="0" timestamp="11 May 2021 16:09:47 GMT" time="0.004" errors="0">
  <testcase name="testSuccess" time="0.002" classname="sailpoint.service.oauth.OAuthTokenValidatorTests"/>
  <testcase name="testInvalidIdentityId" time="0.001" classname="sailpoint.service.oauth.OAuthTokenValidatorTests"/>
  <testcase name="testInvalidClientId" time="0.000" classname="sailpoint.service.oauth.OAuthTokenValidatorTests"/>
  <testcase name="testExpired" time="0.001" classname="sailpoint.service.oauth.OAuthTokenValidatorTests"/>
</testsuite> <!-- sailpoint.service.oauth.OAuthTokenValidatorTests -->
