<?xml version="1.0" encoding="UTF-8"?>
<!-- Generated by org.testng.reporters.JUnitReportReporter -->
<testsuite skipped="0" hostname="sunfish.sailpoint.com" name="sailpoint.web.accessrequest.RemovedRoleTests" tests="5" failures="0" timestamp="11 May 2021 16:09:46 GMT" time="0.001" errors="0">
  <testcase name="testCtorThrowsWithNull" time="0.000" classname="sailpoint.web.accessrequest.RemovedRoleTests"/>
  <testcase name="testCtorThrowsWithoutRoleId" time="0.000" classname="sailpoint.web.accessrequest.RemovedRoleTests"/>
  <testcase name="testCtorThrowsWithBogusRoleLocation" time="0.001" classname="sailpoint.web.accessrequest.RemovedRoleTests"/>
  <testcase name="testCtorThrowsWithoutRoleLocation" time="0.000" classname="sailpoint.web.accessrequest.RemovedRoleTests"/>
  <testcase name="testValidInputs" time="0.000" classname="sailpoint.web.accessrequest.RemovedRoleTests"/>
</testsuite> <!-- sailpoint.web.accessrequest.RemovedRoleTests -->
