<?xml version="1.0" encoding="UTF-8"?>
<!-- Generated by org.testng.reporters.JUnitReportReporter -->
<testsuite skipped="0" hostname="sunfish.sailpoint.com" name="sailpoint.api.MitigationExpirationTests" tests="6" failures="0" timestamp="11 May 2021 16:09:47 GMT" time="24.294" errors="0">
  <testcase name="testDeprovisionAssignedRoleNoIT" time="2.229" classname="sailpoint.api.MitigationExpirationTests"/>
  <testcase name="testDeprovisionEntitlement" time="2.240" classname="sailpoint.api.MitigationExpirationTests"/>
  <testcase name="testDeprovisionAssignedRoleWorkItem" time="13.788" classname="sailpoint.api.MitigationExpirationTests"/>
  <testcase name="testAssignmentSunsetDate" time="1.274" classname="sailpoint.api.MitigationExpirationTests"/>
  <testcase name="testDeprovisionDetectedRole" time="2.358" classname="sailpoint.api.MitigationExpirationTests"/>
  <testcase name="testDeprovisionAssignedRole" time="2.405" classname="sailpoint.api.MitigationExpirationTests"/>
</testsuite> <!-- sailpoint.api.MitigationExpirationTests -->
