<?xml version="1.0" encoding="UTF-8"?>
<!-- Generated by org.testng.reporters.JUnitReportReporter -->
<testsuite skipped="1" hostname="sunfish.sailpoint.com" name="sailpoint.reporting.ReportingTests" tests="3" failures="0" timestamp="11 May 2021 16:09:47 GMT" time="23.775" errors="0">
  <testcase name="testApplicationReport" time="5.451" classname="sailpoint.reporting.ReportingTests"/>
  <testcase name="testIdentitySummaryReport" time="18.324" classname="sailpoint.reporting.ReportingTests"/>
  <testcase name="testViolationReport" classname="sailpoint.reporting.ReportingTests">
    <skipped/>
  </testcase> <!-- testViolationReport -->
</testsuite> <!-- sailpoint.reporting.ReportingTests -->
