<?xml version="1.0" encoding="UTF-8"?>
<!-- Generated by org.testng.reporters.JUnitReportReporter -->
<testsuite skipped="0" hostname="sunfish.sailpoint.com" name="sailpoint.workflow.PAMLibraryTests" tests="7" failures="0" timestamp="11 May 2021 16:09:47 GMT" time="0.994" errors="0">
  <testcase name="testApprovalAutoCompletion" time="0.020" classname="sailpoint.workflow.PAMLibraryTests"/>
  <testcase name="testCreateApprovalSetFromPamRequest" time="0.002" classname="sailpoint.workflow.PAMLibraryTests"/>
  <testcase name="testApprovalWorkItemCompleted" time="0.016" classname="sailpoint.workflow.PAMLibraryTests"/>
  <testcase name="testApprovals" time="0.053" classname="sailpoint.workflow.PAMLibraryTests"/>
  <testcase name="testApprovalWorkItemStarted" time="0.016" classname="sailpoint.workflow.PAMLibraryTests"/>
  <testcase name="testAuditApprovalDecision" time="0.884" classname="sailpoint.workflow.PAMLibraryTests"/>
  <testcase name="testCreatePAMRequestDTO" time="0.003" classname="sailpoint.workflow.PAMLibraryTests"/>
</testsuite> <!-- sailpoint.workflow.PAMLibraryTests -->
