<?xml version="1.0" encoding="UTF-8"?>
<!-- Generated by org.testng.reporters.JUnitReportReporter -->
<testsuite skipped="0" hostname="sunfish.sailpoint.com" name="sailpoint.rest.MonitoringStatisticListResourceTest" tests="3" failures="0" timestamp="11 May 2021 16:09:47 GMT" time="0.207" errors="0">
  <testcase name="testAuthorization" time="0.144" classname="sailpoint.rest.MonitoringStatisticListResourceTest"/>
  <testcase name="testGetStats" time="0.033" classname="sailpoint.rest.MonitoringStatisticListResourceTest"/>
  <testcase name="testExcludeTemplates" time="0.030" classname="sailpoint.rest.MonitoringStatisticListResourceTest"/>
</testsuite> <!-- sailpoint.rest.MonitoringStatisticListResourceTest -->
