<?xml version="1.0" encoding="UTF-8"?>
<!-- Generated by org.testng.reporters.JUnitReportReporter -->
<testsuite skipped="0" hostname="sunfish.sailpoint.com" name="sailpoint.web.view.certification.CertificationItemCurrentDecisionStateColumnTests" tests="3" failures="0" timestamp="11 May 2021 16:09:46 GMT" time="0.011" errors="0">
  <testcase name="testGetAccountRevokeAction" time="0.006" classname="sailpoint.web.view.certification.CertificationItemCurrentDecisionStateColumnTests"/>
  <testcase name="testGetValue" time="0.002" classname="sailpoint.web.view.certification.CertificationItemCurrentDecisionStateColumnTests"/>
  <testcase name="testGetValueClearedAction" time="0.003" classname="sailpoint.web.view.certification.CertificationItemCurrentDecisionStateColumnTests"/>
</testsuite> <!-- sailpoint.web.view.certification.CertificationItemCurrentDecisionStateColumnTests -->
