<?xml version="1.0" encoding="UTF-8"?>
<!-- Generated by org.testng.reporters.JUnitReportReporter -->
<testsuite skipped="0" hostname="sunfish.sailpoint.com" name="sailpoint.i18n.LocalizationTests" tests="2" failures="0" timestamp="11 May 2021 16:09:47 GMT" time="0.457" errors="0">
  <testcase name="testLoadMessages" time="0.455" classname="sailpoint.i18n.LocalizationTests"/>
  <testcase name="testInvalidMessageFile" time="0.002" classname="sailpoint.i18n.LocalizationTests"/>
</testsuite> <!-- sailpoint.i18n.LocalizationTests -->
