<?xml version="1.0" encoding="UTF-8"?>
<!-- Generated by org.testng.reporters.JUnitReportReporter -->
<testsuite skipped="0" hostname="sunfish.sailpoint.com" name="sailpoint.fulltext.BundleManagedAttributeIndexerTest" tests="3" failures="0" timestamp="11 May 2021 16:09:47 GMT" time="3.087" errors="0">
  <testcase name="testFullTextSearchTwoFoundByRoleName" time="0.207" classname="sailpoint.fulltext.BundleManagedAttributeIndexerTest"/>
  <testcase name="testFullTextNotFoundByClassification" time="0.968" classname="sailpoint.fulltext.BundleManagedAttributeIndexerTest"/>
  <testcase name="testFullTextFoundByClassification" time="1.912" classname="sailpoint.fulltext.BundleManagedAttributeIndexerTest"/>
</testsuite> <!-- sailpoint.fulltext.BundleManagedAttributeIndexerTest -->
