<?xml version="1.0" encoding="UTF-8"?>
<!-- Generated by org.testng.reporters.JUnitReportReporter -->
<testsuite skipped="0" hostname="sunfish.sailpoint.com" name="sailpoint.api.CorrelationTests" tests="2" failures="0" timestamp="11 May 2021 16:09:46 GMT" time="21.326" errors="0">
  <testcase name="testIdentityCorrelationState" time="13.189" classname="sailpoint.api.CorrelationTests"/>
  <testcase name="testDefaultCorrelationMechanisms" time="8.137" classname="sailpoint.api.CorrelationTests"/>
</testsuite> <!-- sailpoint.api.CorrelationTests -->
