<?xml version="1.0" encoding="UTF-8"?>
<!-- Generated by org.testng.reporters.JUnitReportReporter -->
<testsuite skipped="0" hostname="sunfish.sailpoint.com" name="sailpoint.rest.scim.EntitlementListResourceTest" tests="35" failures="0" timestamp="11 May 2021 16:09:46 GMT" time="3.372" errors="0">
  <testcase name="testFilterClassification" time="0.077" classname="sailpoint.rest.scim.EntitlementListResourceTest"/>
  <testcase name="testFilterSwCoNot" time="0.045" classname="sailpoint.rest.scim.EntitlementListResourceTest"/>
  <testcase name="testFilterDateDescending" time="0.086" classname="sailpoint.rest.scim.EntitlementListResourceTest"/>
  <testcase name="testFilterDateGtLt" time="0.062" classname="sailpoint.rest.scim.EntitlementListResourceTest"/>
  <testcase name="testFilterMatchOwner" time="0.093" classname="sailpoint.rest.scim.EntitlementListResourceTest"/>
  <testcase name="testFilterDate" time="0.063" classname="sailpoint.rest.scim.EntitlementListResourceTest"/>
  <testcase name="testFilterSwCo" time="0.062" classname="sailpoint.rest.scim.EntitlementListResourceTest"/>
  <testcase name="testTooManyException" time="0.066" classname="sailpoint.rest.scim.EntitlementListResourceTest"/>
  <testcase name="testFilterNoMatch" time="0.040" classname="sailpoint.rest.scim.EntitlementListResourceTest"/>
  <testcase name="testPagingWithSortDescending" time="0.268" classname="sailpoint.rest.scim.EntitlementListResourceTest"/>
  <testcase name="testFilterAndNotCoNe" time="0.059" classname="sailpoint.rest.scim.EntitlementListResourceTest"/>
  <testcase name="testFilterOrApplication" time="0.074" classname="sailpoint.rest.scim.EntitlementListResourceTest"/>
  <testcase name="testFilterNoMatchComplex" time="0.051" classname="sailpoint.rest.scim.EntitlementListResourceTest"/>
  <testcase name="testFilterPresent" time="0.043" classname="sailpoint.rest.scim.EntitlementListResourceTest"/>
  <testcase name="testFilterParenthesis" time="0.158" classname="sailpoint.rest.scim.EntitlementListResourceTest"/>
  <testcase name="testFailedFilterInvalid" time="0.062" classname="sailpoint.rest.scim.EntitlementListResourceTest"/>
  <testcase name="testListEntitlementsIncludeExtended" time="0.076" classname="sailpoint.rest.scim.EntitlementListResourceTest"/>
  <testcase name="testListEntitlements" time="0.124" classname="sailpoint.rest.scim.EntitlementListResourceTest"/>
  <testcase name="testPagingWithSortAscendingAndExcludes" time="0.247" classname="sailpoint.rest.scim.EntitlementListResourceTest"/>
  <testcase name="testListEntitlementsIncludeAttributes" time="0.212" classname="sailpoint.rest.scim.EntitlementListResourceTest"/>
  <testcase name="testFilterDateLt" time="0.068" classname="sailpoint.rest.scim.EntitlementListResourceTest"/>
  <testcase name="testFilterType" time="0.121" classname="sailpoint.rest.scim.EntitlementListResourceTest"/>
  <testcase name="testFailedFilterIdentityId" time="0.078" classname="sailpoint.rest.scim.EntitlementListResourceTest"/>
  <testcase name="testFilterMultiByteChar" time="0.066" classname="sailpoint.rest.scim.EntitlementListResourceTest"/>
  <testcase name="testFilterApplication" time="0.129" classname="sailpoint.rest.scim.EntitlementListResourceTest"/>
  <testcase name="testFilterSw" time="0.064" classname="sailpoint.rest.scim.EntitlementListResourceTest"/>
  <testcase name="testFilterNotPresent" time="0.064" classname="sailpoint.rest.scim.EntitlementListResourceTest"/>
  <testcase name="testFilterClassificationDistinct" time="0.087" classname="sailpoint.rest.scim.EntitlementListResourceTest"/>
  <testcase name="testFilterMatch" time="0.056" classname="sailpoint.rest.scim.EntitlementListResourceTest"/>
  <testcase name="testFilterDateGt" time="0.077" classname="sailpoint.rest.scim.EntitlementListResourceTest"/>
  <testcase name="testFilterNoMatchOrMatch" time="0.070" classname="sailpoint.rest.scim.EntitlementListResourceTest"/>
  <testcase name="testFilterMatchComplexCase" time="0.134" classname="sailpoint.rest.scim.EntitlementListResourceTest"/>
  <testcase name="testPagingWithSortAscendingAndIncludes" time="0.262" classname="sailpoint.rest.scim.EntitlementListResourceTest"/>
  <testcase name="testListEntitlementsBearerAuth" time="0.066" classname="sailpoint.rest.scim.EntitlementListResourceTest"/>
  <testcase name="testFilterAndNotCoEq" time="0.062" classname="sailpoint.rest.scim.EntitlementListResourceTest"/>
</testsuite> <!-- sailpoint.rest.scim.EntitlementListResourceTest -->
