<?xml version="1.0" encoding="UTF-8"?>
<!-- Generated by org.testng.reporters.JUnitReportReporter -->
<testsuite skipped="0" hostname="sunfish.sailpoint.com" name="sailpoint.request.rolepropagation.RolePropagationRequestExecutorTests" tests="4" failures="0" timestamp="11 May 2021 16:09:46 GMT" time="13.900" errors="0">
  <testcase name="testProvisionPhaseFailure" time="11.609" classname="sailpoint.request.rolepropagation.RolePropagationRequestExecutorTests"/>
  <testcase name="testFinishPhase" time="0.024" classname="sailpoint.request.rolepropagation.RolePropagationRequestExecutorTests"/>
  <testcase name="testProvisionPhase" time="1.533" classname="sailpoint.request.rolepropagation.RolePropagationRequestExecutorTests"/>
  <testcase name="testTransitionPhase" time="0.734" classname="sailpoint.request.rolepropagation.RolePropagationRequestExecutorTests"/>
</testsuite> <!-- sailpoint.request.rolepropagation.RolePropagationRequestExecutorTests -->
