<?xml version="1.0" encoding="UTF-8"?>
<!-- Generated by org.testng.reporters.JUnitReportReporter -->
<testsuite skipped="0" hostname="sunfish.sailpoint.com" name="sailpoint.authorization.CapabilityAuthorizerTest" tests="5" failures="0" timestamp="11 May 2021 16:09:47 GMT" time="0.000" errors="0">
  <testcase name="testHelpDeskUser" time="0.000" classname="sailpoint.authorization.CapabilityAuthorizerTest"/>
  <testcase name="testAdmin" time="0.000" classname="sailpoint.authorization.CapabilityAuthorizerTest"/>
  <testcase name="testBasicUserFailure" time="0.000" classname="sailpoint.authorization.CapabilityAuthorizerTest"/>
  <testcase name="testBasicUser" time="0.000" classname="sailpoint.authorization.CapabilityAuthorizerTest"/>
  <testcase name="testHelpDeskUserFailure" time="0.000" classname="sailpoint.authorization.CapabilityAuthorizerTest"/>
</testsuite> <!-- sailpoint.authorization.CapabilityAuthorizerTest -->
