<?xml version="1.0" encoding="UTF-8"?>
<!-- Generated by org.testng.reporters.JUnitReportReporter -->
<testsuite skipped="0" hostname="sunfish.sailpoint.com" name="sailpoint.api.DynamicScopeMatchmakerTest" tests="2" failures="0" timestamp="11 May 2021 16:09:47 GMT" time="0.513" errors="0">
  <testcase name="testGetMatches" time="0.242" classname="sailpoint.api.DynamicScopeMatchmakerTest"/>
  <testcase name="testPopulationRequestAuthorityMembership" time="0.271" classname="sailpoint.api.DynamicScopeMatchmakerTest"/>
</testsuite> <!-- sailpoint.api.DynamicScopeMatchmakerTest -->
