<?xml version="1.0" encoding="UTF-8"?>
<!-- Generated by org.testng.reporters.JUnitReportReporter -->
<testsuite skipped="0" hostname="sunfish.sailpoint.com" name="sailpoint.service.policyviolation.PolicyViolationDecisionerTests" tests="31" failures="0" timestamp="11 May 2021 16:09:47 GMT" time="46.590" errors="0">
  <testcase name="testRemediateRequiresRevokedRoles" time="2.698" classname="sailpoint.service.policyviolation.PolicyViolationDecisionerTests"/>
  <testcase name="testBulkDecisionRemediatedError" time="0.992" classname="sailpoint.service.policyviolation.PolicyViolationDecisionerTests"/>
  <testcase name="testMultipleMitigateDecisions" time="2.247" classname="sailpoint.service.policyviolation.PolicyViolationDecisionerTests"/>
  <testcase name="testMitigateExpirationDateError" time="1.458" classname="sailpoint.service.policyviolation.PolicyViolationDecisionerTests"/>
  <testcase name="testDelegateUnauthorizedUserError" time="2.161" classname="sailpoint.service.policyviolation.PolicyViolationDecisionerTests"/>
  <testcase name="testMitigatePastExpirationDateError" time="1.010" classname="sailpoint.service.policyviolation.PolicyViolationDecisionerTests"/>
  <testcase name="testMultipleErrorsForDecisions" time="1.208" classname="sailpoint.service.policyviolation.PolicyViolationDecisionerTests"/>
  <testcase name="testEntitlementSODRemediateWithEntitlements" time="1.535" classname="sailpoint.service.policyviolation.PolicyViolationDecisionerTests"/>
  <testcase name="testBulkDecision" time="1.107" classname="sailpoint.service.policyviolation.PolicyViolationDecisionerTests"/>
  <testcase name="testDelegationSelfCertificationError" time="1.327" classname="sailpoint.service.policyviolation.PolicyViolationDecisionerTests"/>
  <testcase name="testGetPolicyViolationIdentities" time="1.146" classname="sailpoint.service.policyviolation.PolicyViolationDecisionerTests"/>
  <testcase name="testDelegateViolationRemediationStatusError" time="1.522" classname="sailpoint.service.policyviolation.PolicyViolationDecisionerTests"/>
  <testcase name="testAccountPolicyViolationRemediateWithAssignee" time="1.040" classname="sailpoint.service.policyviolation.PolicyViolationDecisionerTests"/>
  <testcase name="testDelegateViolationSuccess" time="2.327" classname="sailpoint.service.policyviolation.PolicyViolationDecisionerTests"/>
  <testcase name="testMitigateInvalidCommentError" time="2.185" classname="sailpoint.service.policyviolation.PolicyViolationDecisionerTests"/>
  <testcase name="testGetObjectIds" time="0.984" classname="sailpoint.service.policyviolation.PolicyViolationDecisionerTests"/>
  <testcase name="testDelegatedNotAllowed" time="1.272" classname="sailpoint.service.policyviolation.PolicyViolationDecisionerTests"/>
  <testcase name="testDelegationWithCertifyAllCertificationsRight" time="1.146" classname="sailpoint.service.policyviolation.PolicyViolationDecisionerTests"/>
  <testcase name="testRemediateHandlesRecipientRequiredError" time="1.059" classname="sailpoint.service.policyviolation.PolicyViolationDecisionerTests"/>
  <testcase name="testRemediateNoRecipientRequired" time="1.559" classname="sailpoint.service.policyviolation.PolicyViolationDecisionerTests"/>
  <testcase name="testSODViolationRemediateWithRoles" time="1.061" classname="sailpoint.service.policyviolation.PolicyViolationDecisionerTests"/>
  <testcase name="testRemediatedNotAllowed" time="1.179" classname="sailpoint.service.policyviolation.PolicyViolationDecisionerTests"/>
  <testcase name="testMultipleMitigateUnAuthorizedUserError" time="2.091" classname="sailpoint.service.policyviolation.PolicyViolationDecisionerTests"/>
  <testcase name="testRemediateRequiresSelectedEntitlements" time="2.038" classname="sailpoint.service.policyviolation.PolicyViolationDecisionerTests"/>
  <testcase name="testMitigatedNotAllowed" time="1.088" classname="sailpoint.service.policyviolation.PolicyViolationDecisionerTests"/>
  <testcase name="testDelegationCurrentOwnerError" time="1.193" classname="sailpoint.service.policyviolation.PolicyViolationDecisionerTests"/>
  <testcase name="testDelegateViolationNullRecipientError" time="1.180" classname="sailpoint.service.policyviolation.PolicyViolationDecisionerTests"/>
  <testcase name="testBulkDecideShowAll" time="1.399" classname="sailpoint.service.policyviolation.PolicyViolationDecisionerTests"/>
  <testcase name="testMitigateViolation" time="2.142" classname="sailpoint.service.policyviolation.PolicyViolationDecisionerTests"/>
  <testcase name="testDelegateAndMitigateDecisions" time="2.180" classname="sailpoint.service.policyviolation.PolicyViolationDecisionerTests"/>
  <testcase name="testMitigateUnauthorizedUserError" time="1.056" classname="sailpoint.service.policyviolation.PolicyViolationDecisionerTests"/>
</testsuite> <!-- sailpoint.service.policyviolation.PolicyViolationDecisionerTests -->
