<?xml version="1.0" encoding="UTF-8"?>
<!-- Generated by org.testng.reporters.JUnitReportReporter -->
<testsuite skipped="0" hostname="sunfish.sailpoint.com" name="sailpoint.web.help.ContextualHelpServletTests" tests="15" failures="0" timestamp="11 May 2021 16:09:47 GMT" time="0.905" errors="0">
  <testcase name="testEmbeddedVideo" time="0.016" classname="sailpoint.web.help.ContextualHelpServletTests"/>
  <testcase name="testPDFRedirect" time="0.008" classname="sailpoint.web.help.ContextualHelpServletTests"/>
  <testcase name="testMissingUIConfigEntry" time="0.762" classname="sailpoint.web.help.ContextualHelpServletTests"/>
  <testcase name="testURLWithTemplateCustomLogo" time="0.005" classname="sailpoint.web.help.ContextualHelpServletTests"/>
  <testcase name="testNotFound" time="0.011" classname="sailpoint.web.help.ContextualHelpServletTests"/>
  <testcase name="testNotAuthorized" time="0.021" classname="sailpoint.web.help.ContextualHelpServletTests"/>
  <testcase name="testTooltip" time="0.004" classname="sailpoint.web.help.ContextualHelpServletTests"/>
  <testcase name="testHTML" time="0.004" classname="sailpoint.web.help.ContextualHelpServletTests"/>
  <testcase name="testURLWithTemplateCustomLogoDesc" time="0.005" classname="sailpoint.web.help.ContextualHelpServletTests"/>
  <testcase name="testURLWithTemplate" time="0.032" classname="sailpoint.web.help.ContextualHelpServletTests"/>
  <testcase name="testURLWithTemplateCustomTitle" time="0.005" classname="sailpoint.web.help.ContextualHelpServletTests"/>
  <testcase name="testHTMLWithoutCSS" time="0.004" classname="sailpoint.web.help.ContextualHelpServletTests"/>
  <testcase name="testMissingHomeUrl" time="0.009" classname="sailpoint.web.help.ContextualHelpServletTests"/>
  <testcase name="testNotLoggedIn" time="0.016" classname="sailpoint.web.help.ContextualHelpServletTests"/>
  <testcase name="testURLRedirect" time="0.003" classname="sailpoint.web.help.ContextualHelpServletTests"/>
</testsuite> <!-- sailpoint.web.help.ContextualHelpServletTests -->
