<?xml version="1.0" encoding="UTF-8"?>
<!-- Generated by org.testng.reporters.JUnitReportReporter -->
<testsuite skipped="0" hostname="sunfish.sailpoint.com" name="sailpoint.rest.AnalyzeResourceTests" tests="11" failures="0" timestamp="11 May 2021 16:09:46 GMT" time="3.537" errors="0">
  <testcase name="testLinkSearchSuggest" time="0.331" classname="sailpoint.rest.AnalyzeResourceTests"/>
  <testcase name="testRoleSearchSuggest" time="0.255" classname="sailpoint.rest.AnalyzeResourceTests"/>
  <testcase name="testIdentityRequestSearchSuggest" time="0.188" classname="sailpoint.rest.AnalyzeResourceTests"/>
  <testcase name="testCertificationSearchSuggest" time="0.201" classname="sailpoint.rest.AnalyzeResourceTests"/>
  <testcase name="testProcessInstrumentationSearchSuggest" time="0.269" classname="sailpoint.rest.AnalyzeResourceTests"/>
  <testcase name="testSyslogSearchSuggest" time="0.359" classname="sailpoint.rest.AnalyzeResourceTests"/>
  <testcase name="testIdentitySearchSuggest" time="0.453" classname="sailpoint.rest.AnalyzeResourceTests"/>
  <testcase name="testAccountGroupSearchSuggest" time="0.406" classname="sailpoint.rest.AnalyzeResourceTests"/>
  <testcase name="testRoleEntitlementAnalysis" time="0.428" classname="sailpoint.rest.AnalyzeResourceTests"/>
  <testcase name="testActivitySearchSuggest" time="0.210" classname="sailpoint.rest.AnalyzeResourceTests"/>
  <testcase name="testAuditSearchSuggest" time="0.437" classname="sailpoint.rest.AnalyzeResourceTests"/>
</testsuite> <!-- sailpoint.rest.AnalyzeResourceTests -->
