<?xml version="1.0" encoding="UTF-8"?>
<!-- Generated by org.testng.reporters.JUnitReportReporter -->
<testsuite skipped="0" hostname="sunfish.sailpoint.com" name="sailpoint.task.EncryptedDataSyncExecutorTests" tests="1" failures="0" timestamp="11 May 2021 16:09:47 GMT" time="4.137" errors="0">
  <testcase name="testApplicationTemplatesEncryptionAndExecution" time="4.137" classname="sailpoint.task.EncryptedDataSyncExecutorTests"/>
</testsuite> <!-- sailpoint.task.EncryptedDataSyncExecutorTests -->
