<?xml version="1.0" encoding="UTF-8"?>
<!-- Generated by org.testng.reporters.JUnitReportReporter -->
<testsuite skipped="0" hostname="sunfish.sailpoint.com" name="sailpoint.authorization.RoleDetailHierarchyAuthorizerTests" tests="7" failures="0" timestamp="11 May 2021 16:09:46 GMT" time="5.214" errors="0">
  <testcase name="testRequiredRoleAuth" time="0.518" classname="sailpoint.authorization.RoleDetailHierarchyAuthorizerTests"/>
  <testcase name="testRandomRoleFailsAuth" time="0.550" classname="sailpoint.authorization.RoleDetailHierarchyAuthorizerTests"/>
  <testcase name="testNestedRequiredRoleAuth" time="0.981" classname="sailpoint.authorization.RoleDetailHierarchyAuthorizerTests"/>
  <testcase name="testNestedInheritRoleAuth" time="0.588" classname="sailpoint.authorization.RoleDetailHierarchyAuthorizerTests"/>
  <testcase name="testInheritRoleAuth" time="0.759" classname="sailpoint.authorization.RoleDetailHierarchyAuthorizerTests"/>
  <testcase name="testNestedPermitRoleAuth" time="1.212" classname="sailpoint.authorization.RoleDetailHierarchyAuthorizerTests"/>
  <testcase name="testPermittedRoleAuth" time="0.606" classname="sailpoint.authorization.RoleDetailHierarchyAuthorizerTests"/>
</testsuite> <!-- sailpoint.authorization.RoleDetailHierarchyAuthorizerTests -->
