<?xml version="1.0" encoding="UTF-8"?>
<!-- Generated by org.testng.reporters.JUnitReportReporter -->
<testsuite skipped="0" hostname="sunfish.sailpoint.com" name="sailpoint.service.scim.ServerContextTest" tests="5" failures="0" timestamp="11 May 2021 16:09:47 GMT" time="0.011" errors="0">
  <testcase name="testGetSchemas" time="0.000" classname="sailpoint.service.scim.ServerContextTest"/>
  <testcase name="testGetResourceTypeNotFound" time="0.000" classname="sailpoint.service.scim.ServerContextTest"/>
  <testcase name="testGetSchemaNotFound" time="0.000" classname="sailpoint.service.scim.ServerContextTest"/>
  <testcase name="testGetSchema" time="0.009" classname="sailpoint.service.scim.ServerContextTest"/>
  <testcase name="testGetResourceType" time="0.002" classname="sailpoint.service.scim.ServerContextTest"/>
</testsuite> <!-- sailpoint.service.scim.ServerContextTest -->
