<?xml version="1.0" encoding="UTF-8"?>
<!-- Generated by org.testng.reporters.JUnitReportReporter -->
<testsuite skipped="0" hostname="sunfish.sailpoint.com" name="sailpoint.api.PasswordGeneratorTests" tests="5" failures="0" timestamp="11 May 2021 16:09:47 GMT" time="0.420" errors="0">
  <testcase name="makeSureAllSetOnlyContainsSpecialCharsFromSysConfig" time="0.103" classname="sailpoint.api.PasswordGeneratorTests"/>
  <testcase name="readSpecialCharsFromSysConfig" time="0.073" classname="sailpoint.api.PasswordGeneratorTests"/>
  <testcase name="readDefaultSpecialChars" time="0.098" classname="sailpoint.api.PasswordGeneratorTests"/>
  <testcase name="makeSurePasswordUsesAllCharsFromSpecialCharsFromSysConfig" time="0.067" classname="sailpoint.api.PasswordGeneratorTests"/>
  <testcase name="singleCharacterSpecialCharsSet" time="0.079" classname="sailpoint.api.PasswordGeneratorTests"/>
</testsuite> <!-- sailpoint.api.PasswordGeneratorTests -->
