<?xml version="1.0" encoding="UTF-8"?>
<!-- Generated by org.testng.reporters.JUnitReportReporter -->
<testsuite skipped="0" hostname="sunfish.sailpoint.com" name="sailpoint.reporting.LiveReportTests" tests="5" failures="0" timestamp="11 May 2021 16:09:46 GMT" time="14.461" errors="0">
  <testcase name="testLegacyReportEmailAttachment" time="2.812" classname="sailpoint.reporting.LiveReportTests"/>
  <testcase name="testPDFReportEmailAttachmentName" time="2.704" classname="sailpoint.reporting.LiveReportTests"/>
  <testcase name="testReportEmailMultipleAttachments" time="2.808" classname="sailpoint.reporting.LiveReportTests"/>
  <testcase name="testPDFReportEmailAttachment" time="2.865" classname="sailpoint.reporting.LiveReportTests"/>
  <testcase name="testCsvReportEmailAttachment" time="3.272" classname="sailpoint.reporting.LiveReportTests"/>
</testsuite> <!-- sailpoint.reporting.LiveReportTests -->
