<?xml version="1.0" encoding="UTF-8"?>
<!-- Generated by org.testng.reporters.JUnitReportReporter -->
<testsuite skipped="0" hostname="sunfish.sailpoint.com" name="sailpoint.service.identityrequest.IdentityRequestItemDTOTests" tests="3" failures="0" timestamp="11 May 2021 16:09:47 GMT" time="4.156" errors="0">
  <testcase name="testIdentityRequestItemDTO" time="1.607" classname="sailpoint.service.identityrequest.IdentityRequestItemDTOTests"/>
  <testcase name="testIdentityRequestItemDTOCompilationStatus" time="1.063" classname="sailpoint.service.identityrequest.IdentityRequestItemDTOTests"/>
  <testcase name="testIdentityRequestItemDTOForNullProvisioningEngine" time="1.486" classname="sailpoint.service.identityrequest.IdentityRequestItemDTOTests"/>
</testsuite> <!-- sailpoint.service.identityrequest.IdentityRequestItemDTOTests -->
