<?xml version="1.0" encoding="UTF-8"?>
<!-- Generated by org.testng.reporters.JUnitReportReporter -->
<testsuite skipped="0" hostname="sunfish.sailpoint.com" name="sailpoint.tools.FileToolsTests" tests="6" failures="0" timestamp="11 May 2021 16:09:46 GMT" time="0.000" errors="0">
  <testcase name="testGetExtensionMultipleDots" time="0.000" classname="sailpoint.tools.FileToolsTests"/>
  <testcase name="testGetExtensionSingleDot" time="0.000" classname="sailpoint.tools.FileToolsTests"/>
  <testcase name="testGetExtensionNoDot" time="0.000" classname="sailpoint.tools.FileToolsTests"/>
  <testcase name="testGetExtensionNullPath" time="0.000" classname="sailpoint.tools.FileToolsTests"/>
  <testcase name="testGetExtension" time="0.000" classname="sailpoint.tools.FileToolsTests"/>
  <testcase name="testGetExtensionEmptyPath" time="0.000" classname="sailpoint.tools.FileToolsTests"/>
</testsuite> <!-- sailpoint.tools.FileToolsTests -->
