<?xml version="1.0" encoding="UTF-8"?>
<!-- Generated by org.testng.reporters.JUnitReportReporter -->
<testsuite skipped="0" hostname="sunfish.sailpoint.com" name="sailpoint.api.CertItemOwnerHistoryTests" tests="3" failures="0" timestamp="11 May 2021 16:09:47 GMT" time="40.354" errors="0">
  <testcase name="testCertificationOwner" time="19.746" classname="sailpoint.api.CertItemOwnerHistoryTests"/>
  <testcase name="testSortHistories" time="1.992" classname="sailpoint.api.CertItemOwnerHistoryTests"/>
  <testcase name="testPreReassignment" time="18.616" classname="sailpoint.api.CertItemOwnerHistoryTests"/>
</testsuite> <!-- sailpoint.api.CertItemOwnerHistoryTests -->
