<?xml version="1.0" encoding="UTF-8"?>
<!-- Generated by org.testng.reporters.JUnitReportReporter -->
<testsuite skipped="0" hostname="sunfish.sailpoint.com" name="sailpoint.object.MFAConfigTest" tests="2" failures="0" timestamp="11 May 2021 16:09:47 GMT" time="0.143" errors="0">
  <testcase name="testImport" time="0.077" classname="sailpoint.object.MFAConfigTest"/>
  <testcase name="testSuccess" time="0.066" classname="sailpoint.object.MFAConfigTest"/>
</testsuite> <!-- sailpoint.object.MFAConfigTest -->
