<?xml version="1.0" encoding="UTF-8"?>
<!-- Generated by org.testng.reporters.JUnitReportReporter -->
<testsuite skipped="0" hostname="sunfish.sailpoint.com" name="sailpoint.api.rolepropagation.RolePropagationRequestBuilderTests" tests="3" failures="0" timestamp="11 May 2021 16:09:47 GMT" time="0.105" errors="0">
  <testcase name="testBuildFinishRequest" time="0.006" classname="sailpoint.api.rolepropagation.RolePropagationRequestBuilderTests"/>
  <testcase name="testBuildTransitionRequests" time="0.020" classname="sailpoint.api.rolepropagation.RolePropagationRequestBuilderTests"/>
  <testcase name="testBuildProvisionRequests" time="0.079" classname="sailpoint.api.rolepropagation.RolePropagationRequestBuilderTests"/>
</testsuite> <!-- sailpoint.api.rolepropagation.RolePropagationRequestBuilderTests -->
