<?xml version="1.0" encoding="UTF-8"?>
<!-- Generated by org.testng.reporters.JUnitReportReporter -->
<testsuite skipped="0" hostname="sunfish.sailpoint.com" name="sailpoint.rest.TaskResultResourceTest" tests="10" failures="0" timestamp="11 May 2021 16:09:47 GMT" time="0.309" errors="0">
  <testcase name="getTaskResultProgressInvalid" time="0.046" classname="sailpoint.rest.TaskResultResourceTest"/>
  <testcase name="getTaskResult" time="0.033" classname="sailpoint.rest.TaskResultResourceTest"/>
  <testcase name="testTerminateTaskResult" time="0.045" classname="sailpoint.rest.TaskResultResourceTest"/>
  <testcase name="getTaskResultProgressNull" time="0.005" classname="sailpoint.rest.TaskResultResourceTest"/>
  <testcase name="getTaskResultStatusValid" time="0.036" classname="sailpoint.rest.TaskResultResourceTest"/>
  <testcase name="getTaskResultStatusInvalid" time="0.045" classname="sailpoint.rest.TaskResultResourceTest"/>
  <testcase name="testStackTrace" time="0.028" classname="sailpoint.rest.TaskResultResourceTest"/>
  <testcase name="getTaskResultProgressValid" time="0.032" classname="sailpoint.rest.TaskResultResourceTest"/>
  <testcase name="testGetNotFound" time="0.033" classname="sailpoint.rest.TaskResultResourceTest"/>
  <testcase name="getTaskResultStatusNull" time="0.006" classname="sailpoint.rest.TaskResultResourceTest"/>
</testsuite> <!-- sailpoint.rest.TaskResultResourceTest -->
