<?xml version="1.0" encoding="UTF-8"?>
<!-- Generated by org.testng.reporters.JUnitReportReporter -->
<testsuite skipped="0" hostname="sunfish.sailpoint.com" name="sailpoint.service.identityrequest.IdentityRequestListServiceTests" tests="8" failures="0" timestamp="11 May 2021 16:09:47 GMT" time="0.227" errors="0">
  <testcase name="testGetIdentityRequestsForTarget" time="0.010" classname="sailpoint.service.identityrequest.IdentityRequestListServiceTests"/>
  <testcase name="testGetIdentityRequestsForRequester" time="0.008" classname="sailpoint.service.identityrequest.IdentityRequestListServiceTests"/>
  <testcase name="testGetIdentityRequestsWithFilters" time="0.004" classname="sailpoint.service.identityrequest.IdentityRequestListServiceTests"/>
  <testcase name="testGetIdentityRequestsForAdmin" time="0.025" classname="sailpoint.service.identityrequest.IdentityRequestListServiceTests"/>
  <testcase name="testGetIdentityRequestsWithQueryExternalTicket" time="0.151" classname="sailpoint.service.identityrequest.IdentityRequestListServiceTests"/>
  <testcase name="testGetIdentityRequestsWithQueryRequestID" time="0.009" classname="sailpoint.service.identityrequest.IdentityRequestListServiceTests"/>
  <testcase name="testGetIdentityRequestsWithQueryTarget" time="0.007" classname="sailpoint.service.identityrequest.IdentityRequestListServiceTests"/>
  <testcase name="testGetIdentityRequestsWithQueryRequester" time="0.013" classname="sailpoint.service.identityrequest.IdentityRequestListServiceTests"/>
</testsuite> <!-- sailpoint.service.identityrequest.IdentityRequestListServiceTests -->
