<?xml version="1.0" encoding="UTF-8"?>
<!-- Generated by org.testng.reporters.JUnitReportReporter -->
<testsuite skipped="0" hostname="sunfish.sailpoint.com" name="sailpoint.pam.credential.BeyondTrustCredentialManagerTest" tests="3" failures="0" timestamp="11 May 2021 16:09:47 GMT" time="0.001" errors="0">
  <testcase name="testResultCache" time="0.000" classname="sailpoint.pam.credential.BeyondTrustCredentialManagerTest"/>
  <testcase name="testDisableCache" time="0.001" classname="sailpoint.pam.credential.BeyondTrustCredentialManagerTest"/>
  <testcase name="testCacheExpiration" time="0.000" classname="sailpoint.pam.credential.BeyondTrustCredentialManagerTest"/>
</testsuite> <!-- sailpoint.pam.credential.BeyondTrustCredentialManagerTest -->
