<?xml version="1.0" encoding="UTF-8"?>
<!-- Generated by org.testng.reporters.JUnitReportReporter -->
<testsuite skipped="0" hostname="sunfish.sailpoint.com" name="sailpoint.messaging.MessagingTests" tests="4" failures="0" timestamp="11 May 2021 16:09:47 GMT" time="0.218" errors="0">
  <testcase name="sendValidSMSMesssageWithMockSender" time="0.001" classname="sailpoint.messaging.MessagingTests"/>
  <testcase name="sendValidSMSMesssageWithEmailSender" time="0.206" classname="sailpoint.messaging.MessagingTests"/>
  <testcase name="failInvalidSMSMessageWithEmailSender" time="0.011" classname="sailpoint.messaging.MessagingTests"/>
  <testcase name="failInvalidSMSMessageWithMockSender" time="0.000" classname="sailpoint.messaging.MessagingTests"/>
</testsuite> <!-- sailpoint.messaging.MessagingTests -->
