<?xml version="1.0" encoding="UTF-8"?>
<!-- Generated by org.testng.reporters.JUnitReportReporter -->
<testsuite skipped="0" hostname="sunfish.sailpoint.com" name="sailpoint.rest.CertificationItemResourceTest" tests="11" failures="0" timestamp="11 May 2021 16:09:47 GMT" time="6.249" errors="0">
  <testcase name="testGetViolationRemediationAdvice" time="0.968" classname="sailpoint.rest.CertificationItemResourceTest"/>
  <testcase name="testGetChallengeDetails" time="0.418" classname="sailpoint.rest.CertificationItemResourceTest"/>
  <testcase name="testGetRevokableRoles" time="0.420" classname="sailpoint.rest.CertificationItemResourceTest"/>
  <testcase name="testSetItemClassificationData" time="0.472" classname="sailpoint.rest.CertificationItemResourceTest"/>
  <testcase name="testPostEntitlementComment" time="0.549" classname="sailpoint.rest.CertificationItemResourceTest"/>
  <testcase name="testGetViolationRemediationAdviceWithDelegatedRoles" time="1.066" classname="sailpoint.rest.CertificationItemResourceTest"/>
  <testcase name="testGetMissingRolesRemediationAdvice" time="0.467" classname="sailpoint.rest.CertificationItemResourceTest"/>
  <testcase name="testGetRemediationSummary" time="0.515" classname="sailpoint.rest.CertificationItemResourceTest"/>
  <testcase name="testGetSummary" time="0.464" classname="sailpoint.rest.CertificationItemResourceTest"/>
  <testcase name="testPostEntitlementCommentByDelgatee" time="0.377" classname="sailpoint.rest.CertificationItemResourceTest"/>
  <testcase name="testCalculateSummary" time="0.533" classname="sailpoint.rest.CertificationItemResourceTest"/>
</testsuite> <!-- sailpoint.rest.CertificationItemResourceTest -->
