<?xml version="1.0" encoding="UTF-8"?>
<!-- Generated by org.testng.reporters.JUnitReportReporter -->
<testsuite skipped="0" hostname="sunfish.sailpoint.com" name="sailpoint.rest.AuthenticationFilterTest" tests="7" failures="0" timestamp="11 May 2021 16:09:47 GMT" time="0.151" errors="0">
  <testcase name="testAuthenticateInvalidPassword" time="0.026" classname="sailpoint.rest.AuthenticationFilterTest"/>
  <testcase name="testAuthenticateEncryptedPasswordFails" time="0.045" classname="sailpoint.rest.AuthenticationFilterTest"/>
  <testcase name="testAuthenticate" time="0.044" classname="sailpoint.rest.AuthenticationFilterTest"/>
  <testcase name="testIsAuthRequestNotBasic" time="0.000" classname="sailpoint.rest.AuthenticationFilterTest"/>
  <testcase name="testIsAuthRequest" time="0.000" classname="sailpoint.rest.AuthenticationFilterTest"/>
  <testcase name="testAuthenticateNotEncoded" time="0.001" classname="sailpoint.rest.AuthenticationFilterTest"/>
  <testcase name="testAuthenticateInactiveUser" time="0.035" classname="sailpoint.rest.AuthenticationFilterTest"/>
</testsuite> <!-- sailpoint.rest.AuthenticationFilterTest -->
