<?xml version="1.0" encoding="UTF-8"?>
<!-- Generated by org.testng.reporters.JUnitReportReporter -->
<testsuite skipped="0" hostname="sunfish.sailpoint.com" name="sailpoint.service.TablePreferencesServiceTests" tests="13" failures="0" timestamp="11 May 2021 16:09:47 GMT" time="0.746" errors="0">
  <testcase name="testHasNoTableGroupingPreference" time="0.003" classname="sailpoint.service.TablePreferencesServiceTests"/>
  <testcase name="testTableColumnPreferencesInitialization" time="0.052" classname="sailpoint.service.TablePreferencesServiceTests"/>
  <testcase name="testLazyUpgradeRemovesInvalidColumns" time="0.230" classname="sailpoint.service.TablePreferencesServiceTests"/>
  <testcase name="testSetTableColumnPreferencesSetsUnselectedColumns" time="0.061" classname="sailpoint.service.TablePreferencesServiceTests"/>
  <testcase name="testGetTableColumnPreferenceMergeNewColumns" time="0.007" classname="sailpoint.service.TablePreferencesServiceTests"/>
  <testcase name="testHasTableGroupingPreference" time="0.038" classname="sailpoint.service.TablePreferencesServiceTests"/>
  <testcase name="testGetTableColumnPreferencesUpdatesProperty" time="0.005" classname="sailpoint.service.TablePreferencesServiceTests"/>
  <testcase name="testGetTableGroupingPreferences" time="0.031" classname="sailpoint.service.TablePreferencesServiceTests"/>
  <testcase name="testSetTableGroupingPreferences" time="0.060" classname="sailpoint.service.TablePreferencesServiceTests"/>
  <testcase name="testGetTableColumnPreferencesNoPreference" time="0.004" classname="sailpoint.service.TablePreferencesServiceTests"/>
  <testcase name="testGetTableColumnPreferences" time="0.007" classname="sailpoint.service.TablePreferencesServiceTests"/>
  <testcase name="testSetTableColumnPreferencesEmptyThrows" time="0.044" classname="sailpoint.service.TablePreferencesServiceTests"/>
  <testcase name="testLazyUpgradeAddsNewColumns" time="0.204" classname="sailpoint.service.TablePreferencesServiceTests"/>
</testsuite> <!-- sailpoint.service.TablePreferencesServiceTests -->
