<?xml version="1.0" encoding="UTF-8"?>
<!-- Generated by org.testng.reporters.JUnitReportReporter -->
<testsuite skipped="0" hostname="sunfish.sailpoint.com" name="sailpoint.alert.AlertAggregationTests" tests="5" failures="0" timestamp="11 May 2021 16:09:47 GMT" time="2.310" errors="0">
  <testcase name="testCreationRule" time="0.065" classname="sailpoint.alert.AlertAggregationTests"/>
  <testcase name="testCorrelationRule" time="0.071" classname="sailpoint.alert.AlertAggregationTests"/>
  <testcase name="testAggTaskDef" time="2.056" classname="sailpoint.alert.AlertAggregationTests"/>
  <testcase name="testAggregateObjects" time="0.060" classname="sailpoint.alert.AlertAggregationTests"/>
  <testcase name="testIgnoredObjects" time="0.058" classname="sailpoint.alert.AlertAggregationTests"/>
</testsuite> <!-- sailpoint.alert.AlertAggregationTests -->
