<?xml version="1.0" encoding="UTF-8"?>
<!-- Generated by org.testng.reporters.JUnitReportReporter -->
<testsuite skipped="0" hostname="sunfish.sailpoint.com" name="sailpoint.rest.scim.UserResourceDeleteTest" tests="25" failures="0" timestamp="11 May 2021 16:09:47 GMT" time="5.811" errors="0">
  <testcase name="testDeleteMultiByteUserById" time="0.640" classname="sailpoint.rest.scim.UserResourceDeleteTest"/>
  <testcase name="testUpdateUserAsSCIMDeleteDenied" time="0.136" classname="sailpoint.rest.scim.UserResourceDeleteTest"/>
  <testcase name="testDeleteUserAsSCIMSchemaDenied" time="0.177" classname="sailpoint.rest.scim.UserResourceDeleteTest"/>
  <testcase name="testDeleteUserBearerAuth" time="0.244" classname="sailpoint.rest.scim.UserResourceDeleteTest"/>
  <testcase name="testDeleteUserAsSCIMResourceDenied" time="0.168" classname="sailpoint.rest.scim.UserResourceDeleteTest"/>
  <testcase name="testDeleteUserAsInvalidPasswordDenied" time="0.166" classname="sailpoint.rest.scim.UserResourceDeleteTest"/>
  <testcase name="testDeleteUserAsSCIMExec" time="0.252" classname="sailpoint.rest.scim.UserResourceDeleteTest"/>
  <testcase name="testDeleteUserAsSCIMNormalDenied" time="0.126" classname="sailpoint.rest.scim.UserResourceDeleteTest"/>
  <testcase name="testDeleteUser" time="0.289" classname="sailpoint.rest.scim.UserResourceDeleteTest"/>
  <testcase name="testDeleteUserAsSCIMDelete" time="0.253" classname="sailpoint.rest.scim.UserResourceDeleteTest"/>
  <testcase name="testDeleteUserMethodNotAllowed" time="0.174" classname="sailpoint.rest.scim.UserResourceDeleteTest"/>
  <testcase name="testDeleteUserAsSCIMReadDenied" time="0.175" classname="sailpoint.rest.scim.UserResourceDeleteTest"/>
  <testcase name="testDeleteFunkyUserName" time="0.346" classname="sailpoint.rest.scim.UserResourceDeleteTest"/>
  <testcase name="testDeleteUserAsInvalidUsernameDenied" time="0.122" classname="sailpoint.rest.scim.UserResourceDeleteTest"/>
  <testcase name="testDeleteUserAsSCIMFull" time="0.185" classname="sailpoint.rest.scim.UserResourceDeleteTest"/>
  <testcase name="testDeleteUserAsSCIMCreateDenied" time="0.200" classname="sailpoint.rest.scim.UserResourceDeleteTest"/>
  <testcase name="testDeleteUserNotFound" time="0.191" classname="sailpoint.rest.scim.UserResourceDeleteTest"/>
  <testcase name="testDeleteUserAsAdminInvalidPasswordDenied" time="0.167" classname="sailpoint.rest.scim.UserResourceDeleteTest"/>
  <testcase name="testDeleteUserModified" time="0.302" classname="sailpoint.rest.scim.UserResourceDeleteTest"/>
  <testcase name="testDeleteUserAsSCIMUpdateDenied" time="0.137" classname="sailpoint.rest.scim.UserResourceDeleteTest"/>
  <testcase name="testReadUserAsSCIMDeleteDenied" time="0.182" classname="sailpoint.rest.scim.UserResourceDeleteTest"/>
  <testcase name="testDeleteUserModifiedFail" time="0.210" classname="sailpoint.rest.scim.UserResourceDeleteTest"/>
  <testcase name="testDeleteMultiByteUserByUserName" time="0.633" classname="sailpoint.rest.scim.UserResourceDeleteTest"/>
  <testcase name="testResourceSchemasAsSCIMDeleteDenied" time="0.195" classname="sailpoint.rest.scim.UserResourceDeleteTest"/>
  <testcase name="testCreateUserAsSCIMDeleteDenied" time="0.141" classname="sailpoint.rest.scim.UserResourceDeleteTest"/>
</testsuite> <!-- sailpoint.rest.scim.UserResourceDeleteTest -->
