<?xml version="1.0" encoding="UTF-8"?>
<!-- Generated by org.testng.reporters.JUnitReportReporter -->
<testsuite skipped="0" hostname="sunfish.sailpoint.com" name="sailpoint.api.WorkItemExpirationScannerTests" tests="1" failures="0" timestamp="11 May 2021 16:09:46 GMT" time="16.431" errors="0">
  <testcase name="testWorkItemReminder" time="16.431" classname="sailpoint.api.WorkItemExpirationScannerTests"/>
</testsuite> <!-- sailpoint.api.WorkItemExpirationScannerTests -->
