<?xml version="1.0" encoding="UTF-8"?>
<!-- Generated by org.testng.reporters.JUnitReportReporter -->
<testsuite skipped="0" hostname="sunfish.sailpoint.com" name="sailpoint.alert.AlertMatcherTests" tests="5" failures="0" timestamp="11 May 2021 16:09:46 GMT" time="0.015" errors="0">
  <testcase name="testMultiMatchTerm" time="0.000" classname="sailpoint.alert.AlertMatcherTests"/>
  <testcase name="testSimpleMatchTerm" time="0.002" classname="sailpoint.alert.AlertMatcherTests"/>
  <testcase name="testRuleMatch" time="0.008" classname="sailpoint.alert.AlertMatcherTests"/>
  <testcase name="testMultiLevelMatching" time="0.004" classname="sailpoint.alert.AlertMatcherTests"/>
  <testcase name="testRuleAndTermMatching" time="0.001" classname="sailpoint.alert.AlertMatcherTests"/>
</testsuite> <!-- sailpoint.alert.AlertMatcherTests -->
