<?xml version="1.0" encoding="UTF-8"?>
<!-- Generated by org.testng.reporters.JUnitReportReporter -->
<testsuite skipped="0" hostname="sunfish.sailpoint.com" name="sailpoint.web.view.certification.CertificationItemDescriptionColumnTests" tests="4" failures="0" timestamp="11 May 2021 16:09:47 GMT" time="0.125" errors="0">
  <testcase name="testRoles" time="0.009" classname="sailpoint.web.view.certification.CertificationItemDescriptionColumnTests"/>
  <testcase name="testExceptionAccountGroup" time="0.037" classname="sailpoint.web.view.certification.CertificationItemDescriptionColumnTests"/>
  <testcase name="testPolicyViolation" time="0.058" classname="sailpoint.web.view.certification.CertificationItemDescriptionColumnTests"/>
  <testcase name="testException" time="0.021" classname="sailpoint.web.view.certification.CertificationItemDescriptionColumnTests"/>
</testsuite> <!-- sailpoint.web.view.certification.CertificationItemDescriptionColumnTests -->
