<?xml version="1.0" encoding="UTF-8"?>
<!-- Generated by org.testng.reporters.JUnitReportReporter -->
<testsuite skipped="0" hostname="sunfish.sailpoint.com" name="sailpoint.api.NewCertificationTests" tests="24" failures="0" timestamp="11 May 2021 16:09:47 GMT" time="78.409" errors="0">
  <testcase name="testCertificationTaskRestart" time="8.952" classname="sailpoint.api.NewCertificationTests"/>
  <testcase name="testClassifications" time="2.582" classname="sailpoint.api.NewCertificationTests"/>
  <testcase name="testManualCertifier" time="2.149" classname="sailpoint.api.NewCertificationTests"/>
  <testcase name="testRoleFilter" time="2.643" classname="sailpoint.api.NewCertificationTests"/>
  <testcase name="testManagerCertifier" time="2.400" classname="sailpoint.api.NewCertificationTests"/>
  <testcase name="testAccountCertification" time="2.406" classname="sailpoint.api.NewCertificationTests"/>
  <testcase name="testManagerCertifierWithIdentityTypeOverrideNoDefault" time="2.195" classname="sailpoint.api.NewCertificationTests"/>
  <testcase name="testOwnerCertifier" time="2.585" classname="sailpoint.api.NewCertificationTests"/>
  <testcase name="testBuildingWithRule" time="2.717" classname="sailpoint.api.NewCertificationTests"/>
  <testcase name="testEntitlementOwnerCertifier" time="3.139" classname="sailpoint.api.NewCertificationTests"/>
  <testcase name="testCertificationPartitioning" time="3.296" classname="sailpoint.api.NewCertificationTests"/>
  <testcase name="testCertificationGroupUniqueName" time="6.228" classname="sailpoint.api.NewCertificationTests"/>
  <testcase name="testCertificationCache" time="4.240" classname="sailpoint.api.NewCertificationTests"/>
  <testcase name="testManagerCertifierWithIdentityTypeOverride" time="2.535" classname="sailpoint.api.NewCertificationTests"/>
  <testcase name="testArchivedEntityRetention" time="2.241" classname="sailpoint.api.NewCertificationTests"/>
  <testcase name="testCertPartitionRestart" time="3.249" classname="sailpoint.api.NewCertificationTests"/>
  <testcase name="testRuleCertifier" time="2.346" classname="sailpoint.api.NewCertificationTests"/>
  <testcase name="testEntitlementFilter" time="3.317" classname="sailpoint.api.NewCertificationTests"/>
  <testcase name="testSetsRecommendationsGeneratedFalse" time="4.444" classname="sailpoint.api.NewCertificationTests"/>
  <testcase name="testBuildingWithPopulation" time="2.235" classname="sailpoint.api.NewCertificationTests"/>
  <testcase name="testTargetPermissionFiltering" time="3.154" classname="sailpoint.api.NewCertificationTests"/>
  <testcase name="testCertificationSynchronousResult" time="2.520" classname="sailpoint.api.NewCertificationTests"/>
  <testcase name="testEntitlementFilterCaseInsensitive" time="2.670" classname="sailpoint.api.NewCertificationTests"/>
  <testcase name="testSetsRecommendationsGeneratedTrue" time="4.166" classname="sailpoint.api.NewCertificationTests"/>
</testsuite> <!-- sailpoint.api.NewCertificationTests -->
