<?xml version="1.0" encoding="UTF-8"?>
<!-- Generated by org.testng.reporters.JUnitReportReporter -->
<testsuite skipped="0" hostname="sunfish.sailpoint.com" name="sailpoint.tools.CronStringTests" tests="2" failures="0" timestamp="11 May 2021 16:09:47 GMT" time="0.003" errors="0">
  <testcase name="testCronStringFrequency" time="0.003" classname="sailpoint.tools.CronStringTests"/>
  <testcase name="testCronStringInput" time="0.000" classname="sailpoint.tools.CronStringTests"/>
</testsuite> <!-- sailpoint.tools.CronStringTests -->
