<?xml version="1.0" encoding="UTF-8"?>
<!-- Generated by org.testng.reporters.JUnitReportReporter -->
<testsuite skipped="0" hostname="sunfish.sailpoint.com" name="sailpoint.service.ManagePasswordConfigDTOTests" tests="2" failures="0" timestamp="11 May 2021 16:09:47 GMT" time="0.187" errors="0">
  <testcase name="testDontAllowPasswordGeneration" time="0.087" classname="sailpoint.service.ManagePasswordConfigDTOTests"/>
  <testcase name="testAllowPasswordGeneration" time="0.100" classname="sailpoint.service.ManagePasswordConfigDTOTests"/>
</testsuite> <!-- sailpoint.service.ManagePasswordConfigDTOTests -->
