<?xml version="1.0" encoding="UTF-8"?>
<!-- Generated by org.testng.reporters.JUnitReportReporter -->
<testsuite skipped="0" hostname="sunfish.sailpoint.com" name="sailpoint.rest.ServerStatisticResourceTest" tests="3" failures="0" timestamp="11 May 2021 16:09:46 GMT" time="0.200" errors="0">
  <testcase name="testObjectNotFound" time="0.027" classname="sailpoint.rest.ServerStatisticResourceTest"/>
  <testcase name="testAuthorization" time="0.148" classname="sailpoint.rest.ServerStatisticResourceTest"/>
  <testcase name="testGet" time="0.025" classname="sailpoint.rest.ServerStatisticResourceTest"/>
</testsuite> <!-- sailpoint.rest.ServerStatisticResourceTest -->
