<?xml version="1.0" encoding="UTF-8"?>
<!-- Generated by org.testng.reporters.JUnitReportReporter -->
<testsuite skipped="0" hostname="sunfish.sailpoint.com" name="sailpoint.lcm.LCMTests" tests="65" failures="0" timestamp="11 May 2021 16:09:47 GMT" time="1007.865" errors="0">
  <testcase name="testNativeChangeFilterManualItemsWithLeftover" time="16.341" classname="sailpoint.lcm.LCMTests"/>
  <testcase name="testMultipleAccountsRequest" time="9.315" classname="sailpoint.lcm.LCMTests"/>
  <testcase name="testPlanInitializerAccountIDChange" time="12.522" classname="sailpoint.lcm.LCMTests"/>
  <testcase name="testEnableRetry" time="27.163" classname="sailpoint.lcm.LCMTests"/>
  <testcase name="testWorkflowBasedRetry" time="21.645" classname="sailpoint.lcm.LCMTests"/>
  <testcase name="testNativeChangeDetectionApproval" time="24.700" classname="sailpoint.lcm.LCMTests"/>
  <testcase name="testEntitlementRequest" time="27.203" classname="sailpoint.lcm.LCMTests"/>
  <testcase name="testSimulatedProvisioningError" time="32.358" classname="sailpoint.lcm.LCMTests"/>
  <testcase name="testEntitlementRequestSOD" time="14.871" classname="sailpoint.lcm.LCMTests"/>
  <testcase name="testNativeChangeDetectionWithDuplicateAttribute" time="23.716" classname="sailpoint.lcm.LCMTests"/>
  <testcase name="testEnableRetryTimeout" time="14.399" classname="sailpoint.lcm.LCMTests"/>
  <testcase name="testApprovalStepLibraryEscalation" time="28.418" classname="sailpoint.lcm.LCMTests"/>
  <testcase name="testPlanInitializerAccountIDChangeFail" time="11.618" classname="sailpoint.lcm.LCMTests"/>
  <testcase name="testSchemaAttributeVerification" time="16.571" classname="sailpoint.lcm.LCMTests"/>
  <testcase name="testEntitlementUpdateOnDetectedRoleRemovalWithSunset" time="7.353" classname="sailpoint.lcm.LCMTests"/>
  <testcase name="testEntitlementRemoveRequestWithObjectOnResult" time="10.736" classname="sailpoint.lcm.LCMTests"/>
  <testcase name="testNoDecisionItemRemoval" time="7.145" classname="sailpoint.lcm.LCMTests"/>
  <testcase name="testPasswordUpdate" time="13.751" classname="sailpoint.lcm.LCMTests"/>
  <testcase name="testScannerMissingNativeIdentity" time="11.128" classname="sailpoint.lcm.LCMTests"/>
  <testcase name="testApplyQueuedCreate" time="32.517" classname="sailpoint.lcm.LCMTests"/>
  <testcase name="testWorkflowCheckStatus" time="24.092" classname="sailpoint.lcm.LCMTests"/>
  <testcase name="testEnableAccountNotificationNoApproval" time="11.915" classname="sailpoint.lcm.LCMTests"/>
  <testcase name="testEnableAccount" time="13.710" classname="sailpoint.lcm.LCMTests"/>
  <testcase name="testEnableRetryIntegrationExecutor" time="29.437" classname="sailpoint.lcm.LCMTests"/>
  <testcase name="testManageAccountCreate" time="14.895" classname="sailpoint.lcm.LCMTests"/>
  <testcase name="testNativeChangeAsync" time="16.034" classname="sailpoint.lcm.LCMTests"/>
  <testcase name="testNativeChangeDetectionMultiAggregations" time="17.107" classname="sailpoint.lcm.LCMTests"/>
  <testcase name="testLockAccount" time="16.075" classname="sailpoint.lcm.LCMTests"/>
  <testcase name="testGrainularQueuedResult" time="39.543" classname="sailpoint.lcm.LCMTests"/>
  <testcase name="testEsigAutoApproval" time="20.807" classname="sailpoint.lcm.LCMTests"/>
  <testcase name="testUnlockWithAssignments" time="20.865" classname="sailpoint.lcm.LCMTests"/>
  <testcase name="testMultiCreatesSameAppUsingFormRef" time="11.044" classname="sailpoint.lcm.LCMTests"/>
  <testcase name="testDeletePolicyManualActionUsingFormReference" time="10.063" classname="sailpoint.lcm.LCMTests"/>
  <testcase name="testOwnerSetOnAutoApproval" time="8.760" classname="sailpoint.lcm.LCMTests"/>
  <testcase name="testQuotedEntitlementValue" time="11.172" classname="sailpoint.lcm.LCMTests"/>
  <testcase name="testNotificationStepLibraryWorkflow" time="6.322" classname="sailpoint.lcm.LCMTests"/>
  <testcase name="testPolicyNone" time="7.023" classname="sailpoint.lcm.LCMTests"/>
  <testcase name="testNativeChangeFilterManualItemsForRemediation" time="12.294" classname="sailpoint.lcm.LCMTests"/>
  <testcase name="testIntegrationNoResultReturned" time="9.725" classname="sailpoint.lcm.LCMTests"/>
  <testcase name="testViolationReview" time="4.178" classname="sailpoint.lcm.LCMTests"/>
  <testcase name="testEnableAccountQueueProvisioningStatus" time="12.096" classname="sailpoint.lcm.LCMTests"/>
  <testcase name="testBooleanCommit" time="14.780" classname="sailpoint.lcm.LCMTests"/>
  <testcase name="testSunsetDateChange" time="6.268" classname="sailpoint.lcm.LCMTests"/>
  <testcase name="testAttributeAssignmentThroughCerts" time="26.826" classname="sailpoint.lcm.LCMTests"/>
  <testcase name="testDeleteAccount" time="15.170" classname="sailpoint.lcm.LCMTests"/>
  <testcase name="testPasswordChangeViaSubProcess" time="13.881" classname="sailpoint.lcm.LCMTests"/>
  <testcase name="testManualEntitlements" time="17.204" classname="sailpoint.lcm.LCMTests"/>
  <testcase name="testMultiCreatesSameApp" time="11.357" classname="sailpoint.lcm.LCMTests"/>
  <testcase name="testDisableAccount" time="15.463" classname="sailpoint.lcm.LCMTests"/>
  <testcase name="testEntitlementValueWithComma" time="10.090" classname="sailpoint.lcm.LCMTests"/>
  <testcase name="testNativeChangeFilterManualItems" time="15.760" classname="sailpoint.lcm.LCMTests"/>
  <testcase name="testNativeChangeAccountDeletion" time="15.620" classname="sailpoint.lcm.LCMTests"/>
  <testcase name="testEntitlementRequestsMadeByApproverWithAuditEvents" time="10.794" classname="sailpoint.lcm.LCMTests"/>
  <testcase name="testPendingEntitlementRemoval" time="19.413" classname="sailpoint.lcm.LCMTests"/>
  <testcase name="testDeletePolicyManualAction" time="12.220" classname="sailpoint.lcm.LCMTests"/>
  <testcase name="testFilteredItems" time="11.180" classname="sailpoint.lcm.LCMTests"/>
  <testcase name="testEntitlementRequestsMadeByApprover" time="22.941" classname="sailpoint.lcm.LCMTests"/>
  <testcase name="testUnLockAccount" time="15.303" classname="sailpoint.lcm.LCMTests"/>
  <testcase name="testUnLockIdentityRequestHandler" time="13.890" classname="sailpoint.lcm.LCMTests"/>
  <testcase name="testDerivedAccountCreate" time="8.584" classname="sailpoint.lcm.LCMTests"/>
  <testcase name="testTriggerEvaluationCount" time="5.849" classname="sailpoint.lcm.LCMTests"/>
  <testcase name="testNativeChangeDetection" time="26.566" classname="sailpoint.lcm.LCMTests"/>
  <testcase name="noActivePolicyNoCheckViolation" time="7.644" classname="sailpoint.lcm.LCMTests"/>
  <testcase name="noPolicyNoCheckViolation" time="5.404" classname="sailpoint.lcm.LCMTests"/>
  <testcase name="testRequestTypeMessageUtil" time="5.031" classname="sailpoint.lcm.LCMTests"/>
</testsuite> <!-- sailpoint.lcm.LCMTests -->
