<?xml version="1.0" encoding="UTF-8"?>
<!-- Generated by org.testng.reporters.JUnitReportReporter -->
<testsuite skipped="0" hostname="sunfish.sailpoint.com" name="sailpoint.web.UserRightsEditValidatorTests" tests="14" failures="0" timestamp="11 May 2021 16:09:47 GMT" time="0.023" errors="0">
  <testcase name="testCapabilityNoChanges" time="0.003" classname="sailpoint.web.UserRightsEditValidatorTests"/>
  <testcase name="testRemoveCapabilityNoRight" time="0.001" classname="sailpoint.web.UserRightsEditValidatorTests"/>
  <testcase name="testCapabilitySystemAdmin" time="0.000" classname="sailpoint.web.UserRightsEditValidatorTests"/>
  <testcase name="testCapabilityNoChangesNullNewList" time="0.000" classname="sailpoint.web.UserRightsEditValidatorTests"/>
  <testcase name="testCapabilityEditorHasCapability" time="0.001" classname="sailpoint.web.UserRightsEditValidatorTests"/>
  <testcase name="testCapabilityNoRight" time="0.001" classname="sailpoint.web.UserRightsEditValidatorTests"/>
  <testcase name="testCapabilityEditorDoesNotHaveCapability" time="0.011" classname="sailpoint.web.UserRightsEditValidatorTests"/>
  <testcase name="testScopeEditorHasScope" time="0.000" classname="sailpoint.web.UserRightsEditValidatorTests"/>
  <testcase name="testScopeSystemAdmin" time="0.000" classname="sailpoint.web.UserRightsEditValidatorTests"/>
  <testcase name="testScopeNoChangesNullNewList" time="0.000" classname="sailpoint.web.UserRightsEditValidatorTests"/>
  <testcase name="testScopeNoRight" time="0.001" classname="sailpoint.web.UserRightsEditValidatorTests"/>
  <testcase name="testScopeEditorDoesNotHaveScope" time="0.004" classname="sailpoint.web.UserRightsEditValidatorTests"/>
  <testcase name="testRemoveCapabilityEditorDoesNotHaveCapability" time="0.000" classname="sailpoint.web.UserRightsEditValidatorTests"/>
  <testcase name="testScopeNoChanges" time="0.001" classname="sailpoint.web.UserRightsEditValidatorTests"/>
</testsuite> <!-- sailpoint.web.UserRightsEditValidatorTests -->
