<?xml version="1.0" encoding="UTF-8"?>
<!-- Generated by org.testng.reporters.JUnitReportReporter -->
<testsuite skipped="0" hostname="sunfish.sailpoint.com" name="sailpoint.web.system.MFAConfigBeanTest" tests="2" failures="0" timestamp="11 May 2021 16:09:47 GMT" time="0.027" errors="0">
  <testcase name="testSaveAndRetreive" time="0.024" classname="sailpoint.web.system.MFAConfigBeanTest"/>
  <testcase name="testValidationFailure" time="0.003" classname="sailpoint.web.system.MFAConfigBeanTest"/>
</testsuite> <!-- sailpoint.web.system.MFAConfigBeanTest -->
