<?xml version="1.0" encoding="UTF-8"?>
<!-- Generated by org.testng.reporters.JUnitReportReporter -->
<testsuite skipped="0" hostname="sunfish.sailpoint.com" name="sailpoint.service.scim.ServerMappingConfigurationTest" tests="2" failures="0" timestamp="11 May 2021 16:09:47 GMT" time="0.009" errors="0">
  <testcase name="testConfiguration" time="0.005" classname="sailpoint.service.scim.ServerMappingConfigurationTest"/>
  <testcase name="testScimConfiguration" time="0.004" classname="sailpoint.service.scim.ServerMappingConfigurationTest"/>
</testsuite> <!-- sailpoint.service.scim.ServerMappingConfigurationTest -->
