<?xml version="1.0" encoding="UTF-8"?>
<!-- Generated by org.testng.reporters.JUnitReportReporter -->
<testsuite skipped="0" hostname="sunfish.sailpoint.com" name="sailpoint.api.XmlTests" tests="3" failures="0" timestamp="11 May 2021 16:09:47 GMT" time="0.019" errors="0">
  <testcase name="testJavaSerialization" time="0.010" classname="sailpoint.api.XmlTests"/>
  <testcase name="testSubclassesInCollection" time="0.003" classname="sailpoint.api.XmlTests"/>
  <testcase name="testXmlSerialization" time="0.006" classname="sailpoint.api.XmlTests"/>
</testsuite> <!-- sailpoint.api.XmlTests -->
