<?xml version="1.0" encoding="UTF-8"?>
<!-- Generated by org.testng.reporters.JUnitReportReporter -->
<testsuite skipped="0" hostname="sunfish.sailpoint.com" name="sailpoint.service.scim.UserServiceTest" tests="15" failures="0" timestamp="11 May 2021 16:09:47 GMT" time="0.582" errors="0">
  <testcase name="testGetResourceNotFound" time="0.002" classname="sailpoint.service.scim.UserServiceTest"/>
  <testcase name="testListResourceMaxCount" time="0.000" classname="sailpoint.service.scim.UserServiceTest"/>
  <testcase name="testCreateResource" time="0.100" classname="sailpoint.service.scim.UserServiceTest"/>
  <testcase name="testListResourceCountZeroReturnsTotalResults" time="0.005" classname="sailpoint.service.scim.UserServiceTest"/>
  <testcase name="testAuditResourcesConfigurationUpdated" time="0.010" classname="sailpoint.service.scim.UserServiceTest"/>
  <testcase name="testUpdateUserWithInvalidPassword" time="0.040" classname="sailpoint.service.scim.UserServiceTest"/>
  <testcase name="testListResourceStartIndexLessThanOne" time="0.074" classname="sailpoint.service.scim.UserServiceTest"/>
  <testcase name="testGetResource" time="0.025" classname="sailpoint.service.scim.UserServiceTest"/>
  <testcase name="testDeleteResourceNotFound" time="0.002" classname="sailpoint.service.scim.UserServiceTest"/>
  <testcase name="testCreateUserWithInvalidPassword" time="0.181" classname="sailpoint.service.scim.UserServiceTest"/>
  <testcase name="testUpdateResource" time="0.062" classname="sailpoint.service.scim.UserServiceTest"/>
  <testcase name="testDeleteUserModified" time="0.003" classname="sailpoint.service.scim.UserServiceTest"/>
  <testcase name="testUpdateResourceNotFound" time="0.002" classname="sailpoint.service.scim.UserServiceTest"/>
  <testcase name="testUpdateUserClearingFields" time="0.072" classname="sailpoint.service.scim.UserServiceTest"/>
  <testcase name="testCreateUserWithMissingUserName" time="0.004" classname="sailpoint.service.scim.UserServiceTest"/>
</testsuite> <!-- sailpoint.service.scim.UserServiceTest -->
