<?xml version="1.0" encoding="UTF-8"?>
<!-- Generated by org.testng.reporters.JUnitReportReporter -->
<testsuite skipped="0" hostname="sunfish.sailpoint.com" name="sailpoint.rest.RequestResourceTest" tests="2" failures="0" timestamp="11 May 2021 16:09:46 GMT" time="0.234" errors="0">
  <testcase name="testGetRequestDefinitionTypes" time="0.132" classname="sailpoint.rest.RequestResourceTest"/>
  <testcase name="testList" time="0.102" classname="sailpoint.rest.RequestResourceTest"/>
</testsuite> <!-- sailpoint.rest.RequestResourceTest -->
