<?xml version="1.0" encoding="UTF-8"?>
<!-- Generated by org.testng.reporters.JUnitReportReporter -->
<testsuite skipped="0" hostname="sunfish.sailpoint.com" name="sailpoint.api.certification.PolicyViolationCertificationManagerTests" tests="10" failures="0" timestamp="11 May 2021 16:09:47 GMT" time="15.281" errors="0">
  <testcase name="testRemediation" time="7.044" classname="sailpoint.api.certification.PolicyViolationCertificationManagerTests"/>
  <testcase name="testRemediationEntitlementSODWithAttributeAssignment" time="0.989" classname="sailpoint.api.certification.PolicyViolationCertificationManagerTests"/>
  <testcase name="testDelegationCleanup" time="1.278" classname="sailpoint.api.certification.PolicyViolationCertificationManagerTests"/>
  <testcase name="testGetViolationDecisionChoicesNoRemediated" time="0.823" classname="sailpoint.api.certification.PolicyViolationCertificationManagerTests"/>
  <testcase name="testGetViolationDecisionChoicesWithAllowAcknowledge" time="0.876" classname="sailpoint.api.certification.PolicyViolationCertificationManagerTests"/>
  <testcase name="testMitigation" time="0.954" classname="sailpoint.api.certification.PolicyViolationCertificationManagerTests"/>
  <testcase name="testAcknowledge" time="0.896" classname="sailpoint.api.certification.PolicyViolationCertificationManagerTests"/>
  <testcase name="testGetViolationDecisionChoicesNoAllowAcknowledge" time="0.804" classname="sailpoint.api.certification.PolicyViolationCertificationManagerTests"/>
  <testcase name="testGetViolationDecisionChoicesWithDelgated" time="0.809" classname="sailpoint.api.certification.PolicyViolationCertificationManagerTests"/>
  <testcase name="testGetViolationDecisionChoicesWithoutDelgated" time="0.808" classname="sailpoint.api.certification.PolicyViolationCertificationManagerTests"/>
</testsuite> <!-- sailpoint.api.certification.PolicyViolationCertificationManagerTests -->
