<?xml version="1.0" encoding="UTF-8"?>
<!-- Generated by org.testng.reporters.JUnitReportReporter -->
<testsuite skipped="0" hostname="sunfish.sailpoint.com" name="sailpoint.api.certification.CertificationerTests" tests="1" failures="0" timestamp="11 May 2021 16:09:47 GMT" time="5.301" errors="0">
  <testcase name="testGetWorkItems" time="5.301" classname="sailpoint.api.certification.CertificationerTests"/>
</testsuite> <!-- sailpoint.api.certification.CertificationerTests -->
