<?xml version="1.0" encoding="UTF-8"?>
<!-- Generated by org.testng.reporters.JUnitReportReporter -->
<testsuite skipped="0" hostname="sunfish.sailpoint.com" name="sailpoint.api.certification.IdentityCertificationBuilderTests" tests="3" failures="0" timestamp="11 May 2021 16:09:47 GMT" time="10.202" errors="0">
  <testcase name="testManualCertifierType" time="3.657" classname="sailpoint.api.certification.IdentityCertificationBuilderTests"/>
  <testcase name="testManagerCertifierType" time="3.187" classname="sailpoint.api.certification.IdentityCertificationBuilderTests"/>
  <testcase name="testManagerCertifierTypeWithWorkgroup" time="3.358" classname="sailpoint.api.certification.IdentityCertificationBuilderTests"/>
</testsuite> <!-- sailpoint.api.certification.IdentityCertificationBuilderTests -->
