<?xml version="1.0" encoding="UTF-8"?>
<!-- Generated by org.testng.reporters.JUnitReportReporter -->
<testsuite skipped="0" hostname="sunfish.sailpoint.com" name="sailpoint.fam.FAMClassificationServiceTest" tests="2" failures="0" timestamp="11 May 2021 16:09:47 GMT" time="0.081" errors="0">
  <testcase name="testGetClassificationsWithCorrelation" time="0.018" classname="sailpoint.fam.FAMClassificationServiceTest"/>
  <testcase name="testGetClassificationsNoCorrelation" time="0.063" classname="sailpoint.fam.FAMClassificationServiceTest"/>
</testsuite> <!-- sailpoint.fam.FAMClassificationServiceTest -->
