<?xml version="1.0" encoding="UTF-8"?>
<!-- Generated by org.testng.reporters.JUnitReportReporter -->
<testsuite skipped="0" hostname="sunfish.sailpoint.com" name="sailpoint.connector.SimpleDelimitedFileTests" tests="10" failures="0" timestamp="11 May 2021 16:09:47 GMT" time="128.397" errors="0">
  <testcase name="testAttributeMapping" time="12.698" classname="sailpoint.connector.SimpleDelimitedFileTests"/>
  <testcase name="testNegativeIterateObjects" time="13.452" classname="sailpoint.connector.SimpleDelimitedFileTests"/>
  <testcase name="testPreAndPostScripts" time="12.484" classname="sailpoint.connector.SimpleDelimitedFileTests"/>
  <testcase name="testDelimitedPartitioning" time="12.918" classname="sailpoint.connector.SimpleDelimitedFileTests"/>
  <testcase name="testFetchNonExistingObject" time="12.297" classname="sailpoint.connector.SimpleDelimitedFileTests"/>
  <testcase name="testGetObject" time="12.449" classname="sailpoint.connector.SimpleDelimitedFileTests"/>
  <testcase name="testCreateDefaultApplication" time="13.360" classname="sailpoint.connector.SimpleDelimitedFileTests"/>
  <testcase name="testIterateObjects" time="12.783" classname="sailpoint.connector.SimpleDelimitedFileTests"/>
  <testcase name="testTestConfiguration" time="12.836" classname="sailpoint.connector.SimpleDelimitedFileTests"/>
  <testcase name="testSchemaAttributeFiltering" time="13.120" classname="sailpoint.connector.SimpleDelimitedFileTests"/>
</testsuite> <!-- sailpoint.connector.SimpleDelimitedFileTests -->
