<?xml version="1.0" encoding="UTF-8"?>
<!-- Generated by org.testng.reporters.JUnitReportReporter -->
<testsuite skipped="0" hostname="sunfish.sailpoint.com" name="sailpoint.authorization.RightAuthorizerTest" tests="5" failures="0" timestamp="11 May 2021 16:09:46 GMT" time="0.000" errors="0">
  <testcase name="testOnlyRequiresOneRight" time="0.000" classname="sailpoint.authorization.RightAuthorizerTest"/>
  <testcase name="testBasicUser" time="0.000" classname="sailpoint.authorization.RightAuthorizerTest"/>
  <testcase name="testAboutPageUser" time="0.000" classname="sailpoint.authorization.RightAuthorizerTest"/>
  <testcase name="testAdmin" time="0.000" classname="sailpoint.authorization.RightAuthorizerTest"/>
  <testcase name="testBasicUserFailure" time="0.000" classname="sailpoint.authorization.RightAuthorizerTest"/>
</testsuite> <!-- sailpoint.authorization.RightAuthorizerTest -->
