<?xml version="1.0" encoding="UTF-8"?>
<!-- Generated by org.testng.reporters.JUnitReportReporter -->
<testsuite skipped="0" hostname="sunfish.sailpoint.com" name="sailpoint.api.ObjectUtilTests" tests="13" failures="0" timestamp="11 May 2021 16:09:47 GMT" time="6.314" errors="0">
  <testcase name="testScrubAttributes" time="0.446" classname="sailpoint.api.ObjectUtilTests"/>
  <testcase name="testScrubApprovalSet" time="0.432" classname="sailpoint.api.ObjectUtilTests"/>
  <testcase name="testGetPartitionedInFilters" time="0.467" classname="sailpoint.api.ObjectUtilTests"/>
  <testcase name="testScrubProject" time="0.847" classname="sailpoint.api.ObjectUtilTests"/>
  <testcase name="testScrubPasswordsAndClone" time="0.463" classname="sailpoint.api.ObjectUtilTests"/>
  <testcase name="testGetStringPropFromObj" time="0.427" classname="sailpoint.api.ObjectUtilTests"/>
  <testcase name="testSetTargetPermission" time="0.443" classname="sailpoint.api.ObjectUtilTests"/>
  <testcase name="tetGetTargetPermission" time="0.481" classname="sailpoint.api.ObjectUtilTests"/>
  <testcase name="testHasName" time="0.455" classname="sailpoint.api.ObjectUtilTests"/>
  <testcase name="testIsEncoded" time="0.500" classname="sailpoint.api.ObjectUtilTests"/>
  <testcase name="testIsReservedAttributeName" time="0.453" classname="sailpoint.api.ObjectUtilTests"/>
  <testcase name="testGetTargetPermissions" time="0.463" classname="sailpoint.api.ObjectUtilTests"/>
  <testcase name="testConvertToNames" time="0.437" classname="sailpoint.api.ObjectUtilTests"/>
</testsuite> <!-- sailpoint.api.ObjectUtilTests -->
