<?xml version="1.0" encoding="UTF-8"?>
<!-- Generated by org.testng.reporters.JUnitReportReporter -->
<testsuite skipped="0" hostname="sunfish.sailpoint.com" name="sailpoint.rest.NotificationsResourceTest" tests="2" failures="0" timestamp="11 May 2021 16:09:47 GMT" time="0.224" errors="0">
  <testcase name="testGetSettings" time="0.117" classname="sailpoint.rest.NotificationsResourceTest"/>
  <testcase name="testGetSettingsReminder" time="0.107" classname="sailpoint.rest.NotificationsResourceTest"/>
</testsuite> <!-- sailpoint.rest.NotificationsResourceTest -->
