<?xml version="1.0" encoding="UTF-8"?>
<!-- Generated by org.testng.reporters.JUnitReportReporter -->
<testsuite skipped="0" hostname="sunfish.sailpoint.com" name="sailpoint.rapidsetup.constraint.impl.AndEvaluatorTests" tests="4" failures="0" timestamp="11 May 2021 16:09:47 GMT" time="0.005" errors="0">
  <testcase name="test_and_empty_children" time="0.004" classname="sailpoint.rapidsetup.constraint.impl.AndEvaluatorTests"/>
  <testcase name="test_and_true" time="0.000" classname="sailpoint.rapidsetup.constraint.impl.AndEvaluatorTests"/>
  <testcase name="test_and_false" time="0.001" classname="sailpoint.rapidsetup.constraint.impl.AndEvaluatorTests"/>
  <testcase name="test_and_null_children" time="0.000" classname="sailpoint.rapidsetup.constraint.impl.AndEvaluatorTests"/>
</testsuite> <!-- sailpoint.rapidsetup.constraint.impl.AndEvaluatorTests -->
