<?xml version="1.0" encoding="UTF-8"?>
<!-- Generated by org.testng.reporters.JUnitReportReporter -->
<testsuite skipped="0" hostname="sunfish.sailpoint.com" name="sailpoint.rest.ui.quicklink.IdentityResourceTests" tests="12" failures="0" timestamp="11 May 2021 16:09:47 GMT" time="1.515" errors="0">
  <testcase name="testGetRoleDetails" time="0.321" classname="sailpoint.rest.ui.quicklink.IdentityResourceTests"/>
  <testcase name="testGetEntitlementDetails" time="0.231" classname="sailpoint.rest.ui.quicklink.IdentityResourceTests"/>
  <testcase name="testGetForwardInfo" time="0.057" classname="sailpoint.rest.ui.quicklink.IdentityResourceTests"/>
  <testcase name="testGetIdentityAttributesWithDisallowed" time="0.047" classname="sailpoint.rest.ui.quicklink.IdentityResourceTests"/>
  <testcase name="testGetEntitlementRoles" time="0.073" classname="sailpoint.rest.ui.quicklink.IdentityResourceTests"/>
  <testcase name="testGetRoleHierarchy" time="0.142" classname="sailpoint.rest.ui.quicklink.IdentityResourceTests"/>
  <testcase name="testGetIdentityAttributes" time="0.051" classname="sailpoint.rest.ui.quicklink.IdentityResourceTests"/>
  <testcase name="testGetEffectiveAccess" time="0.051" classname="sailpoint.rest.ui.quicklink.IdentityResourceTests"/>
  <testcase name="testSubmitChange" time="0.212" classname="sailpoint.rest.ui.quicklink.IdentityResourceTests"/>
  <testcase name="testGetConstraints" time="0.031" classname="sailpoint.rest.ui.quicklink.IdentityResourceTests"/>
  <testcase name="testUnlockIdentity" time="0.093" classname="sailpoint.rest.ui.quicklink.IdentityResourceTests"/>
  <testcase name="testUpdateForwardInfo" time="0.206" classname="sailpoint.rest.ui.quicklink.IdentityResourceTests"/>
</testsuite> <!-- sailpoint.rest.ui.quicklink.IdentityResourceTests -->
