<?xml version="1.0" encoding="UTF-8"?>
<!-- Generated by org.testng.reporters.JUnitReportReporter -->
<testsuite skipped="0" hostname="sunfish.sailpoint.com" name="sailpoint.rapidsetup.constraint.impl.IdentityEvaluatorTests" tests="7" failures="0" timestamp="11 May 2021 16:09:47 GMT" time="0.018" errors="0">
  <testcase name="test_identity_changed_to_by_map_name" time="0.001" classname="sailpoint.rapidsetup.constraint.impl.IdentityEvaluatorTests"/>
  <testcase name="test_identity_startsWith" time="0.005" classname="sailpoint.rapidsetup.constraint.impl.IdentityEvaluatorTests"/>
  <testcase name="test_identity_ne" time="0.002" classname="sailpoint.rapidsetup.constraint.impl.IdentityEvaluatorTests"/>
  <testcase name="test_identity_eq" time="0.003" classname="sailpoint.rapidsetup.constraint.impl.IdentityEvaluatorTests"/>
  <testcase name="test_identity_changed_from" time="0.004" classname="sailpoint.rapidsetup.constraint.impl.IdentityEvaluatorTests"/>
  <testcase name="test_identity_changed_to_by_name" time="0.001" classname="sailpoint.rapidsetup.constraint.impl.IdentityEvaluatorTests"/>
  <testcase name="test_identity_changed_to_by_map_id" time="0.002" classname="sailpoint.rapidsetup.constraint.impl.IdentityEvaluatorTests"/>
</testsuite> <!-- sailpoint.rapidsetup.constraint.impl.IdentityEvaluatorTests -->
