<?xml version="1.0" encoding="UTF-8"?>
<!-- Generated by org.testng.reporters.JUnitReportReporter -->
<testsuite skipped="0" hostname="sunfish.sailpoint.com" name="sailpoint.scim.common.SCIMObjectTest" tests="36" failures="0" timestamp="11 May 2021 16:09:47 GMT" time="0.004" errors="0">
  <testcase name="testGetBooleanThrowsNPE" time="0.000" classname="sailpoint.scim.common.SCIMObjectTest"/>
  <testcase name="testGetListThrowsNPE" time="0.000" classname="sailpoint.scim.common.SCIMObjectTest"/>
  <testcase name="testNotEmptySimpleValueDate" time="0.000" classname="sailpoint.scim.common.SCIMObjectTest"/>
  <testcase name="testNotEmptyMultiValue" time="0.001" classname="sailpoint.scim.common.SCIMObjectTest"/>
  <testcase name="testNotEmptySimpleValueString" time="0.000" classname="sailpoint.scim.common.SCIMObjectTest"/>
  <testcase name="testGetIntValue" time="0.000" classname="sailpoint.scim.common.SCIMObjectTest"/>
  <testcase name="testAddValueComplextNotEmpty" time="0.000" classname="sailpoint.scim.common.SCIMObjectTest"/>
  <testcase name="testGetCreates" time="0.000" classname="sailpoint.scim.common.SCIMObjectTest"/>
  <testcase name="testGetStringThrowsNPE" time="0.000" classname="sailpoint.scim.common.SCIMObjectTest"/>
  <testcase name="testSetValueNull" time="0.000" classname="sailpoint.scim.common.SCIMObjectTest"/>
  <testcase name="testGetList" time="0.001" classname="sailpoint.scim.common.SCIMObjectTest"/>
  <testcase name="testNotEmptySimpleValueBoolean" time="0.000" classname="sailpoint.scim.common.SCIMObjectTest"/>
  <testcase name="testGet" time="0.000" classname="sailpoint.scim.common.SCIMObjectTest"/>
  <testcase name="testAddValueComplexEmpty" time="0.000" classname="sailpoint.scim.common.SCIMObjectTest"/>
  <testcase name="testGetBooleanValue" time="0.000" classname="sailpoint.scim.common.SCIMObjectTest"/>
  <testcase name="testGetMeta" time="0.000" classname="sailpoint.scim.common.SCIMObjectTest"/>
  <testcase name="testAddValueThrowsNPE" time="0.001" classname="sailpoint.scim.common.SCIMObjectTest"/>
  <testcase name="testEmptyComplexValue" time="0.000" classname="sailpoint.scim.common.SCIMObjectTest"/>
  <testcase name="testEmptyReference" time="0.000" classname="sailpoint.scim.common.SCIMObjectTest"/>
  <testcase name="testNotEmptyReference" time="0.000" classname="sailpoint.scim.common.SCIMObjectTest"/>
  <testcase name="testNotEmptyReferenceType" time="0.000" classname="sailpoint.scim.common.SCIMObjectTest"/>
  <testcase name="testNotEmptySimpleValueInteger" time="0.001" classname="sailpoint.scim.common.SCIMObjectTest"/>
  <testcase name="testGetValue" time="0.000" classname="sailpoint.scim.common.SCIMObjectTest"/>
  <testcase name="testGetValueThrowsNPE" time="0.000" classname="sailpoint.scim.common.SCIMObjectTest"/>
  <testcase name="testSetMetaThrowsNPE" time="0.000" classname="sailpoint.scim.common.SCIMObjectTest"/>
  <testcase name="testAddValue" time="0.000" classname="sailpoint.scim.common.SCIMObjectTest"/>
  <testcase name="testNotEmptyComplexValue" time="0.000" classname="sailpoint.scim.common.SCIMObjectTest"/>
  <testcase name="testEmptySimpleValue" time="0.000" classname="sailpoint.scim.common.SCIMObjectTest"/>
  <testcase name="testEmptyMultiValue" time="0.000" classname="sailpoint.scim.common.SCIMObjectTest"/>
  <testcase name="testSetValue" time="0.000" classname="sailpoint.scim.common.SCIMObjectTest"/>
  <testcase name="testGetIntThrowsNPE" time="0.000" classname="sailpoint.scim.common.SCIMObjectTest"/>
  <testcase name="testEmptyReferenceType" time="0.000" classname="sailpoint.scim.common.SCIMObjectTest"/>
  <testcase name="testGetStringValue" time="0.000" classname="sailpoint.scim.common.SCIMObjectTest"/>
  <testcase name="testGetThrowsNPE" time="0.000" classname="sailpoint.scim.common.SCIMObjectTest"/>
  <testcase name="testRemove" time="0.000" classname="sailpoint.scim.common.SCIMObjectTest"/>
  <testcase name="testNotEmptySimpleValueDecimal" time="0.000" classname="sailpoint.scim.common.SCIMObjectTest"/>
</testsuite> <!-- sailpoint.scim.common.SCIMObjectTest -->
