<?xml version="1.0" encoding="UTF-8"?>
<!-- Generated by org.testng.reporters.JUnitReportReporter -->
<testsuite skipped="0" hostname="sunfish.sailpoint.com" name="sailpoint.service.scim.SCIMFilterTest" tests="10" failures="0" timestamp="11 May 2021 16:09:47 GMT" time="0.004" errors="0">
  <testcase name="testAnd" time="0.003" classname="sailpoint.service.scim.SCIMFilterTest"/>
  <testcase name="testStartsWith" time="0.000" classname="sailpoint.service.scim.SCIMFilterTest"/>
  <testcase name="testGreaterThanOrEqual" time="0.000" classname="sailpoint.service.scim.SCIMFilterTest"/>
  <testcase name="testLessThanOrEqual" time="0.000" classname="sailpoint.service.scim.SCIMFilterTest"/>
  <testcase name="testPr" time="0.000" classname="sailpoint.service.scim.SCIMFilterTest"/>
  <testcase name="testInvalidFilters" time="0.001" classname="sailpoint.service.scim.SCIMFilterTest"/>
  <testcase name="testEq" time="0.000" classname="sailpoint.service.scim.SCIMFilterTest"/>
  <testcase name="testCo" time="0.000" classname="sailpoint.service.scim.SCIMFilterTest"/>
  <testcase name="testLessThan" time="0.000" classname="sailpoint.service.scim.SCIMFilterTest"/>
  <testcase name="testGreaterThan" time="0.000" classname="sailpoint.service.scim.SCIMFilterTest"/>
</testsuite> <!-- sailpoint.service.scim.SCIMFilterTest -->
