<?xml version="1.0" encoding="UTF-8"?>
<!-- Generated by org.testng.reporters.JUnitReportReporter -->
<testsuite skipped="0" hostname="sunfish.sailpoint.com" name="sailpoint.object.FieldTests" tests="4" failures="0" timestamp="11 May 2021 16:09:47 GMT" time="0.139" errors="0">
  <testcase name="testReadOnlyPersistence" time="0.003" classname="sailpoint.object.FieldTests"/>
  <testcase name="testAppDependencies" time="0.002" classname="sailpoint.object.FieldTests"/>
  <testcase name="testHiddenPersistence" time="0.003" classname="sailpoint.object.FieldTests"/>
  <testcase name="testAttributeMapDynamicValue" time="0.131" classname="sailpoint.object.FieldTests"/>
</testsuite> <!-- sailpoint.object.FieldTests -->
