<?xml version="1.0" encoding="UTF-8"?>
<!-- Generated by org.testng.reporters.JUnitReportReporter -->
<testsuite skipped="0" hostname="sunfish.sailpoint.com" name="sailpoint.service.certification.schedule.CertificationScheduleAccountListFilterContextTests" tests="3" failures="0" timestamp="11 May 2021 16:09:47 GMT" time="0.009" errors="0">
  <testcase name="testApplicationMapping" time="0.007" classname="sailpoint.service.certification.schedule.CertificationScheduleAccountListFilterContextTests"/>
  <testcase name="testObjectAttributeFilters" time="0.001" classname="sailpoint.service.certification.schedule.CertificationScheduleAccountListFilterContextTests"/>
  <testcase name="testDefaultFilters" time="0.001" classname="sailpoint.service.certification.schedule.CertificationScheduleAccountListFilterContextTests"/>
</testsuite> <!-- sailpoint.service.certification.schedule.CertificationScheduleAccountListFilterContextTests -->
