<?xml version="1.0" encoding="UTF-8"?>
<!-- Generated by org.testng.reporters.JUnitReportReporter -->
<testsuite skipped="0" hostname="sunfish.sailpoint.com" name="sailpoint.api.FullTextTests" tests="6" failures="0" timestamp="11 May 2021 16:09:47 GMT" time="37.293" errors="0">
  <testcase name="testUnstructuredSearch" time="2.474" classname="sailpoint.api.FullTextTests"/>
  <testcase name="testSearchStringFiltering" time="5.513" classname="sailpoint.api.FullTextTests"/>
  <testcase name="testRoleTcodeSearch" time="8.933" classname="sailpoint.api.FullTextTests"/>
  <testcase name="testBundleManagedAttributeIndexing" time="2.589" classname="sailpoint.api.FullTextTests"/>
  <testcase name="testPartitionedRefresh" time="7.737" classname="sailpoint.api.FullTextTests"/>
  <testcase name="testTcodeSearch" time="10.047" classname="sailpoint.api.FullTextTests"/>
</testsuite> <!-- sailpoint.api.FullTextTests -->
