<?xml version="1.0" encoding="UTF-8"?>
<!-- Generated by org.testng.reporters.JUnitReportReporter -->
<testsuite skipped="0" hostname="sunfish.sailpoint.com" name="sailpoint.plugin.SqlScriptExecutorTests" tests="14" failures="0" timestamp="11 May 2021 16:09:47 GMT" time="0.019" errors="0">
  <testcase name="testStripComments" time="0.000" classname="sailpoint.plugin.SqlScriptExecutorTests"/>
  <testcase name="testExecuteDB2Script" time="0.002" classname="sailpoint.plugin.SqlScriptExecutorTests"/>
  <testcase name="testStripComments" time="0.000" classname="sailpoint.plugin.SqlScriptExecutorTests"/>
  <testcase name="testExecuteMySQLScript" time="0.001" classname="sailpoint.plugin.SqlScriptExecutorTests"/>
  <testcase name="testStripComments" time="0.000" classname="sailpoint.plugin.SqlScriptExecutorTests"/>
  <testcase name="testStripComments" time="0.000" classname="sailpoint.plugin.SqlScriptExecutorTests"/>
  <testcase name="testExecuteOracleScript" time="0.015" classname="sailpoint.plugin.SqlScriptExecutorTests"/>
  <testcase name="testStripComments" time="0.000" classname="sailpoint.plugin.SqlScriptExecutorTests"/>
  <testcase name="testExecuteScriptBlock" time="0.001" classname="sailpoint.plugin.SqlScriptExecutorTests"/>
  <testcase name="testStripComments" time="0.000" classname="sailpoint.plugin.SqlScriptExecutorTests"/>
  <testcase name="testStripComments" time="0.000" classname="sailpoint.plugin.SqlScriptExecutorTests"/>
  <testcase name="testExecuteMSSQLScriptWithGOTerminator" time="0.000" classname="sailpoint.plugin.SqlScriptExecutorTests"/>
  <testcase name="testStripComments" time="0.000" classname="sailpoint.plugin.SqlScriptExecutorTests"/>
  <testcase name="testExecuteMSSQLScriptWithSemicolonAndGOTerminator" time="0.000" classname="sailpoint.plugin.SqlScriptExecutorTests"/>
</testsuite> <!-- sailpoint.plugin.SqlScriptExecutorTests -->
