<?xml version="1.0" encoding="UTF-8"?>
<!-- Generated by org.testng.reporters.JUnitReportReporter -->
<testsuite skipped="0" hostname="sunfish.sailpoint.com" name="sailpoint.connector.DefaultConnectorServicesTests" tests="6" failures="0" timestamp="11 May 2021 16:09:47 GMT" time="0.034" errors="0">
  <testcase name="testGetObject" time="0.001" classname="sailpoint.connector.DefaultConnectorServicesTests"/>
  <testcase name="testGetAttributeValue" time="0.003" classname="sailpoint.connector.DefaultConnectorServicesTests"/>
  <testcase name="testRunRule" time="0.002" classname="sailpoint.connector.DefaultConnectorServicesTests"/>
  <testcase name="testSetApplicationAttributes" time="0.017" classname="sailpoint.connector.DefaultConnectorServicesTests"/>
  <testcase name="testdeepCopy" time="0.011" classname="sailpoint.connector.DefaultConnectorServicesTests"/>
  <testcase name="testDecrypt" time="0.000" classname="sailpoint.connector.DefaultConnectorServicesTests"/>
</testsuite> <!-- sailpoint.connector.DefaultConnectorServicesTests -->
