<?xml version="1.0" encoding="UTF-8"?>
<!-- Generated by org.testng.reporters.JUnitReportReporter -->
<testsuite skipped="0" hostname="sunfish.sailpoint.com" name="sailpoint.api.certification.DataOwnerCertTests" tests="17" failures="0" timestamp="11 May 2021 16:09:46 GMT" time="72.526" errors="0">
  <testcase name="dataOwnerRemediation" time="2.931" classname="sailpoint.api.certification.DataOwnerCertTests"/>
  <testcase name="certifiablesApp1Default" time="4.520" classname="sailpoint.api.certification.DataOwnerCertTests"/>
  <testcase name="certEntitiesApp3Default" time="4.374" classname="sailpoint.api.certification.DataOwnerCertTests"/>
  <testcase name="ownerOverride" time="3.378" classname="sailpoint.api.certification.DataOwnerCertTests"/>
  <testcase name="certifiablesApp4Default" time="4.817" classname="sailpoint.api.certification.DataOwnerCertTests"/>
  <testcase name="testDataOwnerSelfCertDelegation" time="4.429" classname="sailpoint.api.certification.DataOwnerCertTests"/>
  <testcase name="certEntitiesApp1NoUnowned" time="4.393" classname="sailpoint.api.certification.DataOwnerCertTests"/>
  <testcase name="contextsApp1DifferentUnownedDataOwner" time="4.562" classname="sailpoint.api.certification.DataOwnerCertTests"/>
  <testcase name="contextsApp1AndApp2" time="4.907" classname="sailpoint.api.certification.DataOwnerCertTests"/>
  <testcase name="testDataOwnerSelfCertification" time="3.671" classname="sailpoint.api.certification.DataOwnerCertTests"/>
  <testcase name="contextsApp1Default" time="5.069" classname="sailpoint.api.certification.DataOwnerCertTests"/>
  <testcase name="testStagedDataOwnerSelfCertNotifications" time="3.693" classname="sailpoint.api.certification.DataOwnerCertTests"/>
  <testcase name="dataOwnerMultiGroups" time="3.872" classname="sailpoint.api.certification.DataOwnerCertTests"/>
  <testcase name="contextsGlobal" time="4.838" classname="sailpoint.api.certification.DataOwnerCertTests"/>
  <testcase name="certEntitiesApp1Default" time="3.367" classname="sailpoint.api.certification.DataOwnerCertTests"/>
  <testcase name="contextsApp1DoNotIncludeUnownedData" time="4.448" classname="sailpoint.api.certification.DataOwnerCertTests"/>
  <testcase name="certifiablesApp1DefaultIncludeEntitlementsGrantedByRoles" time="5.257" classname="sailpoint.api.certification.DataOwnerCertTests"/>
</testsuite> <!-- sailpoint.api.certification.DataOwnerCertTests -->
