<?xml version="1.0" encoding="UTF-8"?>
<!-- Generated by org.testng.reporters.JUnitReportReporter -->
<testsuite skipped="0" hostname="sunfish.sailpoint.com" name="sailpoint.service.policyviolation.PolicyViolationServiceTests" tests="7" failures="0" timestamp="11 May 2021 16:09:46 GMT" time="4.657" errors="0">
  <testcase name="testGetViolationRemediationAdvice" time="0.693" classname="sailpoint.service.policyviolation.PolicyViolationServiceTests"/>
  <testcase name="testGetViolationRemediationAdviceRolesWithClassifications" time="0.634" classname="sailpoint.service.policyviolation.PolicyViolationServiceTests"/>
  <testcase name="testGetViolationRemediationSummaryWithNullPolicyViolation" time="0.561" classname="sailpoint.service.policyviolation.PolicyViolationServiceTests"/>
  <testcase name="testEntitlementsToRemediate" time="0.505" classname="sailpoint.service.policyviolation.PolicyViolationServiceTests"/>
  <testcase name="testtestGetViolationRemediationAdviceWithNullPolicyViolation" time="1.085" classname="sailpoint.service.policyviolation.PolicyViolationServiceTests"/>
  <testcase name="testGetViolationRemediationSummary" time="0.574" classname="sailpoint.service.policyviolation.PolicyViolationServiceTests"/>
  <testcase name="testGetViolationRemediationAdviceRolesWithoutClassifications" time="0.605" classname="sailpoint.service.policyviolation.PolicyViolationServiceTests"/>
</testsuite> <!-- sailpoint.service.policyviolation.PolicyViolationServiceTests -->
