<?xml version="1.0" encoding="UTF-8"?>
<!-- Generated by org.testng.reporters.JUnitReportReporter -->
<testsuite skipped="0" hostname="sunfish.sailpoint.com" name="sailpoint.rest.CertificationEntityResourceTest" tests="11" failures="0" timestamp="11 May 2021 16:09:47 GMT" time="5.472" errors="0">
  <testcase name="testGetDataOwnerEntitlements" time="0.476" classname="sailpoint.rest.CertificationEntityResourceTest"/>
  <testcase name="testGetSummary" time="0.508" classname="sailpoint.rest.CertificationEntityResourceTest"/>
  <testcase name="testGetRelatedRoles" time="0.430" classname="sailpoint.rest.CertificationEntityResourceTest"/>
  <testcase name="testGetAccountGroupMemberships" time="0.555" classname="sailpoint.rest.CertificationEntityResourceTest"/>
  <testcase name="testGetProfiles" time="0.455" classname="sailpoint.rest.CertificationEntityResourceTest"/>
  <testcase name="testGetViolations" time="0.429" classname="sailpoint.rest.CertificationEntityResourceTest"/>
  <testcase name="testGetEntitlements" time="0.565" classname="sailpoint.rest.CertificationEntityResourceTest"/>
  <testcase name="testGetRoles" time="0.511" classname="sailpoint.rest.CertificationEntityResourceTest"/>
  <testcase name="testGetScopesAndCapabilities" time="0.444" classname="sailpoint.rest.CertificationEntityResourceTest"/>
  <testcase name="testGetAccountGroupPermissions" time="0.592" classname="sailpoint.rest.CertificationEntityResourceTest"/>
  <testcase name="testSetClassificationData" time="0.507" classname="sailpoint.rest.CertificationEntityResourceTest"/>
</testsuite> <!-- sailpoint.rest.CertificationEntityResourceTest -->
