<?xml version="1.0" encoding="UTF-8"?>
<!-- Generated by org.testng.reporters.JUnitReportReporter -->
<testsuite skipped="0" hostname="sunfish.sailpoint.com" name="sailpoint.rest.ui.certifications.schedule.CertificationScheduleResourceTests" tests="17" failures="0" timestamp="11 May 2021 16:09:47 GMT" time="4.049" errors="0">
  <testcase name="testGetTemplateCertSchedule" time="0.313" classname="sailpoint.rest.ui.certifications.schedule.CertificationScheduleResourceTests"/>
  <testcase name="testGetPopulations" time="0.082" classname="sailpoint.rest.ui.certifications.schedule.CertificationScheduleResourceTests"/>
  <testcase name="testSaveCertDefinition" time="0.107" classname="sailpoint.rest.ui.certifications.schedule.CertificationScheduleResourceTests"/>
  <testcase name="testGetAdditiionalEntitlementsFilters" time="0.266" classname="sailpoint.rest.ui.certifications.schedule.CertificationScheduleResourceTests"/>
  <testcase name="testGetRoleFilters" time="0.174" classname="sailpoint.rest.ui.certifications.schedule.CertificationScheduleResourceTests"/>
  <testcase name="testGetAccountFiltersSuggest" time="0.325" classname="sailpoint.rest.ui.certifications.schedule.CertificationScheduleResourceTests"/>
  <testcase name="testIdentityFilterSuggest" time="0.490" classname="sailpoint.rest.ui.certifications.schedule.CertificationScheduleResourceTests"/>
  <testcase name="testRoleFilterSuggest" time="0.250" classname="sailpoint.rest.ui.certifications.schedule.CertificationScheduleResourceTests"/>
  <testcase name="testGetDefaultCertSchedule" time="0.054" classname="sailpoint.rest.ui.certifications.schedule.CertificationScheduleResourceTests"/>
  <testcase name="testAuthorization" time="0.462" classname="sailpoint.rest.ui.certifications.schedule.CertificationScheduleResourceTests"/>
  <testcase name="testGetIdentityFilters" time="0.239" classname="sailpoint.rest.ui.certifications.schedule.CertificationScheduleResourceTests"/>
  <testcase name="testSuggestAuthorization" time="0.220" classname="sailpoint.rest.ui.certifications.schedule.CertificationScheduleResourceTests"/>
  <testcase name="testGetAdditionalEntitlementsFilterSuggest" time="0.310" classname="sailpoint.rest.ui.certifications.schedule.CertificationScheduleResourceTests"/>
  <testcase name="testGetCertScheduleFromCertGroup" time="0.424" classname="sailpoint.rest.ui.certifications.schedule.CertificationScheduleResourceTests"/>
  <testcase name="testGetCertSchedule" time="0.097" classname="sailpoint.rest.ui.certifications.schedule.CertificationScheduleResourceTests"/>
  <testcase name="testGetAccountFilters" time="0.198" classname="sailpoint.rest.ui.certifications.schedule.CertificationScheduleResourceTests"/>
  <testcase name="testGetNotFoundCertSchedule" time="0.038" classname="sailpoint.rest.ui.certifications.schedule.CertificationScheduleResourceTests"/>
</testsuite> <!-- sailpoint.rest.ui.certifications.schedule.CertificationScheduleResourceTests -->
