<?xml version="1.0" encoding="UTF-8"?>
<!-- Generated by org.testng.reporters.JUnitReportReporter -->
<testsuite skipped="0" hostname="sunfish.sailpoint.com" name="sailpoint.api.MiscTests" tests="2" failures="0" timestamp="11 May 2021 16:09:47 GMT" time="0.140" errors="0">
  <testcase name="testScriptCompilationArtifacts" time="0.056" classname="sailpoint.api.MiscTests"/>
  <testcase name="testCustomEmailNotifier" time="0.084" classname="sailpoint.api.MiscTests"/>
</testsuite> <!-- sailpoint.api.MiscTests -->
