<?xml version="1.0" encoding="UTF-8"?>
<!-- Generated by org.testng.reporters.JUnitReportReporter -->
<testsuite skipped="0" hostname="sunfish.sailpoint.com" name="sailpoint.api.IdentityEntitlementTests" tests="18" failures="0" timestamp="11 May 2021 16:09:46 GMT" time="242.074" errors="0">
  <testcase name="testUnmatchingAccountIdsAndManualWorkItem" time="13.880" classname="sailpoint.api.IdentityEntitlementTests"/>
  <testcase name="testIdentityEntitlementRoleDataRemoveAllRoles" time="22.516" classname="sailpoint.api.IdentityEntitlementTests"/>
  <testcase name="testOrphandedEntitlementRemoval" time="11.974" classname="sailpoint.api.IdentityEntitlementTests"/>
  <testcase name="testLinkMove" time="8.491" classname="sailpoint.api.IdentityEntitlementTests"/>
  <testcase name="testApprovalNoRecommendations" time="10.272" classname="sailpoint.api.IdentityEntitlementTests"/>
  <testcase name="testEntitlementRemoveAndRolePromotionDuringAgg" time="15.742" classname="sailpoint.api.IdentityEntitlementTests"/>
  <testcase name="testIdentityEntitlementRoleData" time="13.801" classname="sailpoint.api.IdentityEntitlementTests"/>
  <testcase name="testMultiplexedEntitlements" time="4.559" classname="sailpoint.api.IdentityEntitlementTests"/>
  <testcase name="testDuplicateEntitlementRemoval2" time="9.018" classname="sailpoint.api.IdentityEntitlementTests"/>
  <testcase name="testApprovalHasRecommendations" time="11.551" classname="sailpoint.api.IdentityEntitlementTests"/>
  <testcase name="testIdentityEntitlementAggregationOnMultiLinkApp" time="12.113" classname="sailpoint.api.IdentityEntitlementTests"/>
  <testcase name="testUpdateDuringReaggregation" time="10.561" classname="sailpoint.api.IdentityEntitlementTests"/>
  <testcase name="testIdentityEntitlementRoleDataRemoveSingleRole" time="16.945" classname="sailpoint.api.IdentityEntitlementTests"/>
  <testcase name="testDetectedRoleRemoveWithTemplate" time="14.486" classname="sailpoint.api.IdentityEntitlementTests"/>
  <testcase name="testDuplicateEntitlementRemoval" time="7.076" classname="sailpoint.api.IdentityEntitlementTests"/>
  <testcase name="testIdentityEntitlementAggregation" time="11.764" classname="sailpoint.api.IdentityEntitlementTests"/>
  <testcase name="testDisconnectedState" time="29.325" classname="sailpoint.api.IdentityEntitlementTests"/>
  <testcase name="testEntitlementsWithSameName" time="18.000" classname="sailpoint.api.IdentityEntitlementTests"/>
</testsuite> <!-- sailpoint.api.IdentityEntitlementTests -->
