<?xml version="1.0" encoding="UTF-8"?>
<!-- Generated by org.testng.reporters.JUnitReportReporter -->
<testsuite skipped="0" hostname="sunfish.sailpoint.com" name="sailpoint.service.ApplicationServiceTests" tests="2" failures="0" timestamp="11 May 2021 16:09:47 GMT" time="0.019" errors="0">
  <testcase name="testInvalidOperation" time="0.006" classname="sailpoint.service.ApplicationServiceTests"/>
  <testcase name="testGetApplicationDTO" time="0.013" classname="sailpoint.service.ApplicationServiceTests"/>
</testsuite> <!-- sailpoint.service.ApplicationServiceTests -->
