<?xml version="1.0" encoding="UTF-8"?>
<!-- Generated by org.testng.reporters.JUnitReportReporter -->
<testsuite skipped="0" hostname="sunfish.sailpoint.com" name="sailpoint.api.ManagerCorrelationTests" tests="1" failures="0" timestamp="11 May 2021 16:09:46 GMT" time="5.558" errors="0">
  <testcase name="testRuleBasedManagerCorrelation" time="5.558" classname="sailpoint.api.ManagerCorrelationTests"/>
</testsuite> <!-- sailpoint.api.ManagerCorrelationTests -->
