<?xml version="1.0" encoding="UTF-8"?>
<!-- Generated by org.testng.reporters.JUnitReportReporter -->
<testsuite skipped="0" hostname="sunfish.sailpoint.com" name="sailpoint.authorization.QuickLinkLaunchAuthorizerTests" tests="3" failures="0" timestamp="11 May 2021 16:09:47 GMT" time="1.188" errors="0">
  <testcase name="testInvalidQuickLink" time="0.406" classname="sailpoint.authorization.QuickLinkLaunchAuthorizerTests"/>
  <testcase name="sysAdminCanAccessAnything" time="0.389" classname="sailpoint.authorization.QuickLinkLaunchAuthorizerTests"/>
  <testcase name="testValidQuickLink" time="0.393" classname="sailpoint.authorization.QuickLinkLaunchAuthorizerTests"/>
</testsuite> <!-- sailpoint.authorization.QuickLinkLaunchAuthorizerTests -->
