<?xml version="1.0" encoding="UTF-8"?>
<!-- Generated by org.testng.reporters.JUnitReportReporter -->
<testsuite skipped="0" hostname="sunfish.sailpoint.com" name="sailpoint.rapidsetup.constraint.impl.BooleanEvaluatorTests" tests="7" failures="0" timestamp="11 May 2021 16:09:47 GMT" time="0.014" errors="0">
  <testcase name="test_boolean_ne" time="0.001" classname="sailpoint.rapidsetup.constraint.impl.BooleanEvaluatorTests"/>
  <testcase name="test_boolean_changed_from" time="0.002" classname="sailpoint.rapidsetup.constraint.impl.BooleanEvaluatorTests"/>
  <testcase name="test_boolean_eq" time="0.000" classname="sailpoint.rapidsetup.constraint.impl.BooleanEvaluatorTests"/>
  <testcase name="test_boolean_null_attribute" time="0.002" classname="sailpoint.rapidsetup.constraint.impl.BooleanEvaluatorTests"/>
  <testcase name="test_boolean_changed_to" time="0.005" classname="sailpoint.rapidsetup.constraint.impl.BooleanEvaluatorTests"/>
  <testcase name="testException_bogus_value" time="0.003" classname="sailpoint.rapidsetup.constraint.impl.BooleanEvaluatorTests"/>
  <testcase name="test_boolean_missing_value" time="0.001" classname="sailpoint.rapidsetup.constraint.impl.BooleanEvaluatorTests"/>
</testsuite> <!-- sailpoint.rapidsetup.constraint.impl.BooleanEvaluatorTests -->
