<?xml version="1.0" encoding="UTF-8"?>
<!-- Generated by org.testng.reporters.JUnitReportReporter -->
<testsuite skipped="0" hostname="sunfish.sailpoint.com" name="sailpoint.rest.IdentityResourceTest" tests="42" failures="0" timestamp="11 May 2021 16:09:46 GMT" time="7.786" errors="0">
  <testcase name="testGetIdentity" time="0.111" classname="sailpoint.rest.IdentityResourceTest"/>
  <testcase name="testGetIdentityNameFilterByLinksMissingParams" time="0.086" classname="sailpoint.rest.IdentityResourceTest"/>
  <testcase name="testHistoryItemMissingIdParam" time="0.075" classname="sailpoint.rest.IdentityResourceTest"/>
  <testcase name="testGridGetManagedIdentity" time="0.200" classname="sailpoint.rest.IdentityResourceTest"/>
  <testcase name="testExceptions" time="0.305" classname="sailpoint.rest.IdentityResourceTest"/>
  <testcase name="testGridGetManagedIdentityNotFound" time="0.074" classname="sailpoint.rest.IdentityResourceTest"/>
  <testcase name="testExceptionsNotFound" time="0.079" classname="sailpoint.rest.IdentityResourceTest"/>
  <testcase name="testGetIdentityNameFilterByLinksMissingApplicationParam" time="0.086" classname="sailpoint.rest.IdentityResourceTest"/>
  <testcase name="testAggregate" time="0.049" classname="sailpoint.rest.IdentityResourceTest"/>
  <testcase name="testHistoryByItemMissingParam" time="0.064" classname="sailpoint.rest.IdentityResourceTest"/>
  <testcase name="testGetIdentityNameFilterByLinksMissingNativeIdentityParam" time="0.077" classname="sailpoint.rest.IdentityResourceTest"/>
  <testcase name="testCheckAuthorization" time="0.081" classname="sailpoint.rest.IdentityResourceTest"/>
  <testcase name="testWorkItemCountIdentityNotFound" time="0.067" classname="sailpoint.rest.IdentityResourceTest"/>
  <testcase name="testGetIdentityNameFilterByLinks" time="0.184" classname="sailpoint.rest.IdentityResourceTest"/>
  <testcase name="testGridFiltered" time="0.209" classname="sailpoint.rest.IdentityResourceTest"/>
  <testcase name="testCanViewWorkItem" time="0.259" classname="sailpoint.rest.IdentityResourceTest"/>
  <testcase name="testHistory" time="0.140" classname="sailpoint.rest.IdentityResourceTest"/>
  <testcase name="testUpdateIdentity" time="0.317" classname="sailpoint.rest.IdentityResourceTest"/>
  <testcase name="testIdentityEntitlementRoleAuth" time="0.222" classname="sailpoint.rest.IdentityResourceTest"/>
  <testcase name="testRemoteLogin" time="0.135" classname="sailpoint.rest.IdentityResourceTest"/>
  <testcase name="testIdentityEntitlementRoleGetClassifications" time="0.155" classname="sailpoint.rest.IdentityResourceTest"/>
  <testcase name="testManagedPasswordsGridNotFound" time="0.080" classname="sailpoint.rest.IdentityResourceTest"/>
  <testcase name="testGetPopulationNotFound" time="0.071" classname="sailpoint.rest.IdentityResourceTest"/>
  <testcase name="testCreateIdentityPassThroughAuthn" time="1.684" classname="sailpoint.rest.IdentityResourceTest"/>
  <testcase name="testUniversalIntegration" time="0.274" classname="sailpoint.rest.IdentityResourceTest"/>
  <testcase name="testGetManagedIdentity" time="0.075" classname="sailpoint.rest.IdentityResourceTest"/>
  <testcase name="testHistoryByItemCertItemNotFound" time="0.069" classname="sailpoint.rest.IdentityResourceTest"/>
  <testcase name="testHistoryItemNotFound" time="0.084" classname="sailpoint.rest.IdentityResourceTest"/>
  <testcase name="testLinksNotFound" time="0.073" classname="sailpoint.rest.IdentityResourceTest"/>
  <testcase name="testCreateIdentity" time="0.589" classname="sailpoint.rest.IdentityResourceTest"/>
  <testcase name="testManagedPasswordsGrid" time="0.278" classname="sailpoint.rest.IdentityResourceTest"/>
  <testcase name="testGetManagedIdentityNotFound" time="0.080" classname="sailpoint.rest.IdentityResourceTest"/>
  <testcase name="testGetPopulation" time="0.152" classname="sailpoint.rest.IdentityResourceTest"/>
  <testcase name="testGetIdentityNameFilterByLinksMissingApp" time="0.106" classname="sailpoint.rest.IdentityResourceTest"/>
  <testcase name="testCanMakeLCMRequests" time="0.161" classname="sailpoint.rest.IdentityResourceTest"/>
  <testcase name="testHistoryNotFound" time="0.081" classname="sailpoint.rest.IdentityResourceTest"/>
  <testcase name="testHistoryByItem" time="0.166" classname="sailpoint.rest.IdentityResourceTest"/>
  <testcase name="testHistoryItem" time="0.247" classname="sailpoint.rest.IdentityResourceTest"/>
  <testcase name="testLinks" time="0.132" classname="sailpoint.rest.IdentityResourceTest"/>
  <testcase name="testRemoteLoginWithLink" time="0.212" classname="sailpoint.rest.IdentityResourceTest"/>
  <testcase name="testGetIdentityNotFound" time="0.079" classname="sailpoint.rest.IdentityResourceTest"/>
  <testcase name="testGetIdentityNameFilterByLinksMissingLink" time="0.118" classname="sailpoint.rest.IdentityResourceTest"/>
</testsuite> <!-- sailpoint.rest.IdentityResourceTest -->
