<?xml version="1.0" encoding="UTF-8"?>
<!-- Generated by org.testng.reporters.JUnitReportReporter -->
<testsuite skipped="0" hostname="sunfish.sailpoint.com" name="sailpoint.rest.TaskScheduleListResourceTest" tests="3" failures="0" timestamp="11 May 2021 16:09:47 GMT" time="0.677" errors="0">
  <testcase name="testList" time="0.463" classname="sailpoint.rest.TaskScheduleListResourceTest"/>
  <testcase name="testGetTabCounts" time="0.041" classname="sailpoint.rest.TaskScheduleListResourceTest"/>
  <testcase name="testAuthorization" time="0.173" classname="sailpoint.rest.TaskScheduleListResourceTest"/>
</testsuite> <!-- sailpoint.rest.TaskScheduleListResourceTest -->
