<?xml version="1.0" encoding="UTF-8"?>
<!-- Generated by org.testng.reporters.JUnitReportReporter -->
<testsuite skipped="0" hostname="sunfish.sailpoint.com" name="sailpoint.api.ManagedAttributeImporterTests" tests="5" failures="0" timestamp="11 May 2021 16:09:46 GMT" time="0.238" errors="0">
  <testcase name="testMAUpdate" time="0.040" classname="sailpoint.api.ManagedAttributeImporterTests"/>
  <testcase name="testImportSyntaxError" time="0.039" classname="sailpoint.api.ManagedAttributeImporterTests"/>
  <testcase name="testMACreation" time="0.040" classname="sailpoint.api.ManagedAttributeImporterTests"/>
  <testcase name="testMAUpdateWithClassification" time="0.083" classname="sailpoint.api.ManagedAttributeImporterTests"/>
  <testcase name="testMACreationWithClassification" time="0.036" classname="sailpoint.api.ManagedAttributeImporterTests"/>
</testsuite> <!-- sailpoint.api.ManagedAttributeImporterTests -->
