<?xml version="1.0" encoding="UTF-8"?>
<!-- Generated by org.testng.reporters.JUnitReportReporter -->
<testsuite skipped="0" hostname="sunfish.sailpoint.com" name="sailpoint.rest.scim.RoleResourceTest" tests="20" failures="0" timestamp="11 May 2021 16:09:46 GMT" time="1.716" errors="0">
  <testcase name="testGetRoleAsResourceTypeDenied" time="0.029" classname="sailpoint.rest.scim.RoleResourceTest"/>
  <testcase name="testGetRoleExcludeAsRead" time="0.056" classname="sailpoint.rest.scim.RoleResourceTest"/>
  <testcase name="testGetRoleAsInvalidCredential" time="0.057" classname="sailpoint.rest.scim.RoleResourceTest"/>
  <testcase name="testGetRoleIncludeMixedAsRead" time="0.058" classname="sailpoint.rest.scim.RoleResourceTest"/>
  <testcase name="testGetRoleAsSCIMExec" time="0.129" classname="sailpoint.rest.scim.RoleResourceTest"/>
  <testcase name="testGetRoleIncludeNone" time="0.062" classname="sailpoint.rest.scim.RoleResourceTest"/>
  <testcase name="testGetRoleIncludeAttribute" time="0.058" classname="sailpoint.rest.scim.RoleResourceTest"/>
  <testcase name="testGetRoleAsSchemaDenied" time="0.033" classname="sailpoint.rest.scim.RoleResourceTest"/>
  <testcase name="testGetRoleBearerLimitedAuth" time="0.054" classname="sailpoint.rest.scim.RoleResourceTest"/>
  <testcase name="testGetAccountMultiByte" time="0.068" classname="sailpoint.rest.scim.RoleResourceTest"/>
  <testcase name="testGetRoleAccessDenied" time="0.139" classname="sailpoint.rest.scim.RoleResourceTest"/>
  <testcase name="testGetRoleNotFound" time="0.041" classname="sailpoint.rest.scim.RoleResourceTest"/>
  <testcase name="testGetRoleBearerScopedAuthDenied" time="0.026" classname="sailpoint.rest.scim.RoleResourceTest"/>
  <testcase name="testGetRoleBearerAuth" time="0.062" classname="sailpoint.rest.scim.RoleResourceTest"/>
  <testcase name="testGetRoleAsAdmin" time="0.130" classname="sailpoint.rest.scim.RoleResourceTest"/>
  <testcase name="testGetRoleIfNoneMatch" time="0.054" classname="sailpoint.rest.scim.RoleResourceTest"/>
  <testcase name="testGetRoleRight" time="0.441" classname="sailpoint.rest.scim.RoleResourceTest"/>
  <testcase name="testGetRoleIfNoneMatchNotModifiedResponse" time="0.088" classname="sailpoint.rest.scim.RoleResourceTest"/>
  <testcase name="testGetRoleIncludeAsRead" time="0.066" classname="sailpoint.rest.scim.RoleResourceTest"/>
  <testcase name="testAuthorizeFullAccessUser" time="0.065" classname="sailpoint.rest.scim.RoleResourceTest"/>
</testsuite> <!-- sailpoint.rest.scim.RoleResourceTest -->
