<?xml version="1.0" encoding="UTF-8"?>
<!-- Generated by org.testng.reporters.JUnitReportReporter -->
<testsuite skipped="0" hostname="sunfish.sailpoint.com" name="sailpoint.rest.scim.AccountResourceTest" tests="59" failures="0" timestamp="11 May 2021 16:09:47 GMT" time="7.930" errors="0">
  <testcase name="testGetAccountAccessDenied" time="0.201" classname="sailpoint.rest.scim.AccountResourceTest"/>
  <testcase name="testDeleteAccountAsNormalDenied" time="0.031" classname="sailpoint.rest.scim.AccountResourceTest"/>
  <testcase name="testCreateUpdateAccountAsReadDenied" time="0.090" classname="sailpoint.rest.scim.AccountResourceTest"/>
  <testcase name="testDeleteAccountDisabled" time="0.108" classname="sailpoint.rest.scim.AccountResourceTest"/>
  <testcase name="testDeleteAccountDisabledLocked" time="0.102" classname="sailpoint.rest.scim.AccountResourceTest"/>
  <testcase name="testChangePasswordDisabledLocked" time="0.248" classname="sailpoint.rest.scim.AccountResourceTest"/>
  <testcase name="testGetAccountNotFound" time="0.041" classname="sailpoint.rest.scim.AccountResourceTest"/>
  <testcase name="testChangePasswordWithAttributeUpdateEnable" time="0.200" classname="sailpoint.rest.scim.AccountResourceTest"/>
  <testcase name="testChangePasswordWithAttributeUnlock" time="0.222" classname="sailpoint.rest.scim.AccountResourceTest"/>
  <testcase name="testChangePasswordAdminToAdmin" time="0.291" classname="sailpoint.rest.scim.AccountResourceTest"/>
  <testcase name="testChangePasswordDenied" time="0.116" classname="sailpoint.rest.scim.AccountResourceTest"/>
  <testcase name="testDeleteAccountAsUpdateDenied" time="0.046" classname="sailpoint.rest.scim.AccountResourceTest"/>
  <testcase name="testGetAccountBearerLimitedAuth" time="0.060" classname="sailpoint.rest.scim.AccountResourceTest"/>
  <testcase name="testDeleteAccountLocked" time="0.115" classname="sailpoint.rest.scim.AccountResourceTest"/>
  <testcase name="testUpdateAccountETagResourceNotChanged" time="0.184" classname="sailpoint.rest.scim.AccountResourceTest"/>
  <testcase name="testCreateUpdateAccountAsNormalDenied" time="0.083" classname="sailpoint.rest.scim.AccountResourceTest"/>
  <testcase name="testDeleteAccountNotProvisionable" time="0.048" classname="sailpoint.rest.scim.AccountResourceTest"/>
  <testcase name="testUpdateAccountAsCreateDenied" time="0.057" classname="sailpoint.rest.scim.AccountResourceTest"/>
  <testcase name="testDeleteAccountAsAdmin" time="0.040" classname="sailpoint.rest.scim.AccountResourceTest"/>
  <testcase name="testGetAccountAsInvalidCredential" time="0.068" classname="sailpoint.rest.scim.AccountResourceTest"/>
  <testcase name="testGetAccountIfNoneMatch" time="0.072" classname="sailpoint.rest.scim.AccountResourceTest"/>
  <testcase name="testChangePasswordWithAttributeUpdate" time="0.232" classname="sailpoint.rest.scim.AccountResourceTest"/>
  <testcase name="testOtherResourcesAsCreateDenied" time="0.148" classname="sailpoint.rest.scim.AccountResourceTest"/>
  <testcase name="testGetAccountExcludeAsRead" time="0.067" classname="sailpoint.rest.scim.AccountResourceTest"/>
  <testcase name="testGetAccountIncludeMixedAsRead" time="0.065" classname="sailpoint.rest.scim.AccountResourceTest"/>
  <testcase name="testChangePasswordCurrentPassword" time="0.251" classname="sailpoint.rest.scim.AccountResourceTest"/>
  <testcase name="testDeleteAccountNotFound" time="0.035" classname="sailpoint.rest.scim.AccountResourceTest"/>
  <testcase name="testUpdateAccountBadPasswordDenied" time="0.025" classname="sailpoint.rest.scim.AccountResourceTest"/>
  <testcase name="testChangePasswordPolicyError" time="0.506" classname="sailpoint.rest.scim.AccountResourceTest"/>
  <testcase name="testAuthorizeFullAccessUser" time="0.096" classname="sailpoint.rest.scim.AccountResourceTest"/>
  <testcase name="testDeleteAccountETag" time="0.195" classname="sailpoint.rest.scim.AccountResourceTest"/>
  <testcase name="testOtherResourcesAsUpdateDenied" time="0.133" classname="sailpoint.rest.scim.AccountResourceTest"/>
  <testcase name="testCreateAccountAsUpdateDenied" time="0.052" classname="sailpoint.rest.scim.AccountResourceTest"/>
  <testcase name="testUpdateAccountImmutableApplicationFails" time="0.151" classname="sailpoint.rest.scim.AccountResourceTest"/>
  <testcase name="testGetAccountBearerScopedAuthDenied" time="0.020" classname="sailpoint.rest.scim.AccountResourceTest"/>
  <testcase name="testCreateUpdateAccountAsSchemaDenied" time="0.098" classname="sailpoint.rest.scim.AccountResourceTest"/>
  <testcase name="testCreateUpdateAccountAsSCIMExec" time="0.322" classname="sailpoint.rest.scim.AccountResourceTest"/>
  <testcase name="testChangePasswordUpdateAccount" time="0.252" classname="sailpoint.rest.scim.AccountResourceTest"/>
  <testcase name="testCreateUpdateAccountAsResourceTypeDenied" time="0.090" classname="sailpoint.rest.scim.AccountResourceTest"/>
  <testcase name="testDeleteAccountAsCreateDenied" time="0.043" classname="sailpoint.rest.scim.AccountResourceTest"/>
  <testcase name="testGetAccountIncludeNone" time="0.068" classname="sailpoint.rest.scim.AccountResourceTest"/>
  <testcase name="testDeleteAccountAsDelete" time="0.302" classname="sailpoint.rest.scim.AccountResourceTest"/>
  <testcase name="testDeleteAccountAsSCIMExec" time="0.042" classname="sailpoint.rest.scim.AccountResourceTest"/>
  <testcase name="testGetAccountBearerAuth" time="0.065" classname="sailpoint.rest.scim.AccountResourceTest"/>
  <testcase name="testGetAccountAsResourceTypeDenied" time="0.107" classname="sailpoint.rest.scim.AccountResourceTest"/>
  <testcase name="testCreateUpdateAccount" time="0.297" classname="sailpoint.rest.scim.AccountResourceTest"/>
  <testcase name="testGetAccountIncludeInvalidAttribute" time="0.095" classname="sailpoint.rest.scim.AccountResourceTest"/>
  <testcase name="testUpdateAccountAsDeleteDenied" time="0.056" classname="sailpoint.rest.scim.AccountResourceTest"/>
  <testcase name="testGetAccountIncludeAsRead" time="0.102" classname="sailpoint.rest.scim.AccountResourceTest"/>
  <testcase name="testUpdateAccountAsInvalidDenied" time="0.012" classname="sailpoint.rest.scim.AccountResourceTest"/>
  <testcase name="testGetAccountAsSCIMExec" time="0.112" classname="sailpoint.rest.scim.AccountResourceTest"/>
  <testcase name="testUpdateAccountOldETag" time="0.145" classname="sailpoint.rest.scim.AccountResourceTest"/>
  <testcase name="testUpdateAccountSpecialCharacters" time="0.219" classname="sailpoint.rest.scim.AccountResourceTest"/>
  <testcase name="testGetAccountMultiByte" time="0.080" classname="sailpoint.rest.scim.AccountResourceTest"/>
  <testcase name="testUpdateAccountImmutableIdentityFails" time="0.163" classname="sailpoint.rest.scim.AccountResourceTest"/>
  <testcase name="testUpdateAccountAsUpdate" time="0.259" classname="sailpoint.rest.scim.AccountResourceTest"/>
  <testcase name="testUpdateAccountETag" time="0.290" classname="sailpoint.rest.scim.AccountResourceTest"/>
  <testcase name="testGetAccountIfNoneMatchNotModifiedResponse" time="0.114" classname="sailpoint.rest.scim.AccountResourceTest"/>
  <testcase name="testUpdateAccountI18N" time="0.198" classname="sailpoint.rest.scim.AccountResourceTest"/>
</testsuite> <!-- sailpoint.rest.scim.AccountResourceTest -->
