<?xml version="1.0" encoding="UTF-8"?>
<!-- Generated by org.testng.reporters.JUnitReportReporter -->
<testsuite skipped="0" hostname="sunfish.sailpoint.com" name="sailpoint.rest.ui.quicklink.QuickLinkFormResourceTests" tests="1" failures="0" timestamp="11 May 2021 16:09:47 GMT" time="0.013" errors="0">
  <testcase name="testLaunchWithBodyEmptyPriority" time="0.013" classname="sailpoint.rest.ui.quicklink.QuickLinkFormResourceTests"/>
</testsuite> <!-- sailpoint.rest.ui.quicklink.QuickLinkFormResourceTests -->
