<?xml version="1.0" encoding="UTF-8"?>
<!-- Generated by org.testng.reporters.JUnitReportReporter -->
<testsuite skipped="0" hostname="sunfish.sailpoint.com" name="sailpoint.service.ApprovalItemsServiceTests" tests="17" failures="0" timestamp="11 May 2021 16:09:47 GMT" time="10.058" errors="0">
  <testcase name="testAddComment" time="0.464" classname="sailpoint.service.ApprovalItemsServiceTests"/>
  <testcase name="testGetDescription" time="0.506" classname="sailpoint.service.ApprovalItemsServiceTests"/>
  <testcase name="testGetAccountDisplayName" time="0.466" classname="sailpoint.service.ApprovalItemsServiceTests"/>
  <testcase name="testGetRiskScoreWeight" time="1.070" classname="sailpoint.service.ApprovalItemsServiceTests"/>
  <testcase name="testGetApplicationDisplayName" time="0.462" classname="sailpoint.service.ApprovalItemsServiceTests"/>
  <testcase name="testGetComments" time="0.940" classname="sailpoint.service.ApprovalItemsServiceTests"/>
  <testcase name="testIsCreate" time="0.469" classname="sailpoint.service.ApprovalItemsServiceTests"/>
  <testcase name="testGetDisplayValue" time="1.140" classname="sailpoint.service.ApprovalItemsServiceTests"/>
  <testcase name="testGetOwner" time="0.865" classname="sailpoint.service.ApprovalItemsServiceTests"/>
  <testcase name="testGetApplication" time="0.442" classname="sailpoint.service.ApprovalItemsServiceTests"/>
  <testcase name="testSetSunriseSunsetDate" time="0.491" classname="sailpoint.service.ApprovalItemsServiceTests"/>
  <testcase name="testGetAccessRole" time="0.439" classname="sailpoint.service.ApprovalItemsServiceTests"/>
  <testcase name="testCommentCount" time="0.443" classname="sailpoint.service.ApprovalItemsServiceTests"/>
  <testcase name="testIsRole" time="0.434" classname="sailpoint.service.ApprovalItemsServiceTests"/>
  <testcase name="testGetAccessEntitlement" time="0.504" classname="sailpoint.service.ApprovalItemsServiceTests"/>
  <testcase name="testGetOperation" time="0.488" classname="sailpoint.service.ApprovalItemsServiceTests"/>
  <testcase name="testIsForceNewAccount" time="0.435" classname="sailpoint.service.ApprovalItemsServiceTests"/>
</testsuite> <!-- sailpoint.service.ApprovalItemsServiceTests -->
