<?xml version="1.0" encoding="UTF-8"?>
<!-- Generated by org.testng.reporters.JUnitReportReporter -->
<testsuite skipped="0" hostname="sunfish.sailpoint.com" name="sailpoint.tools.PhoneNumberUtilTests" tests="9" failures="0" timestamp="11 May 2021 16:09:47 GMT" time="0.000" errors="0">
  <testcase name="testNumberTooLongWithPlus" time="0.000" classname="sailpoint.tools.PhoneNumberUtilTests"/>
  <testcase name="testNumberInternationalTooShort" time="0.000" classname="sailpoint.tools.PhoneNumberUtilTests"/>
  <testcase name="testNumberMultiplePluses" time="0.000" classname="sailpoint.tools.PhoneNumberUtilTests"/>
  <testcase name="testNumberValid" time="0.000" classname="sailpoint.tools.PhoneNumberUtilTests"/>
  <testcase name="testNumberTooShort" time="0.000" classname="sailpoint.tools.PhoneNumberUtilTests"/>
  <testcase name="testNumberTooLong" time="0.000" classname="sailpoint.tools.PhoneNumberUtilTests"/>
  <testcase name="testNumberWithSpecialChars" time="0.000" classname="sailpoint.tools.PhoneNumberUtilTests"/>
  <testcase name="testNumberInternationalTooLong" time="0.000" classname="sailpoint.tools.PhoneNumberUtilTests"/>
  <testcase name="testNumberInternational" time="0.000" classname="sailpoint.tools.PhoneNumberUtilTests"/>
</testsuite> <!-- sailpoint.tools.PhoneNumberUtilTests -->
