<?xml version="1.0" encoding="UTF-8"?>
<!-- Generated by org.testng.reporters.JUnitReportReporter -->
<testsuite skipped="0" hostname="sunfish.sailpoint.com" name="sailpoint.service.ApprovalDTOTests" tests="8" failures="0" timestamp="11 May 2021 16:09:47 GMT" time="1.530" errors="0">
  <testcase name="constructorThrowsIfWorkItemNotFound" time="0.184" classname="sailpoint.service.ApprovalDTOTests"/>
  <testcase name="constructorSetsWorkItemFields" time="0.180" classname="sailpoint.service.ApprovalDTOTests"/>
  <testcase name="testIdentityUpdateApproval" time="0.165" classname="sailpoint.service.ApprovalDTOTests"/>
  <testcase name="constructorSetsApprovalItems" time="0.250" classname="sailpoint.service.ApprovalDTOTests"/>
  <testcase name="constructorSetsItemClassifications" time="0.179" classname="sailpoint.service.ApprovalDTOTests"/>
  <testcase name="constructorSetsViolations" time="0.191" classname="sailpoint.service.ApprovalDTOTests"/>
  <testcase name="constructorThrowsIfMissingID" time="0.166" classname="sailpoint.service.ApprovalDTOTests"/>
  <testcase name="testCanViewAttachments" time="0.215" classname="sailpoint.service.ApprovalDTOTests"/>
</testsuite> <!-- sailpoint.service.ApprovalDTOTests -->
