<?xml version="1.0" encoding="UTF-8"?>
<!-- Generated by org.testng.reporters.JUnitReportReporter -->
<testsuite skipped="0" hostname="sunfish.sailpoint.com" name="sailpoint.service.suggest.SuggestServiceTests" tests="15" failures="0" timestamp="11 May 2021 16:09:47 GMT" time="0.958" errors="0">
  <testcase name="testLCMAccountOnlyAppWithRequestedApplicationsFilter" time="0.020" classname="sailpoint.service.suggest.SuggestServiceTests"/>
  <testcase name="testGetColumnValues" time="0.052" classname="sailpoint.service.suggest.SuggestServiceTests"/>
  <testcase name="testIIQETN6432" time="0.099" classname="sailpoint.service.suggest.SuggestServiceTests"/>
  <testcase name="testGetColumnValuesInvalidClass" time="0.002" classname="sailpoint.service.suggest.SuggestServiceTests"/>
  <testcase name="testGetColumnValuesInvalidFilterString" time="0.001" classname="sailpoint.service.suggest.SuggestServiceTests"/>
  <testcase name="testGetCoulumnValuesBlacklistAllProperties" time="0.002" classname="sailpoint.service.suggest.SuggestServiceTests"/>
  <testcase name="testLCMAccountOnlyAppFilter" time="0.636" classname="sailpoint.service.suggest.SuggestServiceTests"/>
  <testcase name="testGetColumnValuesInvalidFilterStringJoin" time="0.002" classname="sailpoint.service.suggest.SuggestServiceTests"/>
  <testcase name="testGetColumnValuesBlacklistSingleProperty" time="0.001" classname="sailpoint.service.suggest.SuggestServiceTests"/>
  <testcase name="testShortClass" time="0.000" classname="sailpoint.service.suggest.SuggestServiceTests"/>
  <testcase name="testBundle" time="0.023" classname="sailpoint.service.suggest.SuggestServiceTests"/>
  <testcase name="testInvalidClass" time="0.001" classname="sailpoint.service.suggest.SuggestServiceTests"/>
  <testcase name="testGetColumnValuesBlacklistSingleDotNotationFirstProperty" time="0.118" classname="sailpoint.service.suggest.SuggestServiceTests"/>
  <testcase name="testGetColumnValuesBlacklistSingleDotNotationProperty" time="0.001" classname="sailpoint.service.suggest.SuggestServiceTests"/>
  <testcase name="testFullClass" time="0.000" classname="sailpoint.service.suggest.SuggestServiceTests"/>
</testsuite> <!-- sailpoint.service.suggest.SuggestServiceTests -->
