<?xml version="1.0" encoding="UTF-8"?>
<!-- Generated by org.testng.reporters.JUnitReportReporter -->
<testsuite skipped="0" hostname="sunfish.sailpoint.com" name="sailpoint.service.managedattribute.ManagedAttributeDetailServiceTests" tests="2" failures="0" timestamp="11 May 2021 16:09:47 GMT" time="0.023" errors="0">
  <testcase name="testGetDetails" time="0.023" classname="sailpoint.service.managedattribute.ManagedAttributeDetailServiceTests"/>
  <testcase name="testGetDetailsNullMA" time="0.000" classname="sailpoint.service.managedattribute.ManagedAttributeDetailServiceTests"/>
</testsuite> <!-- sailpoint.service.managedattribute.ManagedAttributeDetailServiceTests -->
