<?xml version="1.0" encoding="UTF-8"?>
<!-- Generated by org.testng.reporters.JUnitReportReporter -->
<testsuite skipped="0" hostname="sunfish.sailpoint.com" name="sailpoint.rapidsetup.plan.LeaverConfigProviderTests" tests="6" failures="0" timestamp="11 May 2021 16:09:47 GMT" time="0.050" errors="0">
  <testcase name="testForPopulation" time="0.031" classname="sailpoint.rapidsetup.plan.LeaverConfigProviderTests"/>
  <testcase name="testAppNameCaseInsensitivity" time="0.005" classname="sailpoint.rapidsetup.plan.LeaverConfigProviderTests"/>
  <testcase name="testCompositeProvider" time="0.007" classname="sailpoint.rapidsetup.plan.LeaverConfigProviderTests"/>
  <testcase name="testForEveryone_deleteAccount" time="0.000" classname="sailpoint.rapidsetup.plan.LeaverConfigProviderTests"/>
  <testcase name="testForPopulation_deleteAccount" time="0.007" classname="sailpoint.rapidsetup.plan.LeaverConfigProviderTests"/>
  <testcase name="testForEveryone" time="0.000" classname="sailpoint.rapidsetup.plan.LeaverConfigProviderTests"/>
</testsuite> <!-- sailpoint.rapidsetup.plan.LeaverConfigProviderTests -->
