<?xml version="1.0" encoding="UTF-8"?>
<!-- Generated by org.testng.reporters.JUnitReportReporter -->
<testsuite skipped="0" hostname="sunfish.sailpoint.com" name="sailpoint.service.pam.ContainerServiceTests" tests="9" failures="0" timestamp="11 May 2021 16:09:47 GMT" time="0.048" errors="0">
  <testcase name="testGetIdentityEffectiveCount" time="0.006" classname="sailpoint.service.pam.ContainerServiceTests"/>
  <testcase name="testGetIdentityEffectiveList" time="0.006" classname="sailpoint.service.pam.ContainerServiceTests"/>
  <testcase name="testGetIdentityDirectCount" time="0.002" classname="sailpoint.service.pam.ContainerServiceTests"/>
  <testcase name="testGetIdentityTotalCount" time="0.005" classname="sailpoint.service.pam.ContainerServiceTests"/>
  <testcase name="testGetContainerDTO" time="0.020" classname="sailpoint.service.pam.ContainerServiceTests"/>
  <testcase name="testGetGroupsList" time="0.003" classname="sailpoint.service.pam.ContainerServiceTests"/>
  <testcase name="testGetPrivilegedItemsCount" time="0.002" classname="sailpoint.service.pam.ContainerServiceTests"/>
  <testcase name="testGetPrivilegedItems" time="0.002" classname="sailpoint.service.pam.ContainerServiceTests"/>
  <testcase name="testGetGroupsCount" time="0.002" classname="sailpoint.service.pam.ContainerServiceTests"/>
</testsuite> <!-- sailpoint.service.pam.ContainerServiceTests -->
