<?xml version="1.0" encoding="UTF-8"?>
<!-- Generated by org.testng.reporters.JUnitReportReporter -->
<testsuite skipped="0" hostname="sunfish.sailpoint.com" name="sailpoint.rest.scim.jaxrs.SCIMMessageBodyWriterTest" tests="2" failures="0" timestamp="11 May 2021 16:09:47 GMT" time="0.025" errors="0">
  <testcase name="testAddHeadersNullDoesNotPuke" time="0.021" classname="sailpoint.rest.scim.jaxrs.SCIMMessageBodyWriterTest"/>
  <testcase name="testAddHeaders" time="0.004" classname="sailpoint.rest.scim.jaxrs.SCIMMessageBodyWriterTest"/>
</testsuite> <!-- sailpoint.rest.scim.jaxrs.SCIMMessageBodyWriterTest -->
