<?xml version="1.0" encoding="UTF-8"?>
<!-- Generated by org.testng.reporters.JUnitReportReporter -->
<testsuite skipped="0" hostname="sunfish.sailpoint.com" name="sailpoint.service.task.TaskResultListServiceTests" tests="2" failures="0" timestamp="11 May 2021 16:09:47 GMT" time="0.061" errors="0">
  <testcase name="testGetTaskResults" time="0.052" classname="sailpoint.service.task.TaskResultListServiceTests"/>
  <testcase name="testGetTabCounts" time="0.009" classname="sailpoint.service.task.TaskResultListServiceTests"/>
</testsuite> <!-- sailpoint.service.task.TaskResultListServiceTests -->
