<?xml version="1.0" encoding="UTF-8"?>
<!-- Generated by org.testng.reporters.JUnitReportReporter -->
<testsuite skipped="0" hostname="sunfish.sailpoint.com" name="sailpoint.recommender.RecommendationServiceTests" tests="6" failures="0" timestamp="11 May 2021 16:09:46 GMT" time="0.225" errors="0">
  <testcase name="testGetRecommendation" time="0.012" classname="sailpoint.recommender.RecommendationServiceTests"/>
  <testcase name="testGetRecommendation_PermissionsUnsupported" time="0.014" classname="sailpoint.recommender.RecommendationServiceTests"/>
  <testcase name="testGetRecommendations" time="0.011" classname="sailpoint.recommender.RecommendationServiceTests"/>
  <testcase name="testGetLocalizedReasonOverride" time="0.014" classname="sailpoint.recommender.RecommendationServiceTests"/>
  <testcase name="testGetAccessRecommendations" time="0.164" classname="sailpoint.recommender.RecommendationServiceTests"/>
  <testcase name="testGetRecommendation_UnsupportedType" time="0.010" classname="sailpoint.recommender.RecommendationServiceTests"/>
</testsuite> <!-- sailpoint.recommender.RecommendationServiceTests -->
