<?xml version="1.0" encoding="UTF-8"?>
<!-- Generated by org.testng.reporters.JUnitReportReporter -->
<testsuite skipped="0" hostname="sunfish.sailpoint.com" name="sailpoint.service.form.DynamicValuesServiceTests" tests="5" failures="0" timestamp="11 May 2021 16:09:47 GMT" time="0.090" errors="0">
  <testcase name="testInstantiateWorkItemStoreFormBean" time="0.038" classname="sailpoint.service.form.DynamicValuesServiceTests"/>
  <testcase name="testThrowOnInvalidFormBeanClass" time="0.001" classname="sailpoint.service.form.DynamicValuesServiceTests"/>
  <testcase name="testInstantiateSimpleStoreFormBean" time="0.048" classname="sailpoint.service.form.DynamicValuesServiceTests"/>
  <testcase name="testThrowWhenSimpleFormNotExist" time="0.001" classname="sailpoint.service.form.DynamicValuesServiceTests"/>
  <testcase name="testThrowOnWorkItemFormNoExist" time="0.002" classname="sailpoint.service.form.DynamicValuesServiceTests"/>
</testsuite> <!-- sailpoint.service.form.DynamicValuesServiceTests -->
