<?xml version="1.0" encoding="UTF-8"?>
<!-- Generated by org.testng.reporters.JUnitReportReporter -->
<testsuite skipped="0" hostname="sunfish.sailpoint.com" name="sailpoint.api.SearchTests" tests="10" failures="0" timestamp="11 May 2021 16:09:47 GMT" time="13.746" errors="0">
  <testcase name="testContainsAllSearch" time="1.092" classname="sailpoint.api.SearchTests"/>
  <testcase name="testProjectionPropertiesAsCsv" time="0.977" classname="sailpoint.api.SearchTests"/>
  <testcase name="testSearch" time="4.497" classname="sailpoint.api.SearchTests"/>
  <testcase name="testOrderByJoinedProperty" time="0.911" classname="sailpoint.api.SearchTests"/>
  <testcase name="testResultSetHoldability" time="0.844" classname="sailpoint.api.SearchTests"/>
  <testcase name="testEnumerationSearch" time="1.284" classname="sailpoint.api.SearchTests"/>
  <testcase name="testScalarInSearch" time="1.097" classname="sailpoint.api.SearchTests"/>
  <testcase name="testIdentityExtendedAttributes" time="0.989" classname="sailpoint.api.SearchTests"/>
  <testcase name="testJoinedExtendedAttributes" time="1.060" classname="sailpoint.api.SearchTests"/>
  <testcase name="testEntityInSearch" time="0.995" classname="sailpoint.api.SearchTests"/>
</testsuite> <!-- sailpoint.api.SearchTests -->
