<?xml version="1.0" encoding="UTF-8"?>
<!-- Generated by org.testng.reporters.JUnitReportReporter -->
<testsuite skipped="0" hostname="sunfish.sailpoint.com" name="sailpoint.web.sso.SAMLTokenManagerTests" tests="2" failures="0" timestamp="11 May 2021 16:09:47 GMT" time="15.030" errors="0">
  <testcase name="testSAMLTokenManagerTest" time="1.274" classname="sailpoint.web.sso.SAMLTokenManagerTests"/>
  <testcase name="testRemoveExpiredSAMLTokensTest" time="13.756" classname="sailpoint.web.sso.SAMLTokenManagerTests"/>
</testsuite> <!-- sailpoint.web.sso.SAMLTokenManagerTests -->
