<?xml version="1.0" encoding="UTF-8"?>
<!-- Generated by org.testng.reporters.JUnitReportReporter -->
<testsuite skipped="0" hostname="sunfish.sailpoint.com" name="sailpoint.rest.ui.ApprovalWorkItemResourceTests" tests="13" failures="0" timestamp="11 May 2021 16:09:47 GMT" time="39.703" errors="0">
  <testcase name="testApprovalWorkItemOwnerHistory" time="2.504" classname="sailpoint.rest.ui.ApprovalWorkItemResourceTests"/>
  <testcase name="testRejectAll" time="2.767" classname="sailpoint.rest.ui.ApprovalWorkItemResourceTests"/>
  <testcase name="testApproveAll" time="2.303" classname="sailpoint.rest.ui.ApprovalWorkItemResourceTests"/>
  <testcase name="testApprovalWorkItemIdentity" time="2.259" classname="sailpoint.rest.ui.ApprovalWorkItemResourceTests"/>
  <testcase name="testViolations" time="2.417" classname="sailpoint.rest.ui.ApprovalWorkItemResourceTests"/>
  <testcase name="testAssign" time="2.585" classname="sailpoint.rest.ui.ApprovalWorkItemResourceTests"/>
  <testcase name="testAddComments" time="2.870" classname="sailpoint.rest.ui.ApprovalWorkItemResourceTests"/>
  <testcase name="testPatchWorkItem" time="2.486" classname="sailpoint.rest.ui.ApprovalWorkItemResourceTests"/>
  <testcase name="testGetApprovalCommentsEmpty" time="2.679" classname="sailpoint.rest.ui.ApprovalWorkItemResourceTests"/>
  <testcase name="testCompleteWorkItem" time="4.387" classname="sailpoint.rest.ui.ApprovalWorkItemResourceTests"/>
  <testcase name="testAuthorization" time="7.669" classname="sailpoint.rest.ui.ApprovalWorkItemResourceTests"/>
  <testcase name="testGetApprovalComments" time="2.141" classname="sailpoint.rest.ui.ApprovalWorkItemResourceTests"/>
  <testcase name="testApprovalWorkItemNoOwnerHistory" time="2.636" classname="sailpoint.rest.ui.ApprovalWorkItemResourceTests"/>
</testsuite> <!-- sailpoint.rest.ui.ApprovalWorkItemResourceTests -->
