<?xml version="1.0" encoding="UTF-8"?>
<!-- Generated by org.testng.reporters.JUnitReportReporter -->
<testsuite skipped="0" hostname="sunfish.sailpoint.com" name="sailpoint.service.AttachmentServiceTests" tests="21" failures="0" timestamp="11 May 2021 16:09:47 GMT" time="0.957" errors="0">
  <testcase name="testGetMaxFileSizeBiggerThanLimit" time="0.244" classname="sailpoint.service.AttachmentServiceTests"/>
  <testcase name="testGetMaxFilesPerItem" time="0.006" classname="sailpoint.service.AttachmentServiceTests"/>
  <testcase name="testValidateTrailingCommaTypesList" time="0.051" classname="sailpoint.service.AttachmentServiceTests"/>
  <testcase name="testCreateAttachment" time="0.013" classname="sailpoint.service.AttachmentServiceTests"/>
  <testcase name="testValidateFilenameReservedFilenamesWindows" time="0.007" classname="sailpoint.service.AttachmentServiceTests"/>
  <testcase name="testValidateCrazyCommaTypesList" time="0.080" classname="sailpoint.service.AttachmentServiceTests"/>
  <testcase name="testValidateFileNoName" time="0.004" classname="sailpoint.service.AttachmentServiceTests"/>
  <testcase name="testValidateFileBadExtension" time="0.068" classname="sailpoint.service.AttachmentServiceTests"/>
  <testcase name="testSanitizeInvalidFilename" time="0.066" classname="sailpoint.service.AttachmentServiceTests"/>
  <testcase name="testEncryptDecrypt" time="0.005" classname="sailpoint.service.AttachmentServiceTests"/>
  <testcase name="testSetAttachmentDescription" time="0.020" classname="sailpoint.service.AttachmentServiceTests"/>
  <testcase name="testValidateFileNoExtension" time="0.007" classname="sailpoint.service.AttachmentServiceTests"/>
  <testcase name="testCreatePendingAttachment" time="0.022" classname="sailpoint.service.AttachmentServiceTests"/>
  <testcase name="testValidateSuccess" time="0.117" classname="sailpoint.service.AttachmentServiceTests"/>
  <testcase name="testSanitizeValidFilename" time="0.048" classname="sailpoint.service.AttachmentServiceTests"/>
  <testcase name="testValidateEmptyTypesList" time="0.054" classname="sailpoint.service.AttachmentServiceTests"/>
  <testcase name="testAttachmentsEnabled" time="0.112" classname="sailpoint.service.AttachmentServiceTests"/>
  <testcase name="testValidateRequestItem" time="0.003" classname="sailpoint.service.AttachmentServiceTests"/>
  <testcase name="testTruncateFilename" time="0.007" classname="sailpoint.service.AttachmentServiceTests"/>
  <testcase name="testHasTooManyFiles" time="0.020" classname="sailpoint.service.AttachmentServiceTests"/>
  <testcase name="testGetMaxFileSizeDefault" time="0.003" classname="sailpoint.service.AttachmentServiceTests"/>
</testsuite> <!-- sailpoint.service.AttachmentServiceTests -->
