<?xml version="1.0" encoding="UTF-8"?>
<!-- Generated by org.testng.reporters.JUnitReportReporter -->
<testsuite skipped="0" hostname="sunfish.sailpoint.com" name="sailpoint.service.homepage.HomePageServiceTests" tests="3" failures="0" timestamp="11 May 2021 16:09:47 GMT" time="1.029" errors="0">
  <testcase name="testSetConfiguredContent" time="0.427" classname="sailpoint.service.homepage.HomePageServiceTests"/>
  <testcase name="testGetConfiguredContent" time="0.221" classname="sailpoint.service.homepage.HomePageServiceTests"/>
  <testcase name="testGetConfiguredContentDefaultOrder" time="0.381" classname="sailpoint.service.homepage.HomePageServiceTests"/>
</testsuite> <!-- sailpoint.service.homepage.HomePageServiceTests -->
