<?xml version="1.0" encoding="UTF-8"?>
<!-- Generated by org.testng.reporters.JUnitReportReporter -->
<testsuite skipped="0" hostname="sunfish.sailpoint.com" name="sailpoint.service.scim.ResourceTypeBuilderTest" tests="3" failures="0" timestamp="11 May 2021 16:09:47 GMT" time="0.006" errors="0">
  <testcase name="testGetResourceType" time="0.003" classname="sailpoint.service.scim.ResourceTypeBuilderTest"/>
  <testcase name="testGetResourceTypeList" time="0.003" classname="sailpoint.service.scim.ResourceTypeBuilderTest"/>
  <testcase name="testFailedGetResourceType" time="0.000" classname="sailpoint.service.scim.ResourceTypeBuilderTest"/>
</testsuite> <!-- sailpoint.service.scim.ResourceTypeBuilderTest -->
