<?xml version="1.0" encoding="UTF-8"?>
<!-- Generated by org.testng.reporters.JUnitReportReporter -->
<testsuite skipped="0" hostname="sunfish.sailpoint.com" name="sailpoint.lcm.RoleTests" tests="13" failures="0" timestamp="11 May 2021 16:09:47 GMT" time="168.399" errors="0">
  <testcase name="testDeassignAmbiguousBizRoleWithAccountSelection" time="13.411" classname="sailpoint.lcm.RoleTests"/>
  <testcase name="testAssignRoleSignoff" time="9.796" classname="sailpoint.lcm.RoleTests"/>
  <testcase name="testRuleAssignedRequired" time="8.995" classname="sailpoint.lcm.RoleTests"/>
  <testcase name="testDetectedRolesSOD" time="8.343" classname="sailpoint.lcm.RoleTests"/>
  <testcase name="testAssignRoles" time="25.327" classname="sailpoint.lcm.RoleTests"/>
  <testcase name="testAssignRolesGrainularDecision" time="5.622" classname="sailpoint.lcm.RoleTests"/>
  <testcase name="testAttributeAssignmentWithRoles" time="21.672" classname="sailpoint.lcm.RoleTests"/>
  <testcase name="testRequiredDetectedRoles" time="19.530" classname="sailpoint.lcm.RoleTests"/>
  <testcase name="testDetectedRoles" time="15.285" classname="sailpoint.lcm.RoleTests"/>
  <testcase name="testAssignRolesSOD" time="10.364" classname="sailpoint.lcm.RoleTests"/>
  <testcase name="testAssignRolesSODIgnoreSunrise" time="10.582" classname="sailpoint.lcm.RoleTests"/>
  <testcase name="testAssignRoleWithAccountSelection" time="15.563" classname="sailpoint.lcm.RoleTests"/>
  <testcase name="testIIQSR_331" time="3.909" classname="sailpoint.lcm.RoleTests"/>
</testsuite> <!-- sailpoint.lcm.RoleTests -->
