<?xml version="1.0" encoding="UTF-8"?>
<!-- Generated by org.testng.reporters.JUnitReportReporter -->
<testsuite skipped="0" hostname="sunfish.sailpoint.com" name="sailpoint.service.CurrentAccessServiceTests" tests="13" failures="0" timestamp="11 May 2021 16:09:47 GMT" time="0.199" errors="0">
  <testcase name="testCurrentAccessRemovalProperty" time="0.088" classname="sailpoint.service.CurrentAccessServiceTests"/>
  <testcase name="testGetPendingRoleRequestAccounts" time="0.002" classname="sailpoint.service.CurrentAccessServiceTests"/>
  <testcase name="testGetRolesDoesntReturnInheritedRoles" time="0.012" classname="sailpoint.service.CurrentAccessServiceTests"/>
  <testcase name="testGetRemovePendingRoles" time="0.007" classname="sailpoint.service.CurrentAccessServiceTests"/>
  <testcase name="testPendingRoleRequestNoIdentityRequest" time="0.002" classname="sailpoint.service.CurrentAccessServiceTests"/>
  <testcase name="testHasPendingRoleRequest" time="0.004" classname="sailpoint.service.CurrentAccessServiceTests"/>
  <testcase name="testRemovePendingEntitlements" time="0.003" classname="sailpoint.service.CurrentAccessServiceTests"/>
  <testcase name="testGetRoles" time="0.011" classname="sailpoint.service.CurrentAccessServiceTests"/>
  <testcase name="testOnlyFetchNonNegativeRoleAssignments" time="0.003" classname="sailpoint.service.CurrentAccessServiceTests"/>
  <testcase name="testEntitlements" time="0.006" classname="sailpoint.service.CurrentAccessServiceTests"/>
  <testcase name="testHasPendingEntitlementRequest" time="0.006" classname="sailpoint.service.CurrentAccessServiceTests"/>
  <testcase name="testGetPendingEntitlementRequestAccounts" time="0.052" classname="sailpoint.service.CurrentAccessServiceTests"/>
  <testcase name="testPendingEntitlementRequestNoIdentityRequest" time="0.003" classname="sailpoint.service.CurrentAccessServiceTests"/>
</testsuite> <!-- sailpoint.service.CurrentAccessServiceTests -->
