<?xml version="1.0" encoding="UTF-8"?>
<!-- Generated by org.testng.reporters.JUnitReportReporter -->
<testsuite skipped="0" hostname="sunfish.sailpoint.com" name="sailpoint.rest.scim.CheckedPolicyViolationCreateResourceTest" tests="7" failures="0" timestamp="11 May 2021 16:09:46 GMT" time="0.965" errors="0">
  <testcase name="testRoleViolation" time="0.220" classname="sailpoint.rest.scim.CheckedPolicyViolationCreateResourceTest"/>
  <testcase name="testNotSCIMExecAuthenticateDenied" time="0.041" classname="sailpoint.rest.scim.CheckedPolicyViolationCreateResourceTest"/>
  <testcase name="testSCIMExecAuthenticate" time="0.131" classname="sailpoint.rest.scim.CheckedPolicyViolationCreateResourceTest"/>
  <testcase name="testCreateResource" time="0.128" classname="sailpoint.rest.scim.CheckedPolicyViolationCreateResourceTest"/>
  <testcase name="testCreateResourceInvalidData" time="0.104" classname="sailpoint.rest.scim.CheckedPolicyViolationCreateResourceTest"/>
  <testcase name="testAccountViolation" time="0.185" classname="sailpoint.rest.scim.CheckedPolicyViolationCreateResourceTest"/>
  <testcase name="testAdminAuthenticate" time="0.156" classname="sailpoint.rest.scim.CheckedPolicyViolationCreateResourceTest"/>
</testsuite> <!-- sailpoint.rest.scim.CheckedPolicyViolationCreateResourceTest -->
