<?xml version="1.0" encoding="UTF-8"?>
<!-- Generated by org.testng.reporters.JUnitReportReporter -->
<testsuite skipped="0" hostname="sunfish.sailpoint.com" name="sailpoint.rest.scim.UserListResourceTest" tests="24" failures="0" timestamp="11 May 2021 16:09:47 GMT" time="6.415" errors="0">
  <testcase name="testDateFilter" time="0.044" classname="sailpoint.rest.scim.UserListResourceTest"/>
  <testcase name="testInvalidFilterException" time="0.134" classname="sailpoint.rest.scim.UserListResourceTest"/>
  <testcase name="testListUsers" time="0.149" classname="sailpoint.rest.scim.UserListResourceTest"/>
  <testcase name="testStaticFilter" time="0.169" classname="sailpoint.rest.scim.UserListResourceTest"/>
  <testcase name="testManagerFilter" time="0.186" classname="sailpoint.rest.scim.UserListResourceTest"/>
  <testcase name="testFilter" time="0.185" classname="sailpoint.rest.scim.UserListResourceTest"/>
  <testcase name="testPaging" time="1.046" classname="sailpoint.rest.scim.UserListResourceTest"/>
  <testcase name="testPagingWithSortDescending" time="0.917" classname="sailpoint.rest.scim.UserListResourceTest"/>
  <testcase name="testListUsersSingleAttribute" time="0.103" classname="sailpoint.rest.scim.UserListResourceTest"/>
  <testcase name="testFilterException" time="0.083" classname="sailpoint.rest.scim.UserListResourceTest"/>
  <testcase name="testFilterType" time="0.111" classname="sailpoint.rest.scim.UserListResourceTest"/>
  <testcase name="testTooManyException" time="0.050" classname="sailpoint.rest.scim.UserListResourceTest"/>
  <testcase name="testComplexAttributeFilter" time="0.202" classname="sailpoint.rest.scim.UserListResourceTest"/>
  <testcase name="testShortNotationFilter" time="0.249" classname="sailpoint.rest.scim.UserListResourceTest"/>
  <testcase name="testSPFilter" time="0.129" classname="sailpoint.rest.scim.UserListResourceTest"/>
  <testcase name="testPagingWithSortAscendingAndIncludes" time="0.823" classname="sailpoint.rest.scim.UserListResourceTest"/>
  <testcase name="testFilterExceptionNoQueryClass" time="0.083" classname="sailpoint.rest.scim.UserListResourceTest"/>
  <testcase name="testFilterOnManagerDisplayName" time="0.129" classname="sailpoint.rest.scim.UserListResourceTest"/>
  <testcase name="testPagingWithSortAscendingAndExcludes" time="0.932" classname="sailpoint.rest.scim.UserListResourceTest"/>
  <testcase name="testListUsersBearerAuth" time="0.117" classname="sailpoint.rest.scim.UserListResourceTest"/>
  <testcase name="testFilterName" time="0.128" classname="sailpoint.rest.scim.UserListResourceTest"/>
  <testcase name="testFilterEmail" time="0.118" classname="sailpoint.rest.scim.UserListResourceTest"/>
  <testcase name="testFilterExtendedAttribute" time="0.127" classname="sailpoint.rest.scim.UserListResourceTest"/>
  <testcase name="testManagerFilterWithExplicitName" time="0.201" classname="sailpoint.rest.scim.UserListResourceTest"/>
</testsuite> <!-- sailpoint.rest.scim.UserListResourceTest -->
