<?xml version="1.0" encoding="UTF-8"?>
<!-- Generated by org.testng.reporters.JUnitReportReporter -->
<testsuite skipped="0" hostname="sunfish.sailpoint.com" name="sailpoint.web.AuthorizerTests" tests="8" failures="0" timestamp="11 May 2021 16:09:47 GMT" time="42.311" errors="0">
  <testcase name="testUrlAuthorization" time="4.407" classname="sailpoint.web.AuthorizerTests"/>
  <testcase name="testEndpointsVsWebResourcesAndWhiteList" time="5.633" classname="sailpoint.web.AuthorizerTests"/>
  <testcase name="testWildcardUrlAuthorization" time="4.957" classname="sailpoint.web.AuthorizerTests"/>
  <testcase name="testAttributeAuthorization" time="4.406" classname="sailpoint.web.AuthorizerTests"/>
  <testcase name="testNormalization" time="4.401" classname="sailpoint.web.AuthorizerTests"/>
  <testcase name="testChildUrlAuthorization" time="4.719" classname="sailpoint.web.AuthorizerTests"/>
  <testcase name="testAdminAuthorization" time="4.369" classname="sailpoint.web.AuthorizerTests"/>
  <testcase name="testAllWebResources" time="9.419" classname="sailpoint.web.AuthorizerTests"/>
</testsuite> <!-- sailpoint.web.AuthorizerTests -->
