<?xml version="1.0" encoding="UTF-8"?>
<!-- Generated by org.testng.reporters.JUnitReportReporter -->
<testsuite skipped="0" hostname="sunfish.sailpoint.com" name="sailpoint.scim.common.AbstractSCIMContextTest" tests="7" failures="0" timestamp="11 May 2021 16:09:47 GMT" time="0.003" errors="0">
  <testcase name="testGetSchemaNull" time="0.000" classname="sailpoint.scim.common.AbstractSCIMContextTest"/>
  <testcase name="testGetResourceTypesSchema" time="0.003" classname="sailpoint.scim.common.AbstractSCIMContextTest"/>
  <testcase name="testGetSchemaSchema" time="0.000" classname="sailpoint.scim.common.AbstractSCIMContextTest"/>
  <testcase name="testGetSchemaNotFound" time="0.000" classname="sailpoint.scim.common.AbstractSCIMContextTest"/>
  <testcase name="testAppendCommonAttributes" time="0.000" classname="sailpoint.scim.common.AbstractSCIMContextTest"/>
  <testcase name="testGetResourceTypeNull" time="0.000" classname="sailpoint.scim.common.AbstractSCIMContextTest"/>
  <testcase name="testGetServiceProviderConfigSchema" time="0.000" classname="sailpoint.scim.common.AbstractSCIMContextTest"/>
</testsuite> <!-- sailpoint.scim.common.AbstractSCIMContextTest -->
