<?xml version="1.0" encoding="UTF-8"?>
<!-- Generated by org.testng.reporters.JUnitReportReporter -->
<testsuite skipped="0" hostname="sunfish.sailpoint.com" name="sailpoint.api.CertificationDecisionerTests" tests="33" failures="0" timestamp="11 May 2021 16:09:47 GMT" time="134.759" errors="0">
  <testcase name="testDelegationReject" time="5.986" classname="sailpoint.api.CertificationDecisionerTests"/>
  <testcase name="testDelegateEntities" time="5.261" classname="sailpoint.api.CertificationDecisionerTests"/>
  <testcase name="testBulkApproveViolation" time="2.767" classname="sailpoint.api.CertificationDecisionerTests"/>
  <testcase name="testDelegationToValidTarget" time="1.989" classname="sailpoint.api.CertificationDecisionerTests"/>
  <testcase name="testManagerApproval" time="5.630" classname="sailpoint.api.CertificationDecisionerTests"/>
  <testcase name="testSimpleResult" time="5.324" classname="sailpoint.api.CertificationDecisionerTests"/>
  <testcase name="testRevokeAccount" time="1.375" classname="sailpoint.api.CertificationDecisionerTests"/>
  <testcase name="testSelfDelegation" time="5.523" classname="sailpoint.api.CertificationDecisionerTests"/>
  <testcase name="testRevokeRoleSODViolation" time="3.045" classname="sailpoint.api.CertificationDecisionerTests"/>
  <testcase name="testMakingDecisionOnSignedCert" time="5.119" classname="sailpoint.api.CertificationDecisionerTests"/>
  <testcase name="testRevokeDelegationWithApprove" time="4.105" classname="sailpoint.api.CertificationDecisionerTests"/>
  <testcase name="testAcknowledgeViolation" time="2.758" classname="sailpoint.api.CertificationDecisionerTests"/>
  <testcase name="testDecisionWithSelectionModelGroupsWithExclusions" time="3.817" classname="sailpoint.api.CertificationDecisionerTests"/>
  <testcase name="testMitigateViolationWithDefault" time="2.868" classname="sailpoint.api.CertificationDecisionerTests"/>
  <testcase name="testDelegationToCertItemTarget" time="0.675" classname="sailpoint.api.CertificationDecisionerTests"/>
  <testcase name="testManagerDelegationWithRevoke" time="5.075" classname="sailpoint.api.CertificationDecisionerTests"/>
  <testcase name="testDecisionConstructorWithSelectionModel" time="5.066" classname="sailpoint.api.CertificationDecisionerTests"/>
  <testcase name="testManagerRemediation" time="3.847" classname="sailpoint.api.CertificationDecisionerTests"/>
  <testcase name="testMakingDecisionOnReassignedCertWithReassignmentCompletionEnabled" time="5.149" classname="sailpoint.api.CertificationDecisionerTests"/>
  <testcase name="testReassignEntitiesWithReadOnlyItem" time="5.433" classname="sailpoint.api.CertificationDecisionerTests"/>
  <testcase name="testReassignWithReadOnlyItem" time="6.141" classname="sailpoint.api.CertificationDecisionerTests"/>
  <testcase name="testDelegateEntitiesSelfCertification" time="5.096" classname="sailpoint.api.CertificationDecisionerTests"/>
  <testcase name="testBulkApproveWithComments" time="2.681" classname="sailpoint.api.CertificationDecisionerTests"/>
  <testcase name="testRevokeDelegationWithNoStatus" time="5.501" classname="sailpoint.api.CertificationDecisionerTests"/>
  <testcase name="testMakingDecisionOnReassignedCertWithReassignmentCompletionDisabled" time="4.519" classname="sailpoint.api.CertificationDecisionerTests"/>
  <testcase name="testBulkApproveAppOwner" time="1.929" classname="sailpoint.api.CertificationDecisionerTests"/>
  <testcase name="testDecisionConstructor" time="0.308" classname="sailpoint.api.CertificationDecisionerTests"/>
  <testcase name="testChallengeReject" time="5.747" classname="sailpoint.api.CertificationDecisionerTests"/>
  <testcase name="testDelegateEntitiesSelfCertificationViaWorkgroup" time="4.002" classname="sailpoint.api.CertificationDecisionerTests"/>
  <testcase name="testOneStepChallenge" time="5.409" classname="sailpoint.api.CertificationDecisionerTests"/>
  <testcase name="testDecisionWithSelectionModelGroupsWithSelections" time="4.342" classname="sailpoint.api.CertificationDecisionerTests"/>
  <testcase name="testOneStepDelegationRejectRevoke" time="5.455" classname="sailpoint.api.CertificationDecisionerTests"/>
  <testcase name="testMitigateViolation" time="2.817" classname="sailpoint.api.CertificationDecisionerTests"/>
</testsuite> <!-- sailpoint.api.CertificationDecisionerTests -->
