<?xml version="1.0" encoding="UTF-8"?>
<!-- Generated by org.testng.reporters.JUnitReportReporter -->
<testsuite skipped="0" hostname="sunfish.sailpoint.com" name="sailpoint.rest.ui.ApprovalWorkItemListResourceTests" tests="9" failures="0" timestamp="11 May 2021 16:09:47 GMT" time="1.403" errors="0">
  <testcase name="testAccessRequestList" time="0.123" classname="sailpoint.rest.ui.ApprovalWorkItemListResourceTests"/>
  <testcase name="testAuthorization" time="0.423" classname="sailpoint.rest.ui.ApprovalWorkItemListResourceTests"/>
  <testcase name="testAccountsRequestList" time="0.042" classname="sailpoint.rest.ui.ApprovalWorkItemListResourceTests"/>
  <testcase name="testRequesterFilter" time="0.200" classname="sailpoint.rest.ui.ApprovalWorkItemListResourceTests"/>
  <testcase name="testQueryParamValidation" time="0.027" classname="sailpoint.rest.ui.ApprovalWorkItemListResourceTests"/>
  <testcase name="testCount" time="0.089" classname="sailpoint.rest.ui.ApprovalWorkItemListResourceTests"/>
  <testcase name="testApprovalConfigDTOS" time="0.080" classname="sailpoint.rest.ui.ApprovalWorkItemListResourceTests"/>
  <testcase name="testOwnerFilter" time="0.234" classname="sailpoint.rest.ui.ApprovalWorkItemListResourceTests"/>
  <testcase name="testAssigneeFilter" time="0.185" classname="sailpoint.rest.ui.ApprovalWorkItemListResourceTests"/>
</testsuite> <!-- sailpoint.rest.ui.ApprovalWorkItemListResourceTests -->
