<?xml version="1.0" encoding="UTF-8"?>
<!-- Generated by org.testng.reporters.JUnitReportReporter -->
<testsuite skipped="0" hostname="sunfish.sailpoint.com" name="sailpoint.service.listfilter.BaseListFilterContextTests" tests="14" failures="0" timestamp="11 May 2021 16:09:47 GMT" time="0.004" errors="0">
  <testcase name="testSimpleFilter" time="0.000" classname="sailpoint.service.listfilter.BaseListFilterContextTests"/>
  <testcase name="testConvertFilterMultiValue" time="0.000" classname="sailpoint.service.listfilter.BaseListFilterContextTests"/>
  <testcase name="testIdentityFilterContextValue" time="0.000" classname="sailpoint.service.listfilter.BaseListFilterContextTests"/>
  <testcase name="testGetFilterExternalAttribute" time="0.000" classname="sailpoint.service.listfilter.BaseListFilterContextTests"/>
  <testcase name="testDateFilter" time="0.001" classname="sailpoint.service.listfilter.BaseListFilterContextTests"/>
  <testcase name="testIdentityFilter" time="0.000" classname="sailpoint.service.listfilter.BaseListFilterContextTests"/>
  <testcase name="testGetValueList" time="0.002" classname="sailpoint.service.listfilter.BaseListFilterContextTests"/>
  <testcase name="testBooleanFilter" time="0.000" classname="sailpoint.service.listfilter.BaseListFilterContextTests"/>
  <testcase name="testGetValueStringList" time="0.000" classname="sailpoint.service.listfilter.BaseListFilterContextTests"/>
  <testcase name="testDateRangeFilter" time="0.000" classname="sailpoint.service.listfilter.BaseListFilterContextTests"/>
  <testcase name="testSuggestThingsForExternalAttribute" time="0.000" classname="sailpoint.service.listfilter.BaseListFilterContextTests"/>
  <testcase name="testColumnFilter" time="0.001" classname="sailpoint.service.listfilter.BaseListFilterContextTests"/>
  <testcase name="testCreateListFilterDTOAllowedOperations" time="0.000" classname="sailpoint.service.listfilter.BaseListFilterContextTests"/>
  <testcase name="testGetValueString" time="0.000" classname="sailpoint.service.listfilter.BaseListFilterContextTests"/>
</testsuite> <!-- sailpoint.service.listfilter.BaseListFilterContextTests -->
