<?xml version="1.0" encoding="UTF-8"?>
<!-- Generated by org.testng.reporters.JUnitReportReporter -->
<testsuite skipped="0" hostname="sunfish.sailpoint.com" name="sailpoint.service.WorkItemServiceTests" tests="33" failures="0" timestamp="11 May 2021 16:09:47 GMT" time="34.179" errors="0">
  <testcase name="testSelfCertificationForwardEntityDelegation" time="0.914" classname="sailpoint.service.WorkItemServiceTests"/>
  <testcase name="testCheckSelfCertificationForwardNoBlock" time="1.131" classname="sailpoint.service.WorkItemServiceTests"/>
  <testcase name="testGetWorkItemDTOFromSession" time="0.981" classname="sailpoint.service.WorkItemServiceTests"/>
  <testcase name="testGetViolationsRequesterAuthorized" time="0.733" classname="sailpoint.service.WorkItemServiceTests"/>
  <testcase name="testForward" time="0.754" classname="sailpoint.service.WorkItemServiceTests"/>
  <testcase name="testGetWorkItemDTOFromSessionThrowsWhenNoWorkItem" time="0.800" classname="sailpoint.service.WorkItemServiceTests"/>
  <testcase name="testGetViolationsOwnerAuthorized" time="1.290" classname="sailpoint.service.WorkItemServiceTests"/>
  <testcase name="testCheckReassignmentLimitForwardPassed" time="0.699" classname="sailpoint.service.WorkItemServiceTests"/>
  <testcase name="testPatchWorkItemRemovingViolation" time="1.755" classname="sailpoint.service.WorkItemServiceTests"/>
  <testcase name="testGetViolationsOneViolation" time="0.766" classname="sailpoint.service.WorkItemServiceTests"/>
  <testcase name="testAddRequesterComment" time="0.732" classname="sailpoint.service.WorkItemServiceTests"/>
  <testcase name="testAssign" time="0.750" classname="sailpoint.service.WorkItemServiceTests"/>
  <testcase name="testPatchWorkItemRequireCommentFail" time="1.213" classname="sailpoint.service.WorkItemServiceTests"/>
  <testcase name="testPatchWorkItemWithoutRemovingViolation" time="1.625" classname="sailpoint.service.WorkItemServiceTests"/>
  <testcase name="testGetViolationsRoleSODViolation" time="0.734" classname="sailpoint.service.WorkItemServiceTests"/>
  <testcase name="testGetViolationsEntitlementSODViolation" time="0.757" classname="sailpoint.service.WorkItemServiceTests"/>
  <testcase name="testCheckSelfCertificationForward" time="1.138" classname="sailpoint.service.WorkItemServiceTests"/>
  <testcase name="testGetWorkItemDTO" time="1.572" classname="sailpoint.service.WorkItemServiceTests"/>
  <testcase name="testTargetForNonexistentIdentity" time="0.769" classname="sailpoint.service.WorkItemServiceTests"/>
  <testcase name="testGetWorkItemDTOFromSessionThrowsWhenNoWorkflowSession" time="2.037" classname="sailpoint.service.WorkItemServiceTests"/>
  <testcase name="testConvertPolicyViolation" time="0.733" classname="sailpoint.service.WorkItemServiceTests"/>
  <testcase name="testIsCertWorkItem" time="0.904" classname="sailpoint.service.WorkItemServiceTests"/>
  <testcase name="testPatchWorkItemRequireCommentSuccess" time="1.978" classname="sailpoint.service.WorkItemServiceTests"/>
  <testcase name="testGetViolationsFailedAuthorization" time="1.454" classname="sailpoint.service.WorkItemServiceTests"/>
  <testcase name="testCheckReassignmentLimitForwardNotFullCert" time="0.967" classname="sailpoint.service.WorkItemServiceTests"/>
  <testcase name="testCheckReassignmentLimitForwardFailed" time="1.087" classname="sailpoint.service.WorkItemServiceTests"/>
  <testcase name="testSelfCertificationForwardDelegation" time="0.929" classname="sailpoint.service.WorkItemServiceTests"/>
  <testcase name="testTargetIdForPolicyViolation" time="0.729" classname="sailpoint.service.WorkItemServiceTests"/>
  <testcase name="testSelfCertificationForwardChallenge" time="1.158" classname="sailpoint.service.WorkItemServiceTests"/>
  <testcase name="testAddComment" time="0.747" classname="sailpoint.service.WorkItemServiceTests"/>
  <testcase name="testPatch" time="0.873" classname="sailpoint.service.WorkItemServiceTests"/>
  <testcase name="testPolicyViolations" time="0.744" classname="sailpoint.service.WorkItemServiceTests"/>
  <testcase name="testGetViolationsWithMultipleViolations" time="0.726" classname="sailpoint.service.WorkItemServiceTests"/>
</testsuite> <!-- sailpoint.service.WorkItemServiceTests -->
