<?xml version="1.0" encoding="UTF-8"?>
<!-- Generated by org.testng.reporters.JUnitReportReporter -->
<testsuite skipped="0" hostname="sunfish.sailpoint.com" name="sailpoint.tools.JdbcUtilTests" tests="7" failures="0" timestamp="11 May 2021 16:09:47 GMT" time="0.089" errors="0">
  <testcase name="testGetExtensionOracle" time="0.002" classname="sailpoint.tools.JdbcUtilTests"/>
  <testcase name="testGetExtensionMySQL" time="0.001" classname="sailpoint.tools.JdbcUtilTests"/>
  <testcase name="testGetExtensionDB2" time="0.002" classname="sailpoint.tools.JdbcUtilTests"/>
  <testcase name="testColumnLength" time="0.076" classname="sailpoint.tools.JdbcUtilTests"/>
  <testcase name="testGetExtensionMSSQL" time="0.003" classname="sailpoint.tools.JdbcUtilTests"/>
  <testcase name="testGetKey" time="0.003" classname="sailpoint.tools.JdbcUtilTests"/>
  <testcase name="testGetExtensionUnknownReturnsNull" time="0.002" classname="sailpoint.tools.JdbcUtilTests"/>
</testsuite> <!-- sailpoint.tools.JdbcUtilTests -->
