<?xml version="1.0" encoding="UTF-8"?>
<!-- Generated by org.testng.reporters.JUnitReportReporter -->
<testsuite skipped="0" hostname="sunfish.sailpoint.com" name="sailpoint.service.UserAccessServiceCurrentAccessTests" tests="5" failures="0" timestamp="11 May 2021 16:09:47 GMT" time="0.363" errors="0">
  <testcase name="testCurrentRolesSearch" time="0.066" classname="sailpoint.service.UserAccessServiceCurrentAccessTests"/>
  <testcase name="testCurrentAccessSearch" time="0.133" classname="sailpoint.service.UserAccessServiceCurrentAccessTests"/>
  <testcase name="testCurrentEntitlementNoMAMultipleAccounts" time="0.019" classname="sailpoint.service.UserAccessServiceCurrentAccessTests"/>
  <testcase name="testCurrentEntitlementMultipleAccounts" time="0.019" classname="sailpoint.service.UserAccessServiceCurrentAccessTests"/>
  <testcase name="testCurrentEntitlementSearch" time="0.126" classname="sailpoint.service.UserAccessServiceCurrentAccessTests"/>
</testsuite> <!-- sailpoint.service.UserAccessServiceCurrentAccessTests -->
