<?xml version="1.0" encoding="UTF-8"?>
<!-- Generated by org.testng.reporters.JUnitReportReporter -->
<testsuite skipped="0" hostname="sunfish.sailpoint.com" name="sailpoint.object.WebResourceTest" tests="4" failures="0" timestamp="11 May 2021 16:09:47 GMT" time="0.001" errors="0">
  <testcase name="testMergeToAllowAllRights" time="0.000" classname="sailpoint.object.WebResourceTest"/>
  <testcase name="testMergeFromAllowAllRightsNullNewRights" time="0.000" classname="sailpoint.object.WebResourceTest"/>
  <testcase name="testMergeFromAllowAllRights" time="0.000" classname="sailpoint.object.WebResourceTest"/>
  <testcase name="testMerge" time="0.001" classname="sailpoint.object.WebResourceTest"/>
</testsuite> <!-- sailpoint.object.WebResourceTest -->
