<?xml version="1.0" encoding="UTF-8"?>
<!-- Generated by org.testng.reporters.JUnitReportReporter -->
<testsuite skipped="0" hostname="sunfish.sailpoint.com" name="sailpoint.connector.LDIFConnectorTests" tests="10" failures="0" timestamp="11 May 2021 16:09:47 GMT" time="4.126" errors="0">
  <testcase name="testGroupFileHandle" time="1.977" classname="sailpoint.connector.LDIFConnectorTests"/>
  <testcase name="testCreateDefaultApplication" time="0.264" classname="sailpoint.connector.LDIFConnectorTests"/>
  <testcase name="testTestConfiguration" time="0.012" classname="sailpoint.connector.LDIFConnectorTests"/>
  <testcase name="testEncodeAmpSign" time="1.526" classname="sailpoint.connector.LDIFConnectorTests"/>
  <testcase name="testNegativeIterateObjects" time="0.018" classname="sailpoint.connector.LDIFConnectorTests"/>
  <testcase name="testSchemaAttributeFiltering" time="0.017" classname="sailpoint.connector.LDIFConnectorTests"/>
  <testcase name="testDelimitedPartitioning" time="0.152" classname="sailpoint.connector.LDIFConnectorTests"/>
  <testcase name="testGetObject" time="0.099" classname="sailpoint.connector.LDIFConnectorTests"/>
  <testcase name="testFetchNonExistingObject" time="0.041" classname="sailpoint.connector.LDIFConnectorTests"/>
  <testcase name="testIterateObjects" time="0.020" classname="sailpoint.connector.LDIFConnectorTests"/>
</testsuite> <!-- sailpoint.connector.LDIFConnectorTests -->
