<?xml version="1.0" encoding="UTF-8"?>
<!-- Generated by org.testng.reporters.JUnitReportReporter -->
<testsuite skipped="0" hostname="sunfish.sailpoint.com" name="sailpoint.connector.RFC4180MultiLinedTests" tests="8" failures="0" timestamp="11 May 2021 16:09:47 GMT" time="6.921" errors="0">
  <testcase name="testTestConfiguration" time="0.845" classname="sailpoint.connector.RFC4180MultiLinedTests"/>
  <testcase name="testSchemaAttributeFiltering" time="0.775" classname="sailpoint.connector.RFC4180MultiLinedTests"/>
  <testcase name="testGetObject" time="0.785" classname="sailpoint.connector.RFC4180MultiLinedTests"/>
  <testcase name="testNegativeIterateObjects" time="0.795" classname="sailpoint.connector.RFC4180MultiLinedTests"/>
  <testcase name="testDelimitedPartitioning" time="0.979" classname="sailpoint.connector.RFC4180MultiLinedTests"/>
  <testcase name="testCreateDefaultApplication" time="1.029" classname="sailpoint.connector.RFC4180MultiLinedTests"/>
  <testcase name="testFetchNonExistingObject" time="0.893" classname="sailpoint.connector.RFC4180MultiLinedTests"/>
  <testcase name="testIterateObjects" time="0.820" classname="sailpoint.connector.RFC4180MultiLinedTests"/>
</testsuite> <!-- sailpoint.connector.RFC4180MultiLinedTests -->
