<?xml version="1.0" encoding="UTF-8"?>
<!-- Generated by org.testng.reporters.JUnitReportReporter -->
<testsuite skipped="0" hostname="sunfish.sailpoint.com" name="sailpoint.rest.ui.AccessRequestConfigResourceTests" tests="8" failures="0" timestamp="11 May 2021 16:09:47 GMT" time="0.505" errors="0">
  <testcase name="testGetAttachmentConfigs" time="0.082" classname="sailpoint.rest.ui.AccessRequestConfigResourceTests"/>
  <testcase name="testGetCommentConfigsRequesteeRequiresComment" time="0.045" classname="sailpoint.rest.ui.AccessRequestConfigResourceTests"/>
  <testcase name="testGetCommentConfigsItemRequiresComment" time="0.045" classname="sailpoint.rest.ui.AccessRequestConfigResourceTests"/>
  <testcase name="testGetAttachmentConfigsInvalidData" time="0.033" classname="sailpoint.rest.ui.AccessRequestConfigResourceTests"/>
  <testcase name="testGetAttachmentConfigsUnauthorized" time="0.046" classname="sailpoint.rest.ui.AccessRequestConfigResourceTests"/>
  <testcase name="testGetAttachmentConfigsWhenAttachmentsDisabled" time="0.157" classname="sailpoint.rest.ui.AccessRequestConfigResourceTests"/>
  <testcase name="testGetCommentConfigsInvalidData" time="0.031" classname="sailpoint.rest.ui.AccessRequestConfigResourceTests"/>
  <testcase name="testGetCommentConfigsUnauthorized" time="0.066" classname="sailpoint.rest.ui.AccessRequestConfigResourceTests"/>
</testsuite> <!-- sailpoint.rest.ui.AccessRequestConfigResourceTests -->
