<?xml version="1.0" encoding="UTF-8"?>
<!-- Generated by org.testng.reporters.JUnitReportReporter -->
<testsuite skipped="0" hostname="sunfish.sailpoint.com" name="sailpoint.api.AuthenticationTests" tests="24" failures="0" timestamp="11 May 2021 16:09:47 GMT" time="31.902" errors="0">
  <testcase name="testHostAuditing" time="1.295" classname="sailpoint.api.AuthenticationTests"/>
  <testcase name="testIIQEncryptedPassword" time="1.237" classname="sailpoint.api.AuthenticationTests"/>
  <testcase name="testDetailedLoginFailMessage" time="1.300" classname="sailpoint.api.AuthenticationTests"/>
  <testcase name="passwordLastSetChangeFailWithMinDuration" time="1.483" classname="sailpoint.api.AuthenticationTests"/>
  <testcase name="testIIQEmptyStringPassword" time="1.164" classname="sailpoint.api.AuthenticationTests"/>
  <testcase name="testIIQValidPassword" time="1.423" classname="sailpoint.api.AuthenticationTests"/>
  <testcase name="testInvalidAccountPassword" time="1.451" classname="sailpoint.api.AuthenticationTests"/>
  <testcase name="testCorrelatedAccount" time="1.411" classname="sailpoint.api.AuthenticationTests"/>
  <testcase name="testInvalidUserPassword" time="1.197" classname="sailpoint.api.AuthenticationTests"/>
  <testcase name="passwordLastSetChangePassWithMinDuration" time="1.229" classname="sailpoint.api.AuthenticationTests"/>
  <testcase name="testIIQInactive" time="1.313" classname="sailpoint.api.AuthenticationTests"/>
  <testcase name="testSPAdminPassThroughDenied" time="1.160" classname="sailpoint.api.AuthenticationTests"/>
  <testcase name="testPasswordLastSetDateChange" time="1.127" classname="sailpoint.api.AuthenticationTests"/>
  <testcase name="testSPAdminPassThrough" time="1.399" classname="sailpoint.api.AuthenticationTests"/>
  <testcase name="testUserAuthLinkChanges" time="2.358" classname="sailpoint.api.AuthenticationTests"/>
  <testcase name="testUserCreationRule" time="1.195" classname="sailpoint.api.AuthenticationTests"/>
  <testcase name="testUserAuth" time="1.197" classname="sailpoint.api.AuthenticationTests"/>
  <testcase name="passwordLastSetChangePassWithNoMinDuration" time="1.186" classname="sailpoint.api.AuthenticationTests"/>
  <testcase name="testIIQInvalidPassword" time="1.279" classname="sailpoint.api.AuthenticationTests"/>
  <testcase name="testNonCorrelatedAccount" time="1.205" classname="sailpoint.api.AuthenticationTests"/>
  <testcase name="testEmptyStringPassword" time="1.158" classname="sailpoint.api.AuthenticationTests"/>
  <testcase name="testNoAuthResource" time="1.288" classname="sailpoint.api.AuthenticationTests"/>
  <testcase name="testIIQExpiredPassword" time="1.294" classname="sailpoint.api.AuthenticationTests"/>
  <testcase name="allowChangeForAdmin" time="1.553" classname="sailpoint.api.AuthenticationTests"/>
</testsuite> <!-- sailpoint.api.AuthenticationTests -->
