<?xml version="1.0" encoding="UTF-8"?>
<!-- Generated by org.testng.reporters.JUnitReportReporter -->
<testsuite skipped="0" hostname="sunfish.sailpoint.com" name="sailpoint.api.PersistenceTests" tests="13" failures="0" timestamp="11 May 2021 16:09:46 GMT" time="47.678" errors="0">
  <testcase name="testProfiles" time="0.313" classname="sailpoint.api.PersistenceTests"/>
  <testcase name="testIdentitySnapShot" time="0.081" classname="sailpoint.api.PersistenceTests"/>
  <testcase name="testRules" time="0.164" classname="sailpoint.api.PersistenceTests"/>
  <testcase name="testResaveTransientInstance" time="0.012" classname="sailpoint.api.PersistenceTests"/>
  <testcase name="testNonStringAttributes" time="0.014" classname="sailpoint.api.PersistenceTests"/>
  <testcase name="lockObjectsCascade" time="0.045" classname="sailpoint.api.PersistenceTests"/>
  <testcase name="testIdentities" time="0.017" classname="sailpoint.api.PersistenceTests"/>
  <testcase name="lockObjectWithCollection" time="0.181" classname="sailpoint.api.PersistenceTests"/>
  <testcase name="testApplicationActivity" time="0.008" classname="sailpoint.api.PersistenceTests"/>
  <testcase name="testLocking" time="46.031" classname="sailpoint.api.PersistenceTests"/>
  <testcase name="testConfigurationObject" time="0.008" classname="sailpoint.api.PersistenceTests"/>
  <testcase name="testUserCapabilities" time="0.021" classname="sailpoint.api.PersistenceTests"/>
  <testcase name="testIdentityWorkgroupSearching" time="0.783" classname="sailpoint.api.PersistenceTests"/>
</testsuite> <!-- sailpoint.api.PersistenceTests -->
