<?xml version="1.0" encoding="UTF-8"?>
<!-- Generated by org.testng.reporters.JUnitReportReporter -->
<testsuite skipped="0" hostname="sunfish.sailpoint.com" name="sailpoint.rest.scim.WorkflowListResourceTest" tests="21" failures="0" timestamp="11 May 2021 16:09:47 GMT" time="2.906" errors="0">
  <testcase name="testListWorkflows" time="0.152" classname="sailpoint.rest.scim.WorkflowListResourceTest"/>
  <testcase name="testFilterCoAndNotEqNe" time="0.090" classname="sailpoint.rest.scim.WorkflowListResourceTest"/>
  <testcase name="testFailedFilterOperator" time="0.053" classname="sailpoint.rest.scim.WorkflowListResourceTest"/>
  <testcase name="testAuthenticateInvalidPassword" time="0.013" classname="sailpoint.rest.scim.WorkflowListResourceTest"/>
  <testcase name="testFilterSw" time="0.079" classname="sailpoint.rest.scim.WorkflowListResourceTest"/>
  <testcase name="testFilterNoMatch" time="0.047" classname="sailpoint.rest.scim.WorkflowListResourceTest"/>
  <testcase name="testTooManyException" time="0.056" classname="sailpoint.rest.scim.WorkflowListResourceTest"/>
  <testcase name="testFilterSwCo" time="0.068" classname="sailpoint.rest.scim.WorkflowListResourceTest"/>
  <testcase name="testPagingWithSortDescending" time="0.783" classname="sailpoint.rest.scim.WorkflowListResourceTest"/>
  <testcase name="testListWorkflowBearerAuth" time="0.107" classname="sailpoint.rest.scim.WorkflowListResourceTest"/>
  <testcase name="testInternationalWorkflowName" time="0.069" classname="sailpoint.rest.scim.WorkflowListResourceTest"/>
  <testcase name="testListWorkflowsIncludeAttributes" time="0.234" classname="sailpoint.rest.scim.WorkflowListResourceTest"/>
  <testcase name="testFilterMatch" time="0.056" classname="sailpoint.rest.scim.WorkflowListResourceTest"/>
  <testcase name="testAuthenticateInvalidUser" time="0.003" classname="sailpoint.rest.scim.WorkflowListResourceTest"/>
  <testcase name="testFilterOrMatchOne" time="0.059" classname="sailpoint.rest.scim.WorkflowListResourceTest"/>
  <testcase name="testAuthenticateInvalidAuthorization" time="0.037" classname="sailpoint.rest.scim.WorkflowListResourceTest"/>
  <testcase name="testFilterParenthesis" time="0.131" classname="sailpoint.rest.scim.WorkflowListResourceTest"/>
  <testcase name="testFilterSwCoNot" time="0.041" classname="sailpoint.rest.scim.WorkflowListResourceTest"/>
  <testcase name="testPagingWithSortAscending" time="0.707" classname="sailpoint.rest.scim.WorkflowListResourceTest"/>
  <testcase name="testFilterPresent" time="0.062" classname="sailpoint.rest.scim.WorkflowListResourceTest"/>
  <testcase name="testFailedFilterWorkflowId" time="0.059" classname="sailpoint.rest.scim.WorkflowListResourceTest"/>
</testsuite> <!-- sailpoint.rest.scim.WorkflowListResourceTest -->
