<?xml version="1.0" encoding="UTF-8"?>
<!-- Generated by org.testng.reporters.JUnitReportReporter -->
<testsuite skipped="0" hostname="sunfish.sailpoint.com" name="sailpoint.web.application.DependencyValidatorTests" tests="3" failures="0" timestamp="11 May 2021 16:09:46 GMT" time="0.000" errors="0">
  <testcase name="testNoCycle" time="0.000" classname="sailpoint.web.application.DependencyValidatorTests"/>
  <testcase name="testTwoDependenciesCycle" time="0.000" classname="sailpoint.web.application.DependencyValidatorTests"/>
  <testcase name="testCycle" time="0.000" classname="sailpoint.web.application.DependencyValidatorTests"/>
</testsuite> <!-- sailpoint.web.application.DependencyValidatorTests -->
