<?xml version="1.0" encoding="UTF-8"?>
<!-- Generated by org.testng.reporters.JUnitReportReporter -->
<testsuite skipped="0" hostname="sunfish.sailpoint.com" name="sailpoint.service.certification.CertificationEntityServiceTests" tests="4" failures="0" timestamp="11 May 2021 16:09:47 GMT" time="2.409" errors="0">
  <testcase name="testGetCertificationEntityDTO" time="1.110" classname="sailpoint.service.certification.CertificationEntityServiceTests"/>
  <testcase name="testGetScorecard" time="0.323" classname="sailpoint.service.certification.CertificationEntityServiceTests"/>
  <testcase name="testGetCertificationEntityDTOWithMissingTarget" time="0.661" classname="sailpoint.service.certification.CertificationEntityServiceTests"/>
  <testcase name="testGetRoleSnapshotDTO" time="0.315" classname="sailpoint.service.certification.CertificationEntityServiceTests"/>
</testsuite> <!-- sailpoint.service.certification.CertificationEntityServiceTests -->
