<?xml version="1.0" encoding="UTF-8"?>
<!-- Generated by org.testng.reporters.JUnitReportReporter -->
<testsuite skipped="0" hostname="sunfish.sailpoint.com" name="sailpoint.scim.common.SchemaAttributeTest" tests="3" failures="0" timestamp="11 May 2021 16:09:47 GMT" time="0.001" errors="0">
  <testcase name="testReferenceType" time="0.000" classname="sailpoint.scim.common.SchemaAttributeTest"/>
  <testcase name="testReturned" time="0.000" classname="sailpoint.scim.common.SchemaAttributeTest"/>
  <testcase name="testMutability" time="0.001" classname="sailpoint.scim.common.SchemaAttributeTest"/>
</testsuite> <!-- sailpoint.scim.common.SchemaAttributeTest -->
