<?xml version="1.0" encoding="UTF-8"?>
<!-- Generated by org.testng.reporters.JUnitReportReporter -->
<testsuite skipped="0" hostname="sunfish.sailpoint.com" name="sailpoint.rest.scim.AlertResourceTest" tests="5" failures="0" timestamp="11 May 2021 16:09:46 GMT" time="0.323" errors="0">
  <testcase name="testGetById" time="0.069" classname="sailpoint.rest.scim.AlertResourceTest"/>
  <testcase name="testGetNotFound" time="0.030" classname="sailpoint.rest.scim.AlertResourceTest"/>
  <testcase name="testGetEtagMatch" time="0.094" classname="sailpoint.rest.scim.AlertResourceTest"/>
  <testcase name="testGetByName" time="0.076" classname="sailpoint.rest.scim.AlertResourceTest"/>
  <testcase name="testGetEtagNotMatch" time="0.054" classname="sailpoint.rest.scim.AlertResourceTest"/>
</testsuite> <!-- sailpoint.rest.scim.AlertResourceTest -->
