<?xml version="1.0" encoding="UTF-8"?>
<!-- Generated by org.testng.reporters.JUnitReportReporter -->
<testsuite skipped="0" hostname="sunfish.sailpoint.com" name="sailpoint.service.identityrequest.IdentityRequestItemServiceTests" tests="5" failures="0" timestamp="11 May 2021 16:09:47 GMT" time="0.011" errors="0">
  <testcase name="testRenamedRole" time="0.003" classname="sailpoint.service.identityrequest.IdentityRequestItemServiceTests"/>
  <testcase name="testIsRole" time="0.002" classname="sailpoint.service.identityrequest.IdentityRequestItemServiceTests"/>
  <testcase name="testIsEntitlement" time="0.003" classname="sailpoint.service.identityrequest.IdentityRequestItemServiceTests"/>
  <testcase name="testGetDisplayableValue" time="0.000" classname="sailpoint.service.identityrequest.IdentityRequestItemServiceTests"/>
  <testcase name="testGetAssignmentId" time="0.003" classname="sailpoint.service.identityrequest.IdentityRequestItemServiceTests"/>
</testsuite> <!-- sailpoint.service.identityrequest.IdentityRequestItemServiceTests -->
