<?xml version="1.0" encoding="UTF-8"?>
<!-- Generated by org.testng.reporters.JUnitReportReporter -->
<testsuite skipped="0" hostname="sunfish.sailpoint.com" name="sailpoint.pam.credential.AbstractCredentialManagerTests" tests="3" failures="0" timestamp="11 May 2021 16:09:47 GMT" time="0.000" errors="0">
  <testcase name="testNullRequest" time="0.000" classname="sailpoint.pam.credential.AbstractCredentialManagerTests"/>
  <testcase name="testSuccess" time="0.000" classname="sailpoint.pam.credential.AbstractCredentialManagerTests"/>
  <testcase name="testNullAttributeName" time="0.000" classname="sailpoint.pam.credential.AbstractCredentialManagerTests"/>
</testsuite> <!-- sailpoint.pam.credential.AbstractCredentialManagerTests -->
