<?xml version="1.0" encoding="UTF-8"?>
<!-- Generated by org.testng.reporters.JUnitReportReporter -->
<testsuite skipped="0" hostname="sunfish.sailpoint.com" name="sailpoint.server.RuleRunnerTest" tests="36" failures="0" timestamp="11 May 2021 16:09:46 GMT" time="0.058" errors="0">
  <testcase name="testEvalSourceNullScriptlet" time="0.003" classname="sailpoint.server.RuleRunnerTest"/>
  <testcase name="testTrim" time="0.001" classname="sailpoint.server.RuleRunnerTest"/>
  <testcase name="testGetIncludesEmptySource" time="0.001" classname="sailpoint.server.RuleRunnerTest"/>
  <testcase name="testRuleNullSource" time="0.001" classname="sailpoint.server.RuleRunnerTest"/>
  <testcase name="testPreParseEmptyPathNewlineInput" time="0.001" classname="sailpoint.server.RuleRunnerTest"/>
  <testcase name="testGetPreParsedSourceEmptySource" time="0.001" classname="sailpoint.server.RuleRunnerTest"/>
  <testcase name="testReferencedRule" time="0.005" classname="sailpoint.server.RuleRunnerTest"/>
  <testcase name="testDoScriptScriptEmptySource" time="0.001" classname="sailpoint.server.RuleRunnerTest"/>
  <testcase name="testEvalNullManager" time="0.002" classname="sailpoint.server.RuleRunnerTest"/>
  <testcase name="testEvalSourceScriptletNewlineSource" time="0.001" classname="sailpoint.server.RuleRunnerTest"/>
  <testcase name="testDoScriptScriptNullSource" time="0.002" classname="sailpoint.server.RuleRunnerTest"/>
  <testcase name="testScriptPreParserEndsWithParamToken" time="0.001" classname="sailpoint.server.RuleRunnerTest"/>
  <testcase name="testGetPreParsedSourceNewlineSource" time="0.002" classname="sailpoint.server.RuleRunnerTest"/>
  <testcase name="testPreParseNullPathNullInput" time="0.001" classname="sailpoint.server.RuleRunnerTest"/>
  <testcase name="testEvalSourceScriptletEmptySource" time="0.002" classname="sailpoint.server.RuleRunnerTest"/>
  <testcase name="testEvalRuleNewlineSource" time="0.002" classname="sailpoint.server.RuleRunnerTest"/>
  <testcase name="testGetIncludesNewlineSource" time="0.002" classname="sailpoint.server.RuleRunnerTest"/>
  <testcase name="testDoScriptNullScript" time="0.002" classname="sailpoint.server.RuleRunnerTest"/>
  <testcase name="testScriptNewlineSource" time="0.001" classname="sailpoint.server.RuleRunnerTest"/>
  <testcase name="testParameter" time="0.002" classname="sailpoint.server.RuleRunnerTest"/>
  <testcase name="testGetPreParsedSourceNullSource" time="0.002" classname="sailpoint.server.RuleRunnerTest"/>
  <testcase name="testEvalRuleNullSource" time="0.002" classname="sailpoint.server.RuleRunnerTest"/>
  <testcase name="testScriptEmptySource" time="0.001" classname="sailpoint.server.RuleRunnerTest"/>
  <testcase name="testEvalNullManagerNullRule" time="0.001" classname="sailpoint.server.RuleRunnerTest"/>
  <testcase name="testNullRule" time="0.001" classname="sailpoint.server.RuleRunnerTest"/>
  <testcase name="testNullScript" time="0.001" classname="sailpoint.server.RuleRunnerTest"/>
  <testcase name="testEvalRuleEmptySource" time="0.002" classname="sailpoint.server.RuleRunnerTest"/>
  <testcase name="testDoScriptScriptNewlineSource" time="0.002" classname="sailpoint.server.RuleRunnerTest"/>
  <testcase name="testRuleEmptySource" time="0.001" classname="sailpoint.server.RuleRunnerTest"/>
  <testcase name="testScriptNullSource" time="0.001" classname="sailpoint.server.RuleRunnerTest"/>
  <testcase name="testEvalNullRule" time="0.000" classname="sailpoint.server.RuleRunnerTest"/>
  <testcase name="testPreParseEmptyPathEmptyInput" time="0.002" classname="sailpoint.server.RuleRunnerTest"/>
  <testcase name="testEvalSourceScriptletNullSource" time="0.002" classname="sailpoint.server.RuleRunnerTest"/>
  <testcase name="testScriptPreParserEndsWithBrace" time="0.002" classname="sailpoint.server.RuleRunnerTest"/>
  <testcase name="testGetIncludesNullSource" time="0.002" classname="sailpoint.server.RuleRunnerTest"/>
  <testcase name="testHelloWorld" time="0.002" classname="sailpoint.server.RuleRunnerTest"/>
</testsuite> <!-- sailpoint.server.RuleRunnerTest -->
