<?xml version="1.0" encoding="UTF-8"?>
<!-- Generated by org.testng.reporters.JUnitReportReporter -->
<testsuite skipped="0" hostname="sunfish.sailpoint.com" name="sailpoint.web.quicklink.QuickLinkDTOTests" tests="5" failures="0" timestamp="11 May 2021 16:09:47 GMT" time="19.905" errors="0">
  <testcase name="testNoMatchingDynamicScopeShouldNotBeAbleToRequestForSelfUnlessHasForceAllowSelf" time="3.736" classname="sailpoint.web.quicklink.QuickLinkDTOTests"/>
  <testcase name="testAllowOthersScope" time="3.880" classname="sailpoint.web.quicklink.QuickLinkDTOTests"/>
  <testcase name="testConstructorQuickLinkDTO" time="4.104" classname="sailpoint.web.quicklink.QuickLinkDTOTests"/>
  <testcase name="testNoMatchingDynamicScopeShouldNotBeAbleToRequestForAnyone" time="3.657" classname="sailpoint.web.quicklink.QuickLinkDTOTests"/>
  <testcase name="testNoMatchingDynamicScopeShouldNotBeAbleToRequestForOthersUnlessHasForAllOthers" time="4.528" classname="sailpoint.web.quicklink.QuickLinkDTOTests"/>
</testsuite> <!-- sailpoint.web.quicklink.QuickLinkDTOTests -->
