<?xml version="1.0" encoding="UTF-8"?>
<!-- Generated by org.testng.reporters.JUnitReportReporter -->
<testsuite skipped="0" hostname="sunfish.sailpoint.com" name="sailpoint.rest.scim.PolicyViolationResourceTest" tests="5" failures="0" timestamp="11 May 2021 16:09:47 GMT" time="0.274" errors="0">
  <testcase name="testGetByName" time="0.001" classname="sailpoint.rest.scim.PolicyViolationResourceTest"/>
  <testcase name="testGetNotFound" time="0.041" classname="sailpoint.rest.scim.PolicyViolationResourceTest"/>
  <testcase name="testGetById" time="0.057" classname="sailpoint.rest.scim.PolicyViolationResourceTest"/>
  <testcase name="testGetEtagMatch" time="0.091" classname="sailpoint.rest.scim.PolicyViolationResourceTest"/>
  <testcase name="testGetEtagNotMatch" time="0.084" classname="sailpoint.rest.scim.PolicyViolationResourceTest"/>
</testsuite> <!-- sailpoint.rest.scim.PolicyViolationResourceTest -->
