<?xml version="1.0" encoding="UTF-8"?>
<!-- Generated by org.testng.reporters.JUnitReportReporter -->
<testsuite skipped="0" hostname="sunfish.sailpoint.com" name="sailpoint.transformer.TransformerFactoryTest" tests="2" failures="0" timestamp="11 May 2021 16:09:47 GMT" time="0.007" errors="0">
  <testcase name="getTransformerTest" time="0.002" classname="sailpoint.transformer.TransformerFactoryTest"/>
  <testcase name="getContextTransformerTest" time="0.005" classname="sailpoint.transformer.TransformerFactoryTest"/>
</testsuite> <!-- sailpoint.transformer.TransformerFactoryTest -->
