<?xml version="1.0" encoding="UTF-8"?>
<!-- Generated by org.testng.reporters.JUnitReportReporter -->
<testsuite skipped="0" hostname="sunfish.sailpoint.com" name="sailpoint.rest.scim.UserResourceTest" tests="44" failures="0" timestamp="11 May 2021 16:09:47 GMT" time="5.819" errors="0">
  <testcase name="testUpdateUser" time="0.295" classname="sailpoint.rest.scim.UserResourceTest"/>
  <testcase name="testResponseHeaders" time="0.236" classname="sailpoint.rest.scim.UserResourceTest"/>
  <testcase name="testGetUserIfNoneMatchNotModifiedResponse" time="0.094" classname="sailpoint.rest.scim.UserResourceTest"/>
  <testcase name="testUpdateInvalidManager" time="0.152" classname="sailpoint.rest.scim.UserResourceTest"/>
  <testcase name="testUpdateUserNoAudit" time="0.262" classname="sailpoint.rest.scim.UserResourceTest"/>
  <testcase name="testGetUserAsFullAccessDenied" time="0.055" classname="sailpoint.rest.scim.UserResourceTest"/>
  <testcase name="testCreateUserWithInvalidPassword" time="0.342" classname="sailpoint.rest.scim.UserResourceTest"/>
  <testcase name="testUpdateUserDoesNotExist" time="0.116" classname="sailpoint.rest.scim.UserResourceTest"/>
  <testcase name="testGetUserIncludeMixedAsRead" time="0.064" classname="sailpoint.rest.scim.UserResourceTest"/>
  <testcase name="testGetUserAsFullAccess" time="0.065" classname="sailpoint.rest.scim.UserResourceTest"/>
  <testcase name="testGetUserByIdAsSCIMExec" time="0.058" classname="sailpoint.rest.scim.UserResourceTest"/>
  <testcase name="testIncludes" time="0.238" classname="sailpoint.rest.scim.UserResourceTest"/>
  <testcase name="testGetUserNotFound" time="0.037" classname="sailpoint.rest.scim.UserResourceTest"/>
  <testcase name="testGetUserAsInvalidUsernameDenied" time="0.013" classname="sailpoint.rest.scim.UserResourceTest"/>
  <testcase name="testGetUserBearerAuth" time="0.059" classname="sailpoint.rest.scim.UserResourceTest"/>
  <testcase name="testGetUserIncludeInvalidAttribute" time="0.064" classname="sailpoint.rest.scim.UserResourceTest"/>
  <testcase name="testGetUserIncludeAsRead" time="0.072" classname="sailpoint.rest.scim.UserResourceTest"/>
  <testcase name="testUpdateUserBadPath" time="0.117" classname="sailpoint.rest.scim.UserResourceTest"/>
  <testcase name="testCreateUser" time="0.261" classname="sailpoint.rest.scim.UserResourceTest"/>
  <testcase name="testUpdateUserNoChange" time="0.306" classname="sailpoint.rest.scim.UserResourceTest"/>
  <testcase name="testGetUserIncludePasswordNotReturned" time="0.050" classname="sailpoint.rest.scim.UserResourceTest"/>
  <testcase name="testUpdateInvalidType" time="0.152" classname="sailpoint.rest.scim.UserResourceTest"/>
  <testcase name="testUpdateUserInvalidPassword" time="0.278" classname="sailpoint.rest.scim.UserResourceTest"/>
  <testcase name="testGetUserBearerScopedAuthDenied" time="0.018" classname="sailpoint.rest.scim.UserResourceTest"/>
  <testcase name="testCreateUserWithExistingUsername" time="0.205" classname="sailpoint.rest.scim.UserResourceTest"/>
  <testcase name="testGetUserAsReadDenied" time="0.055" classname="sailpoint.rest.scim.UserResourceTest"/>
  <testcase name="testGetUserAsSCIMExec" time="0.118" classname="sailpoint.rest.scim.UserResourceTest"/>
  <testcase name="testCreateUserNoMeta" time="0.190" classname="sailpoint.rest.scim.UserResourceTest"/>
  <testcase name="testGetUserExcludeAsRead" time="0.069" classname="sailpoint.rest.scim.UserResourceTest"/>
  <testcase name="testGetUserIfNoneMatch" time="0.070" classname="sailpoint.rest.scim.UserResourceTest"/>
  <testcase name="testGetUserBearerLimitedAuth" time="0.060" classname="sailpoint.rest.scim.UserResourceTest"/>
  <testcase name="testGetUserAsSchemaDenied" time="0.025" classname="sailpoint.rest.scim.UserResourceTest"/>
  <testcase name="testUpdateUserAlreadyUpdated" time="0.114" classname="sailpoint.rest.scim.UserResourceTest"/>
  <testcase name="testUpdateType" time="0.184" classname="sailpoint.rest.scim.UserResourceTest"/>
  <testcase name="testCreateUserWithMissingUsername" time="0.201" classname="sailpoint.rest.scim.UserResourceTest"/>
  <testcase name="testUpdateUserName" time="0.184" classname="sailpoint.rest.scim.UserResourceTest"/>
  <testcase name="testGetUserAsResourceTypeDenied" time="0.028" classname="sailpoint.rest.scim.UserResourceTest"/>
  <testcase name="testAuthorizeFullAccessUser" time="0.065" classname="sailpoint.rest.scim.UserResourceTest"/>
  <testcase name="testUpdateUserBearerAuth" time="0.287" classname="sailpoint.rest.scim.UserResourceTest"/>
  <testcase name="testCreateUserWithExistingIdAsUsername" time="0.187" classname="sailpoint.rest.scim.UserResourceTest"/>
  <testcase name="testGetUserAsNoSCIMExecDenied" time="0.028" classname="sailpoint.rest.scim.UserResourceTest"/>
  <testcase name="testExcludes" time="0.263" classname="sailpoint.rest.scim.UserResourceTest"/>
  <testcase name="testGetUserAsInvalidPasswordDenied" time="0.013" classname="sailpoint.rest.scim.UserResourceTest"/>
  <testcase name="testGetUserByIdAsSCIMExecMultiByte" time="0.069" classname="sailpoint.rest.scim.UserResourceTest"/>
</testsuite> <!-- sailpoint.rest.scim.UserResourceTest -->
