<?xml version="1.0" encoding="UTF-8"?>
<!-- Generated by org.testng.reporters.JUnitReportReporter -->
<testsuite skipped="0" hostname="sunfish.sailpoint.com" name="sailpoint.service.scim.WorkflowServiceTest" tests="11" failures="0" timestamp="11 May 2021 16:09:47 GMT" time="0.040" errors="0">
  <testcase name="testGetResource" time="0.028" classname="sailpoint.service.scim.WorkflowServiceTest"/>
  <testcase name="testDeleteResourceNotFound" time="0.001" classname="sailpoint.service.scim.WorkflowServiceTest"/>
  <testcase name="testCreateResource" time="0.000" classname="sailpoint.service.scim.WorkflowServiceTest"/>
  <testcase name="testListResourceMaxCount" time="0.002" classname="sailpoint.service.scim.WorkflowServiceTest"/>
  <testcase name="testDeleteUserModified" time="0.001" classname="sailpoint.service.scim.WorkflowServiceTest"/>
  <testcase name="testListResourceCountZeroReturnsTotalResults" time="0.002" classname="sailpoint.service.scim.WorkflowServiceTest"/>
  <testcase name="testUpdateResource" time="0.000" classname="sailpoint.service.scim.WorkflowServiceTest"/>
  <testcase name="testAuditResourcesConfigurationUpdated" time="0.000" classname="sailpoint.service.scim.WorkflowServiceTest"/>
  <testcase name="testGetResourceNotFound" time="0.004" classname="sailpoint.service.scim.WorkflowServiceTest"/>
  <testcase name="testUpdateResourceNotFound" time="0.001" classname="sailpoint.service.scim.WorkflowServiceTest"/>
  <testcase name="testListResourceStartIndexLessThanOne" time="0.001" classname="sailpoint.service.scim.WorkflowServiceTest"/>
</testsuite> <!-- sailpoint.service.scim.WorkflowServiceTest -->
