<?xml version="1.0" encoding="UTF-8"?>
<!-- Generated by org.testng.reporters.JUnitReportReporter -->
<testsuite skipped="0" hostname="sunfish.sailpoint.com" name="sailpoint.activity.FileBasedActivityTests" tests="12" failures="0" timestamp="11 May 2021 16:09:46 GMT" time="4.050" errors="0">
  <testcase name="testTestConfiguration" time="0.067" classname="sailpoint.activity.FileBasedActivityTests"/>
  <testcase name="testWin2kCsvActivityCollection" time="0.097" classname="sailpoint.activity.FileBasedActivityTests"/>
  <testcase name="testCSVActivityCollection" time="0.084" classname="sailpoint.activity.FileBasedActivityTests"/>
  <testcase name="testDirectoryServerActivityCollection" time="0.087" classname="sailpoint.activity.FileBasedActivityTests"/>
  <testcase name="testPositionFiltering" time="0.068" classname="sailpoint.activity.FileBasedActivityTests"/>
  <testcase name="testFTPTransport" time="0.150" classname="sailpoint.activity.FileBasedActivityTests"/>
  <testcase name="testActivityDataFiltering" time="1.557" classname="sailpoint.activity.FileBasedActivityTests"/>
  <testcase name="testCSVActivityCollectionOverSCP" time="1.270" classname="sailpoint.activity.FileBasedActivityTests"/>
  <testcase name="testSyslogActivityCollection" time="0.143" classname="sailpoint.activity.FileBasedActivityTests"/>
  <testcase name="testCSVActivityCollectionOverFTP" time="0.197" classname="sailpoint.activity.FileBasedActivityTests"/>
  <testcase name="testSCPTransport" time="0.263" classname="sailpoint.activity.FileBasedActivityTests"/>
  <testcase name="testActivityDataFilteringXml" time="0.067" classname="sailpoint.activity.FileBasedActivityTests"/>
</testsuite> <!-- sailpoint.activity.FileBasedActivityTests -->
