<?xml version="1.0" encoding="UTF-8"?>
<!-- Generated by org.testng.reporters.JUnitReportReporter -->
<testsuite skipped="0" hostname="sunfish.sailpoint.com" name="openconnector.connector.scim2.SCIM2FilterBuilderTests" tests="7" failures="0" timestamp="11 May 2021 16:09:47 GMT" time="0.054" errors="0">
  <testcase name="testSimpleOperator" time="0.028" classname="openconnector.connector.scim2.SCIM2FilterBuilderTests"/>
  <testcase name="testIntegerValue" time="0.004" classname="openconnector.connector.scim2.SCIM2FilterBuilderTests"/>
  <testcase name="testBooleanValue" time="0.006" classname="openconnector.connector.scim2.SCIM2FilterBuilderTests"/>
  <testcase name="testDateValue" time="0.003" classname="openconnector.connector.scim2.SCIM2FilterBuilderTests"/>
  <testcase name="testUnsupportedOperatorsThrow" time="0.003" classname="openconnector.connector.scim2.SCIM2FilterBuilderTests"/>
  <testcase name="testUnsupportedValueThrows" time="0.004" classname="openconnector.connector.scim2.SCIM2FilterBuilderTests"/>
  <testcase name="testCompositeFilters" time="0.006" classname="openconnector.connector.scim2.SCIM2FilterBuilderTests"/>
</testsuite> <!-- openconnector.connector.scim2.SCIM2FilterBuilderTests -->
