<?xml version="1.0" encoding="UTF-8"?>
<!-- Generated by org.testng.reporters.JUnitReportReporter -->
<testsuite skipped="0" hostname="sunfish.sailpoint.com" name="sailpoint.task.RolePropagatorTests" tests="9" failures="0" timestamp="11 May 2021 16:09:47 GMT" time="102.834" errors="0">
  <testcase name="testPropagation" time="11.077" classname="sailpoint.task.RolePropagatorTests"/>
  <testcase name="testChangeEventPreservedWithFailure" time="11.402" classname="sailpoint.task.RolePropagatorTests"/>
  <testcase name="testChangeEventFailureThreshold" time="10.457" classname="sailpoint.task.RolePropagatorTests"/>
  <testcase name="testMultiPropIdentity" time="0.012" classname="sailpoint.task.RolePropagatorTests"/>
  <testcase name="testMultiplePropagation" time="10.063" classname="sailpoint.task.RolePropagatorTests"/>
  <testcase name="testIncrementAttemptsWhenFirstEventFullyFails" time="11.470" classname="sailpoint.task.RolePropagatorTests"/>
  <testcase name="testChangeEventFailureRetry" time="4.335" classname="sailpoint.task.RolePropagatorTests"/>
  <testcase name="testChangeEventPruning" time="31.864" classname="sailpoint.task.RolePropagatorTests"/>
  <testcase name="testPartitionedPropagation" time="12.154" classname="sailpoint.task.RolePropagatorTests"/>
</testsuite> <!-- sailpoint.task.RolePropagatorTests -->
