<?xml version="1.0" encoding="UTF-8"?>
<!-- Generated by org.testng.reporters.JUnitReportReporter -->
<testsuite skipped="0" hostname="sunfish.sailpoint.com" name="sailpoint.api.RequestNotificationScannerTests" tests="9" failures="0" timestamp="11 May 2021 16:09:47 GMT" time="30.463" errors="0">
  <testcase name="testNotificationScannerRoleDeassignment" time="2.992" classname="sailpoint.api.RequestNotificationScannerTests"/>
  <testcase name="testNotificationScannerNotWithinRange" time="3.050" classname="sailpoint.api.RequestNotificationScannerTests"/>
  <testcase name="testNotificationScannerRoleDeassignmentOneEmail" time="3.034" classname="sailpoint.api.RequestNotificationScannerTests"/>
  <testcase name="testNotificationScannerRoleDeprovsion" time="3.164" classname="sailpoint.api.RequestNotificationScannerTests"/>
  <testcase name="testNotificationScannerAttributeDeassignment" time="2.983" classname="sailpoint.api.RequestNotificationScannerTests"/>
  <testcase name="testNotificationSentWhenDisabled" time="3.087" classname="sailpoint.api.RequestNotificationScannerTests"/>
  <testcase name="testNoActionWhenNoDaysSet" time="2.982" classname="sailpoint.api.RequestNotificationScannerTests"/>
  <testcase name="testNotificationScannerRoleAssignment" time="3.337" classname="sailpoint.api.RequestNotificationScannerTests"/>
  <testcase name="testMultipleNotificationsSent" time="5.834" classname="sailpoint.api.RequestNotificationScannerTests"/>
</testsuite> <!-- sailpoint.api.RequestNotificationScannerTests -->
