<?xml version="1.0" encoding="UTF-8"?>
<!-- Generated by org.testng.reporters.JUnitReportReporter -->
<testsuite skipped="0" hostname="sunfish.sailpoint.com" name="sailpoint.web.LoginBeanTests" tests="39" failures="0" timestamp="11 May 2021 16:09:47 GMT" time="71.694" errors="0">
  <testcase name="testCheckAuthAppName" time="1.407" classname="sailpoint.web.LoginBeanTests"/>
  <testcase name="testLoginResetPasswordSingleMFA" time="2.316" classname="sailpoint.web.LoginBeanTests"/>
  <testcase name="testGetLoginOutcome" time="1.568" classname="sailpoint.web.LoginBeanTests"/>
  <testcase name="testLoginSingleMFA" time="1.627" classname="sailpoint.web.LoginBeanTests"/>
  <testcase name="testLoginExpiredPasswordNoAccountOnApplication" time="1.600" classname="sailpoint.web.LoginBeanTests"/>
  <testcase name="testIIQInValidPasswordLock" time="2.348" classname="sailpoint.web.LoginBeanTests"/>
  <testcase name="testCheckAuthAppName" time="1.891" classname="sailpoint.web.LoginBeanTests"/>
  <testcase name="testLoginExpiredPasswordNoMFA" time="1.600" classname="sailpoint.web.LoginBeanTests"/>
  <testcase name="testNeedToAnswerAuthQuestion" time="1.839" classname="sailpoint.web.LoginBeanTests"/>
  <testcase name="testPlainLogin" time="1.537" classname="sailpoint.web.LoginBeanTests"/>
  <testcase name="testUpdatePasswordActionSucceedsWhenPasswordsMatch" time="1.883" classname="sailpoint.web.LoginBeanTests"/>
  <testcase name="testCheckAuthAppName" time="1.540" classname="sailpoint.web.LoginBeanTests"/>
  <testcase name="testLoginExpiredPasswordSingleMFA" time="1.447" classname="sailpoint.web.LoginBeanTests"/>
  <testcase name="testLoginAccountIdNull" time="1.907" classname="sailpoint.web.LoginBeanTests"/>
  <testcase name="testCheckAuthAppName" time="2.662" classname="sailpoint.web.LoginBeanTests"/>
  <testcase name="testLoginAccountIdNull" time="1.414" classname="sailpoint.web.LoginBeanTests"/>
  <testcase name="testCheckAuthAppName" time="1.839" classname="sailpoint.web.LoginBeanTests"/>
  <testcase name="testLoginResetPasswordMultiMFA" time="3.180" classname="sailpoint.web.LoginBeanTests"/>
  <testcase name="testLoginMultipleMFA" time="2.016" classname="sailpoint.web.LoginBeanTests"/>
  <testcase name="testLogin" time="1.493" classname="sailpoint.web.LoginBeanTests"/>
  <testcase name="testLoginExpiredPasswordMobile" time="1.589" classname="sailpoint.web.LoginBeanTests"/>
  <testcase name="testCheckAuthAppName" time="1.593" classname="sailpoint.web.LoginBeanTests"/>
  <testcase name="testLoginAccountIdNull" time="2.180" classname="sailpoint.web.LoginBeanTests"/>
  <testcase name="testLoginResetPasswordNoMFA" time="1.899" classname="sailpoint.web.LoginBeanTests"/>
  <testcase name="testCheckAuthAppName" time="1.528" classname="sailpoint.web.LoginBeanTests"/>
  <testcase name="testLoginAccountIdNull" time="1.655" classname="sailpoint.web.LoginBeanTests"/>
  <testcase name="testLoginAccountIdNull" time="2.392" classname="sailpoint.web.LoginBeanTests"/>
  <testcase name="testLoginExpiredPasswordMultipleMFA" time="1.582" classname="sailpoint.web.LoginBeanTests"/>
  <testcase name="testLoginAccountIdNull" time="1.495" classname="sailpoint.web.LoginBeanTests"/>
  <testcase name="testCheckAuthAppName" time="1.427" classname="sailpoint.web.LoginBeanTests"/>
  <testcase name="testCheckAuthAppName" time="2.078" classname="sailpoint.web.LoginBeanTests"/>
  <testcase name="testLoginAccountIdNull" time="2.025" classname="sailpoint.web.LoginBeanTests"/>
  <testcase name="testCheckAuthAppName" time="1.557" classname="sailpoint.web.LoginBeanTests"/>
  <testcase name="testUpdatePasswordActionFailsWhenPasswordsDontMatch" time="1.684" classname="sailpoint.web.LoginBeanTests"/>
  <testcase name="testCheckAuthAppName" time="2.230" classname="sailpoint.web.LoginBeanTests"/>
  <testcase name="testCheckAuthAppName" time="2.062" classname="sailpoint.web.LoginBeanTests"/>
  <testcase name="testCheckAuthAppName" time="2.125" classname="sailpoint.web.LoginBeanTests"/>
  <testcase name="testLoginAccountIdNull" time="1.628" classname="sailpoint.web.LoginBeanTests"/>
  <testcase name="testCheckAuthAppName" time="1.851" classname="sailpoint.web.LoginBeanTests"/>
</testsuite> <!-- sailpoint.web.LoginBeanTests -->
