<?xml version="1.0" encoding="UTF-8"?>
<!-- Generated by org.testng.reporters.JUnitReportReporter -->
<testsuite skipped="0" hostname="sunfish.sailpoint.com" name="sailpoint.monitoring.MonitoringTests3" tests="3" failures="0" timestamp="11 May 2021 16:09:47 GMT" time="0.489" errors="0">
  <testcase name="stepOverview" time="0.169" classname="sailpoint.monitoring.MonitoringTests3"/>
  <testcase name="stepExecutionInfo" time="0.154" classname="sailpoint.monitoring.MonitoringTests3"/>
  <testcase name="stepApprovalInfo" time="0.166" classname="sailpoint.monitoring.MonitoringTests3"/>
</testsuite> <!-- sailpoint.monitoring.MonitoringTests3 -->
