<?xml version="1.0" encoding="UTF-8"?>
<!-- Generated by org.testng.reporters.JUnitReportReporter -->
<testsuite skipped="0" hostname="sunfish.sailpoint.com" name="sailpoint.web.identity.LinksHelperTests" tests="2" failures="0" timestamp="11 May 2021 16:09:47 GMT" time="0.049" errors="0">
  <testcase name="testAddRemoveLinksToPlan" time="0.000" classname="sailpoint.web.identity.LinksHelperTests"/>
  <testcase name="testAddMoveLinksToPlan" time="0.049" classname="sailpoint.web.identity.LinksHelperTests"/>
</testsuite> <!-- sailpoint.web.identity.LinksHelperTests -->
