<?xml version="1.0" encoding="UTF-8"?>
<!-- Generated by org.testng.reporters.JUnitReportReporter -->
<testsuite skipped="0" hostname="sunfish.sailpoint.com" name="sailpoint.web.certification.CertificationUtilTests" tests="12" failures="0" timestamp="11 May 2021 16:09:47 GMT" time="3.272" errors="0">
  <testcase name="testIsEditableByOwner" time="0.347" classname="sailpoint.web.certification.CertificationUtilTests"/>
  <testcase name="testGetBundleAccountInfoRoleAssignmentOnItem" time="0.150" classname="sailpoint.web.certification.CertificationUtilTests"/>
  <testcase name="testGetCertifiers" time="0.183" classname="sailpoint.web.certification.CertificationUtilTests"/>
  <testcase name="testSignedCertIsEditable" time="0.352" classname="sailpoint.web.certification.CertificationUtilTests"/>
  <testcase name="testGetItemStatusCount" time="0.353" classname="sailpoint.web.certification.CertificationUtilTests"/>
  <testcase name="testGetAvailableBulkDecisions" time="0.469" classname="sailpoint.web.certification.CertificationUtilTests"/>
  <testcase name="testGetItemStatusCountForEntity" time="0.240" classname="sailpoint.web.certification.CertificationUtilTests"/>
  <testcase name="testGetBundleAccountInfoRoleDetectionNotOnItem" time="0.163" classname="sailpoint.web.certification.CertificationUtilTests"/>
  <testcase name="testGetBundleAccountInfoRoleDetectionOnItem" time="0.010" classname="sailpoint.web.certification.CertificationUtilTests"/>
  <testcase name="testGetAvailableBulkDecisionsSignedCert" time="0.201" classname="sailpoint.web.certification.CertificationUtilTests"/>
  <testcase name="testGetItemStatusCountForEntityById" time="0.669" classname="sailpoint.web.certification.CertificationUtilTests"/>
  <testcase name="testGetBundleAccountInfoRoleAssignmentNotOnItem" time="0.135" classname="sailpoint.web.certification.CertificationUtilTests"/>
</testsuite> <!-- sailpoint.web.certification.CertificationUtilTests -->
