<?xml version="1.0" encoding="UTF-8"?>
<!-- Generated by org.testng.reporters.JUnitReportReporter -->
<testsuite skipped="0" hostname="sunfish.sailpoint.com" name="sailpoint.authorization.WebResourceAuthorizerTests" tests="3" failures="0" timestamp="11 May 2021 16:09:47 GMT" time="0.062" errors="0">
  <testcase name="monitorScheduleCertificationAccess" time="0.024" classname="sailpoint.authorization.WebResourceAuthorizerTests"/>
  <testcase name="adminAccess" time="0.011" classname="sailpoint.authorization.WebResourceAuthorizerTests"/>
  <testcase name="someGuyAccess" time="0.027" classname="sailpoint.authorization.WebResourceAuthorizerTests"/>
</testsuite> <!-- sailpoint.authorization.WebResourceAuthorizerTests -->
