<?xml version="1.0" encoding="UTF-8"?>
<!-- Generated by org.testng.reporters.JUnitReportReporter -->
<testsuite skipped="0" hostname="sunfish.sailpoint.com" name="sailpoint.rest.ui.certifications.CertificationResourceTests" tests="8" failures="0" timestamp="11 May 2021 16:09:47 GMT" time="3.443" errors="0">
  <testcase name="testSuggestAuth" time="0.550" classname="sailpoint.rest.ui.certifications.CertificationResourceTests"/>
  <testcase name="testSignCertificationNoSignature" time="0.441" classname="sailpoint.rest.ui.certifications.CertificationResourceTests"/>
  <testcase name="testSendCertificationReminderEmail" time="0.394" classname="sailpoint.rest.ui.certifications.CertificationResourceTests"/>
  <testcase name="testSaveDecisions" time="0.486" classname="sailpoint.rest.ui.certifications.CertificationResourceTests"/>
  <testcase name="testRescindCertification" time="0.379" classname="sailpoint.rest.ui.certifications.CertificationResourceTests"/>
  <testcase name="testSignCertificationSignature" time="0.327" classname="sailpoint.rest.ui.certifications.CertificationResourceTests"/>
  <testcase name="testGetCertificationReminderEmailTemplate" time="0.442" classname="sailpoint.rest.ui.certifications.CertificationResourceTests"/>
  <testcase name="testSignCertificationAuth" time="0.424" classname="sailpoint.rest.ui.certifications.CertificationResourceTests"/>
</testsuite> <!-- sailpoint.rest.ui.certifications.CertificationResourceTests -->
