<?xml version="1.0" encoding="UTF-8"?>
<!-- Generated by org.testng.reporters.JUnitReportReporter -->
<testsuite skipped="0" hostname="sunfish.sailpoint.com" name="sailpoint.api.IdentityRefreshTests" tests="10" failures="0" timestamp="11 May 2021 16:09:47 GMT" time="100.946" errors="0">
  <testcase name="testHaltAfterErrorSingleThreaded" time="3.487" classname="sailpoint.api.IdentityRefreshTests"/>
  <testcase name="testOverlappingRefreshWorkflows" time="11.329" classname="sailpoint.api.IdentityRefreshTests"/>
  <testcase name="testIdentityLockAndRefreshConcurrency" time="12.389" classname="sailpoint.api.IdentityRefreshTests"/>
  <testcase name="testIncrementalRefresh" time="21.553" classname="sailpoint.api.IdentityRefreshTests"/>
  <testcase name="testRefreshIdentityViaTriggerWorkflow" time="4.984" classname="sailpoint.api.IdentityRefreshTests"/>
  <testcase name="testRefreshWithManualItems" time="13.639" classname="sailpoint.api.IdentityRefreshTests"/>
  <testcase name="testHaltAfterErrorMultiThreaded" time="4.816" classname="sailpoint.api.IdentityRefreshTests"/>
  <testcase name="testFiltersAndGroups" time="12.875" classname="sailpoint.api.IdentityRefreshTests"/>
  <testcase name="testIdentityRefreshPartitionedTaskUpdateResults" time="10.672" classname="sailpoint.api.IdentityRefreshTests"/>
  <testcase name="testIdentityRefreshWithGroup" time="5.202" classname="sailpoint.api.IdentityRefreshTests"/>
</testsuite> <!-- sailpoint.api.IdentityRefreshTests -->
