<?xml version="1.0" encoding="UTF-8"?>
<!-- Generated by org.testng.reporters.JUnitReportReporter -->
<testsuite skipped="0" hostname="sunfish.sailpoint.com" name="sailpoint.identityai.TokenResponseFilterTests" tests="3" failures="0" timestamp="11 May 2021 16:09:46 GMT" time="0.117" errors="0">
  <testcase name="testMethodAuthSuccess" time="0.015" classname="sailpoint.identityai.TokenResponseFilterTests"/>
  <testcase name="testAlwaysFail" time="0.085" classname="sailpoint.identityai.TokenResponseFilterTests"/>
  <testcase name="testMethodAuthFailure" time="0.017" classname="sailpoint.identityai.TokenResponseFilterTests"/>
</testsuite> <!-- sailpoint.identityai.TokenResponseFilterTests -->
