<?xml version="1.0" encoding="UTF-8"?>
<!-- Generated by org.testng.reporters.JUnitReportReporter -->
<testsuite skipped="0" hostname="sunfish.sailpoint.com" name="sailpoint.api.PasswordPoliceTests" tests="31" failures="0" timestamp="11 May 2021 16:09:47 GMT" time="245.693" errors="0">
  <testcase name="testCheckIdentityPassword" time="7.933" classname="sailpoint.api.PasswordPoliceTests"/>
  <testcase name="testShouldPassWithMinCharTypeForIdentity" time="7.504" classname="sailpoint.api.PasswordPoliceTests"/>
  <testcase name="testCheckLinkPassword_2" time="7.999" classname="sailpoint.api.PasswordPoliceTests"/>
  <testcase name="testCheckLinkPassword_1" time="8.192" classname="sailpoint.api.PasswordPoliceTests"/>
  <testcase name="testPasswordLinkHistory" time="8.762" classname="sailpoint.api.PasswordPoliceTests"/>
  <testcase name="testCheckLinkPassword_7" time="8.009" classname="sailpoint.api.PasswordPoliceTests"/>
  <testcase name="testShouldFailWithMinCharByPostitionForIdentity" time="7.656" classname="sailpoint.api.PasswordPoliceTests"/>
  <testcase name="testPasswordAgainstDisplayNameShouldFail" time="7.610" classname="sailpoint.api.PasswordPoliceTests"/>
  <testcase name="testCheckLinkPassword_4" time="8.374" classname="sailpoint.api.PasswordPoliceTests"/>
  <testcase name="testShouldFailWithMinCharByPostitionForLink" time="7.783" classname="sailpoint.api.PasswordPoliceTests"/>
  <testcase name="testPasswordAgainstAccountIdShouldFail" time="7.581" classname="sailpoint.api.PasswordPoliceTests"/>
  <testcase name="testShouldFailWithMinCharTypeForLink" time="8.001" classname="sailpoint.api.PasswordPoliceTests"/>
  <testcase name="testCheckLinkPassword_5" time="8.209" classname="sailpoint.api.PasswordPoliceTests"/>
  <testcase name="testPasswordAgainstDisplayNameShouldPass" time="7.765" classname="sailpoint.api.PasswordPoliceTests"/>
  <testcase name="testUseDefaultSpecialCharacterSetWhenSpecialSetIsNull" time="7.572" classname="sailpoint.api.PasswordPoliceTests"/>
  <testcase name="testShouldFailWithSpecialCharactersFromSpecifiedSet" time="7.525" classname="sailpoint.api.PasswordPoliceTests"/>
  <testcase name="testShouldFailWithMinCharTypeForIdentity" time="7.663" classname="sailpoint.api.PasswordPoliceTests"/>
  <testcase name="testShouldFailWithTrivialityCheckForIdentity" time="7.964" classname="sailpoint.api.PasswordPoliceTests"/>
  <testcase name="testShouldPassWithSpecialCharactersFromSpecifiedSet" time="8.390" classname="sailpoint.api.PasswordPoliceTests"/>
  <testcase name="testShouldPassWithMinCharTypeForLink" time="7.726" classname="sailpoint.api.PasswordPoliceTests"/>
  <testcase name="testRepeatCharInPasswordForLinkShouldFail" time="8.390" classname="sailpoint.api.PasswordPoliceTests"/>
  <testcase name="testCheckLinkPassword_6" time="8.067" classname="sailpoint.api.PasswordPoliceTests"/>
  <testcase name="testRepeatCharInPasswordForIdentityShouldFail" time="8.172" classname="sailpoint.api.PasswordPoliceTests"/>
  <testcase name="testPasswordAgainstDisplayNameShouldFail_2" time="8.052" classname="sailpoint.api.PasswordPoliceTests"/>
  <testcase name="testForeignLettersInPasswordAreValid" time="7.855" classname="sailpoint.api.PasswordPoliceTests"/>
  <testcase name="testMinHoursBetweenPasswordChangeShouldFail" time="7.854" classname="sailpoint.api.PasswordPoliceTests"/>
  <testcase name="testPasswordAgainstDisplayNameShouldPass_2" time="7.565" classname="sailpoint.api.PasswordPoliceTests"/>
  <testcase name="testGetEffectivePolicyMatches" time="7.563" classname="sailpoint.api.PasswordPoliceTests"/>
  <testcase name="testFindInvalidHashPolicies" time="7.521" classname="sailpoint.api.PasswordPoliceTests"/>
  <testcase name="testCheckLinkPassword_3" time="8.717" classname="sailpoint.api.PasswordPoliceTests"/>
  <testcase name="testShouldFailWithTrivialityCheckForLink" time="7.719" classname="sailpoint.api.PasswordPoliceTests"/>
</testsuite> <!-- sailpoint.api.PasswordPoliceTests -->
