<?xml version="1.0" encoding="UTF-8"?>
<!-- Generated by org.testng.reporters.JUnitReportReporter -->
<testsuite skipped="0" hostname="sunfish.sailpoint.com" name="sailpoint.rest.scim.ResourceTypeListResourceTest" tests="8" failures="0" timestamp="11 May 2021 16:09:47 GMT" time="0.294" errors="0">
  <testcase name="testResourceTypeTaskResult" time="0.043" classname="sailpoint.rest.scim.ResourceTypeListResourceTest"/>
  <testcase name="testResourceTypeWorkflow" time="0.045" classname="sailpoint.rest.scim.ResourceTypeListResourceTest"/>
  <testcase name="testResourceTypeUser" time="0.049" classname="sailpoint.rest.scim.ResourceTypeListResourceTest"/>
  <testcase name="testResourceTypeFilterError" time="0.029" classname="sailpoint.rest.scim.ResourceTypeListResourceTest"/>
  <testcase name="testResourceTypes" time="0.052" classname="sailpoint.rest.scim.ResourceTypeListResourceTest"/>
  <testcase name="testResourceTypeUnauthorizedError" time="0.005" classname="sailpoint.rest.scim.ResourceTypeListResourceTest"/>
  <testcase name="testResourceTypeError" time="0.040" classname="sailpoint.rest.scim.ResourceTypeListResourceTest"/>
  <testcase name="testResourceTypesBearerAuth" time="0.031" classname="sailpoint.rest.scim.ResourceTypeListResourceTest"/>
</testsuite> <!-- sailpoint.rest.scim.ResourceTypeListResourceTest -->
