<?xml version="1.0" encoding="UTF-8"?>
<!-- Generated by org.testng.reporters.JUnitReportReporter -->
<testsuite skipped="0" hostname="sunfish.sailpoint.com" name="sailpoint.object.IdentityTriggerTests" tests="3" failures="0" timestamp="11 May 2021 16:09:47 GMT" time="0.023" errors="0">
  <testcase name="testSelector" time="0.007" classname="sailpoint.object.IdentityTriggerTests"/>
  <testcase name="testFilter" time="0.012" classname="sailpoint.object.IdentityTriggerTests"/>
  <testcase name="testMatching" time="0.004" classname="sailpoint.object.IdentityTriggerTests"/>
</testsuite> <!-- sailpoint.object.IdentityTriggerTests -->
