<?xml version="1.0" encoding="UTF-8"?>
<!-- Generated by org.testng.reporters.JUnitReportReporter -->
<testsuite skipped="0" hostname="sunfish.sailpoint.com" name="sailpoint.injection.InjectorTests" tests="2" failures="0" timestamp="11 May 2021 16:09:47 GMT" time="0.002" errors="0">
  <testcase name="noEnvFileMeansProduction" time="0.001" classname="sailpoint.injection.InjectorTests"/>
  <testcase name="overrideGuiceEnvironmentInFile" time="0.001" classname="sailpoint.injection.InjectorTests"/>
</testsuite> <!-- sailpoint.injection.InjectorTests -->
