<?xml version="1.0" encoding="UTF-8"?>
<!-- Generated by org.testng.reporters.JUnitReportReporter -->
<testsuite skipped="0" hostname="sunfish.sailpoint.com" name="sailpoint.api.certification.BusinessRoleCompositionCertificationTests" tests="3" failures="0" timestamp="11 May 2021 16:09:46 GMT" time="2.040" errors="0">
  <testcase name="testSimpleCert" time="0.641" classname="sailpoint.api.certification.BusinessRoleCompositionCertificationTests"/>
  <testcase name="testOwnerlessBundle" time="0.580" classname="sailpoint.api.certification.BusinessRoleCompositionCertificationTests"/>
  <testcase name="testRemediateCertification" time="0.819" classname="sailpoint.api.certification.BusinessRoleCompositionCertificationTests"/>
</testsuite> <!-- sailpoint.api.certification.BusinessRoleCompositionCertificationTests -->
