<?xml version="1.0" encoding="UTF-8"?>
<!-- Generated by org.testng.reporters.JUnitReportReporter -->
<testsuite skipped="0" hostname="sunfish.sailpoint.com" name="sailpoint.provisioning.PlanCompilerTests" tests="19" failures="0" timestamp="11 May 2021 16:09:46 GMT" time="48.032" errors="0">
  <testcase name="testApplicationDependencies" time="3.001" classname="sailpoint.provisioning.PlanCompilerTests"/>
  <testcase name="testAssimilateWithRoleAssignment" time="2.539" classname="sailpoint.provisioning.PlanCompilerTests"/>
  <testcase name="testFilterAddAlreadyExistsPermission" time="2.349" classname="sailpoint.provisioning.PlanCompilerTests"/>
  <testcase name="testRecompileForSecondAccountWithSelectorOverride" time="3.233" classname="sailpoint.provisioning.PlanCompilerTests"/>
  <testcase name="testFilterAddAlreadyExists" time="2.398" classname="sailpoint.provisioning.PlanCompilerTests"/>
  <testcase name="testFilterRemoveRoleAlreadyGone" time="2.376" classname="sailpoint.provisioning.PlanCompilerTests"/>
  <testcase name="testFilterRemoveEntitlementMultiAlreadyGone" time="2.350" classname="sailpoint.provisioning.PlanCompilerTests"/>
  <testcase name="testRecompileForSecondAccount" time="3.072" classname="sailpoint.provisioning.PlanCompilerTests"/>
  <testcase name="testFilterPendingProvisioningRequest" time="1.310" classname="sailpoint.provisioning.PlanCompilerTests"/>
  <testcase name="testEntRequestCreate" time="2.408" classname="sailpoint.provisioning.PlanCompilerTests"/>
  <testcase name="testMutliCreate" time="2.393" classname="sailpoint.provisioning.PlanCompilerTests"/>
  <testcase name="testAssimilateWithAttrAssignment" time="2.803" classname="sailpoint.provisioning.PlanCompilerTests"/>
  <testcase name="testFilterRemoveEntitlementAlreadyGone" time="2.225" classname="sailpoint.provisioning.PlanCompilerTests"/>
  <testcase name="testAssignedEntitlementRemoveNotFilteredWhenOptionNotSet" time="2.696" classname="sailpoint.provisioning.PlanCompilerTests"/>
  <testcase name="testFilterSetOp" time="2.606" classname="sailpoint.provisioning.PlanCompilerTests"/>
  <testcase name="testRecompileForSecondAccountWithAllowDupes" time="3.005" classname="sailpoint.provisioning.PlanCompilerTests"/>
  <testcase name="testAssignedEntitlementRetainFilteredWhenOptionSet" time="2.614" classname="sailpoint.provisioning.PlanCompilerTests"/>
  <testcase name="testFilterRemoveDependent" time="2.246" classname="sailpoint.provisioning.PlanCompilerTests"/>
  <testcase name="testAssimilateMatchesAssignmentId" time="2.408" classname="sailpoint.provisioning.PlanCompilerTests"/>
</testsuite> <!-- sailpoint.provisioning.PlanCompilerTests -->
