<?xml version="1.0" encoding="UTF-8"?>
<!-- Generated by org.testng.reporters.JUnitReportReporter -->
<testsuite skipped="0" hostname="sunfish.sailpoint.com" name="sailpoint.service.RolesServiceTests" tests="8" failures="0" timestamp="11 May 2021 16:09:47 GMT" time="0.064" errors="0">
  <testcase name="testSimpleDoubleBizInheritanceWithDuplicates" time="0.017" classname="sailpoint.service.RolesServiceTests"/>
  <testcase name="testSimpleFullHierarchy" time="0.016" classname="sailpoint.service.RolesServiceTests"/>
  <testcase name="testComplexInDirect" time="0.013" classname="sailpoint.service.RolesServiceTests"/>
  <testcase name="testComplexInIncluded" time="0.001" classname="sailpoint.service.RolesServiceTests"/>
  <testcase name="testSimpleWithDuplicates" time="0.008" classname="sailpoint.service.RolesServiceTests"/>
  <testcase name="testComplexInParentOfRequiredOfParent" time="0.002" classname="sailpoint.service.RolesServiceTests"/>
  <testcase name="testComplexInParentOfRequired" time="0.003" classname="sailpoint.service.RolesServiceTests"/>
  <testcase name="testComplexInRequired" time="0.004" classname="sailpoint.service.RolesServiceTests"/>
</testsuite> <!-- sailpoint.service.RolesServiceTests -->
