<?xml version="1.0" encoding="UTF-8"?>
<!-- Generated by org.testng.reporters.JUnitReportReporter -->
<testsuite skipped="0" hostname="sunfish.sailpoint.com" name="sailpoint.web.identity.RoleAssignmentUtilTests" tests="8" failures="0" timestamp="11 May 2021 16:09:47 GMT" time="0.001" errors="0">
  <testcase name="testAddToResultNullIdentity" time="0.000" classname="sailpoint.web.identity.RoleAssignmentUtilTests"/>
  <testcase name="testTargetAcctNamesCsv" time="0.000" classname="sailpoint.web.identity.RoleAssignmentUtilTests"/>
  <testcase name="testTargetAcctNamesCsvNullAssignment" time="0.000" classname="sailpoint.web.identity.RoleAssignmentUtilTests"/>
  <testcase name="testTargetAppNamesCsv" time="0.000" classname="sailpoint.web.identity.RoleAssignmentUtilTests"/>
  <testcase name="testAddToResult" time="0.001" classname="sailpoint.web.identity.RoleAssignmentUtilTests"/>
  <testcase name="testTargetAppNamesCsvNullAssignment" time="0.000" classname="sailpoint.web.identity.RoleAssignmentUtilTests"/>
  <testcase name="testTargetAcctNamesCsvEmpty" time="0.000" classname="sailpoint.web.identity.RoleAssignmentUtilTests"/>
  <testcase name="testTargetAppNamesCsvEmpty" time="0.000" classname="sailpoint.web.identity.RoleAssignmentUtilTests"/>
</testsuite> <!-- sailpoint.web.identity.RoleAssignmentUtilTests -->
