<?xml version="1.0" encoding="UTF-8"?>
<!-- Generated by org.testng.reporters.JUnitReportReporter -->
<testsuite skipped="2" hostname="sunfish.sailpoint.com" name="sailpoint.api.TargetAggregationTests" tests="14" failures="0" timestamp="11 May 2021 16:09:47 GMT" time="60.475" errors="0">
  <testcase name="testTargetExtendedAtts" time="1.593" classname="sailpoint.api.TargetAggregationTests"/>
  <testcase name="testSplitRights" time="1.473" classname="sailpoint.api.TargetAggregationTests"/>
  <testcase name="testHierarchicalGroupTargetAssociations" time="7.370" classname="sailpoint.api.TargetAggregationTests"/>
  <testcase name="testAggTargetRefresh" time="1.537" classname="sailpoint.api.TargetAggregationTests"/>
  <testcase name="testTargetDisplayNames" time="7.190" classname="sailpoint.api.TargetAggregationTests"/>
  <testcase name="testRoleDirectTargets" time="4.062" classname="sailpoint.api.TargetAggregationTests"/>
  <testcase name="testTargetAggregationIdentityEntitlements" time="1.361" classname="sailpoint.api.TargetAggregationTests"/>
  <testcase name="testGroupTargetAssociations" time="22.580" classname="sailpoint.api.TargetAggregationTests"/>
  <testcase name="testTargetAggregationApplicationSource" time="1.658" classname="sailpoint.api.TargetAggregationTests"/>
  <testcase name="testOneCollectorMultipleApps" time="1.163" classname="sailpoint.api.TargetAggregationTests"/>
  <testcase name="testUnAggregatedCleanup" time="1.330" classname="sailpoint.api.TargetAggregationTests"/>
  <testcase name="testRoleTargetAssociations" time="9.158" classname="sailpoint.api.TargetAggregationTests"/>
  <testcase name="testTargetAggregationMultipleSources" classname="sailpoint.api.TargetAggregationTests">
    <skipped/>
  </testcase> <!-- testTargetAggregationMultipleSources -->
  <testcase name="testTargetAggregation" classname="sailpoint.api.TargetAggregationTests">
    <skipped/>
  </testcase> <!-- testTargetAggregation -->
</testsuite> <!-- sailpoint.api.TargetAggregationTests -->
