<?xml version="1.0" encoding="UTF-8"?>
<!-- Generated by org.testng.reporters.JUnitReportReporter -->
<testsuite skipped="1" hostname="sunfish.sailpoint.com" name="sailpoint.rest.scim.AccountListResourceTest" tests="29" failures="0" timestamp="11 May 2021 16:09:46 GMT" time="5.315" errors="0">
  <testcase name="testCreateAccountAsCreate" time="0.214" classname="sailpoint.rest.scim.AccountListResourceTest"/>
  <testcase name="testPagingWithSortAscendingAndIncludes" time="0.419" classname="sailpoint.rest.scim.AccountListResourceTest"/>
  <testcase name="testFailedFilterIdentityId" time="0.090" classname="sailpoint.rest.scim.AccountListResourceTest"/>
  <testcase name="testPagingWithSortDescending" time="0.489" classname="sailpoint.rest.scim.AccountListResourceTest"/>
  <testcase name="testDisplayNameCaseInsensitive" time="0.149" classname="sailpoint.rest.scim.AccountListResourceTest"/>
  <testcase name="testListAccountsBearerAuth" time="0.190" classname="sailpoint.rest.scim.AccountListResourceTest"/>
  <testcase name="testPagingWithSortAscendingAndExcludes" time="0.488" classname="sailpoint.rest.scim.AccountListResourceTest"/>
  <testcase name="testCreateAccountApplicationRequiredMissingWillFail" time="0.088" classname="sailpoint.rest.scim.AccountListResourceTest"/>
  <testcase name="testCreateAccountAsDeleteDenied" time="0.071" classname="sailpoint.rest.scim.AccountListResourceTest"/>
  <testcase name="testCreateAccountAutoPopulateLastName" time="0.199" classname="sailpoint.rest.scim.AccountListResourceTest"/>
  <testcase name="testFilterIdentity" time="0.176" classname="sailpoint.rest.scim.AccountListResourceTest"/>
  <testcase name="testCreateAccountAsInvalidDenied" time="0.013" classname="sailpoint.rest.scim.AccountListResourceTest"/>
  <testcase name="testCreateAccountIdentityValueRequiredMissingWillFail" time="0.060" classname="sailpoint.rest.scim.AccountListResourceTest"/>
  <testcase name="testListAccountsIncludeAttributes" time="0.261" classname="sailpoint.rest.scim.AccountListResourceTest"/>
  <testcase name="testTooManyException" time="0.078" classname="sailpoint.rest.scim.AccountListResourceTest"/>
  <testcase name="testCreateAccountAsCreateWithInvalidResourceType" time="0.222" classname="sailpoint.rest.scim.AccountListResourceTest"/>
  <testcase name="testCreateAccountApplicationAttributesRequired" time="1.165" classname="sailpoint.rest.scim.AccountListResourceTest"/>
  <testcase name="testCreateAccountInvalidData" time="0.062" classname="sailpoint.rest.scim.AccountListResourceTest"/>
  <testcase name="testCreateAccountBadPasswordDenied" time="0.020" classname="sailpoint.rest.scim.AccountListResourceTest"/>
  <testcase name="testFailedFilter" time="0.087" classname="sailpoint.rest.scim.AccountListResourceTest"/>
  <testcase name="testCreateAccountIdentityRequiredMissingWillFail" time="0.064" classname="sailpoint.rest.scim.AccountListResourceTest"/>
  <testcase name="testFailedFilterNotSearchable" time="0.089" classname="sailpoint.rest.scim.AccountListResourceTest"/>
  <testcase name="testCreateAccountNotActiveFails" time="0.086" classname="sailpoint.rest.scim.AccountListResourceTest"/>
  <testcase name="testListAccounts" time="0.151" classname="sailpoint.rest.scim.AccountListResourceTest"/>
  <testcase name="testCreateAccountIdentityValueInvalidWillFail" time="0.064" classname="sailpoint.rest.scim.AccountListResourceTest"/>
  <testcase name="testCreateAccountApplicationValueRequiredMissingWillFail" time="0.062" classname="sailpoint.rest.scim.AccountListResourceTest"/>
  <testcase name="testFilterApplication" time="0.183" classname="sailpoint.rest.scim.AccountListResourceTest"/>
  <testcase name="testCreateAccountApplicationValueInvalidWillFail" time="0.075" classname="sailpoint.rest.scim.AccountListResourceTest"/>
  <testcase name="testCreateAccountMinimumRequiredAttributes" classname="sailpoint.rest.scim.AccountListResourceTest">
    <skipped/>
  </testcase> <!-- testCreateAccountMinimumRequiredAttributes -->
</testsuite> <!-- sailpoint.rest.scim.AccountListResourceTest -->
