<?xml version="1.0" encoding="UTF-8"?>
<!-- Generated by org.testng.reporters.JUnitReportReporter -->
<testsuite skipped="0" hostname="sunfish.sailpoint.com" name="sailpoint.service.IdentityDetailsServiceTests" tests="5" failures="0" timestamp="11 May 2021 16:09:46 GMT" time="0.835" errors="0">
  <testcase name="testGetIdentityDetailsError" time="0.173" classname="sailpoint.service.IdentityDetailsServiceTests"/>
  <testcase name="testGetIdentityDetailsMap" time="0.155" classname="sailpoint.service.IdentityDetailsServiceTests"/>
  <testcase name="testGetIdentityDetailsList" time="0.168" classname="sailpoint.service.IdentityDetailsServiceTests"/>
  <testcase name="testGetIdentityAttributesDTO" time="0.143" classname="sailpoint.service.IdentityDetailsServiceTests"/>
  <testcase name="testGetIdentityEmails" time="0.196" classname="sailpoint.service.IdentityDetailsServiceTests"/>
</testsuite> <!-- sailpoint.service.IdentityDetailsServiceTests -->
