<?xml version="1.0" encoding="UTF-8"?>
<!-- Generated by org.testng.reporters.JUnitReportReporter -->
<testsuite skipped="0" hostname="sunfish.sailpoint.com" name="sailpoint.rest.ui.quicklink.QuickLinkResourceTests" tests="9" failures="0" timestamp="11 May 2021 16:09:47 GMT" time="0.480" errors="0">
  <testcase name="testLaunchOtherQuickLink" time="0.033" classname="sailpoint.rest.ui.quicklink.QuickLinkResourceTests"/>
  <testcase name="testLaunchWithBody" time="0.036" classname="sailpoint.rest.ui.quicklink.QuickLinkResourceTests"/>
  <testcase name="testGetIdentitiesAuthorize" time="0.118" classname="sailpoint.rest.ui.quicklink.QuickLinkResourceTests"/>
  <testcase name="testQuickLinkAuthorize" time="0.106" classname="sailpoint.rest.ui.quicklink.QuickLinkResourceTests"/>
  <testcase name="testLaunchWithoutBody" time="0.024" classname="sailpoint.rest.ui.quicklink.QuickLinkResourceTests"/>
  <testcase name="testLaunchOtherQuickLinkWithIdentityArg" time="0.034" classname="sailpoint.rest.ui.quicklink.QuickLinkResourceTests"/>
  <testcase name="testLaunchAuthz" time="0.068" classname="sailpoint.rest.ui.quicklink.QuickLinkResourceTests"/>
  <testcase name="testLaunchMissingQuickLink" time="0.033" classname="sailpoint.rest.ui.quicklink.QuickLinkResourceTests"/>
  <testcase name="testLaunchRedirectQuicklink" time="0.028" classname="sailpoint.rest.ui.quicklink.QuickLinkResourceTests"/>
</testsuite> <!-- sailpoint.rest.ui.quicklink.QuickLinkResourceTests -->
