<?xml version="1.0" encoding="UTF-8"?>
<!-- Generated by org.testng.reporters.JUnitReportReporter -->
<testsuite skipped="0" hostname="sunfish.sailpoint.com" name="sailpoint.service.oauth.OAuthClientServiceTests" tests="10" failures="0" timestamp="11 May 2021 16:09:47 GMT" time="0.000" errors="0">
  <testcase name="testGetClientNotFound" time="0.000" classname="sailpoint.service.oauth.OAuthClientServiceTests"/>
  <testcase name="testGetClient" time="0.000" classname="sailpoint.service.oauth.OAuthClientServiceTests"/>
  <testcase name="testClientDtoNameValidation" time="0.000" classname="sailpoint.service.oauth.OAuthClientServiceTests"/>
  <testcase name="testClientDtoProxyUserValidation" time="0.000" classname="sailpoint.service.oauth.OAuthClientServiceTests"/>
  <testcase name="testGetClientNullContext" time="0.000" classname="sailpoint.service.oauth.OAuthClientServiceTests"/>
  <testcase name="testGetClientByName" time="0.000" classname="sailpoint.service.oauth.OAuthClientServiceTests"/>
  <testcase name="testGenerateClientSecret" time="0.000" classname="sailpoint.service.oauth.OAuthClientServiceTests"/>
  <testcase name="testGetClientNullId" time="0.000" classname="sailpoint.service.oauth.OAuthClientServiceTests"/>
  <testcase name="testClientDtoValidation" time="0.000" classname="sailpoint.service.oauth.OAuthClientServiceTests"/>
  <testcase name="testGenerateClientId" time="0.000" classname="sailpoint.service.oauth.OAuthClientServiceTests"/>
</testsuite> <!-- sailpoint.service.oauth.OAuthClientServiceTests -->
