<?xml version="1.0" encoding="UTF-8"?>
<!-- Generated by org.testng.reporters.JUnitReportReporter -->
<testsuite skipped="0" hostname="sunfish.sailpoint.com" name="sailpoint.rest.ui.policyviolations.PolicyViolationResourceTests" tests="6" failures="0" timestamp="11 May 2021 16:09:47 GMT" time="7.288" errors="0">
  <testcase name="testGetViolationRemediationAdviceBadId" time="1.089" classname="sailpoint.rest.ui.policyviolations.PolicyViolationResourceTests"/>
  <testcase name="testGetViolationRemediationAdvice" time="1.134" classname="sailpoint.rest.ui.policyviolations.PolicyViolationResourceTests"/>
  <testcase name="testGetRemediationSummaryAuth" time="1.139" classname="sailpoint.rest.ui.policyviolations.PolicyViolationResourceTests"/>
  <testcase name="testSuggestAuth" time="1.233" classname="sailpoint.rest.ui.policyviolations.PolicyViolationResourceTests"/>
  <testcase name="testGetRemediationSummary" time="1.070" classname="sailpoint.rest.ui.policyviolations.PolicyViolationResourceTests"/>
  <testcase name="testGetViolationRemediationAdviceAuth" time="1.623" classname="sailpoint.rest.ui.policyviolations.PolicyViolationResourceTests"/>
</testsuite> <!-- sailpoint.rest.ui.policyviolations.PolicyViolationResourceTests -->
