<?xml version="1.0" encoding="UTF-8"?>
<!-- Generated by org.testng.reporters.JUnitReportReporter -->
<testsuite skipped="0" hostname="sunfish.sailpoint.com" name="sailpoint.service.ManageAccountServiceTests" tests="6" failures="0" timestamp="11 May 2021 16:09:47 GMT" time="1.302" errors="0">
  <testcase name="testsubmitAccountDecisionsNormalPriority" time="0.619" classname="sailpoint.service.ManageAccountServiceTests"/>
  <testcase name="testsubmitAccountDecisionsHighPriority" time="0.650" classname="sailpoint.service.ManageAccountServiceTests"/>
  <testcase name="testIsNotAllowManageExistingAccounts" time="0.006" classname="sailpoint.service.ManageAccountServiceTests"/>
  <testcase name="testIsAllowManageExistingAccounts" time="0.007" classname="sailpoint.service.ManageAccountServiceTests"/>
  <testcase name="testIsAccountOnlyAppsAvailable" time="0.006" classname="sailpoint.service.ManageAccountServiceTests"/>
  <testcase name="testIsAllowAccountOnlyRequests" time="0.014" classname="sailpoint.service.ManageAccountServiceTests"/>
</testsuite> <!-- sailpoint.service.ManageAccountServiceTests -->
