<?xml version="1.0" encoding="UTF-8"?>
<!-- Generated by org.testng.reporters.JUnitReportReporter -->
<testsuite skipped="0" hostname="sunfish.sailpoint.com" name="sailpoint.service.ConfigServiceTests" tests="10" failures="0" timestamp="11 May 2021 16:09:47 GMT" time="0.056" errors="0">
  <testcase name="testSaveFAMConfiguration" time="0.014" classname="sailpoint.service.ConfigServiceTests"/>
  <testcase name="testGetFAMConfigurationNotExist" time="0.002" classname="sailpoint.service.ConfigServiceTests"/>
  <testcase name="testGetColumnConfig" time="0.001" classname="sailpoint.service.ConfigServiceTests"/>
  <testcase name="testGetIdentityDetailsMetadata" time="0.000" classname="sailpoint.service.ConfigServiceTests"/>
  <testcase name="testGetUIConfigEntriesWithNoParam" time="0.021" classname="sailpoint.service.ConfigServiceTests"/>
  <testcase name="testGetFAMConfiguration" time="0.009" classname="sailpoint.service.ConfigServiceTests"/>
  <testcase name="testSaveFAMConfigurationNotExist" time="0.008" classname="sailpoint.service.ConfigServiceTests"/>
  <testcase name="testSortableConfigValue" time="0.000" classname="sailpoint.service.ConfigServiceTests"/>
  <testcase name="testGetUIConfigEntriesWithSingleParam" time="0.000" classname="sailpoint.service.ConfigServiceTests"/>
  <testcase name="testGetUIConfigEntriesWithMultipleParam" time="0.001" classname="sailpoint.service.ConfigServiceTests"/>
</testsuite> <!-- sailpoint.service.ConfigServiceTests -->
