<?xml version="1.0" encoding="UTF-8"?>
<!-- Generated by org.testng.reporters.JUnitReportReporter -->
<testsuite skipped="0" hostname="sunfish.sailpoint.com" name="sailpoint.pam.scimBridge.service.ResourceTypeServiceTests" tests="4" failures="0" timestamp="11 May 2021 16:09:47 GMT" time="0.033" errors="0">
  <testcase name="testObjectNotFoundThrownForBogusResourceType" time="0.008" classname="sailpoint.pam.scimBridge.service.ResourceTypeServiceTests"/>
  <testcase name="getResourceTypesReturnsAllTypes" time="0.010" classname="sailpoint.pam.scimBridge.service.ResourceTypeServiceTests"/>
  <testcase name="testObjectNotFoundThrownForIIQResourceType" time="0.007" classname="sailpoint.pam.scimBridge.service.ResourceTypeServiceTests"/>
  <testcase name="testGetResourceType" time="0.008" classname="sailpoint.pam.scimBridge.service.ResourceTypeServiceTests"/>
</testsuite> <!-- sailpoint.pam.scimBridge.service.ResourceTypeServiceTests -->
