<?xml version="1.0" encoding="UTF-8"?>
<!-- Generated by org.testng.reporters.JUnitReportReporter -->
<testsuite skipped="0" hostname="sunfish.sailpoint.com" name="sailpoint.rest.ui.certifications.CertificationEntityListResourceTests" tests="4" failures="0" timestamp="11 May 2021 16:09:47 GMT" time="1.615" errors="0">
  <testcase name="testGetCertificationEntityIds" time="0.313" classname="sailpoint.rest.ui.certifications.CertificationEntityListResourceTests"/>
  <testcase name="testGetCertificationEntities" time="0.658" classname="sailpoint.rest.ui.certifications.CertificationEntityListResourceTests"/>
  <testcase name="testGetRoleCompositionCertificationEntitiesByTargetName" time="0.196" classname="sailpoint.rest.ui.certifications.CertificationEntityListResourceTests"/>
  <testcase name="testGetCertificationItems" time="0.448" classname="sailpoint.rest.ui.certifications.CertificationEntityListResourceTests"/>
</testsuite> <!-- sailpoint.rest.ui.certifications.CertificationEntityListResourceTests -->
