<?xml version="1.0" encoding="UTF-8"?>
<!-- Generated by org.testng.reporters.JUnitReportReporter -->
<testsuite skipped="0" hostname="sunfish.sailpoint.com" name="sailpoint.service.LCMRequestProcessorTests" tests="4" failures="0" timestamp="11 May 2021 16:09:46 GMT" time="3.321" errors="0">
  <testcase name="testPasswordStartWorkflow" time="0.730" classname="sailpoint.service.LCMRequestProcessorTests"/>
  <testcase name="testPasswordStartWorkflowWithComment" time="0.550" classname="sailpoint.service.LCMRequestProcessorTests"/>
  <testcase name="testAccountStartWorkflow" time="0.833" classname="sailpoint.service.LCMRequestProcessorTests"/>
  <testcase name="testAccountCreateStartWorkflow" time="1.208" classname="sailpoint.service.LCMRequestProcessorTests"/>
</testsuite> <!-- sailpoint.service.LCMRequestProcessorTests -->
