<?xml version="1.0" encoding="UTF-8"?>
<!-- Generated by org.testng.reporters.JUnitReportReporter -->
<testsuite skipped="0" hostname="sunfish.sailpoint.com" name="sailpoint.api.FormTests" tests="20" failures="0" timestamp="11 May 2021 16:09:46 GMT" time="20.298" errors="0">
  <testcase name="testProvisioningPlanForm" time="0.852" classname="sailpoint.api.FormTests"/>
  <testcase name="testWorkflowForms" time="1.057" classname="sailpoint.api.FormTests"/>
  <testcase name="testXSSValidation" time="0.842" classname="sailpoint.api.FormTests"/>
  <testcase name="testApprovalFormWithMap" time="2.318" classname="sailpoint.api.FormTests"/>
  <testcase name="testTransformerRefreshScriptedNonModel" time="1.174" classname="sailpoint.api.FormTests"/>
  <testcase name="testWorkflowFormRefModelBinding" time="0.949" classname="sailpoint.api.FormTests"/>
  <testcase name="testWorkflowFormArgumentBinding" time="1.185" classname="sailpoint.api.FormTests"/>
  <testcase name="testAllowedValueValidation" time="0.839" classname="sailpoint.api.FormTests"/>
  <testcase name="testWorkflowFormModelBinding" time="0.959" classname="sailpoint.api.FormTests"/>
  <testcase name="testTransformerRefreshScriptedModel" time="1.042" classname="sailpoint.api.FormTests"/>
  <testcase name="testInitializeDataPopulation" time="0.837" classname="sailpoint.api.FormTests"/>
  <testcase name="testPlanApprovalFormGeneration" time="0.824" classname="sailpoint.api.FormTests"/>
  <testcase name="testInitializeScriptPromotion" time="0.811" classname="sailpoint.api.FormTests"/>
  <testcase name="testFormRef" time="1.241" classname="sailpoint.api.FormTests"/>
  <testcase name="mergeForms" time="0.814" classname="sailpoint.api.FormTests"/>
  <testcase name="testExpansion" time="0.812" classname="sailpoint.api.FormTests"/>
  <testcase name="testExpansionBadRuleRefs" time="0.827" classname="sailpoint.api.FormTests"/>
  <testcase name="testWorkflowFormRefArgumentBinding" time="0.875" classname="sailpoint.api.FormTests"/>
  <testcase name="formIterator" time="0.853" classname="sailpoint.api.FormTests"/>
  <testcase name="testTransformerRefreshInfoFields" time="1.187" classname="sailpoint.api.FormTests"/>
</testsuite> <!-- sailpoint.api.FormTests -->
