<?xml version="1.0" encoding="UTF-8"?>
<!-- Generated by org.testng.reporters.JUnitReportReporter -->
<testsuite skipped="0" hostname="sunfish.sailpoint.com" name="sailpoint.persistence.SequencerTests" tests="3" failures="0" timestamp="11 May 2021 16:09:47 GMT" time="0.011" errors="0">
  <testcase name="testNullClass" time="0.002" classname="sailpoint.persistence.SequencerTests"/>
  <testcase name="testInvalidClass" time="0.001" classname="sailpoint.persistence.SequencerTests"/>
  <testcase name="testSequence" time="0.008" classname="sailpoint.persistence.SequencerTests"/>
</testsuite> <!-- sailpoint.persistence.SequencerTests -->
