<?xml version="1.0" encoding="UTF-8"?>
<!-- Generated by org.testng.reporters.JUnitReportReporter -->
<testsuite skipped="0" hostname="sunfish.sailpoint.com" name="sailpoint.object.CertificationCommandTest" tests="4" failures="0" timestamp="11 May 2021 16:09:47 GMT" time="0.003" errors="0">
  <testcase name="testBulkReassignmentBaseEquals" time="0.003" classname="sailpoint.object.CertificationCommandTest"/>
  <testcase name="testBulkReassignmentSubEquals" time="0.000" classname="sailpoint.object.CertificationCommandTest"/>
  <testcase name="testBulkReassignmentListEquals" time="0.000" classname="sailpoint.object.CertificationCommandTest"/>
  <testcase name="testBulkReassignmentUnpersistedEquals" time="0.000" classname="sailpoint.object.CertificationCommandTest"/>
</testsuite> <!-- sailpoint.object.CertificationCommandTest -->
