<?xml version="1.0" encoding="UTF-8"?>
<!-- Generated by org.testng.reporters.JUnitReportReporter -->
<testsuite skipped="0" hostname="sunfish.sailpoint.com" name="sailpoint.api.WorkflowerTests" tests="5" failures="0" timestamp="11 May 2021 16:09:47 GMT" time="0.122" errors="0">
  <testcase name="testArchivingEnabledInSystemConfig" time="0.023" classname="sailpoint.api.WorkflowerTests"/>
  <testcase name="testWorkItemArchiveWithoutCase" time="0.065" classname="sailpoint.api.WorkflowerTests"/>
  <testcase name="testArchivingAllElectronicallySignedWorkItems" time="0.008" classname="sailpoint.api.WorkflowerTests"/>
  <testcase name="testArchivingDisabled" time="0.016" classname="sailpoint.api.WorkflowerTests"/>
  <testcase name="testArchivingEnabledInWorkItem" time="0.010" classname="sailpoint.api.WorkflowerTests"/>
</testsuite> <!-- sailpoint.api.WorkflowerTests -->
