<?xml version="1.0" encoding="UTF-8"?>
<!-- Generated by org.testng.reporters.JUnitReportReporter -->
<testsuite skipped="0" hostname="sunfish.sailpoint.com" name="sailpoint.api.certification.CertificationAutoCloserTests" tests="7" failures="0" timestamp="11 May 2021 16:09:47 GMT" time="25.199" errors="0">
  <testcase name="testAutoCloseCertAsRevoke" time="4.564" classname="sailpoint.api.certification.CertificationAutoCloserTests"/>
  <testcase name="testAutoCloseCertAsApproveWithApproverRule" time="3.813" classname="sailpoint.api.certification.CertificationAutoCloserTests"/>
  <testcase name="testAutoCloseCertWithReassignments" time="3.932" classname="sailpoint.api.certification.CertificationAutoCloserTests"/>
  <testcase name="testSetAutoCloseDate" time="2.633" classname="sailpoint.api.certification.CertificationAutoCloserTests"/>
  <testcase name="testAutoCloseCertWithDelegatedEntities" time="2.817" classname="sailpoint.api.certification.CertificationAutoCloserTests"/>
  <testcase name="testAutoCloseCertAsApprove" time="4.366" classname="sailpoint.api.certification.CertificationAutoCloserTests"/>
  <testcase name="testAutoCloseCertWithDelegatedItems" time="3.074" classname="sailpoint.api.certification.CertificationAutoCloserTests"/>
</testsuite> <!-- sailpoint.api.certification.CertificationAutoCloserTests -->
