<?xml version="1.0" encoding="UTF-8"?>
<!-- Generated by org.testng.reporters.JUnitReportReporter -->
<testsuite skipped="0" hostname="sunfish.sailpoint.com" name="sailpoint.recommender.IdentityBatchRequestBuilderTests" tests="4" failures="0" timestamp="11 May 2021 16:09:46 GMT" time="0.007" errors="0">
  <testcase name="testCreateMultiAccountDifferentEntitlementRecommendationRequest" time="0.003" classname="sailpoint.recommender.IdentityBatchRequestBuilderTests"/>
  <testcase name="testCreateBundleRecommendationRequest" time="0.001" classname="sailpoint.recommender.IdentityBatchRequestBuilderTests"/>
  <testcase name="testCreateMultiAccountSameEntitlementRecommendationRequest" time="0.001" classname="sailpoint.recommender.IdentityBatchRequestBuilderTests"/>
  <testcase name="testCreateEntitlementRecommendationRequest" time="0.002" classname="sailpoint.recommender.IdentityBatchRequestBuilderTests"/>
</testsuite> <!-- sailpoint.recommender.IdentityBatchRequestBuilderTests -->
