<?xml version="1.0" encoding="UTF-8"?>
<!-- Generated by org.testng.reporters.JUnitReportReporter -->
<testsuite skipped="0" hostname="sunfish.sailpoint.com" name="sailpoint.api.RoleLifecycleTests" tests="13" failures="0" timestamp="11 May 2021 16:09:47 GMT" time="158.261" errors="0">
  <testcase name="testActivation" time="39.839" classname="sailpoint.api.RoleLifecycleTests"/>
  <testcase name="testImpactAnalysisAutoAssignRole" time="9.406" classname="sailpoint.api.RoleLifecycleTests"/>
  <testcase name="testImpactAnalysisNewRole" time="9.534" classname="sailpoint.api.RoleLifecycleTests"/>
  <testcase name="testOverlapAnalysis" time="9.692" classname="sailpoint.api.RoleLifecycleTests"/>
  <testcase name="testImpactAnalysis" time="10.904" classname="sailpoint.api.RoleLifecycleTests"/>
  <testcase name="testRoleArchive" time="9.460" classname="sailpoint.api.RoleLifecycleTests"/>
  <testcase name="testCertificationRoleLifecycle" time="9.376" classname="sailpoint.api.RoleLifecycleTests"/>
  <testcase name="testUndirectedMiningLifecycle" time="9.490" classname="sailpoint.api.RoleLifecycleTests"/>
  <testcase name="testModelerApprovals" time="9.480" classname="sailpoint.api.RoleLifecycleTests"/>
  <testcase name="testHierarchicalImpactAnalysis" time="10.929" classname="sailpoint.api.RoleLifecycleTests"/>
  <testcase name="testRolePolicyConflicts" time="9.838" classname="sailpoint.api.RoleLifecycleTests"/>
  <testcase name="testImpactAnalysisInheritanceModification" time="10.115" classname="sailpoint.api.RoleLifecycleTests"/>
  <testcase name="testImpactAnalysisChangeRoleType" time="10.198" classname="sailpoint.api.RoleLifecycleTests"/>
</testsuite> <!-- sailpoint.api.RoleLifecycleTests -->
