<?xml version="1.0" encoding="UTF-8"?>
<!-- Generated by org.testng.reporters.JUnitReportReporter -->
<testsuite skipped="0" hostname="sunfish.sailpoint.com" name="sailpoint.service.BaseDTOTests" tests="10" failures="0" timestamp="11 May 2021 16:09:47 GMT" time="0.003" errors="0">
  <testcase name="testDoesNotSetPropertyIfNotInColumnConfig" time="0.000" classname="sailpoint.service.BaseDTOTests"/>
  <testcase name="testSetsPropertyIfAdditionalColumn" time="0.000" classname="sailpoint.service.BaseDTOTests"/>
  <testcase name="testDoesNotSetAttributeIfComplexObject" time="0.001" classname="sailpoint.service.BaseDTOTests"/>
  <testcase name="testSetsAttribute" time="0.000" classname="sailpoint.service.BaseDTOTests"/>
  <testcase name="testSetsIdFromMapConstructor" time="0.000" classname="sailpoint.service.BaseDTOTests"/>
  <testcase name="testSetsPropertiesFromMapConstructor" time="0.000" classname="sailpoint.service.BaseDTOTests"/>
  <testcase name="testDoesNotSetPropertyIfTypesDiffer" time="0.001" classname="sailpoint.service.BaseDTOTests"/>
  <testcase name="testSetsIdWithConstructor" time="0.000" classname="sailpoint.service.BaseDTOTests"/>
  <testcase name="testDoesNotSetAttributeIfNotInColumnConfig" time="0.000" classname="sailpoint.service.BaseDTOTests"/>
  <testcase name="testDoesNoSetAttributeIfAdditionalColumnWithNoProperty" time="0.001" classname="sailpoint.service.BaseDTOTests"/>
</testsuite> <!-- sailpoint.service.BaseDTOTests -->
