<?xml version="1.0" encoding="UTF-8"?>
<!-- Generated by org.testng.reporters.JUnitReportReporter -->
<testsuite skipped="0" hostname="sunfish.sailpoint.com" name="sailpoint.service.certification.CertificationEntityListServiceTests" tests="7" failures="0" timestamp="11 May 2021 16:09:46 GMT" time="1.416" errors="0">
  <testcase name="testGetEntitlementCertificationEntities" time="0.132" classname="sailpoint.service.certification.CertificationEntityListServiceTests"/>
  <testcase name="testGetEntityIdsThrowsWithNoCertificationId" time="0.022" classname="sailpoint.service.certification.CertificationEntityListServiceTests"/>
  <testcase name="testGetManagerCertificationEntities" time="0.282" classname="sailpoint.service.certification.CertificationEntityListServiceTests"/>
  <testcase name="testGetEntitiesThrowsWithNoCertificationId" time="0.136" classname="sailpoint.service.certification.CertificationEntityListServiceTests"/>
  <testcase name="testGetAccountGroupMembershipCertificationEntities" time="0.272" classname="sailpoint.service.certification.CertificationEntityListServiceTests"/>
  <testcase name="testGetCertificationEntityIds" time="0.305" classname="sailpoint.service.certification.CertificationEntityListServiceTests"/>
  <testcase name="testGetManagerAutoApprovedEntities" time="0.267" classname="sailpoint.service.certification.CertificationEntityListServiceTests"/>
</testsuite> <!-- sailpoint.service.certification.CertificationEntityListServiceTests -->
