<?xml version="1.0" encoding="UTF-8"?>
<!-- Generated by org.testng.reporters.JUnitReportReporter -->
<testsuite skipped="0" hostname="sunfish.sailpoint.com" name="sailpoint.object.DurationTests" tests="2" failures="0" timestamp="11 May 2021 16:09:46 GMT" time="0.005" errors="0">
  <testcase name="testAddTo" time="0.003" classname="sailpoint.object.DurationTests"/>
  <testcase name="testFormatTimeDifference" time="0.002" classname="sailpoint.object.DurationTests"/>
</testsuite> <!-- sailpoint.object.DurationTests -->
