<?xml version="1.0" encoding="UTF-8"?>
<!-- Generated by org.testng.reporters.JUnitReportReporter -->
<testsuite skipped="0" hostname="sunfish.sailpoint.com" name="sailpoint.rest.AlertListResourceTest" tests="18" failures="0" timestamp="11 May 2021 16:09:47 GMT" time="0.945" errors="0">
  <testcase name="testFilterNativeId" time="0.039" classname="sailpoint.rest.AlertListResourceTest"/>
  <testcase name="testFilterSource" time="0.054" classname="sailpoint.rest.AlertListResourceTest"/>
  <testcase name="testFilterActions" time="0.037" classname="sailpoint.rest.AlertListResourceTest"/>
  <testcase name="testAuthorization" time="0.124" classname="sailpoint.rest.AlertListResourceTest"/>
  <testcase name="testFilterSuggestUrl" time="0.034" classname="sailpoint.rest.AlertListResourceTest"/>
  <testcase name="testFilterLastProcessedStartDate" time="0.043" classname="sailpoint.rest.AlertListResourceTest"/>
  <testcase name="testPaging" time="0.086" classname="sailpoint.rest.AlertListResourceTest"/>
  <testcase name="testFilterAlertEndDate" time="0.039" classname="sailpoint.rest.AlertListResourceTest"/>
  <testcase name="testSuggestAuth" time="0.124" classname="sailpoint.rest.AlertListResourceTest"/>
  <testcase name="testFilterExtendedAtts" time="0.027" classname="sailpoint.rest.AlertListResourceTest"/>
  <testcase name="testFilterAlertStartDate" time="0.035" classname="sailpoint.rest.AlertListResourceTest"/>
  <testcase name="testFilterTargetName" time="0.070" classname="sailpoint.rest.AlertListResourceTest"/>
  <testcase name="testFilterLastProcessedEndDate" time="0.032" classname="sailpoint.rest.AlertListResourceTest"/>
  <testcase name="testFilterType" time="0.041" classname="sailpoint.rest.AlertListResourceTest"/>
  <testcase name="testFilterName" time="0.069" classname="sailpoint.rest.AlertListResourceTest"/>
  <testcase name="testGetAlerts" time="0.030" classname="sailpoint.rest.AlertListResourceTest"/>
  <testcase name="testSort" time="0.033" classname="sailpoint.rest.AlertListResourceTest"/>
  <testcase name="testFilterTargetType" time="0.028" classname="sailpoint.rest.AlertListResourceTest"/>
</testsuite> <!-- sailpoint.rest.AlertListResourceTest -->
