<?xml version="1.0" encoding="UTF-8"?>
<!-- Generated by org.testng.reporters.JUnitReportReporter -->
<testsuite skipped="0" hostname="sunfish.sailpoint.com" name="sailpoint.alert.AlertNotificationHandlerTests" tests="3" failures="0" timestamp="11 May 2021 16:09:47 GMT" time="0.074" errors="0">
  <testcase name="testNotificationWorkgroup" time="0.025" classname="sailpoint.alert.AlertNotificationHandlerTests"/>
  <testcase name="testNotificationSingleIdentity" time="0.022" classname="sailpoint.alert.AlertNotificationHandlerTests"/>
  <testcase name="testNotificationNoIdentities" time="0.027" classname="sailpoint.alert.AlertNotificationHandlerTests"/>
</testsuite> <!-- sailpoint.alert.AlertNotificationHandlerTests -->
