<?xml version="1.0" encoding="UTF-8"?>
<!-- Generated by org.testng.reporters.JUnitReportReporter -->
<testsuite skipped="0" hostname="sunfish.sailpoint.com" name="sailpoint.service.scim.ProvisioningBridgeTest" tests="2" failures="0" timestamp="11 May 2021 16:09:47 GMT" time="0.000" errors="0">
  <testcase name="testValidateCompileThrowsQuestionException" time="0.000" classname="sailpoint.service.scim.ProvisioningBridgeTest"/>
  <testcase name="testValidateCompileNullProject" time="0.000" classname="sailpoint.service.scim.ProvisioningBridgeTest"/>
</testsuite> <!-- sailpoint.service.scim.ProvisioningBridgeTest -->
