<?xml version="1.0" encoding="UTF-8"?>
<!-- Generated by org.testng.reporters.JUnitReportReporter -->
<testsuite skipped="0" hostname="sunfish.sailpoint.com" name="sailpoint.api.InterrogatorFacadeTests" tests="4" failures="0" timestamp="11 May 2021 16:09:46 GMT" time="0.183" errors="0">
  <testcase name="testCheckPolicyViolationsNoActivePolicies" time="0.036" classname="sailpoint.api.InterrogatorFacadeTests"/>
  <testcase name="testCheckPolicyViolations" time="0.083" classname="sailpoint.api.InterrogatorFacadeTests"/>
  <testcase name="testCheckPolicyViolationsNoIdentity" time="0.011" classname="sailpoint.api.InterrogatorFacadeTests"/>
  <testcase name="testCheckPolicyViolationsPolicyNotFound" time="0.053" classname="sailpoint.api.InterrogatorFacadeTests"/>
</testsuite> <!-- sailpoint.api.InterrogatorFacadeTests -->
