<?xml version="1.0" encoding="UTF-8"?>
<!-- Generated by org.testng.reporters.JUnitReportReporter -->
<testsuite skipped="0" hostname="sunfish.sailpoint.com" name="sailpoint.object.ProvisioningPlanTests" tests="10" failures="0" timestamp="11 May 2021 16:09:47 GMT" time="0.000" errors="0">
  <testcase name="testIsEmptyHasNonEmptyModifyObjectRequest" time="0.000" classname="sailpoint.object.ProvisioningPlanTests"/>
  <testcase name="testCloneDoesNotNPE" time="0.000" classname="sailpoint.object.ProvisioningPlanTests"/>
  <testcase name="testIsEmptyHasEmptyModifyAcctRequest" time="0.000" classname="sailpoint.object.ProvisioningPlanTests"/>
  <testcase name="test_PermissionRequest_isSecret" time="0.000" classname="sailpoint.object.ProvisioningPlanTests"/>
  <testcase name="testIsEmptyHasNonEmptyModifyAcctRequest" time="0.000" classname="sailpoint.object.ProvisioningPlanTests"/>
  <testcase name="testIsEmptyHasEmptyObjectRequest" time="0.000" classname="sailpoint.object.ProvisioningPlanTests"/>
  <testcase name="testIsEmptyHasEmptyCreateObjectRequest" time="0.000" classname="sailpoint.object.ProvisioningPlanTests"/>
  <testcase name="test_AttributeRequest_isSecret" time="0.000" classname="sailpoint.object.ProvisioningPlanTests"/>
  <testcase name="testIsEmptyNoRequests" time="0.000" classname="sailpoint.object.ProvisioningPlanTests"/>
  <testcase name="testIsEmptyHasEmptyCreateAcctRequest" time="0.000" classname="sailpoint.object.ProvisioningPlanTests"/>
</testsuite> <!-- sailpoint.object.ProvisioningPlanTests -->
