<?xml version="1.0" encoding="UTF-8"?>
<!-- Generated by org.testng.reporters.JUnitReportReporter -->
<testsuite skipped="0" hostname="sunfish.sailpoint.com" name="sailpoint.authorization.CompoundAuthorizerTest" tests="2" failures="0" timestamp="11 May 2021 16:09:47 GMT" time="0.001" errors="0">
  <testcase name="testOr" time="0.000" classname="sailpoint.authorization.CompoundAuthorizerTest"/>
  <testcase name="testAnd" time="0.001" classname="sailpoint.authorization.CompoundAuthorizerTest"/>
</testsuite> <!-- sailpoint.authorization.CompoundAuthorizerTest -->
