<?xml version="1.0" encoding="UTF-8"?>
<!-- Generated by org.testng.reporters.JUnitReportReporter -->
<testsuite skipped="0" hostname="sunfish.sailpoint.com" name="sailpoint.service.scim.AccountPasswordPropertySetterTest" tests="6" failures="0" timestamp="11 May 2021 16:09:47 GMT" time="0.230" errors="0">
  <testcase name="testValidateCurrentPasswordIgnores" time="0.007" classname="sailpoint.service.scim.AccountPasswordPropertySetterTest"/>
  <testcase name="testValidatePasswordFails" time="0.156" classname="sailpoint.service.scim.AccountPasswordPropertySetterTest"/>
  <testcase name="testValidatePassword" time="0.027" classname="sailpoint.service.scim.AccountPasswordPropertySetterTest"/>
  <testcase name="testAddAttributeRequestToPasswordInPlanPassword" time="0.006" classname="sailpoint.service.scim.AccountPasswordPropertySetterTest"/>
  <testcase name="testAddAttributeRequestToNoPasswordInPlan" time="0.026" classname="sailpoint.service.scim.AccountPasswordPropertySetterTest"/>
  <testcase name="testAddAttributeRequestToPasswordInPlanCurrentPassword" time="0.008" classname="sailpoint.service.scim.AccountPasswordPropertySetterTest"/>
</testsuite> <!-- sailpoint.service.scim.AccountPasswordPropertySetterTest -->
