<?xml version="1.0" encoding="UTF-8"?>
<!-- Generated by org.testng.reporters.JUnitReportReporter -->
<testsuite skipped="0" hostname="sunfish.sailpoint.com" name="sailpoint.notification.NotificationTests" tests="17" failures="0" timestamp="11 May 2021 16:09:47 GMT" time="99.473" errors="0">
  <testcase name="onlyEscalation" time="10.153" classname="sailpoint.notification.NotificationTests"/>
  <testcase name="twoReminders" time="10.167" classname="sailpoint.notification.NotificationTests"/>
  <testcase name="oldStyleMultiEscalation" time="9.853" classname="sailpoint.notification.NotificationTests"/>
  <testcase name="twoRemindersThenEscalationTimebased" time="12.204" classname="sailpoint.notification.NotificationTests"/>
  <testcase name="earlierEscalateWithEscalationFrequency" time="0.038" classname="sailpoint.notification.NotificationTests"/>
  <testcase name="earlierRemindOnceEvery" time="0.013" classname="sailpoint.notification.NotificationTests"/>
  <testcase name="remindOnce" time="0.009" classname="sailpoint.notification.NotificationTests"/>
  <testcase name="testIIQETN216" time="2.050" classname="sailpoint.notification.NotificationTests"/>
  <testcase name="twoRemindersOneEscalationContinueReminders" time="22.302" classname="sailpoint.notification.NotificationTests"/>
  <testcase name="reminderContainingWakeupDateDeleted" time="4.097" classname="sailpoint.notification.NotificationTests"/>
  <testcase name="remindWithFrequency" time="0.005" classname="sailpoint.notification.NotificationTests"/>
  <testcase name="earlierEscalateWithNoEscalationFrequency" time="0.015" classname="sailpoint.notification.NotificationTests"/>
  <testcase name="remindWithFrequencyAndMax" time="6.104" classname="sailpoint.notification.NotificationTests"/>
  <testcase name="escalateWithTimeMachineCausingSkipOfFewReminders" time="8.158" classname="sailpoint.notification.NotificationTests"/>
  <testcase name="reminderWithTimeMachineCausingSkipOfFewReminders" time="4.108" classname="sailpoint.notification.NotificationTests"/>
  <testcase name="earlierRemindOnce" time="0.016" classname="sailpoint.notification.NotificationTests"/>
  <testcase name="testBug26795" time="10.181" classname="sailpoint.notification.NotificationTests"/>
</testsuite> <!-- sailpoint.notification.NotificationTests -->
