<?xml version="1.0" encoding="UTF-8"?>
<!-- Generated by org.testng.reporters.JUnitReportReporter -->
<testsuite skipped="0" hostname="sunfish.sailpoint.com" name="sailpoint.api.rolepropagation.RolePropagationServiceTests" tests="6" failures="0" timestamp="11 May 2021 16:09:47 GMT" time="1.979" errors="0">
  <testcase name="testPrepareIdentityListToProcessEmpty" time="0.114" classname="sailpoint.api.rolepropagation.RolePropagationServiceTests"/>
  <testcase name="testPrepareIdentityListToProcessFailedWithSkipped" time="0.182" classname="sailpoint.api.rolepropagation.RolePropagationServiceTests"/>
  <testcase name="testPrepareIdentityListToProcessPending" time="0.211" classname="sailpoint.api.rolepropagation.RolePropagationServiceTests"/>
  <testcase name="testGetNextEvent" time="1.155" classname="sailpoint.api.rolepropagation.RolePropagationServiceTests"/>
  <testcase name="testPrepareIdentityListToProcessOnlyFailed" time="0.183" classname="sailpoint.api.rolepropagation.RolePropagationServiceTests"/>
  <testcase name="testGetAccumulatedFailedIdentityNames" time="0.134" classname="sailpoint.api.rolepropagation.RolePropagationServiceTests"/>
</testsuite> <!-- sailpoint.api.rolepropagation.RolePropagationServiceTests -->
