<?xml version="1.0" encoding="UTF-8"?>
<!-- Generated by org.testng.reporters.JUnitReportReporter -->
<testsuite skipped="0" hostname="sunfish.sailpoint.com" name="sailpoint.rest.DebugResourceTest" tests="10" failures="0" timestamp="11 May 2021 16:09:47 GMT" time="1.211" errors="0">
  <testcase name="testFilterPasswordValues" time="0.013" classname="sailpoint.rest.DebugResourceTest"/>
  <testcase name="testViewCache" time="0.147" classname="sailpoint.rest.DebugResourceTest"/>
  <testcase name="testResetCache" time="0.177" classname="sailpoint.rest.DebugResourceTest"/>
  <testcase name="testDeleteObjects" time="0.357" classname="sailpoint.rest.DebugResourceTest"/>
  <testcase name="testUpdateObjectRuleRun" time="0.086" classname="sailpoint.rest.DebugResourceTest"/>
  <testcase name="testGetObject" time="0.060" classname="sailpoint.rest.DebugResourceTest"/>
  <testcase name="testUpdateObject" time="0.081" classname="sailpoint.rest.DebugResourceTest"/>
  <testcase name="testListObjects" time="0.076" classname="sailpoint.rest.DebugResourceTest"/>
  <testcase name="testNewObjectPreferences" time="0.149" classname="sailpoint.rest.DebugResourceTest"/>
  <testcase name="testNewObject" time="0.065" classname="sailpoint.rest.DebugResourceTest"/>
</testsuite> <!-- sailpoint.rest.DebugResourceTest -->
