<?xml version="1.0" encoding="UTF-8"?>
<!-- Generated by org.testng.reporters.JUnitReportReporter -->
<testsuite skipped="0" hostname="sunfish.sailpoint.com" name="sailpoint.api.ManagedAttributeStatisticianTests" tests="5" failures="0" timestamp="11 May 2021 16:09:47 GMT" time="199.003" errors="0">
  <testcase name="testLargeEntitlementResults" time="0.265" classname="sailpoint.api.ManagedAttributeStatisticianTests"/>
  <testcase name="testLargeResultPerformanceTimings" time="2.902" classname="sailpoint.api.ManagedAttributeStatisticianTests"/>
  <testcase name="testManagedAttributeFilter" time="0.159" classname="sailpoint.api.ManagedAttributeStatisticianTests"/>
  <testcase name="testApplicationFilter" time="0.171" classname="sailpoint.api.ManagedAttributeStatisticianTests"/>
  <testcase name="testEntitlementSearchIdentityFilters" time="195.506" classname="sailpoint.api.ManagedAttributeStatisticianTests"/>
</testsuite> <!-- sailpoint.api.ManagedAttributeStatisticianTests -->
