<?xml version="1.0" encoding="UTF-8"?>
<!-- Generated by org.testng.reporters.JUnitReportReporter -->
<testsuite skipped="0" hostname="sunfish.sailpoint.com" name="sailpoint.rest.ui.fam.FAMWidgetResourceTests" tests="2" failures="0" timestamp="11 May 2021 16:09:46 GMT" time="0.488" errors="0">
  <testcase name="testSensitiveDataAuthorization" time="0.356" classname="sailpoint.rest.ui.fam.FAMWidgetResourceTests"/>
  <testcase name="testSensitiveResourceAuthorization" time="0.132" classname="sailpoint.rest.ui.fam.FAMWidgetResourceTests"/>
</testsuite> <!-- sailpoint.rest.ui.fam.FAMWidgetResourceTests -->
