<?xml version="1.0" encoding="UTF-8"?>
<!-- Generated by org.testng.reporters.JUnitReportReporter -->
<testsuite skipped="0" hostname="sunfish.sailpoint.com" name="sailpoint.api.LinkAttributePromotionTests" tests="5" failures="0" timestamp="11 May 2021 16:09:47 GMT" time="55.337" errors="0">
  <testcase name="testMultiValuedCorrelation" time="10.550" classname="sailpoint.api.LinkAttributePromotionTests"/>
  <testcase name="testObjectAttributeEditing" time="11.089" classname="sailpoint.api.LinkAttributePromotionTests"/>
  <testcase name="testMultiValuedAttributePromotion" time="13.571" classname="sailpoint.api.LinkAttributePromotionTests"/>
  <testcase name="testLinkAttributePromotion" time="10.186" classname="sailpoint.api.LinkAttributePromotionTests"/>
  <testcase name="testIdentityRefreshPromotion" time="9.941" classname="sailpoint.api.LinkAttributePromotionTests"/>
</testsuite> <!-- sailpoint.api.LinkAttributePromotionTests -->
