<?xml version="1.0" encoding="UTF-8"?>
<!-- Generated by org.testng.reporters.JUnitReportReporter -->
<testsuite skipped="0" hostname="sunfish.sailpoint.com" name="sailpoint.plugin.PluginInstallerTests" tests="35" failures="0" timestamp="11 May 2021 16:09:46 GMT" time="1.652" errors="0">
  <testcase name="testUpgradeThrowsIfNotMinUpgradable" time="0.070" classname="sailpoint.plugin.PluginInstallerTests"/>
  <testcase name="testUpgradeImportSkippedWhenNotConfigured" time="0.052" classname="sailpoint.plugin.PluginInstallerTests"/>
  <testcase name="testInstallThrowsExceptionWhenNoName" time="0.024" classname="sailpoint.plugin.PluginInstallerTests"/>
  <testcase name="testUninstallRunScriptThrowsWhenScriptDoesNotExist" time="0.041" classname="sailpoint.plugin.PluginInstallerTests"/>
  <testcase name="testInstallImportObjects" time="0.031" classname="sailpoint.plugin.PluginInstallerTests"/>
  <testcase name="testUninstallRunScript" time="0.035" classname="sailpoint.plugin.PluginInstallerTests"/>
  <testcase name="testIsSetupFileStyleSheet" time="0.062" classname="sailpoint.plugin.PluginInstallerTests"/>
  <testcase name="testIsSetupFileSQLUninstallScript" time="0.005" classname="sailpoint.plugin.PluginInstallerTests"/>
  <testcase name="testInstallThrowsExceptionWhenBadName" time="0.011" classname="sailpoint.plugin.PluginInstallerTests"/>
  <testcase name="testUpgradeThrowsIfDowngrade" time="0.115" classname="sailpoint.plugin.PluginInstallerTests"/>
  <testcase name="testInstallRunScriptThrowsWhenScriptDoesNotExist" time="0.036" classname="sailpoint.plugin.PluginInstallerTests"/>
  <testcase name="testInstall" time="0.017" classname="sailpoint.plugin.PluginInstallerTests"/>
  <testcase name="testIsSetupFileJavaScript" time="0.028" classname="sailpoint.plugin.PluginInstallerTests"/>
  <testcase name="testUpgradeVersionWithLetters" time="0.106" classname="sailpoint.plugin.PluginInstallerTests"/>
  <testcase name="testInstallRunScript" time="0.037" classname="sailpoint.plugin.PluginInstallerTests"/>
  <testcase name="testIsSetupFileSQLInstallScript" time="0.076" classname="sailpoint.plugin.PluginInstallerTests"/>
  <testcase name="testUpgradeFloatVersion" time="0.096" classname="sailpoint.plugin.PluginInstallerTests"/>
  <testcase name="testUpgradeRunScriptThrowsWhenScriptDoesNotExist" time="0.063" classname="sailpoint.plugin.PluginInstallerTests"/>
  <testcase name="testInstallThrowsExceptionWhenMissingManifest" time="0.084" classname="sailpoint.plugin.PluginInstallerTests"/>
  <testcase name="testUpgradeUninstallServices" time="0.060" classname="sailpoint.plugin.PluginInstallerTests"/>
  <testcase name="testUpgradeRunScript" time="0.071" classname="sailpoint.plugin.PluginInstallerTests"/>
  <testcase name="testUpgradeImportObjects" time="0.075" classname="sailpoint.plugin.PluginInstallerTests"/>
  <testcase name="testInstallThrowsExceptionWhenBadName2" time="0.011" classname="sailpoint.plugin.PluginInstallerTests"/>
  <testcase name="testAllowUpgradeIfDev" time="0.106" classname="sailpoint.plugin.PluginInstallerTests"/>
  <testcase name="testIsSetupFileImportFile" time="0.010" classname="sailpoint.plugin.PluginInstallerTests"/>
  <testcase name="testInstallThrowsExceptionWhenSpacedName" time="0.011" classname="sailpoint.plugin.PluginInstallerTests"/>
  <testcase name="testIsSetupFileFullPage" time="0.006" classname="sailpoint.plugin.PluginInstallerTests"/>
  <testcase name="testIsSetupFileSQLUpgradeScript" time="0.042" classname="sailpoint.plugin.PluginInstallerTests"/>
  <testcase name="testUpgradeThrowsIfSameVersion" time="0.032" classname="sailpoint.plugin.PluginInstallerTests"/>
  <testcase name="testInstallThrowsExceptionWhenBadSystemVersion" time="0.045" classname="sailpoint.plugin.PluginInstallerTests"/>
  <testcase name="testIsSetupFileManifest" time="0.004" classname="sailpoint.plugin.PluginInstallerTests"/>
  <testcase name="testUpgradeVersionWithLettersFail" time="0.103" classname="sailpoint.plugin.PluginInstallerTests"/>
  <testcase name="testInstallThrowsExceptionWhenBadManifest" time="0.045" classname="sailpoint.plugin.PluginInstallerTests"/>
  <testcase name="testInstallSkippedWhenNotConfigured" time="0.029" classname="sailpoint.plugin.PluginInstallerTests"/>
  <testcase name="testInstallThrowsWhenInvalidSettings" time="0.013" classname="sailpoint.plugin.PluginInstallerTests"/>
</testsuite> <!-- sailpoint.plugin.PluginInstallerTests -->
