<?xml version="1.0" encoding="UTF-8"?>
<!-- Generated by org.testng.reporters.JUnitReportReporter -->
<testsuite skipped="0" hostname="sunfish.sailpoint.com" name="sailpoint.rapidsetup.plan.JoinerPlanBuilderTests" tests="4" failures="0" timestamp="11 May 2021 16:09:47 GMT" time="0.041" errors="0">
  <testcase name="testIdentSelectorDTOPopulationNoMatch" time="0.002" classname="sailpoint.rapidsetup.plan.JoinerPlanBuilderTests"/>
  <testcase name="testIdentSelectorDTOFilterMatch" time="0.021" classname="sailpoint.rapidsetup.plan.JoinerPlanBuilderTests"/>
  <testcase name="testIdentSelectorDTOPopulationMatch" time="0.009" classname="sailpoint.rapidsetup.plan.JoinerPlanBuilderTests"/>
  <testcase name="testIdentSelectorDTOFilterNoMatch" time="0.009" classname="sailpoint.rapidsetup.plan.JoinerPlanBuilderTests"/>
</testsuite> <!-- sailpoint.rapidsetup.plan.JoinerPlanBuilderTests -->
