<?xml version="1.0" encoding="UTF-8"?>
<!-- Generated by org.testng.reporters.JUnitReportReporter -->
<testsuite skipped="0" hostname="sunfish.sailpoint.com" name="sailpoint.unstructured.PAMCollectorTests" tests="21" failures="0" timestamp="11 May 2021 16:09:47 GMT" time="13.209" errors="0">
  <testcase name="testAddMultipleUsersAndGroupsToContainerPermissions" time="0.764" classname="sailpoint.unstructured.PAMCollectorTests"/>
  <testcase name="testNoMatchingContainerOrPrivilegedDataCausesFailedResult" time="0.301" classname="sailpoint.unstructured.PAMCollectorTests"/>
  <testcase name="testAddExistingGroupPrivilegedDataPermissions" time="0.557" classname="sailpoint.unstructured.PAMCollectorTests"/>
  <testcase name="testAddExistingUserPrivilegedDataPermissions" time="0.492" classname="sailpoint.unstructured.PAMCollectorTests"/>
  <testcase name="testAddNewGroupToContainer" time="0.474" classname="sailpoint.unstructured.PAMCollectorTests"/>
  <testcase name="testAddNewUserToContainer" time="0.475" classname="sailpoint.unstructured.PAMCollectorTests"/>
  <testcase name="testRemoveUserFromContainer" time="0.426" classname="sailpoint.unstructured.PAMCollectorTests"/>
  <testcase name="testAddExistingGroupContainerPermissions" time="1.143" classname="sailpoint.unstructured.PAMCollectorTests"/>
  <testcase name="testRemoveExistingUserPrivilegedDataPermissions" time="0.516" classname="sailpoint.unstructured.PAMCollectorTests"/>
  <testcase name="testAddNewGroupToPrivilegedData" time="0.592" classname="sailpoint.unstructured.PAMCollectorTests"/>
  <testcase name="testRemoveExistingUserContainerPermissions" time="0.546" classname="sailpoint.unstructured.PAMCollectorTests"/>
  <testcase name="testRemoveUserFromPrivilegedData" time="0.378" classname="sailpoint.unstructured.PAMCollectorTests"/>
  <testcase name="testAddNewUserToPrivilegedData" time="0.528" classname="sailpoint.unstructured.PAMCollectorTests"/>
  <testcase name="testRemoveGroupFromContainer" time="0.372" classname="sailpoint.unstructured.PAMCollectorTests"/>
  <testcase name="testRemoveExistingGroupPrivilegedDataPermissions" time="0.551" classname="sailpoint.unstructured.PAMCollectorTests"/>
  <testcase name="testAddExistingUserContainerPermissions" time="0.494" classname="sailpoint.unstructured.PAMCollectorTests"/>
  <testcase name="testRemoveExistingGroupContainerPermissions" time="0.498" classname="sailpoint.unstructured.PAMCollectorTests"/>
  <testcase name="testAddMultipleUsersAndGroupsToPrivilegedDataPermissions" time="1.019" classname="sailpoint.unstructured.PAMCollectorTests"/>
  <testcase name="testRemoveGroupFromPrivilegedData" time="0.403" classname="sailpoint.unstructured.PAMCollectorTests"/>
  <testcase name="testSingleFailedItemCausesFailedResult" time="0.738" classname="sailpoint.unstructured.PAMCollectorTests"/>
  <testcase name="testIterate" time="1.942" classname="sailpoint.unstructured.PAMCollectorTests"/>
</testsuite> <!-- sailpoint.unstructured.PAMCollectorTests -->
