<?xml version="1.0" encoding="UTF-8"?>
<!-- Generated by org.testng.reporters.JUnitReportReporter -->
<testsuite skipped="0" hostname="sunfish.sailpoint.com" name="sailpoint.identityai.recommender.IAIRecommenderTest" tests="5" failures="0" timestamp="11 May 2021 16:09:47 GMT" time="0.204" errors="0">
  <testcase name="testGetSingleResult" time="0.000" classname="sailpoint.identityai.recommender.IAIRecommenderTest"/>
  <testcase name="testIAIReq_APIReq_conversion" time="0.001" classname="sailpoint.identityai.recommender.IAIRecommenderTest"/>
  <testcase name="testGetBatchResult" time="0.198" classname="sailpoint.identityai.recommender.IAIRecommenderTest"/>
  <testcase name="testGetPartialBatchResult" time="0.005" classname="sailpoint.identityai.recommender.IAIRecommenderTest"/>
  <testcase name="testIAIResult_APIResult_conversion" time="0.000" classname="sailpoint.identityai.recommender.IAIRecommenderTest"/>
</testsuite> <!-- sailpoint.identityai.recommender.IAIRecommenderTest -->
