<?xml version="1.0" encoding="UTF-8"?>
<!-- Generated by org.testng.reporters.JUnitReportReporter -->
<testsuite skipped="0" hostname="sunfish.sailpoint.com" name="sailpoint.rest.ui.identityOperations.IdentityOperationsIdentityListResourceTests" tests="6" failures="0" timestamp="11 May 2021 16:09:46 GMT" time="0.929" errors="0">
  <testcase name="testGetEmail" time="0.528" classname="sailpoint.rest.ui.identityOperations.IdentityOperationsIdentityListResourceTests"/>
  <testcase name="testGetNameSearchOne" time="0.118" classname="sailpoint.rest.ui.identityOperations.IdentityOperationsIdentityListResourceTests"/>
  <testcase name="testGetNameSearchMulti" time="0.050" classname="sailpoint.rest.ui.identityOperations.IdentityOperationsIdentityListResourceTests"/>
  <testcase name="testGetNameOne" time="0.050" classname="sailpoint.rest.ui.identityOperations.IdentityOperationsIdentityListResourceTests"/>
  <testcase name="testGetNameMulti" time="0.038" classname="sailpoint.rest.ui.identityOperations.IdentityOperationsIdentityListResourceTests"/>
  <testcase name="testGetFilters" time="0.145" classname="sailpoint.rest.ui.identityOperations.IdentityOperationsIdentityListResourceTests"/>
</testsuite> <!-- sailpoint.rest.ui.identityOperations.IdentityOperationsIdentityListResourceTests -->
