<?xml version="1.0" encoding="UTF-8"?>
<!-- Generated by org.testng.reporters.JUnitReportReporter -->
<testsuite skipped="0" hostname="sunfish.sailpoint.com" name="sailpoint.service.RequestAccessServiceTests" tests="73" failures="0" timestamp="11 May 2021 16:09:46 GMT" time="26.290" errors="0">
  <testcase name="testIsUniquePermittedByAssignedRole" time="0.019" classname="sailpoint.service.RequestAccessServiceTests"/>
  <testcase name="testCreateMultiAccountRequestsEntitlementAdd" time="0.009" classname="sailpoint.service.RequestAccessServiceTests"/>
  <testcase name="testVerifyAttachmentOwnerMustBeCurrentUser" time="0.009" classname="sailpoint.service.RequestAccessServiceTests"/>
  <testcase name="testValidateAttachmentsRequiredPass" time="0.031" classname="sailpoint.service.RequestAccessServiceTests"/>
  <testcase name="testCreateMultiAccountRequestsEntitlementRemove" time="0.011" classname="sailpoint.service.RequestAccessServiceTests"/>
  <testcase name="testRequestingPermittedRoles" time="0.017" classname="sailpoint.service.RequestAccessServiceTests"/>
  <testcase name="testValidateRequiredCommentsWithMissingRequiredComment" time="0.146" classname="sailpoint.service.RequestAccessServiceTests"/>
  <testcase name="testCreateMultiAccountRequestsDetectedRoleRemove" time="0.010" classname="sailpoint.service.RequestAccessServiceTests"/>
  <testcase name="testIsUniqueAssignedUniqueAccount" time="0.008" classname="sailpoint.service.RequestAccessServiceTests"/>
  <testcase name="testVerifyRequiredAttachmentsHasRequired" time="0.012" classname="sailpoint.service.RequestAccessServiceTests"/>
  <testcase name="testRemoveRenamedAssignedRole" time="0.005" classname="sailpoint.service.RequestAccessServiceTests"/>
  <testcase name="testSubmitRequestRequiredAttachmentsFail" time="0.087" classname="sailpoint.service.RequestAccessServiceTests"/>
  <testcase name="testSubmitRequestWithInvalidRoleRemove" time="0.043" classname="sailpoint.service.RequestAccessServiceTests"/>
  <testcase name="testValidateAttachmentsRequiredFail" time="0.039" classname="sailpoint.service.RequestAccessServiceTests"/>
  <testcase name="testSubmitRequestWithInvalidAccountSelection" time="1.694" classname="sailpoint.service.RequestAccessServiceTests"/>
  <testcase name="testSubmitWithDuplicateAssignments" time="2.433" classname="sailpoint.service.RequestAccessServiceTests"/>
  <testcase name="testValidateAttachmentsIdOnlyInRequest" time="0.005" classname="sailpoint.service.RequestAccessServiceTests"/>
  <testcase name="testSubmitPermittedRoleWithSameAssignmentId" time="1.743" classname="sailpoint.service.RequestAccessServiceTests"/>
  <testcase name="testCreateInvalidAccessRequestNoIdentities" time="0.005" classname="sailpoint.service.RequestAccessServiceTests"/>
  <testcase name="testCreateSingleAccountRequestEntitlementAdd" time="0.014" classname="sailpoint.service.RequestAccessServiceTests"/>
  <testcase name="testCreateMultiAccountRequestsRoleAdd" time="0.014" classname="sailpoint.service.RequestAccessServiceTests"/>
  <testcase name="testValidateAttachmentsAttachmentDoesntExist" time="0.006" classname="sailpoint.service.RequestAccessServiceTests"/>
  <testcase name="testValidateAttachmentsFeatureDisabledAttachmentsProvided" time="0.124" classname="sailpoint.service.RequestAccessServiceTests"/>
  <testcase name="testSubmitRequestWithPolicyViolation" time="0.468" classname="sailpoint.service.RequestAccessServiceTests"/>
  <testcase name="testCreateMultiAccountRequestsAssignedRoleRemove" time="0.008" classname="sailpoint.service.RequestAccessServiceTests"/>
  <testcase name="testSubmitWithMissingAccountSelections" time="0.079" classname="sailpoint.service.RequestAccessServiceTests"/>
  <testcase name="testValidCreateRoleAttributeRequest" time="0.004" classname="sailpoint.service.RequestAccessServiceTests"/>
  <testcase name="testGetRoleNameFromInput" time="0.022" classname="sailpoint.service.RequestAccessServiceTests"/>
  <testcase name="testCreateSingleAccountRequestEntitlementRemove" time="0.006" classname="sailpoint.service.RequestAccessServiceTests"/>
  <testcase name="testValidateAttachmentsMultipleIdentitiesFail" time="0.015" classname="sailpoint.service.RequestAccessServiceTests"/>
  <testcase name="testRemoveRenamedDetectedRole" time="0.007" classname="sailpoint.service.RequestAccessServiceTests"/>
  <testcase name="testCreateAccountRequests" time="0.041" classname="sailpoint.service.RequestAccessServiceTests"/>
  <testcase name="testVerifyNoAttachmentsFail" time="0.006" classname="sailpoint.service.RequestAccessServiceTests"/>
  <testcase name="testApprovalStateIdentHasMgr" time="1.773" classname="sailpoint.service.RequestAccessServiceTests"/>
  <testcase name="testValidateRequiredCommentsWhenAllItemsRequireCommentsHaveComment" time="0.138" classname="sailpoint.service.RequestAccessServiceTests"/>
  <testcase name="testCreateInvalidAccountRequestsDetectedRoleRemove" time="0.006" classname="sailpoint.service.RequestAccessServiceTests"/>
  <testcase name="testNegativeAssignmentFlagAddedToAssignedRoleRemove" time="0.024" classname="sailpoint.service.RequestAccessServiceTests"/>
  <testcase name="testRequestingDetectableAndAssignablePermittedRole" time="0.018" classname="sailpoint.service.RequestAccessServiceTests"/>
  <testcase name="testVerifyNoAttachmentsPass" time="0.005" classname="sailpoint.service.RequestAccessServiceTests"/>
  <testcase name="testCreateAndValidateAccessRequest" time="0.031" classname="sailpoint.service.RequestAccessServiceTests"/>
  <testcase name="testCreateInvalidAccessRequestMultipleIdentities" time="0.006" classname="sailpoint.service.RequestAccessServiceTests"/>
  <testcase name="testValidateRequiredCommentsWhenAllItemsRequireCommentsMissingComment" time="0.113" classname="sailpoint.service.RequestAccessServiceTests"/>
  <testcase name="testSubmitRequestCleansPendingAttachments" time="1.144" classname="sailpoint.service.RequestAccessServiceTests"/>
  <testcase name="testAllowViolations" time="0.438" classname="sailpoint.service.RequestAccessServiceTests"/>
  <testcase name="testSubmitRequestWithMultipleIdentitiesBulkNotAllowed" time="0.025" classname="sailpoint.service.RequestAccessServiceTests"/>
  <testcase name="testVerifyRequiredAttachmentsMissingRequired" time="0.006" classname="sailpoint.service.RequestAccessServiceTests"/>
  <testcase name="testSubmitRequestWithSunriseSunsetDate" time="0.739" classname="sailpoint.service.RequestAccessServiceTests"/>
  <testcase name="testGetMessagesComplete" time="0.005" classname="sailpoint.service.RequestAccessServiceTests"/>
  <testcase name="testValidateRequiredCommentsWhenItemsHaveAllRequiredComments" time="0.025" classname="sailpoint.service.RequestAccessServiceTests"/>
  <testcase name="testSubmitRequestWithInvalidEntitlementRemove" time="0.031" classname="sailpoint.service.RequestAccessServiceTests"/>
  <testcase name="testGetMessagesFailed" time="0.006" classname="sailpoint.service.RequestAccessServiceTests"/>
  <testcase name="testIsUniqueDuplicateAccountPendingRequest" time="0.016" classname="sailpoint.service.RequestAccessServiceTests"/>
  <testcase name="testValidateAttachmentsWrongInfoInRequest" time="0.009" classname="sailpoint.service.RequestAccessServiceTests"/>
  <testcase name="testVerifyRequiredAttachmentsNoneRequired" time="0.006" classname="sailpoint.service.RequestAccessServiceTests"/>
  <testcase name="testValidateAttachmentsMultipleIdentitiesRequiredConfig" time="0.022" classname="sailpoint.service.RequestAccessServiceTests"/>
  <testcase name="testApprovalStateAllAutoApprove" time="1.068" classname="sailpoint.service.RequestAccessServiceTests"/>
  <testcase name="testInvalidCreateRoleAttributeRequestNullRoleName" time="0.005" classname="sailpoint.service.RequestAccessServiceTests"/>
  <testcase name="testApprovalStateIdentHasNoMgr" time="1.123" classname="sailpoint.service.RequestAccessServiceTests"/>
  <testcase name="testCreateSingleAccountRequestRoleRemove" time="0.008" classname="sailpoint.service.RequestAccessServiceTests"/>
  <testcase name="testRoleInvalidRequestees" time="3.494" classname="sailpoint.service.RequestAccessServiceTests"/>
  <testcase name="testIsUniquePermittedByNoPermittingRoleException" time="0.006" classname="sailpoint.service.RequestAccessServiceTests"/>
  <testcase name="testValidateAttachmentsNotInUse" time="0.011" classname="sailpoint.service.RequestAccessServiceTests"/>
  <testcase name="testCreateEntitlementAttributeRequest" time="0.009" classname="sailpoint.service.RequestAccessServiceTests"/>
  <testcase name="testVerifyUniqueAttachmentsPass" time="0.025" classname="sailpoint.service.RequestAccessServiceTests"/>
  <testcase name="testIsUniquePermittedByUnassignedRole" time="0.011" classname="sailpoint.service.RequestAccessServiceTests"/>
  <testcase name="testCreateSingleAccountRequestRoleAdd" time="0.008" classname="sailpoint.service.RequestAccessServiceTests"/>
  <testcase name="testApplicationInvalidRequestees" time="3.311" classname="sailpoint.service.RequestAccessServiceTests"/>
  <testcase name="testVerifyUniqueAttachmentsFail" time="0.027" classname="sailpoint.service.RequestAccessServiceTests"/>
  <testcase name="testSubmitRequest" time="1.379" classname="sailpoint.service.RequestAccessServiceTests"/>
  <testcase name="testSubmitRequestWithInvalidCreateAccount" time="0.685" classname="sailpoint.service.RequestAccessServiceTests"/>
  <testcase name="testIsUniqueAssignedNonUniqueAssignedRole" time="0.006" classname="sailpoint.service.RequestAccessServiceTests"/>
  <testcase name="testCreateInvalidAccountRequestsAssignedRoleRemove" time="0.008" classname="sailpoint.service.RequestAccessServiceTests"/>
  <testcase name="testEntitlementInvalidRequestees" time="3.380" classname="sailpoint.service.RequestAccessServiceTests"/>
</testsuite> <!-- sailpoint.service.RequestAccessServiceTests -->
