<?xml version="1.0" encoding="UTF-8"?>
<!-- Generated by org.testng.reporters.JUnitReportReporter -->
<testsuite skipped="0" hostname="sunfish.sailpoint.com" name="sailpoint.scim.common.SCIMTypeConverterTest" tests="6" failures="0" timestamp="11 May 2021 16:09:47 GMT" time="0.004" errors="0">
  <testcase name="testConvertToDate" time="0.002" classname="sailpoint.scim.common.SCIMTypeConverterTest"/>
  <testcase name="testTypeConvert" time="0.001" classname="sailpoint.scim.common.SCIMTypeConverterTest"/>
  <testcase name="testConvertToDate" time="0.000" classname="sailpoint.scim.common.SCIMTypeConverterTest"/>
  <testcase name="testConvertToBoolean" time="0.000" classname="sailpoint.scim.common.SCIMTypeConverterTest"/>
  <testcase name="testConvertToBooleanErrors" time="0.001" classname="sailpoint.scim.common.SCIMTypeConverterTest"/>
  <testcase name="testConvertToDate" time="0.000" classname="sailpoint.scim.common.SCIMTypeConverterTest"/>
</testsuite> <!-- sailpoint.scim.common.SCIMTypeConverterTest -->
