<?xml version="1.0" encoding="UTF-8"?>
<!-- Generated by org.testng.reporters.JUnitReportReporter -->
<testsuite skipped="0" hostname="sunfish.sailpoint.com" name="sailpoint.service.LinkListServiceTests" tests="14" failures="0" timestamp="11 May 2021 16:09:47 GMT" time="0.234" errors="0">
  <testcase name="getCurrentPasswordLinks" time="0.027" classname="sailpoint.service.LinkListServiceTests"/>
  <testcase name="testGetManageAccountLinks" time="0.033" classname="sailpoint.service.LinkListServiceTests"/>
  <testcase name="testExpectSelectAllDoesNotIncludeApplicationsWithoutPasswords" time="0.004" classname="sailpoint.service.LinkListServiceTests"/>
  <testcase name="testGetLinks" time="0.002" classname="sailpoint.service.LinkListServiceTests"/>
  <testcase name="testNullLink" time="0.003" classname="sailpoint.service.LinkListServiceTests"/>
  <testcase name="testLinkErrorMessages" time="0.008" classname="sailpoint.service.LinkListServiceTests"/>
  <testcase name="testGetLinksNegativeSelect" time="0.004" classname="sailpoint.service.LinkListServiceTests"/>
  <testcase name="testGetLinksPositiveSelect" time="0.003" classname="sailpoint.service.LinkListServiceTests"/>
  <testcase name="testRefreshLinkStatus" time="0.029" classname="sailpoint.service.LinkListServiceTests"/>
  <testcase name="testRefreshLinkStatuses" time="0.045" classname="sailpoint.service.LinkListServiceTests"/>
  <testcase name="testLinkActionStatus" time="0.017" classname="sailpoint.service.LinkListServiceTests"/>
  <testcase name="testRefreshNoRandom" time="0.011" classname="sailpoint.service.LinkListServiceTests"/>
  <testcase name="testGetManagePasswordLinks" time="0.026" classname="sailpoint.service.LinkListServiceTests"/>
  <testcase name="testGetManageAccountLinksDisableCurrent" time="0.022" classname="sailpoint.service.LinkListServiceTests"/>
</testsuite> <!-- sailpoint.service.LinkListServiceTests -->
