<?xml version="1.0" encoding="UTF-8"?>
<!-- Generated by org.testng.reporters.JUnitReportReporter -->
<testsuite skipped="0" hostname="sunfish.sailpoint.com" name="sailpoint.object.RapidSetupConfigUtilsTests" tests="14" failures="0" timestamp="11 May 2021 16:09:47 GMT" time="0.002" errors="0">
  <testcase name="testNullPathAndNullConfig" time="0.000" classname="sailpoint.object.RapidSetupConfigUtilsTests"/>
  <testcase name="testEmptyPath" time="0.000" classname="sailpoint.object.RapidSetupConfigUtilsTests"/>
  <testcase name="testBadLeaf" time="0.000" classname="sailpoint.object.RapidSetupConfigUtilsTests"/>
  <testcase name="testNullConfig" time="0.000" classname="sailpoint.object.RapidSetupConfigUtilsTests"/>
  <testcase name="testGoodTop" time="0.000" classname="sailpoint.object.RapidSetupConfigUtilsTests"/>
  <testcase name="testBadMiddle" time="0.000" classname="sailpoint.object.RapidSetupConfigUtilsTests"/>
  <testcase name="testGoodMiddleFromMap" time="0.000" classname="sailpoint.object.RapidSetupConfigUtilsTests"/>
  <testcase name="testBadKeyAsString" time="0.000" classname="sailpoint.object.RapidSetupConfigUtilsTests"/>
  <testcase name="testGetStringAsBoolean" time="0.000" classname="sailpoint.object.RapidSetupConfigUtilsTests"/>
  <testcase name="testNullPath" time="0.000" classname="sailpoint.object.RapidSetupConfigUtilsTests"/>
  <testcase name="testGetBooleanAsBoolean" time="0.000" classname="sailpoint.object.RapidSetupConfigUtilsTests"/>
  <testcase name="testGoodLeaf" time="0.001" classname="sailpoint.object.RapidSetupConfigUtilsTests"/>
  <testcase name="testGoodMiddle" time="0.001" classname="sailpoint.object.RapidSetupConfigUtilsTests"/>
  <testcase name="testBadTopConfig" time="0.000" classname="sailpoint.object.RapidSetupConfigUtilsTests"/>
</testsuite> <!-- sailpoint.object.RapidSetupConfigUtilsTests -->
