<?xml version="1.0" encoding="UTF-8"?>
<!-- Generated by org.testng.reporters.JUnitReportReporter -->
<testsuite skipped="0" hostname="sunfish.sailpoint.com" name="sailpoint.api.TaskTests" tests="8" failures="0" timestamp="11 May 2021 16:09:47 GMT" time="40.728" errors="0">
  <testcase name="testBug28085" time="12.505" classname="sailpoint.api.TaskTests"/>
  <testcase name="testTaskTerminationRequest" time="2.247" classname="sailpoint.api.TaskTests"/>
  <testcase name="testPartitionedTaskTermination" time="6.170" classname="sailpoint.api.TaskTests"/>
  <testcase name="testTaskScheduling" time="3.184" classname="sailpoint.api.TaskTests"/>
  <testcase name="testHostRequests" time="2.116" classname="sailpoint.api.TaskTests"/>
  <testcase name="testDistributedPartitionResults" time="6.174" classname="sailpoint.api.TaskTests"/>
  <testcase name="testPartitionedTaskRestart" time="4.155" classname="sailpoint.api.TaskTests"/>
  <testcase name="testInvalidTaskDefinitions" time="4.177" classname="sailpoint.api.TaskTests"/>
</testsuite> <!-- sailpoint.api.TaskTests -->
