<?xml version="1.0" encoding="UTF-8"?>
<!-- Generated by org.testng.reporters.JUnitReportReporter -->
<testsuite skipped="0" hostname="sunfish.sailpoint.com" name="sailpoint.api.RoleChangeAnalyzerTests" tests="16" failures="0" timestamp="11 May 2021 16:09:47 GMT" time="8.722" errors="0">
  <testcase name="testRemoveInheritance" time="0.435" classname="sailpoint.api.RoleChangeAnalyzerTests"/>
  <testcase name="testRemoveRequirements" time="0.495" classname="sailpoint.api.RoleChangeAnalyzerTests"/>
  <testcase name="testRequiredRoleAddRequiredRole" time="0.564" classname="sailpoint.api.RoleChangeAnalyzerTests"/>
  <testcase name="testRequiredRoleModificationRemoveEntitlement" time="0.545" classname="sailpoint.api.RoleChangeAnalyzerTests"/>
  <testcase name="testCalculateAdditionsRemovals" time="0.469" classname="sailpoint.api.RoleChangeAnalyzerTests"/>
  <testcase name="testCalculateAdditions" time="0.838" classname="sailpoint.api.RoleChangeAnalyzerTests"/>
  <testcase name="testCalculateRemovals" time="0.466" classname="sailpoint.api.RoleChangeAnalyzerTests"/>
  <testcase name="testRequiredRoleRemoval" time="0.525" classname="sailpoint.api.RoleChangeAnalyzerTests"/>
  <testcase name="testRemoveInheritanceFromMiddleOfHierarchy" time="0.515" classname="sailpoint.api.RoleChangeAnalyzerTests"/>
  <testcase name="testCapabilityRole" time="0.438" classname="sailpoint.api.RoleChangeAnalyzerTests"/>
  <testcase name="testRequiredRoleModificationAddEntitlement" time="0.547" classname="sailpoint.api.RoleChangeAnalyzerTests"/>
  <testcase name="testRequiredRoleAddInheritance" time="0.567" classname="sailpoint.api.RoleChangeAnalyzerTests"/>
  <testcase name="testAddInheritance" time="0.503" classname="sailpoint.api.RoleChangeAnalyzerTests"/>
  <testcase name="testRequiredRoleModificationAddRemoveEntitlement" time="0.568" classname="sailpoint.api.RoleChangeAnalyzerTests"/>
  <testcase name="testBreakerOfChains" time="0.790" classname="sailpoint.api.RoleChangeAnalyzerTests"/>
  <testcase name="testPasswordInPolicy" time="0.457" classname="sailpoint.api.RoleChangeAnalyzerTests"/>
</testsuite> <!-- sailpoint.api.RoleChangeAnalyzerTests -->
