<?xml version="1.0" encoding="UTF-8"?>
<!-- Generated by org.testng.reporters.JUnitReportReporter -->
<testsuite skipped="0" hostname="sunfish.sailpoint.com" name="sailpoint.reporting.datasource.ApplicationBundleDataSourceTests" tests="11" failures="0" timestamp="11 May 2021 16:09:46 GMT" time="0.159" errors="0">
  <testcase name="testPermittedInherits" time="0.006" classname="sailpoint.reporting.datasource.ApplicationBundleDataSourceTests"/>
  <testcase name="testSimpleInheritance" time="0.006" classname="sailpoint.reporting.datasource.ApplicationBundleDataSourceTests"/>
  <testcase name="testNoInheritOption" time="0.006" classname="sailpoint.reporting.datasource.ApplicationBundleDataSourceTests"/>
  <testcase name="testReturnsAllRoles" time="0.004" classname="sailpoint.reporting.datasource.ApplicationBundleDataSourceTests"/>
  <testcase name="testSimplePermits" time="0.014" classname="sailpoint.reporting.datasource.ApplicationBundleDataSourceTests"/>
  <testcase name="testUnrelated" time="0.006" classname="sailpoint.reporting.datasource.ApplicationBundleDataSourceTests"/>
  <testcase name="testNestedRequire" time="0.007" classname="sailpoint.reporting.datasource.ApplicationBundleDataSourceTests"/>
  <testcase name="testSimpleRequire" time="0.006" classname="sailpoint.reporting.datasource.ApplicationBundleDataSourceTests"/>
  <testcase name="testNestedPermits" time="0.011" classname="sailpoint.reporting.datasource.ApplicationBundleDataSourceTests"/>
  <testcase name="testNestedInherits" time="0.086" classname="sailpoint.reporting.datasource.ApplicationBundleDataSourceTests"/>
  <testcase name="testRequiredInherits" time="0.007" classname="sailpoint.reporting.datasource.ApplicationBundleDataSourceTests"/>
</testsuite> <!-- sailpoint.reporting.datasource.ApplicationBundleDataSourceTests -->
