<?xml version="1.0" encoding="UTF-8"?>
<!-- Generated by org.testng.reporters.JUnitReportReporter -->
<testsuite skipped="0" hostname="sunfish.sailpoint.com" name="sailpoint.server.TransformerTest" tests="4" failures="0" timestamp="11 May 2021 16:09:47 GMT" time="0.007" errors="0">
  <testcase name="testBackwardComplatibility" time="0.006" classname="sailpoint.server.TransformerTest"/>
  <testcase name="testBasicEncryption" time="0.000" classname="sailpoint.server.TransformerTest"/>
  <testcase name="testSameStringsEncryptDifferently" time="0.001" classname="sailpoint.server.TransformerTest"/>
  <testcase name="testEncryptionOfEncryptedString" time="0.000" classname="sailpoint.server.TransformerTest"/>
</testsuite> <!-- sailpoint.server.TransformerTest -->
