<?xml version="1.0" encoding="UTF-8"?>
<!-- Generated by org.testng.reporters.JUnitReportReporter -->
<testsuite skipped="0" hostname="sunfish.sailpoint.com" name="sailpoint.web.identity.ForwardingHelperTests" tests="6" failures="0" timestamp="11 May 2021 16:09:47 GMT" time="0.002" errors="0">
  <testcase name="testAddsRequestToClearIdentityAndForwardingDatesIfJustIdentityIsNullButValuesPreviouslySet" time="0.000" classname="sailpoint.web.identity.ForwardingHelperTests"/>
  <testcase name="testAddsForwardingStartDateToRequest" time="0.000" classname="sailpoint.web.identity.ForwardingHelperTests"/>
  <testcase name="testDoesntAddRequestsIfStuffIsAlreadyNull" time="0.000" classname="sailpoint.web.identity.ForwardingHelperTests"/>
  <testcase name="testAddsRequestToClearIdentityAndForwardingDatesIfAllNullButValuesPreviouslySet" time="0.000" classname="sailpoint.web.identity.ForwardingHelperTests"/>
  <testcase name="testAddsForwardingEndDateToRequest" time="0.002" classname="sailpoint.web.identity.ForwardingHelperTests"/>
  <testcase name="testAddsForwardingUserToAttributeRequest" time="0.000" classname="sailpoint.web.identity.ForwardingHelperTests"/>
</testsuite> <!-- sailpoint.web.identity.ForwardingHelperTests -->
