<?xml version="1.0" encoding="UTF-8"?>
<!-- Generated by org.testng.reporters.JUnitReportReporter -->
<testsuite skipped="0" hostname="sunfish.sailpoint.com" name="sailpoint.service.LCMConfigServiceTests" tests="9" failures="0" timestamp="11 May 2021 16:09:47 GMT" time="0.517" errors="0">
  <testcase name="testGetRequestableIdentityOptions" time="0.028" classname="sailpoint.service.LCMConfigServiceTests"/>
  <testcase name="testGetRulesNoOptions" time="0.009" classname="sailpoint.service.LCMConfigServiceTests"/>
  <testcase name="testGetRemoveRules" time="0.030" classname="sailpoint.service.LCMConfigServiceTests"/>
  <testcase name="testGetConfiguredIdentityQueryOptions" time="0.068" classname="sailpoint.service.LCMConfigServiceTests"/>
  <testcase name="testCanRequestForOthers" time="0.051" classname="sailpoint.service.LCMConfigServiceTests"/>
  <testcase name="testGetRules" time="0.015" classname="sailpoint.service.LCMConfigServiceTests"/>
  <testcase name="testGetRequestableIdentityOptionsDualScope" time="0.038" classname="sailpoint.service.LCMConfigServiceTests"/>
  <testcase name="testGetInvalidRequesteesFor20RequestObjects" time="0.273" classname="sailpoint.service.LCMConfigServiceTests"/>
  <testcase name="testGetRulesNonMember" time="0.005" classname="sailpoint.service.LCMConfigServiceTests"/>
</testsuite> <!-- sailpoint.service.LCMConfigServiceTests -->
