<?xml version="1.0" encoding="UTF-8"?>
<!-- Generated by org.testng.reporters.JUnitReportReporter -->
<testsuite skipped="0" hostname="sunfish.sailpoint.com" name="sailpoint.tools.timePeriod.TimePeriodTests" tests="3" failures="0" timestamp="11 May 2021 16:09:47 GMT" time="0.175" errors="0">
  <testcase name="testDateBoundaryForQuarters" time="0.065" classname="sailpoint.tools.timePeriod.TimePeriodTests"/>
  <testcase name="testTimePeriods" time="0.057" classname="sailpoint.tools.timePeriod.TimePeriodTests"/>
  <testcase name="testDayBoundaryForQuarters" time="0.053" classname="sailpoint.tools.timePeriod.TimePeriodTests"/>
</testsuite> <!-- sailpoint.tools.timePeriod.TimePeriodTests -->
