<?xml version="1.0" encoding="UTF-8"?>
<!-- Generated by org.testng.reporters.JUnitReportReporter -->
<testsuite skipped="0" hostname="sunfish.sailpoint.com" name="sailpoint.rest.scim.LaunchedWorkflowCreateResourceTest" tests="5" failures="0" timestamp="11 May 2021 16:09:47 GMT" time="1.303" errors="0">
  <testcase name="testCreateResource" time="0.257" classname="sailpoint.rest.scim.LaunchedWorkflowCreateResourceTest"/>
  <testcase name="testSCIMExecAuthenticate" time="0.209" classname="sailpoint.rest.scim.LaunchedWorkflowCreateResourceTest"/>
  <testcase name="testNotSCIMExecAuthenticateDenied" time="0.047" classname="sailpoint.rest.scim.LaunchedWorkflowCreateResourceTest"/>
  <testcase name="testAdminAuthenticate" time="0.251" classname="sailpoint.rest.scim.LaunchedWorkflowCreateResourceTest"/>
  <testcase name="testCreateResourceInvalidData" time="0.539" classname="sailpoint.rest.scim.LaunchedWorkflowCreateResourceTest"/>
</testsuite> <!-- sailpoint.rest.scim.LaunchedWorkflowCreateResourceTest -->
