<?xml version="1.0" encoding="UTF-8"?>
<!-- Generated by org.testng.reporters.JUnitReportReporter -->
<testsuite skipped="0" hostname="sunfish.sailpoint.com" name="sailpoint.connector.EncodedFileTests" tests="7" failures="0" timestamp="11 May 2021 16:09:46 GMT" time="0.324" errors="0">
  <testcase name="testIterateObjects" time="0.011" classname="sailpoint.connector.EncodedFileTests"/>
  <testcase name="testFetchNonExistingObject" time="0.016" classname="sailpoint.connector.EncodedFileTests"/>
  <testcase name="testCreateDefaultApplication" time="0.246" classname="sailpoint.connector.EncodedFileTests"/>
  <testcase name="testSchemaAttributeFiltering" time="0.012" classname="sailpoint.connector.EncodedFileTests"/>
  <testcase name="testTestConfiguration" time="0.008" classname="sailpoint.connector.EncodedFileTests"/>
  <testcase name="testNegativeIterateObjects" time="0.011" classname="sailpoint.connector.EncodedFileTests"/>
  <testcase name="testGetObject" time="0.020" classname="sailpoint.connector.EncodedFileTests"/>
</testsuite> <!-- sailpoint.connector.EncodedFileTests -->
