<?xml version="1.0" encoding="UTF-8"?>
<!-- Generated by org.testng.reporters.JUnitReportReporter -->
<testsuite skipped="0" hostname="sunfish.sailpoint.com" name="sailpoint.object.PluginTests" tests="6" failures="0" timestamp="11 May 2021 16:09:47 GMT" time="0.001" errors="0">
  <testcase name="testBasicPropertiesUpgrade" time="0.001" classname="sailpoint.object.PluginTests"/>
  <testcase name="testSettingsUpgrade" time="0.000" classname="sailpoint.object.PluginTests"/>
  <testcase name="testSnippetsUpgrade" time="0.000" classname="sailpoint.object.PluginTests"/>
  <testcase name="testServiceExecutorClassNamesUpgrade" time="0.000" classname="sailpoint.object.PluginTests"/>
  <testcase name="testFullPageUpgrade" time="0.000" classname="sailpoint.object.PluginTests"/>
  <testcase name="testResourceClassNamesUpgrade" time="0.000" classname="sailpoint.object.PluginTests"/>
</testsuite> <!-- sailpoint.object.PluginTests -->
