<?xml version="1.0" encoding="UTF-8"?>
<!-- Generated by org.testng.reporters.JUnitReportReporter -->
<testsuite skipped="0" hostname="sunfish.sailpoint.com" name="sailpoint.service.identity.TargetAccountServiceTests" tests="8" failures="0" timestamp="11 May 2021 16:09:47 GMT" time="0.015" errors="0">
  <testcase name="testGetTargetsForCertificationItemWithAssignment" time="0.001" classname="sailpoint.service.identity.TargetAccountServiceTests"/>
  <testcase name="testGetTargetsForApprovalItem" time="0.006" classname="sailpoint.service.identity.TargetAccountServiceTests"/>
  <testcase name="testGetTargetsForRoleDetection" time="0.000" classname="sailpoint.service.identity.TargetAccountServiceTests"/>
  <testcase name="testGetTargetsForCertificationItemNoDetection" time="0.002" classname="sailpoint.service.identity.TargetAccountServiceTests"/>
  <testcase name="testGetTargetsForCertificationItemWithDetection" time="0.000" classname="sailpoint.service.identity.TargetAccountServiceTests"/>
  <testcase name="testGetTargetsForRequestItem" time="0.003" classname="sailpoint.service.identity.TargetAccountServiceTests"/>
  <testcase name="testGetTargetsForIdentity" time="0.001" classname="sailpoint.service.identity.TargetAccountServiceTests"/>
  <testcase name="testGetTargetsForCertificationItemNoAssignment" time="0.002" classname="sailpoint.service.identity.TargetAccountServiceTests"/>
</testsuite> <!-- sailpoint.service.identity.TargetAccountServiceTests -->
