<?xml version="1.0" encoding="UTF-8"?>
<!-- Generated by org.testng.reporters.JUnitReportReporter -->
<testsuite skipped="0" hostname="sunfish.sailpoint.com" name="sailpoint.provisioning.PlanUtilTests" tests="3" failures="0" timestamp="11 May 2021 16:09:46 GMT" time="11.007" errors="0">
  <testcase name="testAddDeassignEntitlementsArgAssigned" time="4.017" classname="sailpoint.provisioning.PlanUtilTests"/>
  <testcase name="testAddDeassignEntitlementsArgDetected" time="3.470" classname="sailpoint.provisioning.PlanUtilTests"/>
  <testcase name="testAddDeassignEntitlementsArgDetectedForceAssigned" time="3.520" classname="sailpoint.provisioning.PlanUtilTests"/>
</testsuite> <!-- sailpoint.provisioning.PlanUtilTests -->
