<?xml version="1.0" encoding="UTF-8"?>
<!-- Generated by org.testng.reporters.JUnitReportReporter -->
<testsuite skipped="0" hostname="sunfish.sailpoint.com" name="sailpoint.service.EffectiveAccessListServiceTests" tests="4" failures="0" timestamp="11 May 2021 16:09:47 GMT" time="0.088" errors="0">
  <testcase name="testFilteredEffective" time="0.026" classname="sailpoint.service.EffectiveAccessListServiceTests"/>
  <testcase name="testGetClassificationsInEffectiveAccess" time="0.009" classname="sailpoint.service.EffectiveAccessListServiceTests"/>
  <testcase name="testExcludeSunrised" time="0.024" classname="sailpoint.service.EffectiveAccessListServiceTests"/>
  <testcase name="testGetEffectiveAccess" time="0.029" classname="sailpoint.service.EffectiveAccessListServiceTests"/>
</testsuite> <!-- sailpoint.service.EffectiveAccessListServiceTests -->
