<?xml version="1.0" encoding="UTF-8"?>
<!-- Generated by org.testng.reporters.JUnitReportReporter -->
<testsuite skipped="0" hostname="sunfish.sailpoint.com" name="sailpoint.plugin.PluginsUtilTests" tests="51" failures="0" timestamp="11 May 2021 16:09:46 GMT" time="0.003" errors="0">
  <testcase name="testAuthorizedForContentEmptyUserRightsIsAdmin" time="0.000" classname="sailpoint.plugin.PluginsUtilTests"/>
  <testcase name="testIsVersionLessThanOrEqual" time="0.000" classname="sailpoint.plugin.PluginsUtilTests"/>
  <testcase name="testPluginUpgradableIfNoVersions" time="0.000" classname="sailpoint.plugin.PluginsUtilTests"/>
  <testcase name="testPluginValidSystemVersionBigBadMinFloat" time="0.000" classname="sailpoint.plugin.PluginsUtilTests"/>
  <testcase name="testPluginValidSystemVersionBadMaxFloat" time="0.000" classname="sailpoint.plugin.PluginsUtilTests"/>
  <testcase name="testPluginUpgradablePrevVersionLess" time="0.000" classname="sailpoint.plugin.PluginsUtilTests"/>
  <testcase name="testAuthorizedForContentHasRightGoodPath" time="0.000" classname="sailpoint.plugin.PluginsUtilTests"/>
  <testcase name="testPluginValidSystemVersionBadMinFloat" time="0.000" classname="sailpoint.plugin.PluginsUtilTests"/>
  <testcase name="testAuthorizedForContentNoRequiredRight" time="0.000" classname="sailpoint.plugin.PluginsUtilTests"/>
  <testcase name="testPluginValidSystemVersionNoMinGoodMax" time="0.000" classname="sailpoint.plugin.PluginsUtilTests"/>
  <testcase name="testAuthorizedForContentNullUserRightsIsAdmin" time="0.000" classname="sailpoint.plugin.PluginsUtilTests"/>
  <testcase name="testPluginValidSystemVersionGoodMinNoMaxFloat" time="0.000" classname="sailpoint.plugin.PluginsUtilTests"/>
  <testcase name="testPluginUpgradablePrevVersionGreaterLetters" time="0.000" classname="sailpoint.plugin.PluginsUtilTests"/>
  <testcase name="testPluginUpgradableIfNameMismatch" time="0.000" classname="sailpoint.plugin.PluginsUtilTests"/>
  <testcase name="testIsVersionGreaterThanOrEqual" time="0.001" classname="sailpoint.plugin.PluginsUtilTests"/>
  <testcase name="testPluginUpgradableIfNoUpgradableVersion" time="0.000" classname="sailpoint.plugin.PluginsUtilTests"/>
  <testcase name="testPluginUpgradablePrevVersionLessFloat" time="0.000" classname="sailpoint.plugin.PluginsUtilTests"/>
  <testcase name="testPluginUpgradablePrevVersionGreaterFloat" time="0.000" classname="sailpoint.plugin.PluginsUtilTests"/>
  <testcase name="testAuthorizedForContentNoRegexIsAdmin" time="0.000" classname="sailpoint.plugin.PluginsUtilTests"/>
  <testcase name="testAuthorizedForContentEmptyUserRightsNotAdmin" time="0.000" classname="sailpoint.plugin.PluginsUtilTests"/>
  <testcase name="testPluginValidSystemVersionBigBadMin" time="0.000" classname="sailpoint.plugin.PluginsUtilTests"/>
  <testcase name="testPluginValidSystemVersionBadMin" time="0.000" classname="sailpoint.plugin.PluginsUtilTests"/>
  <testcase name="testPluginUpgradablePrevVersionEqualFloat" time="0.000" classname="sailpoint.plugin.PluginsUtilTests"/>
  <testcase name="testPluginValidSystemVersionBigGoodMinMax" time="0.000" classname="sailpoint.plugin.PluginsUtilTests"/>
  <testcase name="testPluginValidSystemVersionBadMax" time="0.000" classname="sailpoint.plugin.PluginsUtilTests"/>
  <testcase name="testPluginValidSystemVersionBigBadMaxFloat" time="0.000" classname="sailpoint.plugin.PluginsUtilTests"/>
  <testcase name="testPluginValidSystemVersionBigGoodMinMaxFloat" time="0.000" classname="sailpoint.plugin.PluginsUtilTests"/>
  <testcase name="testPluginValidSystemVersionNoMinGoodMaxFloat" time="0.000" classname="sailpoint.plugin.PluginsUtilTests"/>
  <testcase name="testAuthorizedForContentDoesNotHaveRightNotAdmin" time="0.001" classname="sailpoint.plugin.PluginsUtilTests"/>
  <testcase name="testPluginValidSystemVersionBigBadMax" time="0.000" classname="sailpoint.plugin.PluginsUtilTests"/>
  <testcase name="testAuthorizedForContentHasRightBadPath" time="0.000" classname="sailpoint.plugin.PluginsUtilTests"/>
  <testcase name="testPluginValidSystemVersionGoodMinNoMax" time="0.001" classname="sailpoint.plugin.PluginsUtilTests"/>
  <testcase name="test_isRestrictedPackage" time="0.000" classname="sailpoint.plugin.PluginsUtilTests"/>
  <testcase name="testAuthorizedForContentNullUserRightsNotAdmin" time="0.000" classname="sailpoint.plugin.PluginsUtilTests"/>
  <testcase name="testPluginValidSystemVersionNoMinBigGoodMaxFloat" time="0.000" classname="sailpoint.plugin.PluginsUtilTests"/>
  <testcase name="testPluginUpgradablePrevVersionEqual" time="0.000" classname="sailpoint.plugin.PluginsUtilTests"/>
  <testcase name="testParseNameAndFileWithQueryParams" time="0.000" classname="sailpoint.plugin.PluginsUtilTests"/>
  <testcase name="testPluginValidSystemVersionNoConfig" time="0.000" classname="sailpoint.plugin.PluginsUtilTests"/>
  <testcase name="testParseNameAndFileNameOnly" time="0.000" classname="sailpoint.plugin.PluginsUtilTests"/>
  <testcase name="testParseNameAndFileTooShort" time="0.000" classname="sailpoint.plugin.PluginsUtilTests"/>
  <testcase name="testPluginValidSystemVersionGoodMinMax" time="0.000" classname="sailpoint.plugin.PluginsUtilTests"/>
  <testcase name="testParseNameAndFileValid" time="0.000" classname="sailpoint.plugin.PluginsUtilTests"/>
  <testcase name="testPluginUpgradableNoPrevVersion" time="0.000" classname="sailpoint.plugin.PluginsUtilTests"/>
  <testcase name="testPluginUpgradablePrevVersionLessLetters" time="0.000" classname="sailpoint.plugin.PluginsUtilTests"/>
  <testcase name="testParseNameAndFileValidWithSep" time="0.000" classname="sailpoint.plugin.PluginsUtilTests"/>
  <testcase name="testPluginValidSystemVersionNoMinBigGoodMax" time="0.000" classname="sailpoint.plugin.PluginsUtilTests"/>
  <testcase name="testPluginUpgradablePrevVersionGreater" time="0.000" classname="sailpoint.plugin.PluginsUtilTests"/>
  <testcase name="testAuthorizedForContentNoRegex" time="0.000" classname="sailpoint.plugin.PluginsUtilTests"/>
  <testcase name="testPluginValidSystemVersionBigGoodMinNoMax" time="0.000" classname="sailpoint.plugin.PluginsUtilTests"/>
  <testcase name="testPluginValidSystemVersionBigGoodMinNoMaxFloat" time="0.000" classname="sailpoint.plugin.PluginsUtilTests"/>
  <testcase name="testPluginValidSystemVersionGoodMinMaxFloat" time="0.000" classname="sailpoint.plugin.PluginsUtilTests"/>
</testsuite> <!-- sailpoint.plugin.PluginsUtilTests -->
