<?xml version="1.0" encoding="UTF-8"?>
<!-- Generated by org.testng.reporters.JUnitReportReporter -->
<testsuite skipped="0" hostname="sunfish.sailpoint.com" name="sailpoint.provisioning.TemplateFieldIteratorTest" tests="3" failures="0" timestamp="11 May 2021 16:09:47 GMT" time="2.653" errors="0">
  <testcase name="testgetFields3" time="1.195" classname="sailpoint.provisioning.TemplateFieldIteratorTest"/>
  <testcase name="testgetFields1" time="0.763" classname="sailpoint.provisioning.TemplateFieldIteratorTest"/>
  <testcase name="testgetFields2" time="0.695" classname="sailpoint.provisioning.TemplateFieldIteratorTest"/>
</testsuite> <!-- sailpoint.provisioning.TemplateFieldIteratorTest -->
