<?xml version="1.0" encoding="UTF-8"?>
<!-- Generated by org.testng.reporters.JUnitReportReporter -->
<testsuite skipped="0" hostname="sunfish.sailpoint.com" name="sailpoint.api.ActivityAggregationTests" tests="7" failures="0" timestamp="11 May 2021 16:09:47 GMT" time="46.266" errors="0">
  <testcase name="testIdentityEnabledActivityAggregation" time="7.526" classname="sailpoint.api.ActivityAggregationTests"/>
  <testcase name="testAggregationWithLinkIdentityCorrelationRule" time="7.121" classname="sailpoint.api.ActivityAggregationTests"/>
  <testcase name="testAggregationCorrelationRuleOnDatasource" time="5.518" classname="sailpoint.api.ActivityAggregationTests"/>
  <testcase name="testAggregationWithIdentityCorrelationRule" time="7.542" classname="sailpoint.api.ActivityAggregationTests"/>
  <testcase name="testAggregationWithLinkCorrelationKeyCorrelationRule" time="5.485" classname="sailpoint.api.ActivityAggregationTests"/>
  <testcase name="testActivityAggregation" time="7.595" classname="sailpoint.api.ActivityAggregationTests"/>
  <testcase name="testAggregationWithLinkDisplayNameCorrelationRule" time="5.479" classname="sailpoint.api.ActivityAggregationTests"/>
</testsuite> <!-- sailpoint.api.ActivityAggregationTests -->
