<?xml version="1.0" encoding="UTF-8"?>
<!-- Generated by org.testng.reporters.JUnitReportReporter -->
<testsuite skipped="0" hostname="sunfish.sailpoint.com" name="sailpoint.service.LinkServiceTests" tests="4" failures="0" timestamp="11 May 2021 16:09:46 GMT" time="0.118" errors="0">
  <testcase name="testGetAccountDetails" time="0.007" classname="sailpoint.service.LinkServiceTests"/>
  <testcase name="testAutoRefreshEnabled" time="0.110" classname="sailpoint.service.LinkServiceTests"/>
  <testcase name="testGetLinkForIdentityRequestReturnCorrectLink" time="0.001" classname="sailpoint.service.LinkServiceTests"/>
  <testcase name="testGetLinkForIdentityRequestReturnsNullIfNoMatchingLink" time="0.000" classname="sailpoint.service.LinkServiceTests"/>
</testsuite> <!-- sailpoint.service.LinkServiceTests -->
