<?xml version="1.0" encoding="UTF-8"?>
<!-- Generated by org.testng.reporters.JUnitReportReporter -->
<testsuite skipped="0" hostname="sunfish.sailpoint.com" name="sailpoint.rest.scim.WorkflowResourceTest" tests="16" failures="0" timestamp="11 May 2021 16:09:47 GMT" time="1.529" errors="0">
  <testcase name="testGetWorkflowIncludeNone" time="0.056" classname="sailpoint.rest.scim.WorkflowResourceTest"/>
  <testcase name="testGetWorkflowExcludeAttribute" time="0.067" classname="sailpoint.rest.scim.WorkflowResourceTest"/>
  <testcase name="testGetWorkflowIfNoneMatchNotModifiedResponse" time="0.104" classname="sailpoint.rest.scim.WorkflowResourceTest"/>
  <testcase name="testGetWorkflowAsAdmin" time="0.119" classname="sailpoint.rest.scim.WorkflowResourceTest"/>
  <testcase name="testGetWorkflowBearerLimitedAuth" time="0.071" classname="sailpoint.rest.scim.WorkflowResourceTest"/>
  <testcase name="testGetWorkflowAsInvalidCredential" time="0.058" classname="sailpoint.rest.scim.WorkflowResourceTest"/>
  <testcase name="testGetById" time="0.076" classname="sailpoint.rest.scim.WorkflowResourceTest"/>
  <testcase name="testGetWorkflowBearerScopedAuthDenied" time="0.015" classname="sailpoint.rest.scim.WorkflowResourceTest"/>
  <testcase name="testGetWorkflowBearerAuth" time="0.065" classname="sailpoint.rest.scim.WorkflowResourceTest"/>
  <testcase name="testGetWorkflowRight" time="0.457" classname="sailpoint.rest.scim.WorkflowResourceTest"/>
  <testcase name="testGetWorkflowNotFound" time="0.066" classname="sailpoint.rest.scim.WorkflowResourceTest"/>
  <testcase name="testGetWorkflowIncludeAttribute" time="0.064" classname="sailpoint.rest.scim.WorkflowResourceTest"/>
  <testcase name="testGetWorkflowAccessDenied" time="0.131" classname="sailpoint.rest.scim.WorkflowResourceTest"/>
  <testcase name="testGetWorkflowAsResourceTypeOrSchemaDenied" time="0.054" classname="sailpoint.rest.scim.WorkflowResourceTest"/>
  <testcase name="testGetByName" time="0.054" classname="sailpoint.rest.scim.WorkflowResourceTest"/>
  <testcase name="testGetWorkflowIfNoneMatch" time="0.072" classname="sailpoint.rest.scim.WorkflowResourceTest"/>
</testsuite> <!-- sailpoint.rest.scim.WorkflowResourceTest -->
