<?xml version="1.0" encoding="UTF-8"?>
<!-- Generated by org.testng.reporters.JUnitReportReporter -->
<testsuite skipped="0" hostname="sunfish.sailpoint.com" name="sailpoint.search.CubeMatchTests" tests="2" failures="0" timestamp="11 May 2021 16:09:47 GMT" time="0.003" errors="0">
  <testcase name="testExtendedCubeMatching" time="0.000" classname="sailpoint.search.CubeMatchTests"/>
  <testcase name="testCubePropertyMatching" time="0.003" classname="sailpoint.search.CubeMatchTests"/>
</testsuite> <!-- sailpoint.search.CubeMatchTests -->
