<?xml version="1.0" encoding="UTF-8"?>
<!-- Generated by org.testng.reporters.JUnitReportReporter -->
<testsuite skipped="0" hostname="sunfish.sailpoint.com" name="sailpoint.api.ScoperTests" tests="6" failures="0" timestamp="11 May 2021 16:09:47 GMT" time="5.252" errors="0">
  <testcase name="testAutoCreation" time="1.013" classname="sailpoint.api.ScoperTests"/>
  <testcase name="testAttributeCorrelation" time="0.803" classname="sailpoint.api.ScoperTests"/>
  <testcase name="testRuleCorrelation" time="0.840" classname="sailpoint.api.ScoperTests"/>
  <testcase name="testScopeSelection" time="0.814" classname="sailpoint.api.ScoperTests"/>
  <testcase name="testDormancyDetection" time="0.774" classname="sailpoint.api.ScoperTests"/>
  <testcase name="testProvisioningTransactionLoggedForIdentityScopeAssignment" time="1.008" classname="sailpoint.api.ScoperTests"/>
</testsuite> <!-- sailpoint.api.ScoperTests -->
