<?xml version="1.0" encoding="UTF-8"?>
<!-- Generated by org.testng.reporters.JUnitReportReporter -->
<testsuite skipped="0" hostname="sunfish.sailpoint.com" name="sailpoint.api.RoleAssignmentTests" tests="16" failures="0" timestamp="11 May 2021 16:09:47 GMT" time="133.671" errors="0">
  <testcase name="testManualSunriseRoleAssignment" time="16.985" classname="sailpoint.api.RoleAssignmentTests"/>
  <testcase name="testMultipleRoleAssignments" time="2.069" classname="sailpoint.api.RoleAssignmentTests"/>
  <testcase name="testMultipleRoleAssignmentsRefresh" time="4.277" classname="sailpoint.api.RoleAssignmentTests"/>
  <testcase name="testDeletedSunriseRole" time="2.396" classname="sailpoint.api.RoleAssignmentTests"/>
  <testcase name="testSunriseSunsetRoleAssignment" time="27.095" classname="sailpoint.api.RoleAssignmentTests"/>
  <testcase name="testAttributeAssignment" time="1.836" classname="sailpoint.api.RoleAssignmentTests"/>
  <testcase name="testRoleAssignment" time="3.749" classname="sailpoint.api.RoleAssignmentTests"/>
  <testcase name="testMultipleRoleAssignmentModel" time="1.840" classname="sailpoint.api.RoleAssignmentTests"/>
  <testcase name="testRoleAssignmentRename" time="3.745" classname="sailpoint.api.RoleAssignmentTests"/>
  <testcase name="testDisabledRoleAssignments" time="6.057" classname="sailpoint.api.RoleAssignmentTests"/>
  <testcase name="testRoleAssignmentRetention" time="3.850" classname="sailpoint.api.RoleAssignmentTests"/>
  <testcase name="testSailPointProvisioning" time="5.827" classname="sailpoint.api.RoleAssignmentTests"/>
  <testcase name="testPermittedSunrise" time="22.013" classname="sailpoint.api.RoleAssignmentTests"/>
  <testcase name="testSoftPermitPromotion" time="5.882" classname="sailpoint.api.RoleAssignmentTests"/>
  <testcase name="testInheritenceDetection" time="4.086" classname="sailpoint.api.RoleAssignmentTests"/>
  <testcase name="testEntitlementSunrise" time="21.964" classname="sailpoint.api.RoleAssignmentTests"/>
</testsuite> <!-- sailpoint.api.RoleAssignmentTests -->
