<?xml version="1.0" encoding="UTF-8"?>
<!-- Generated by org.testng.reporters.JUnitReportReporter -->
<testsuite skipped="0" hostname="sunfish.sailpoint.com" name="sailpoint.rest.scim.OAuthBearerRevokeTest" tests="13" failures="0" timestamp="11 May 2021 16:09:47 GMT" time="2.560" errors="0">
  <testcase name="testLimitedRightsUserNotRequestBroadScope" time="0.279" classname="sailpoint.rest.scim.OAuthBearerRevokeTest"/>
  <testcase name="testInvalidProxyUserRevoke" time="0.128" classname="sailpoint.rest.scim.OAuthBearerRevokeTest"/>
  <testcase name="testInvalidKeyRevoke" time="0.101" classname="sailpoint.rest.scim.OAuthBearerRevokeTest"/>
  <testcase name="testUserDeletedBeforeTokenIssue" time="0.250" classname="sailpoint.rest.scim.OAuthBearerRevokeTest"/>
  <testcase name="testInvalidClientIdRevoke" time="0.111" classname="sailpoint.rest.scim.OAuthBearerRevokeTest"/>
  <testcase name="testRightsRemovedRevoke" time="0.391" classname="sailpoint.rest.scim.OAuthBearerRevokeTest"/>
  <testcase name="testUserInactiveAfterTokenIssue" time="0.273" classname="sailpoint.rest.scim.OAuthBearerRevokeTest"/>
  <testcase name="testNoClientIdRevoke" time="0.147" classname="sailpoint.rest.scim.OAuthBearerRevokeTest"/>
  <testcase name="testNoProxyUserRevoke" time="0.107" classname="sailpoint.rest.scim.OAuthBearerRevokeTest"/>
  <testcase name="testNoKeyRevoke" time="0.125" classname="sailpoint.rest.scim.OAuthBearerRevokeTest"/>
  <testcase name="testUserDeletedAfterTokenIssue" time="0.264" classname="sailpoint.rest.scim.OAuthBearerRevokeTest"/>
  <testcase name="testBearerTampered" time="0.114" classname="sailpoint.rest.scim.OAuthBearerRevokeTest"/>
  <testcase name="testTwoUsersNoCrossPollination" time="0.270" classname="sailpoint.rest.scim.OAuthBearerRevokeTest"/>
</testsuite> <!-- sailpoint.rest.scim.OAuthBearerRevokeTest -->
