<?xml version="1.0" encoding="UTF-8"?>
<!-- Generated by org.testng.reporters.JUnitReportReporter -->
<testsuite skipped="0" hostname="sunfish.sailpoint.com" name="sailpoint.service.certification.schedule.CertificationScheduleRoleListFilterContextTests" tests="3" failures="0" timestamp="11 May 2021 16:09:46 GMT" time="0.003" errors="0">
  <testcase name="testDefaultFilters" time="0.001" classname="sailpoint.service.certification.schedule.CertificationScheduleRoleListFilterContextTests"/>
  <testcase name="testClassificationFilter" time="0.002" classname="sailpoint.service.certification.schedule.CertificationScheduleRoleListFilterContextTests"/>
  <testcase name="testObjectAttributeFilters" time="0.000" classname="sailpoint.service.certification.schedule.CertificationScheduleRoleListFilterContextTests"/>
</testsuite> <!-- sailpoint.service.certification.schedule.CertificationScheduleRoleListFilterContextTests -->
