<?xml version="1.0" encoding="UTF-8"?>
<!-- Generated by org.testng.reporters.JUnitReportReporter -->
<testsuite skipped="0" hostname="sunfish.sailpoint.com" name="sailpoint.rest.ui.workitems.WorkItemListResourceTests" tests="21" failures="0" timestamp="11 May 2021 16:09:47 GMT" time="2.684" errors="0">
  <testcase name="testEventWorkItemsAreFilteredByDefault" time="0.155" classname="sailpoint.rest.ui.workitems.WorkItemListResourceTests"/>
  <testcase name="testRemindersFilter" time="0.216" classname="sailpoint.rest.ui.workitems.WorkItemListResourceTests"/>
  <testcase name="testWorkitemId" time="0.083" classname="sailpoint.rest.ui.workitems.WorkItemListResourceTests"/>
  <testcase name="testTypeFilter" time="0.103" classname="sailpoint.rest.ui.workitems.WorkItemListResourceTests"/>
  <testcase name="testDistinctVersusNonDistinct" time="0.198" classname="sailpoint.rest.ui.workitems.WorkItemListResourceTests"/>
  <testcase name="testGetFilterValues" time="0.031" classname="sailpoint.rest.ui.workitems.WorkItemListResourceTests"/>
  <testcase name="testOwnerFilter" time="0.137" classname="sailpoint.rest.ui.workitems.WorkItemListResourceTests"/>
  <testcase name="testRequesterFilter" time="0.150" classname="sailpoint.rest.ui.workitems.WorkItemListResourceTests"/>
  <testcase name="testNextEventAfterFilter" time="0.076" classname="sailpoint.rest.ui.workitems.WorkItemListResourceTests"/>
  <testcase name="testIdentityRequestIdFilter" time="0.168" classname="sailpoint.rest.ui.workitems.WorkItemListResourceTests"/>
  <testcase name="testCreatedAfterFilter" time="0.075" classname="sailpoint.rest.ui.workitems.WorkItemListResourceTests"/>
  <testcase name="testExpiresAfterFilter" time="0.081" classname="sailpoint.rest.ui.workitems.WorkItemListResourceTests"/>
  <testcase name="testEscalationsFilter" time="0.139" classname="sailpoint.rest.ui.workitems.WorkItemListResourceTests"/>
  <testcase name="testExpiresBeforeFilter" time="0.068" classname="sailpoint.rest.ui.workitems.WorkItemListResourceTests"/>
  <testcase name="testCreatedBeforeFilter" time="0.065" classname="sailpoint.rest.ui.workitems.WorkItemListResourceTests"/>
  <testcase name="testGetReturnsCorrectWorkItems" time="0.127" classname="sailpoint.rest.ui.workitems.WorkItemListResourceTests"/>
  <testcase name="testCountWorkItems" time="0.061" classname="sailpoint.rest.ui.workitems.WorkItemListResourceTests"/>
  <testcase name="testLevelFilter" time="0.179" classname="sailpoint.rest.ui.workitems.WorkItemListResourceTests"/>
  <testcase name="testAssigneeFilter" time="0.257" classname="sailpoint.rest.ui.workitems.WorkItemListResourceTests"/>
  <testcase name="testNextEventBeforeFilter" time="0.084" classname="sailpoint.rest.ui.workitems.WorkItemListResourceTests"/>
  <testcase name="testGetFiltersReturnsFilters" time="0.231" classname="sailpoint.rest.ui.workitems.WorkItemListResourceTests"/>
</testsuite> <!-- sailpoint.rest.ui.workitems.WorkItemListResourceTests -->
