<?xml version="1.0" encoding="UTF-8"?>
<!-- Generated by org.testng.reporters.JUnitReportReporter -->
<testsuite skipped="0" hostname="sunfish.sailpoint.com" name="sailpoint.rest.OAuthConfigurationResourceTest" tests="2" failures="0" timestamp="11 May 2021 16:09:47 GMT" time="0.369" errors="0">
  <testcase name="testAuthorization" time="0.223" classname="sailpoint.rest.OAuthConfigurationResourceTest"/>
  <testcase name="testGetAndUpdate" time="0.146" classname="sailpoint.rest.OAuthConfigurationResourceTest"/>
</testsuite> <!-- sailpoint.rest.OAuthConfigurationResourceTest -->
