<?xml version="1.0" encoding="UTF-8"?>
<!-- Generated by org.testng.reporters.JUnitReportReporter -->
<testsuite skipped="0" hostname="sunfish.sailpoint.com" name="sailpoint.service.EmailServiceTests" tests="7" failures="0" timestamp="11 May 2021 16:09:47 GMT" time="4.746" errors="0">
  <testcase name="testGetIdentityRequestReminderTemplate" time="0.404" classname="sailpoint.service.EmailServiceTests"/>
  <testcase name="testGetReminderTemplate" time="0.428" classname="sailpoint.service.EmailServiceTests"/>
  <testcase name="testSendEmail" time="1.635" classname="sailpoint.service.EmailServiceTests"/>
  <testcase name="testSendEmailWorkgroup" time="0.461" classname="sailpoint.service.EmailServiceTests"/>
  <testcase name="testGetCertReminderEmailRecipient" time="0.397" classname="sailpoint.service.EmailServiceTests"/>
  <testcase name="testSendEmailOriginalTemplate" time="0.559" classname="sailpoint.service.EmailServiceTests"/>
  <testcase name="testSendEmailListTo" time="0.862" classname="sailpoint.service.EmailServiceTests"/>
</testsuite> <!-- sailpoint.service.EmailServiceTests -->
