<?xml version="1.0" encoding="UTF-8"?>
<!-- Generated by org.testng.reporters.JUnitReportReporter -->
<testsuite skipped="0" hostname="sunfish.sailpoint.com" name="sailpoint.rest.ui.identityrequest.IdentityRequestListResourceTests" tests="8" failures="0" timestamp="11 May 2021 16:09:47 GMT" time="1.156" errors="0">
  <testcase name="testGetFiltersSuggestUrl" time="0.026" classname="sailpoint.rest.ui.identityrequest.IdentityRequestListResourceTests"/>
  <testcase name="testCancelIdentityRequestBadRequest" time="0.029" classname="sailpoint.rest.ui.identityrequest.IdentityRequestListResourceTests"/>
  <testcase name="testGetFiltersAuthorization" time="0.253" classname="sailpoint.rest.ui.identityrequest.IdentityRequestListResourceTests"/>
  <testcase name="testGetIdentityRequestsWithFilters" time="0.030" classname="sailpoint.rest.ui.identityrequest.IdentityRequestListResourceTests"/>
  <testcase name="testGetIdentityRequests" time="0.042" classname="sailpoint.rest.ui.identityrequest.IdentityRequestListResourceTests"/>
  <testcase name="testGetIdentityRequestAuthorization" time="0.289" classname="sailpoint.rest.ui.identityrequest.IdentityRequestListResourceTests"/>
  <testcase name="testSuggest" time="0.402" classname="sailpoint.rest.ui.identityrequest.IdentityRequestListResourceTests"/>
  <testcase name="testCancelIdentityRequestAuthorization" time="0.085" classname="sailpoint.rest.ui.identityrequest.IdentityRequestListResourceTests"/>
</testsuite> <!-- sailpoint.rest.ui.identityrequest.IdentityRequestListResourceTests -->
