<?xml version="1.0" encoding="UTF-8"?>
<!-- Generated by org.testng.reporters.JUnitReportReporter -->
<testsuite skipped="0" hostname="sunfish.sailpoint.com" name="sailpoint.rest.scim.ResourceTypeAuthorizationTest" tests="10" failures="0" timestamp="11 May 2021 16:09:46 GMT" time="0.244" errors="0">
  <testcase name="testAccountResourceTypeInvalidUserDenied" time="0.006" classname="sailpoint.rest.scim.ResourceTypeAuthorizationTest"/>
  <testcase name="testAccountResourceTypeAsWebServicesExec" time="0.027" classname="sailpoint.rest.scim.ResourceTypeAuthorizationTest"/>
  <testcase name="testAccountResourceTypeAnonymousDenied" time="0.007" classname="sailpoint.rest.scim.ResourceTypeAuthorizationTest"/>
  <testcase name="testAccountResourceTypeAsSCIMExec" time="0.035" classname="sailpoint.rest.scim.ResourceTypeAuthorizationTest"/>
  <testcase name="testAccountResourceTypeBadPasswordDenied" time="0.019" classname="sailpoint.rest.scim.ResourceTypeAuthorizationTest"/>
  <testcase name="testAccountSchemaAsResourceTypeDenied" time="0.032" classname="sailpoint.rest.scim.ResourceTypeAuthorizationTest"/>
  <testcase name="testAccountResourceTypeAsSysAdminUser" time="0.023" classname="sailpoint.rest.scim.ResourceTypeAuthorizationTest"/>
  <testcase name="testAccountResourceTypeAsResourceUser" time="0.029" classname="sailpoint.rest.scim.ResourceTypeAuthorizationTest"/>
  <testcase name="testAccountResourceTypeAsNormalDenied" time="0.032" classname="sailpoint.rest.scim.ResourceTypeAuthorizationTest"/>
  <testcase name="testAccountResourceTypeAsReadAccountDenied" time="0.034" classname="sailpoint.rest.scim.ResourceTypeAuthorizationTest"/>
</testsuite> <!-- sailpoint.rest.scim.ResourceTypeAuthorizationTest -->
