<?xml version="1.0" encoding="UTF-8"?>
<!-- Generated by org.testng.reporters.JUnitReportReporter -->
<testsuite skipped="0" hostname="sunfish.sailpoint.com" name="sailpoint.api.FormicatorTests" tests="2" failures="0" timestamp="11 May 2021 16:09:46 GMT" time="0.100" errors="0">
  <testcase name="testFormRefOrder" time="0.052" classname="sailpoint.api.FormicatorTests"/>
  <testcase name="testFormRefNestedSection" time="0.048" classname="sailpoint.api.FormicatorTests"/>
</testsuite> <!-- sailpoint.api.FormicatorTests -->
