<?xml version="1.0" encoding="UTF-8"?>
<!-- Generated by org.testng.reporters.JUnitReportReporter -->
<testsuite skipped="0" hostname="sunfish.sailpoint.com" name="sailpoint.api.WorkflowTests" tests="8" failures="0" timestamp="11 May 2021 16:09:47 GMT" time="47.955" errors="0">
  <testcase name="testWorkflowBackgrounding" time="6.122" classname="sailpoint.api.WorkflowTests"/>
  <testcase name="testForwardCommentsInRule" time="5.001" classname="sailpoint.api.WorkflowTests"/>
  <testcase name="testConditionalStep" time="4.775" classname="sailpoint.api.WorkflowTests"/>
  <testcase name="testTransientSession" time="4.386" classname="sailpoint.api.WorkflowTests"/>
  <testcase name="testForwardingPreference" time="6.262" classname="sailpoint.api.WorkflowTests"/>
  <testcase name="testWorkItemArchive" time="5.105" classname="sailpoint.api.WorkflowTests"/>
  <testcase name="testIdentityChangeListeners" time="8.622" classname="sailpoint.api.WorkflowTests"/>
  <testcase name="testResultSignoff" time="7.682" classname="sailpoint.api.WorkflowTests"/>
</testsuite> <!-- sailpoint.api.WorkflowTests -->
