<?xml version="1.0" encoding="UTF-8"?>
<!-- Generated by org.testng.reporters.JUnitReportReporter -->
<testsuite skipped="0" hostname="sunfish.sailpoint.com" name="sailpoint.rapidsetup.constraint.impl.NumberEvaluatorTests" tests="13" failures="0" timestamp="11 May 2021 16:09:47 GMT" time="0.017" errors="0">
  <testcase name="test_number_lte" time="0.001" classname="sailpoint.rapidsetup.constraint.impl.NumberEvaluatorTests"/>
  <testcase name="test_number_bad_attribute" time="0.002" classname="sailpoint.rapidsetup.constraint.impl.NumberEvaluatorTests"/>
  <testcase name="test_number_null_attribute" time="0.001" classname="sailpoint.rapidsetup.constraint.impl.NumberEvaluatorTests"/>
  <testcase name="test_number_gte" time="0.000" classname="sailpoint.rapidsetup.constraint.impl.NumberEvaluatorTests"/>
  <testcase name="test_number_bad_value" time="0.002" classname="sailpoint.rapidsetup.constraint.impl.NumberEvaluatorTests"/>
  <testcase name="test_number_changed_from" time="0.005" classname="sailpoint.rapidsetup.constraint.impl.NumberEvaluatorTests"/>
  <testcase name="test_number_lt" time="0.000" classname="sailpoint.rapidsetup.constraint.impl.NumberEvaluatorTests"/>
  <testcase name="test_number_ne" time="0.001" classname="sailpoint.rapidsetup.constraint.impl.NumberEvaluatorTests"/>
  <testcase name="test_number_missing_value" time="0.001" classname="sailpoint.rapidsetup.constraint.impl.NumberEvaluatorTests"/>
  <testcase name="test_number_eq" time="0.001" classname="sailpoint.rapidsetup.constraint.impl.NumberEvaluatorTests"/>
  <testcase name="test_number_coerced_equals" time="0.001" classname="sailpoint.rapidsetup.constraint.impl.NumberEvaluatorTests"/>
  <testcase name="test_number_changed_to" time="0.001" classname="sailpoint.rapidsetup.constraint.impl.NumberEvaluatorTests"/>
  <testcase name="test_number_gt" time="0.001" classname="sailpoint.rapidsetup.constraint.impl.NumberEvaluatorTests"/>
</testsuite> <!-- sailpoint.rapidsetup.constraint.impl.NumberEvaluatorTests -->
