<?xml version="1.0" encoding="UTF-8"?>
<!-- Generated by org.testng.reporters.JUnitReportReporter -->
<testsuite skipped="0" hostname="sunfish.sailpoint.com" name="sailpoint.service.IdentitySummaryDTOTests" tests="2" failures="0" timestamp="11 May 2021 16:09:47 GMT" time="0.000" errors="0">
  <testcase name="constructorWithWorkgroup" time="0.000" classname="sailpoint.service.IdentitySummaryDTOTests"/>
  <testcase name="constructorWithIdentity" time="0.000" classname="sailpoint.service.IdentitySummaryDTOTests"/>
</testsuite> <!-- sailpoint.service.IdentitySummaryDTOTests -->
