<?xml version="1.0" encoding="UTF-8"?>
<!-- Generated by org.testng.reporters.JUnitReportReporter -->
<testsuite skipped="0" hostname="sunfish.sailpoint.com" name="sailpoint.server.upgrade.framework.UpgradeTests" tests="1" failures="0" timestamp="11 May 2021 16:09:47 GMT" time="0.008" errors="0">
  <testcase name="testReportProgressZeroTotal" time="0.008" classname="sailpoint.server.upgrade.framework.UpgradeTests"/>
</testsuite> <!-- sailpoint.server.upgrade.framework.UpgradeTests -->
