<?xml version="1.0" encoding="UTF-8"?>
<!-- Generated by org.testng.reporters.JUnitReportReporter -->
<testsuite skipped="0" hostname="sunfish.sailpoint.com" name="sailpoint.rest.scim.AlertCreateResourceTest" tests="5" failures="0" timestamp="11 May 2021 16:09:47 GMT" time="0.412" errors="0">
  <testcase name="testAdminAuthenticate" time="0.095" classname="sailpoint.rest.scim.AlertCreateResourceTest"/>
  <testcase name="testSCIMExecAuthenticate" time="0.081" classname="sailpoint.rest.scim.AlertCreateResourceTest"/>
  <testcase name="testNotSCIMExecAuthenticateDenied" time="0.045" classname="sailpoint.rest.scim.AlertCreateResourceTest"/>
  <testcase name="testCreateResourceInvalidData" time="0.067" classname="sailpoint.rest.scim.AlertCreateResourceTest"/>
  <testcase name="testCreateResource" time="0.124" classname="sailpoint.rest.scim.AlertCreateResourceTest"/>
</testsuite> <!-- sailpoint.rest.scim.AlertCreateResourceTest -->
