<?xml version="1.0" encoding="UTF-8"?>
<!-- Generated by org.testng.reporters.JUnitReportReporter -->
<testsuite skipped="0" hostname="sunfish.sailpoint.com" name="sailpoint.service.BaseListServiceTests" tests="2" failures="0" timestamp="11 May 2021 16:09:46 GMT" time="0.018" errors="0">
  <testcase name="testGetResultGroups" time="0.015" classname="sailpoint.service.BaseListServiceTests"/>
  <testcase name="testConvertObjects" time="0.003" classname="sailpoint.service.BaseListServiceTests"/>
</testsuite> <!-- sailpoint.service.BaseListServiceTests -->
