<?xml version="1.0" encoding="UTF-8"?>
<!-- Generated by org.testng.reporters.JUnitReportReporter -->
<testsuite skipped="0" hostname="sunfish.sailpoint.com" name="sailpoint.service.widget.WidgetServiceTests" tests="7" failures="0" timestamp="11 May 2021 16:09:47 GMT" time="0.120" errors="0">
  <testcase name="testGetConfiguredWidgetsWithUserPrefsAuthNobody" time="0.010" classname="sailpoint.service.widget.WidgetServiceTests"/>
  <testcase name="testGetAllWidgetsAuth" time="0.006" classname="sailpoint.service.widget.WidgetServiceTests"/>
  <testcase name="testSetConfiguredWidgets" time="0.021" classname="sailpoint.service.widget.WidgetServiceTests"/>
  <testcase name="testGetAllWidgets" time="0.029" classname="sailpoint.service.widget.WidgetServiceTests"/>
  <testcase name="testGetConfiguredWidgetsWithUserPrefsAuthAdmin" time="0.013" classname="sailpoint.service.widget.WidgetServiceTests"/>
  <testcase name="testGetConfiguredWidgetsWithUserPrefs" time="0.014" classname="sailpoint.service.widget.WidgetServiceTests"/>
  <testcase name="testGetConfiguredWidgetsAccess" time="0.027" classname="sailpoint.service.widget.WidgetServiceTests"/>
</testsuite> <!-- sailpoint.service.widget.WidgetServiceTests -->
