<?xml version="1.0" encoding="UTF-8"?>
<!-- Generated by org.testng.reporters.JUnitReportReporter -->
<testsuite skipped="0" hostname="sunfish.sailpoint.com" name="sailpoint.service.ProvisioningTransactionServiceTests" tests="72" failures="0" timestamp="11 May 2021 16:09:46 GMT" time="7.442" errors="0">
  <testcase name="testSetCertificationId" time="0.130" classname="sailpoint.service.ProvisioningTransactionServiceTests"/>
  <testcase name="testIsTimeOutIsUsedPlanResult" time="0.001" classname="sailpoint.service.ProvisioningTransactionServiceTests"/>
  <testcase name="testIntegrationNameDifferentThanAppName" time="0.134" classname="sailpoint.service.ProvisioningTransactionServiceTests"/>
  <testcase name="testLogTransactionForFilteredRequest" time="0.135" classname="sailpoint.service.ProvisioningTransactionServiceTests"/>
  <testcase name="testLogTransactionFailureLevel" time="0.106" classname="sailpoint.service.ProvisioningTransactionServiceTests"/>
  <testcase name="testMarkMultipleTransactionsInPlanAsTimedOut" time="0.174" classname="sailpoint.service.ProvisioningTransactionServiceTests"/>
  <testcase name="testNoFilteredTransactionLoggedWhenDisabled" time="0.048" classname="sailpoint.service.ProvisioningTransactionServiceTests"/>
  <testcase name="testMarkSuccessAsTimeOutIsSkipped" time="0.122" classname="sailpoint.service.ProvisioningTransactionServiceTests"/>
  <testcase name="testWaitWorkItemRemovedOnUpdate" time="0.012" classname="sailpoint.service.ProvisioningTransactionServiceTests"/>
  <testcase name="testFailureStatusWithEmptyResult" time="0.254" classname="sailpoint.service.ProvisioningTransactionServiceTests"/>
  <testcase name="testAccountDisplayNameWithNoIdentity" time="0.120" classname="sailpoint.service.ProvisioningTransactionServiceTests"/>
  <testcase name="testGenericRequestResultSetOnPlan" time="0.000" classname="sailpoint.service.ProvisioningTransactionServiceTests"/>
  <testcase name="testPendingStatusWithMixedResults" time="0.129" classname="sailpoint.service.ProvisioningTransactionServiceTests"/>
  <testcase name="testNameSequence" time="0.127" classname="sailpoint.service.ProvisioningTransactionServiceTests"/>
  <testcase name="testMarkTransactionAsTimedOut" time="0.139" classname="sailpoint.service.ProvisioningTransactionServiceTests"/>
  <testcase name="testAccountDisplayNameForIIQApplication" time="0.152" classname="sailpoint.service.ProvisioningTransactionServiceTests"/>
  <testcase name="testGenericRequestResultSetOnParent" time="0.001" classname="sailpoint.service.ProvisioningTransactionServiceTests"/>
  <testcase name="testSetCertificationIdAndNameWhenNoProject" time="0.112" classname="sailpoint.service.ProvisioningTransactionServiceTests"/>
  <testcase name="testFilteredSavedWithTransaction" time="0.124" classname="sailpoint.service.ProvisioningTransactionServiceTests"/>
  <testcase name="testMoveIdentity" time="0.132" classname="sailpoint.service.ProvisioningTransactionServiceTests"/>
  <testcase name="testRetryNow" time="0.029" classname="sailpoint.service.ProvisioningTransactionServiceTests"/>
  <testcase name="testIIQRequest" time="0.182" classname="sailpoint.service.ProvisioningTransactionServiceTests"/>
  <testcase name="testPlanWithMultipleAccountRequests" time="0.114" classname="sailpoint.service.ProvisioningTransactionServiceTests"/>
  <testcase name="testAccountDisplayNameWithLinkWithoutNativeIdentity" time="0.123" classname="sailpoint.service.ProvisioningTransactionServiceTests"/>
  <testcase name="testNoCreateWhenTimedOutAndNoPreviousWithLoggingOff" time="0.051" classname="sailpoint.service.ProvisioningTransactionServiceTests"/>
  <testcase name="testRetryRequestUpdated" time="0.118" classname="sailpoint.service.ProvisioningTransactionServiceTests"/>
  <testcase name="testTransactionIDInRequest" time="0.125" classname="sailpoint.service.ProvisioningTransactionServiceTests"/>
  <testcase name="testCreateThenUpdateAndIncrementRetryCountAndUpdateStatus" time="0.143" classname="sailpoint.service.ProvisioningTransactionServiceTests"/>
  <testcase name="testManualStatus" time="0.123" classname="sailpoint.service.ProvisioningTransactionServiceTests"/>
  <testcase name="testAccountDisplayNameWithLink" time="0.132" classname="sailpoint.service.ProvisioningTransactionServiceTests"/>
  <testcase name="testForce" time="0.117" classname="sailpoint.service.ProvisioningTransactionServiceTests"/>
  <testcase name="testAbstractRequestResult" time="0.001" classname="sailpoint.service.ProvisioningTransactionServiceTests"/>
  <testcase name="testDefaultResultIsUsed" time="0.001" classname="sailpoint.service.ProvisioningTransactionServiceTests"/>
  <testcase name="testInvalidRetryNow" time="0.002" classname="sailpoint.service.ProvisioningTransactionServiceTests"/>
  <testcase name="testFailTransaction" time="0.172" classname="sailpoint.service.ProvisioningTransactionServiceTests"/>
  <testcase name="testManualIntegration" time="0.125" classname="sailpoint.service.ProvisioningTransactionServiceTests"/>
  <testcase name="testHandleNoOpInAccountRequest" time="0.126" classname="sailpoint.service.ProvisioningTransactionServiceTests"/>
  <testcase name="testForceFailureWhenRolePropagationWithPendingStatus" time="0.141" classname="sailpoint.service.ProvisioningTransactionServiceTests"/>
  <testcase name="testReturnNullWhenTransactionNotFound" time="0.101" classname="sailpoint.service.ProvisioningTransactionServiceTests"/>
  <testcase name="testAccountDisplayNameWithNoIdentityBothDisplayNames" time="0.151" classname="sailpoint.service.ProvisioningTransactionServiceTests"/>
  <testcase name="testCreateAndUpdateWithObjectRequest" time="0.177" classname="sailpoint.service.ProvisioningTransactionServiceTests"/>
  <testcase name="testLogTransactionRetryLevel" time="0.143" classname="sailpoint.service.ProvisioningTransactionServiceTests"/>
  <testcase name="testScrubbedPasswordInRequest" time="0.110" classname="sailpoint.service.ProvisioningTransactionServiceTests"/>
  <testcase name="testLogTransactionSuccessLevel" time="0.206" classname="sailpoint.service.ProvisioningTransactionServiceTests"/>
  <testcase name="testNoFilteredTransactionLoggedWhenNotSuccess" time="0.096" classname="sailpoint.service.ProvisioningTransactionServiceTests"/>
  <testcase name="testLogTransactionWithProjectLevelArgument" time="0.108" classname="sailpoint.service.ProvisioningTransactionServiceTests"/>
  <testcase name="testForcePTOWithObjectRequest" time="0.001" classname="sailpoint.service.ProvisioningTransactionServiceTests"/>
  <testcase name="testAccountDisplayNameWithNoLinkNoDisplayAttr" time="0.121" classname="sailpoint.service.ProvisioningTransactionServiceTests"/>
  <testcase name="testCreateWhenTimedOutAndNoPreviousWithLoggingOn" time="0.130" classname="sailpoint.service.ProvisioningTransactionServiceTests"/>
  <testcase name="testIdentityNameDirectlySpecified" time="0.171" classname="sailpoint.service.ProvisioningTransactionServiceTests"/>
  <testcase name="testRetryInvalidWaitWorkItem" time="0.003" classname="sailpoint.service.ProvisioningTransactionServiceTests"/>
  <testcase name="testIsTimeOutIsUsedAttributeResult" time="0.001" classname="sailpoint.service.ProvisioningTransactionServiceTests"/>
  <testcase name="testForceRequestIsFiltered" time="0.056" classname="sailpoint.service.ProvisioningTransactionServiceTests"/>
  <testcase name="testAccountDisplayNameWithNoLinkWithDisplayAttr" time="0.149" classname="sailpoint.service.ProvisioningTransactionServiceTests"/>
  <testcase name="testTicketIdOnUpdate" time="0.127" classname="sailpoint.service.ProvisioningTransactionServiceTests"/>
  <testcase name="testForcePTOIsNotFailed" time="0.001" classname="sailpoint.service.ProvisioningTransactionServiceTests"/>
  <testcase name="testIsTimeOutIsUsedAccountResult" time="0.001" classname="sailpoint.service.ProvisioningTransactionServiceTests"/>
  <testcase name="testFailSuccessfulTransactionIsIgnored" time="0.154" classname="sailpoint.service.ProvisioningTransactionServiceTests"/>
  <testcase name="testLogTransactionDisabled" time="0.068" classname="sailpoint.service.ProvisioningTransactionServiceTests"/>
  <testcase name="testTransactionObjectPopulated" time="0.137" classname="sailpoint.service.ProvisioningTransactionServiceTests"/>
  <testcase name="testAccountDisplayNameWithNoIdentityNoSysDisplayName" time="0.124" classname="sailpoint.service.ProvisioningTransactionServiceTests"/>
  <testcase name="testAbstractRequestResultSetOnPlan" time="0.001" classname="sailpoint.service.ProvisioningTransactionServiceTests"/>
  <testcase name="testPlanResultIsProperlyUsed" time="0.111" classname="sailpoint.service.ProvisioningTransactionServiceTests"/>
  <testcase name="testFailureStatusWhenMixedResults" time="0.154" classname="sailpoint.service.ProvisioningTransactionServiceTests"/>
  <testcase name="testAccessReviewId" time="0.141" classname="sailpoint.service.ProvisioningTransactionServiceTests"/>
  <testcase name="testSetCertificationIdAndNameFromMasterPlanOverPartitionedPlan" time="0.115" classname="sailpoint.service.ProvisioningTransactionServiceTests"/>
  <testcase name="testGenericRequestResult" time="0.001" classname="sailpoint.service.ProvisioningTransactionServiceTests"/>
  <testcase name="testForceClearsResultMessages" time="0.196" classname="sailpoint.service.ProvisioningTransactionServiceTests"/>
  <testcase name="testUpdateWithWaitWorkItem" time="0.013" classname="sailpoint.service.ProvisioningTransactionServiceTests"/>
  <testcase name="testAccountDisplayNameWithNoIdentityWithGroupSchema" time="0.156" classname="sailpoint.service.ProvisioningTransactionServiceTests"/>
  <testcase name="testTicketIdOnCreate" time="0.126" classname="sailpoint.service.ProvisioningTransactionServiceTests"/>
  <testcase name="testSetCertificationName" time="0.115" classname="sailpoint.service.ProvisioningTransactionServiceTests"/>
</testsuite> <!-- sailpoint.service.ProvisioningTransactionServiceTests -->
