<?xml version="1.0" encoding="UTF-8"?>
<!-- Generated by org.testng.reporters.JUnitReportReporter -->
<testsuite skipped="0" hostname="sunfish.sailpoint.com" name="sailpoint.service.pam.ContainerProvisioningServiceTests" tests="29" failures="0" timestamp="11 May 2021 16:09:47 GMT" time="96.547" errors="0">
  <testcase name="testRemoveIdentityWithEffectiveAccess" time="5.134" classname="sailpoint.service.pam.ContainerProvisioningServiceTests"/>
  <testcase name="testRemoveIdentities" time="5.521" classname="sailpoint.service.pam.ContainerProvisioningServiceTests"/>
  <testcase name="testIdentityRequestApprove" time="3.111" classname="sailpoint.service.pam.ContainerProvisioningServiceTests"/>
  <testcase name="testPermissionAddedToIdentityApprove" time="3.831" classname="sailpoint.service.pam.ContainerProvisioningServiceTests"/>
  <testcase name="testIdentityRequestNoApproval" time="2.841" classname="sailpoint.service.pam.ContainerProvisioningServiceTests"/>
  <testcase name="testApprovalExpirationDoesntProvision" time="2.574" classname="sailpoint.service.pam.ContainerProvisioningServiceTests"/>
  <testcase name="testRemovePrivilegedItems" time="2.061" classname="sailpoint.service.pam.ContainerProvisioningServiceTests"/>
  <testcase name="testAddPrivilegedItemsInvalidItem" time="2.370" classname="sailpoint.service.pam.ContainerProvisioningServiceTests"/>
  <testcase name="testIdentityRequestAutoApproval" time="3.094" classname="sailpoint.service.pam.ContainerProvisioningServiceTests"/>
  <testcase name="testIdentityRequestReject" time="3.562" classname="sailpoint.service.pam.ContainerProvisioningServiceTests"/>
  <testcase name="testRemoveIdentitiesBulk" time="6.236" classname="sailpoint.service.pam.ContainerProvisioningServiceTests"/>
  <testcase name="testRemovePrivilegedItemsSelectAll" time="2.228" classname="sailpoint.service.pam.ContainerProvisioningServiceTests"/>
  <testcase name="testPermissionAddedToIdentityNoApproval" time="2.690" classname="sailpoint.service.pam.ContainerProvisioningServiceTests"/>
  <testcase name="testAddIdentity" time="2.676" classname="sailpoint.service.pam.ContainerProvisioningServiceTests"/>
  <testcase name="testNotificationWithReject" time="2.902" classname="sailpoint.service.pam.ContainerProvisioningServiceTests"/>
  <testcase name="testApproval" time="3.126" classname="sailpoint.service.pam.ContainerProvisioningServiceTests"/>
  <testcase name="testCreateDeprovisioningPlan" time="2.148" classname="sailpoint.service.pam.ContainerProvisioningServiceTests"/>
  <testcase name="testMultiApprovalRejectFirst" time="2.658" classname="sailpoint.service.pam.ContainerProvisioningServiceTests"/>
  <testcase name="testPermissionAddedToIdentityReject" time="3.269" classname="sailpoint.service.pam.ContainerProvisioningServiceTests"/>
  <testcase name="testRemoveIdentity" time="4.872" classname="sailpoint.service.pam.ContainerProvisioningServiceTests"/>
  <testcase name="testMultiApprovalApproveAll" time="3.441" classname="sailpoint.service.pam.ContainerProvisioningServiceTests"/>
  <testcase name="testProvisioningTransactionFilteredForDuplicateAdd" time="3.703" classname="sailpoint.service.pam.ContainerProvisioningServiceTests"/>
  <testcase name="testAddPrivilegedItems" time="2.369" classname="sailpoint.service.pam.ContainerProvisioningServiceTests"/>
  <testcase name="testPermissionAddedToIdentityAutoApprove" time="2.689" classname="sailpoint.service.pam.ContainerProvisioningServiceTests"/>
  <testcase name="testHasEffectiveAccess" time="2.256" classname="sailpoint.service.pam.ContainerProvisioningServiceTests"/>
  <testcase name="testNotificationWithApprove" time="3.673" classname="sailpoint.service.pam.ContainerProvisioningServiceTests"/>
  <testcase name="testAutoApproval" time="3.020" classname="sailpoint.service.pam.ContainerProvisioningServiceTests"/>
  <testcase name="testRemoveIdentitiesBulkWithException" time="5.758" classname="sailpoint.service.pam.ContainerProvisioningServiceTests"/>
  <testcase name="testNotificationNoApproval" time="2.734" classname="sailpoint.service.pam.ContainerProvisioningServiceTests"/>
</testsuite> <!-- sailpoint.service.pam.ContainerProvisioningServiceTests -->
