<?xml version="1.0" encoding="UTF-8"?>
<!-- Generated by org.testng.reporters.JUnitReportReporter -->
<testsuite skipped="0" hostname="sunfish.sailpoint.com" name="sailpoint.service.ApprovalWorkItemServiceTests" tests="25" failures="0" timestamp="11 May 2021 16:09:47 GMT" time="130.233" errors="0">
  <testcase name="testUndoItem" time="4.965" classname="sailpoint.service.ApprovalWorkItemServiceTests"/>
  <testcase name="testObjectNotFound" time="4.707" classname="sailpoint.service.ApprovalWorkItemServiceTests"/>
  <testcase name="testComplete" time="5.028" classname="sailpoint.service.ApprovalWorkItemServiceTests"/>
  <testcase name="testRejectAllHasRequiredComments" time="5.080" classname="sailpoint.service.ApprovalWorkItemServiceTests"/>
  <testcase name="testApproveAllHasRequiredComments" time="6.380" classname="sailpoint.service.ApprovalWorkItemServiceTests"/>
  <testcase name="testRejectItem" time="4.560" classname="sailpoint.service.ApprovalWorkItemServiceTests"/>
  <testcase name="testRejectAll" time="5.104" classname="sailpoint.service.ApprovalWorkItemServiceTests"/>
  <testcase name="testRejectItemHasRequiredComment" time="5.035" classname="sailpoint.service.ApprovalWorkItemServiceTests"/>
  <testcase name="testCompleteWithMissingRequiredComments" time="5.505" classname="sailpoint.service.ApprovalWorkItemServiceTests"/>
  <testcase name="testApproveItemThatRequiresComment" time="5.080" classname="sailpoint.service.ApprovalWorkItemServiceTests"/>
  <testcase name="testDecisionNotAllowedOnIdentityUpdateApprovalItems" time="5.206" classname="sailpoint.service.ApprovalWorkItemServiceTests"/>
  <testcase name="testApproveItemThatHasRequiredComment" time="5.191" classname="sailpoint.service.ApprovalWorkItemServiceTests"/>
  <testcase name="testCompleteWithMoreWorkItems" time="6.474" classname="sailpoint.service.ApprovalWorkItemServiceTests"/>
  <testcase name="testAddCommentToAllItems" time="5.008" classname="sailpoint.service.ApprovalWorkItemServiceTests"/>
  <testcase name="testApproveAllMissingRequiredComments" time="5.077" classname="sailpoint.service.ApprovalWorkItemServiceTests"/>
  <testcase name="testIsIdentityUpdate" time="5.115" classname="sailpoint.service.ApprovalWorkItemServiceTests"/>
  <testcase name="testCompleteIdentityUpdateApproval" time="5.033" classname="sailpoint.service.ApprovalWorkItemServiceTests"/>
  <testcase name="testApproveAll" time="5.140" classname="sailpoint.service.ApprovalWorkItemServiceTests"/>
  <testcase name="testCompleteWithRequiredComments" time="6.258" classname="sailpoint.service.ApprovalWorkItemServiceTests"/>
  <testcase name="testValidateValue" time="4.371" classname="sailpoint.service.ApprovalWorkItemServiceTests"/>
  <testcase name="testRejectItemRequiresComment" time="4.675" classname="sailpoint.service.ApprovalWorkItemServiceTests"/>
  <testcase name="testApproveItem" time="5.313" classname="sailpoint.service.ApprovalWorkItemServiceTests"/>
  <testcase name="testRejectAllMissingRequiredComments" time="5.022" classname="sailpoint.service.ApprovalWorkItemServiceTests"/>
  <testcase name="testUndoItemRequiredComment" time="5.795" classname="sailpoint.service.ApprovalWorkItemServiceTests"/>
  <testcase name="testConstructor" time="5.111" classname="sailpoint.service.ApprovalWorkItemServiceTests"/>
</testsuite> <!-- sailpoint.service.ApprovalWorkItemServiceTests -->
