<?xml version="1.0" encoding="UTF-8"?>
<!-- Generated by org.testng.reporters.JUnitReportReporter -->
<testsuite skipped="0" hostname="sunfish.sailpoint.com" name="sailpoint.web.certification.PolicyViolationAdvisorTests" tests="2" failures="0" timestamp="11 May 2021 16:09:47 GMT" time="0.035" errors="0">
  <testcase name="testGetPolicyViolationWithoutClassifications" time="0.010" classname="sailpoint.web.certification.PolicyViolationAdvisorTests"/>
  <testcase name="testGetPolicyViolationWithClassifications" time="0.025" classname="sailpoint.web.certification.PolicyViolationAdvisorTests"/>
</testsuite> <!-- sailpoint.web.certification.PolicyViolationAdvisorTests -->
