<?xml version="1.0" encoding="UTF-8"?>
<!-- Generated by org.testng.reporters.JUnitReportReporter -->
<testsuite skipped="0" hostname="sunfish.sailpoint.com" name="sailpoint.api.LogicalApplicationTests" tests="10" failures="0" timestamp="11 May 2021 16:09:47 GMT" time="383.103" errors="0">
  <testcase name="testADLogicalAddEntitlements" time="54.859" classname="sailpoint.api.LogicalApplicationTests"/>
  <testcase name="testADLogicalCreate" time="43.529" classname="sailpoint.api.LogicalApplicationTests"/>
  <testcase name="testADLogicalRemoveEntitlement" time="53.170" classname="sailpoint.api.LogicalApplicationTests"/>
  <testcase name="testADLogicalRemove" time="42.981" classname="sailpoint.api.LogicalApplicationTests"/>
  <testcase name="testLogicalApplicationMatching" time="19.864" classname="sailpoint.api.LogicalApplicationTests"/>
  <testcase name="testLogicalApplicationAccountGroupAggregation" time="14.742" classname="sailpoint.api.LogicalApplicationTests"/>
  <testcase name="testADORMatching" time="29.636" classname="sailpoint.api.LogicalApplicationTests"/>
  <testcase name="testBooleanMatch" time="46.108" classname="sailpoint.api.LogicalApplicationTests"/>
  <testcase name="testADANDMatching" time="31.553" classname="sailpoint.api.LogicalApplicationTests"/>
  <testcase name="testLogicalApplicationProvisioning" time="46.661" classname="sailpoint.api.LogicalApplicationTests"/>
</testsuite> <!-- sailpoint.api.LogicalApplicationTests -->
