<?xml version="1.0" encoding="UTF-8"?>
<!-- Generated by org.testng.reporters.JUnitReportReporter -->
<testsuite skipped="0" hostname="sunfish.sailpoint.com" name="sailpoint.web.MenuBuilderTests" tests="32" failures="0" timestamp="11 May 2021 16:09:46 GMT" time="0.055" errors="0">
  <testcase name="testEnabledForIdentityAIWithIdentityAIDisabled" time="0.000" classname="sailpoint.web.MenuBuilderTests"/>
  <testcase name="testEnabledForPlugins" time="0.000" classname="sailpoint.web.MenuBuilderTests"/>
  <testcase name="testEnabledForIdentityAI" time="0.000" classname="sailpoint.web.MenuBuilderTests"/>
  <testcase name="testScrubLeadingSeparator" time="0.000" classname="sailpoint.web.MenuBuilderTests"/>
  <testcase name="testConditionWithEnabled" time="0.001" classname="sailpoint.web.MenuBuilderTests"/>
  <testcase name="testDecoratedItemFullPath" time="0.000" classname="sailpoint.web.MenuBuilderTests"/>
  <testcase name="testWithoutEnabledForIdentityAI" time="0.000" classname="sailpoint.web.MenuBuilderTests"/>
  <testcase name="testKeepMenuWithNoSubItemsAndNoCollapse" time="0.000" classname="sailpoint.web.MenuBuilderTests"/>
  <testcase name="testFAMIsEnabledWithoutRights" time="0.001" classname="sailpoint.web.MenuBuilderTests"/>
  <testcase name="testFAMNotEnabledWithoutRights" time="0.001" classname="sailpoint.web.MenuBuilderTests"/>
  <testcase name="testAuthorizedMenu" time="0.004" classname="sailpoint.web.MenuBuilderTests"/>
  <testcase name="testHiddenItemWithoutHiddenEnabled" time="0.001" classname="sailpoint.web.MenuBuilderTests"/>
  <testcase name="testRemoveMenuWithNoSubItems" time="0.001" classname="sailpoint.web.MenuBuilderTests"/>
  <testcase name="testDebugItemWithoutDebugEnabled" time="0.000" classname="sailpoint.web.MenuBuilderTests"/>
  <testcase name="testWithoutEnabledForPlugins" time="0.000" classname="sailpoint.web.MenuBuilderTests"/>
  <testcase name="testUnauthorizedTopLevelMenu" time="0.002" classname="sailpoint.web.MenuBuilderTests"/>
  <testcase name="testUnauthorizedSubMenuItem" time="0.000" classname="sailpoint.web.MenuBuilderTests"/>
  <testcase name="testScrubSubmenuWithOnlyASeparator" time="0.001" classname="sailpoint.web.MenuBuilderTests"/>
  <testcase name="testConditionWithoutEnabled" time="0.000" classname="sailpoint.web.MenuBuilderTests"/>
  <testcase name="testIndexPageWithSubSubMenus" time="0.001" classname="sailpoint.web.MenuBuilderTests"/>
  <testcase name="testFrameWorkEnabled" time="0.003" classname="sailpoint.web.MenuBuilderTests"/>
  <testcase name="testDecoratedItemFirstLast" time="0.003" classname="sailpoint.web.MenuBuilderTests"/>
  <testcase name="testScrubTrailingSeparator" time="0.000" classname="sailpoint.web.MenuBuilderTests"/>
  <testcase name="testHiddenItemWithHiddenEnabled" time="0.000" classname="sailpoint.web.MenuBuilderTests"/>
  <testcase name="testEnabledForPluginsWithPluginsDisabled" time="0.001" classname="sailpoint.web.MenuBuilderTests"/>
  <testcase name="testDecoratedItemLeftRightSplitting" time="0.001" classname="sailpoint.web.MenuBuilderTests"/>
  <testcase name="testDebugItemWithDebugEnabled" time="0.000" classname="sailpoint.web.MenuBuilderTests"/>
  <testcase name="testIndexPageItemsThrowsWithNoCompiledRoot" time="0.001" classname="sailpoint.web.MenuBuilderTests"/>
  <testcase name="testFAMIsEnabledWithRights" time="0.000" classname="sailpoint.web.MenuBuilderTests"/>
  <testcase name="testIndexPageUnauthzSubMenuReturnsEmptyList" time="0.001" classname="sailpoint.web.MenuBuilderTests"/>
  <testcase name="testIndexPageFilteringExcludedItem" time="0.031" classname="sailpoint.web.MenuBuilderTests"/>
  <testcase name="testFAMNotEnabledWithRights" time="0.001" classname="sailpoint.web.MenuBuilderTests"/>
</testsuite> <!-- sailpoint.web.MenuBuilderTests -->
