<?xml version="1.0" encoding="UTF-8"?>
<!-- Generated by org.testng.reporters.JUnitReportReporter -->
<testsuite skipped="0" hostname="sunfish.sailpoint.com" name="sailpoint.monitoring.MonitoringTests" tests="15" failures="0" timestamp="11 May 2021 16:09:46 GMT" time="4.167" errors="0">
  <testcase name="workflowAverage" time="0.357" classname="sailpoint.monitoring.MonitoringTests"/>
  <testcase name="workflowMin" time="0.257" classname="sailpoint.monitoring.MonitoringTests"/>
  <testcase name="workflowAverageWithNoEntries" time="0.166" classname="sailpoint.monitoring.MonitoringTests"/>
  <testcase name="maxTimeForStep" time="0.208" classname="sailpoint.monitoring.MonitoringTests"/>
  <testcase name="workflowAverageAll" time="0.502" classname="sailpoint.monitoring.MonitoringTests"/>
  <testcase name="searchThatReturnsNothing" time="0.009" classname="sailpoint.monitoring.MonitoringTests"/>
  <testcase name="workflowGreaterThanXDays" time="0.186" classname="sailpoint.monitoring.MonitoringTests"/>
  <testcase name="workflowMax" time="0.370" classname="sailpoint.monitoring.MonitoringTests"/>
  <testcase name="topNOwners" time="0.380" classname="sailpoint.monitoring.MonitoringTests"/>
  <testcase name="workflowNumExecutions" time="0.426" classname="sailpoint.monitoring.MonitoringTests"/>
  <testcase name="testOverflow" time="0.177" classname="sailpoint.monitoring.MonitoringTests"/>
  <testcase name="getStepAverageInfosDoesNotExist" time="0.185" classname="sailpoint.monitoring.MonitoringTests"/>
  <testcase name="getStepAverageInfos" time="0.230" classname="sailpoint.monitoring.MonitoringTests"/>
  <testcase name="workflowAverageFailed" time="0.534" classname="sailpoint.monitoring.MonitoringTests"/>
  <testcase name="workflowAverageWithOneValue" time="0.180" classname="sailpoint.monitoring.MonitoringTests"/>
</testsuite> <!-- sailpoint.monitoring.MonitoringTests -->
