<?xml version="1.0" encoding="UTF-8"?>
<!-- Generated by org.testng.reporters.JUnitReportReporter -->
<testsuite skipped="0" hostname="sunfish.sailpoint.com" name="sailpoint.api.certification.ag.AccountGroupCertificationTests" tests="8" failures="0" timestamp="11 May 2021 16:09:47 GMT" time="14.033" errors="0">
  <testcase name="createAccountGroupPermissionCerts" time="1.083" classname="sailpoint.api.certification.ag.AccountGroupCertificationTests"/>
  <testcase name="filteredContexts" time="6.424" classname="sailpoint.api.certification.ag.AccountGroupCertificationTests"/>
  <testcase name="createAccountGroupMembershipCertsNew" time="1.198" classname="sailpoint.api.certification.ag.AccountGroupCertificationTests"/>
  <testcase name="createAccountGroupPermissionCertsNew" time="0.911" classname="sailpoint.api.certification.ag.AccountGroupCertificationTests"/>
  <testcase name="checkAccountGroupPermissionRemediation" time="1.473" classname="sailpoint.api.certification.ag.AccountGroupCertificationTests"/>
  <testcase name="createAccountGroupMembershipCerts" time="0.926" classname="sailpoint.api.certification.ag.AccountGroupCertificationTests"/>
  <testcase name="checkAccountGroupMembershipRemediation" time="0.988" classname="sailpoint.api.certification.ag.AccountGroupCertificationTests"/>
  <testcase name="createAccountGroupPermissionCertsWithRelatedGroup" time="1.030" classname="sailpoint.api.certification.ag.AccountGroupCertificationTests"/>
</testsuite> <!-- sailpoint.api.certification.ag.AccountGroupCertificationTests -->
