<?xml version="1.0" encoding="UTF-8"?>
<!-- Generated by org.testng.reporters.JUnitReportReporter -->
<testsuite skipped="0" hostname="sunfish.sailpoint.com" name="sailpoint.scim.common.JSONWriterTest" tests="11" failures="0" timestamp="11 May 2021 16:09:47 GMT" time="0.008" errors="0">
  <testcase name="testToStringServiceProviderConfig" time="0.000" classname="sailpoint.scim.common.JSONWriterTest"/>
  <testcase name="testIsRootSchemaNullSchemaNotRoot" time="0.000" classname="sailpoint.scim.common.JSONWriterTest"/>
  <testcase name="testToStringWithListResponse" time="0.001" classname="sailpoint.scim.common.JSONWriterTest"/>
  <testcase name="testWriteMultiByteCharacters" time="0.000" classname="sailpoint.scim.common.JSONWriterTest"/>
  <testcase name="testToStringWithListResponseWithNoResources" time="0.000" classname="sailpoint.scim.common.JSONWriterTest"/>
  <testcase name="testToStringSchemaServiceProviderConfig" time="0.001" classname="sailpoint.scim.common.JSONWriterTest"/>
  <testcase name="testToStringSchemaResourceType" time="0.000" classname="sailpoint.scim.common.JSONWriterTest"/>
  <testcase name="testToStringSchema" time="0.005" classname="sailpoint.scim.common.JSONWriterTest"/>
  <testcase name="testIsRootSchemaNullResourceTypeNotRoot" time="0.000" classname="sailpoint.scim.common.JSONWriterTest"/>
  <testcase name="testIsRootSchemaFixedSchemaIsRoot" time="0.001" classname="sailpoint.scim.common.JSONWriterTest"/>
  <testcase name="testToStringWithExtension" time="0.000" classname="sailpoint.scim.common.JSONWriterTest"/>
</testsuite> <!-- sailpoint.scim.common.JSONWriterTest -->
