<?xml version="1.0" encoding="UTF-8"?>
<!-- Generated by org.testng.reporters.JUnitReportReporter -->
<testsuite skipped="0" hostname="sunfish.sailpoint.com" name="sailpoint.service.scim.LaunchedWorkflowServiceTest" tests="11" failures="0" timestamp="11 May 2021 16:09:47 GMT" time="0.451" errors="0">
  <testcase name="testListResourceStartIndexLessThanOne" time="0.003" classname="sailpoint.service.scim.LaunchedWorkflowServiceTest"/>
  <testcase name="testListResourceCountZeroReturnsTotalResults" time="0.005" classname="sailpoint.service.scim.LaunchedWorkflowServiceTest"/>
  <testcase name="testCreateResource" time="0.421" classname="sailpoint.service.scim.LaunchedWorkflowServiceTest"/>
  <testcase name="testGetResourceNotFound" time="0.002" classname="sailpoint.service.scim.LaunchedWorkflowServiceTest"/>
  <testcase name="testDeleteUserModified" time="0.007" classname="sailpoint.service.scim.LaunchedWorkflowServiceTest"/>
  <testcase name="testAuditResourcesConfigurationUpdated" time="0.002" classname="sailpoint.service.scim.LaunchedWorkflowServiceTest"/>
  <testcase name="testUpdateResourceNotFound" time="0.002" classname="sailpoint.service.scim.LaunchedWorkflowServiceTest"/>
  <testcase name="testGetResource" time="0.001" classname="sailpoint.service.scim.LaunchedWorkflowServiceTest"/>
  <testcase name="testUpdateResource" time="0.001" classname="sailpoint.service.scim.LaunchedWorkflowServiceTest"/>
  <testcase name="testListResourceMaxCount" time="0.001" classname="sailpoint.service.scim.LaunchedWorkflowServiceTest"/>
  <testcase name="testDeleteResourceNotFound" time="0.006" classname="sailpoint.service.scim.LaunchedWorkflowServiceTest"/>
</testsuite> <!-- sailpoint.service.scim.LaunchedWorkflowServiceTest -->
