<?xml version="1.0" encoding="UTF-8"?>
<!-- Generated by org.testng.reporters.JUnitReportReporter -->
<testsuite skipped="0" hostname="sunfish.sailpoint.com" name="sailpoint.search.HybridReflectiveMatcherTest" tests="5" failures="0" timestamp="11 May 2021 16:09:47 GMT" time="0.387" errors="0">
  <testcase name="testSubqueryObject" time="0.022" classname="sailpoint.search.HybridReflectiveMatcherTest"/>
  <testcase name="testSubquery" time="0.018" classname="sailpoint.search.HybridReflectiveMatcherTest"/>
  <testcase name="testOwnerScopeWithManyWorkgroups" time="0.144" classname="sailpoint.search.HybridReflectiveMatcherTest"/>
  <testcase name="testSubqueryNonSailPointObject" time="0.013" classname="sailpoint.search.HybridReflectiveMatcherTest"/>
  <testcase name="testOwnerScope" time="0.190" classname="sailpoint.search.HybridReflectiveMatcherTest"/>
</testsuite> <!-- sailpoint.search.HybridReflectiveMatcherTest -->
