<?xml version="1.0" encoding="UTF-8"?>
<!-- Generated by org.testng.reporters.JUnitReportReporter -->
<testsuite skipped="0" hostname="sunfish.sailpoint.com" name="sailpoint.rest.ui.identity.LinkListResourceTest" tests="23" failures="0" timestamp="11 May 2021 16:09:47 GMT" time="7.166" errors="0">
  <testcase name="validateRequestWithExclusions" time="0.744" classname="sailpoint.rest.ui.identity.LinkListResourceTest"/>
  <testcase name="testMergeConstraints" time="0.064" classname="sailpoint.rest.ui.identity.LinkListResourceTest"/>
  <testcase name="testAuthManagePasswordsGetDetails" time="0.278" classname="sailpoint.rest.ui.identity.LinkListResourceTest"/>
  <testcase name="testGetLinks" time="0.540" classname="sailpoint.rest.ui.identity.LinkListResourceTest"/>
  <testcase name="validateThatGenerateRequiresSynchronized" time="0.056" classname="sailpoint.rest.ui.identity.LinkListResourceTest"/>
  <testcase name="validateGenerateUnique" time="0.739" classname="sailpoint.rest.ui.identity.LinkListResourceTest"/>
  <testcase name="testRefreshLinkStatuses" time="0.357" classname="sailpoint.rest.ui.identity.LinkListResourceTest"/>
  <testcase name="testSubmitAccountDecisionsInvalidLink" time="0.050" classname="sailpoint.rest.ui.identity.LinkListResourceTest"/>
  <testcase name="validateSyncAll" time="0.784" classname="sailpoint.rest.ui.identity.LinkListResourceTest"/>
  <testcase name="testManagePasswordConfig" time="0.042" classname="sailpoint.rest.ui.identity.LinkListResourceTest"/>
  <testcase name="testAuthManageAccountsRefresh" time="0.352" classname="sailpoint.rest.ui.identity.LinkListResourceTest"/>
  <testcase name="testPasswordPolicyFailure" time="0.051" classname="sailpoint.rest.ui.identity.LinkListResourceTest"/>
  <testcase name="validateGenerateSynchronized" time="0.727" classname="sailpoint.rest.ui.identity.LinkListResourceTest"/>
  <testcase name="testSuggest" time="0.245" classname="sailpoint.rest.ui.identity.LinkListResourceTest"/>
  <testcase name="validateThatGenerateRequiresSelectionModel" time="0.057" classname="sailpoint.rest.ui.identity.LinkListResourceTest"/>
  <testcase name="validateSyncWithInclusion" time="0.695" classname="sailpoint.rest.ui.identity.LinkListResourceTest"/>
  <testcase name="validateThatGetCurrentPasswordsRequiresSelectionModel" time="0.052" classname="sailpoint.rest.ui.identity.LinkListResourceTest"/>
  <testcase name="testManagePasswordConfigAuthorization" time="0.047" classname="sailpoint.rest.ui.identity.LinkListResourceTest"/>
  <testcase name="validateThatSyncRequiresPassword" time="0.048" classname="sailpoint.rest.ui.identity.LinkListResourceTest"/>
  <testcase name="validateThatSyncRequiresSelectionModel" time="0.051" classname="sailpoint.rest.ui.identity.LinkListResourceTest"/>
  <testcase name="testSubmitAccountDecisionsValidLink" time="0.639" classname="sailpoint.rest.ui.identity.LinkListResourceTest"/>
  <testcase name="testAuthManageAccountsGetDetails" time="0.407" classname="sailpoint.rest.ui.identity.LinkListResourceTest"/>
  <testcase name="validateCantGeneratePasswordWhenDisabled" time="0.141" classname="sailpoint.rest.ui.identity.LinkListResourceTest"/>
</testsuite> <!-- sailpoint.rest.ui.identity.LinkListResourceTest -->
