<?xml version="1.0" encoding="UTF-8"?>
<!-- Generated by org.testng.reporters.JUnitReportReporter -->
<testsuite skipped="0" hostname="sunfish.sailpoint.com" name="sailpoint.web.accessrequest.RequestedAccessItemTests" tests="7" failures="0" timestamp="11 May 2021 16:09:47 GMT" time="6.241" errors="0">
  <testcase name="testCtorThrowsWithInvalidAccountSelectionMap" time="0.759" classname="sailpoint.web.accessrequest.RequestedAccessItemTests"/>
  <testcase name="testCtorThrowsWithInvalidAccountSelections" time="1.245" classname="sailpoint.web.accessrequest.RequestedAccessItemTests"/>
  <testcase name="testStaticGetProvisioningTargets" time="0.783" classname="sailpoint.web.accessrequest.RequestedAccessItemTests"/>
  <testcase name="testCtorThrowsWithoutId" time="1.042" classname="sailpoint.web.accessrequest.RequestedAccessItemTests"/>
  <testcase name="testCtorThrowsWithNull" time="0.765" classname="sailpoint.web.accessrequest.RequestedAccessItemTests"/>
  <testcase name="testValidInputs" time="0.790" classname="sailpoint.web.accessrequest.RequestedAccessItemTests"/>
  <testcase name="testGetProvisioningTargets" time="0.857" classname="sailpoint.web.accessrequest.RequestedAccessItemTests"/>
</testsuite> <!-- sailpoint.web.accessrequest.RequestedAccessItemTests -->
