<?xml version="1.0" encoding="UTF-8"?>
<!-- Generated by org.testng.reporters.JUnitReportReporter -->
<testsuite skipped="0" hostname="sunfish.sailpoint.com" name="sailpoint.service.listfilter.ListFilterServiceTests" tests="9" failures="0" timestamp="11 May 2021 16:09:47 GMT" time="0.024" errors="0">
  <testcase name="testExpandFilterValues" time="0.008" classname="sailpoint.service.listfilter.ListFilterServiceTests"/>
  <testcase name="testCollapseFilterValues" time="0.007" classname="sailpoint.service.listfilter.ListFilterServiceTests"/>
  <testcase name="testFindFilterDTOFromDeepLink" time="0.000" classname="sailpoint.service.listfilter.ListFilterServiceTests"/>
  <testcase name="testIdentityFilters" time="0.001" classname="sailpoint.service.listfilter.ListFilterServiceTests"/>
  <testcase name="testGetFilterFromList" time="0.002" classname="sailpoint.service.listfilter.ListFilterServiceTests"/>
  <testcase name="testConvertFilters" time="0.001" classname="sailpoint.service.listfilter.ListFilterServiceTests"/>
  <testcase name="testGetSuggestValue" time="0.002" classname="sailpoint.service.listfilter.ListFilterServiceTests"/>
  <testcase name="testGetFilterValueFromDeepLink" time="0.003" classname="sailpoint.service.listfilter.ListFilterServiceTests"/>
  <testcase name="testIdentitiesFilterContextSingleIdentity" time="0.000" classname="sailpoint.service.listfilter.ListFilterServiceTests"/>
</testsuite> <!-- sailpoint.service.listfilter.ListFilterServiceTests -->
