<?xml version="1.0" encoding="UTF-8"?>
<!-- Generated by org.testng.reporters.JUnitReportReporter -->
<testsuite skipped="0" hostname="sunfish.sailpoint.com" name="sailpoint.service.certification.CertificationConfigDTOTests" tests="18" failures="0" timestamp="11 May 2021 16:09:47 GMT" time="0.490" errors="0">
  <testcase name="testEsigMeaningNoEsig" time="0.002" classname="sailpoint.service.certification.CertificationConfigDTOTests"/>
  <testcase name="testDefaultRevocationModificationOperation" time="0.124" classname="sailpoint.service.certification.CertificationConfigDTOTests"/>
  <testcase name="testUseLinkAttributeValueForRevocationModification" time="0.126" classname="sailpoint.service.certification.CertificationConfigDTOTests"/>
  <testcase name="testRevocationModifiableNoSettings" time="0.022" classname="sailpoint.service.certification.CertificationConfigDTOTests"/>
  <testcase name="testShowRoleRevocationDetails" time="0.084" classname="sailpoint.service.certification.CertificationConfigDTOTests"/>
  <testcase name="testRevocationModifiablePermNone" time="0.021" classname="sailpoint.service.certification.CertificationConfigDTOTests"/>
  <testcase name="testAllowExpiration" time="0.009" classname="sailpoint.service.certification.CertificationConfigDTOTests"/>
  <testcase name="testCertifierRule" time="0.008" classname="sailpoint.service.certification.CertificationConfigDTOTests"/>
  <testcase name="testRevocationModifiablePermSelect" time="0.032" classname="sailpoint.service.certification.CertificationConfigDTOTests"/>
  <testcase name="testStatusesRequiringComments" time="0.002" classname="sailpoint.service.certification.CertificationConfigDTOTests"/>
  <testcase name="testAvailableBulkEntityDecisions" time="0.001" classname="sailpoint.service.certification.CertificationConfigDTOTests"/>
  <testcase name="testAvailableBulkDecisions" time="0.004" classname="sailpoint.service.certification.CertificationConfigDTOTests"/>
  <testcase name="testConstructorNoCertification" time="0.000" classname="sailpoint.service.certification.CertificationConfigDTOTests"/>
  <testcase name="testRevocationModifiableAttrAndPerm" time="0.015" classname="sailpoint.service.certification.CertificationConfigDTOTests"/>
  <testcase name="testEsigMeaningWithEsig" time="0.005" classname="sailpoint.service.certification.CertificationConfigDTOTests"/>
  <testcase name="testConstructorNoUserContext" time="0.000" classname="sailpoint.service.certification.CertificationConfigDTOTests"/>
  <testcase name="testRevocationModifiableAttrNone" time="0.016" classname="sailpoint.service.certification.CertificationConfigDTOTests"/>
  <testcase name="testRevocationModifiableAttrSelect" time="0.019" classname="sailpoint.service.certification.CertificationConfigDTOTests"/>
</testsuite> <!-- sailpoint.service.certification.CertificationConfigDTOTests -->
