<?xml version="1.0" encoding="UTF-8"?>
<!-- Generated by org.testng.reporters.JUnitReportReporter -->
<testsuite skipped="0" hostname="sunfish.sailpoint.com" name="sailpoint.tools.RFC4180LineParserTest" tests="13" failures="0" timestamp="11 May 2021 16:09:46 GMT" time="0.006" errors="0">
  <testcase name="testSingleValue" time="0.000" classname="sailpoint.tools.RFC4180LineParserTest"/>
  <testcase name="testEndingComma" time="0.000" classname="sailpoint.tools.RFC4180LineParserTest"/>
  <testcase name="testMultiValue" time="0.000" classname="sailpoint.tools.RFC4180LineParserTest"/>
  <testcase name="testMixedQuotedAndNot" time="0.000" classname="sailpoint.tools.RFC4180LineParserTest"/>
  <testcase name="testStartingQuotes" time="0.000" classname="sailpoint.tools.RFC4180LineParserTest"/>
  <testcase name="testBeginningComma" time="0.006" classname="sailpoint.tools.RFC4180LineParserTest"/>
  <testcase name="testEmbeddedQuotes" time="0.000" classname="sailpoint.tools.RFC4180LineParserTest"/>
  <testcase name="testStartingAndEndingQuotes" time="0.000" classname="sailpoint.tools.RFC4180LineParserTest"/>
  <testcase name="testSurroundedQuoteValue" time="0.000" classname="sailpoint.tools.RFC4180LineParserTest"/>
  <testcase name="testEndingQuotes" time="0.000" classname="sailpoint.tools.RFC4180LineParserTest"/>
  <testcase name="testQuotedWithCommaMixed" time="0.000" classname="sailpoint.tools.RFC4180LineParserTest"/>
  <testcase name="testQuotedWithComma" time="0.000" classname="sailpoint.tools.RFC4180LineParserTest"/>
  <testcase name="testMultipleValuesSurroundedQuotes" time="0.000" classname="sailpoint.tools.RFC4180LineParserTest"/>
</testsuite> <!-- sailpoint.tools.RFC4180LineParserTest -->
