<?xml version="1.0" encoding="UTF-8"?>
<!-- Generated by org.testng.reporters.JUnitReportReporter -->
<testsuite skipped="0" hostname="sunfish.sailpoint.com" name="sailpoint.plugin.PluginClassloaderTests" tests="5" failures="0" timestamp="11 May 2021 16:09:47 GMT" time="0.256" errors="0">
  <testcase name="testLoadClass" time="0.049" classname="sailpoint.plugin.PluginClassloaderTests"/>
  <testcase name="testFindResource" time="0.052" classname="sailpoint.plugin.PluginClassloaderTests"/>
  <testcase name="testLoadClassNotFound" time="0.043" classname="sailpoint.plugin.PluginClassloaderTests"/>
  <testcase name="testGetClassNames" time="0.066" classname="sailpoint.plugin.PluginClassloaderTests"/>
  <testcase name="testFindResourceMissing" time="0.046" classname="sailpoint.plugin.PluginClassloaderTests"/>
</testsuite> <!-- sailpoint.plugin.PluginClassloaderTests -->
