<?xml version="1.0" encoding="UTF-8"?>
<!-- Generated by org.testng.reporters.JUnitReportReporter -->
<testsuite skipped="0" hostname="sunfish.sailpoint.com" name="sailpoint.service.DynamicScopeServiceTests" tests="11" failures="0" timestamp="11 May 2021 16:09:47 GMT" time="0.169" errors="0">
  <testcase name="testInvalidAttributeControl" time="0.003" classname="sailpoint.service.DynamicScopeServiceTests"/>
  <testcase name="testInvalidPopRequestAuth" time="0.001" classname="sailpoint.service.DynamicScopeServiceTests"/>
  <testcase name="testInvalidSubordinateControl" time="0.002" classname="sailpoint.service.DynamicScopeServiceTests"/>
  <testcase name="testCreateDynamicScope" time="0.075" classname="sailpoint.service.DynamicScopeServiceTests"/>
  <testcase name="testGetDynamicScopes" time="0.005" classname="sailpoint.service.DynamicScopeServiceTests"/>
  <testcase name="testFailedGetDynamicScopeJSON" time="0.001" classname="sailpoint.service.DynamicScopeServiceTests"/>
  <testcase name="testInvalidCustomControl" time="0.001" classname="sailpoint.service.DynamicScopeServiceTests"/>
  <testcase name="testUpdateDynamicScope" time="0.062" classname="sailpoint.service.DynamicScopeServiceTests"/>
  <testcase name="testDynamicScopeDescription" time="0.016" classname="sailpoint.service.DynamicScopeServiceTests"/>
  <testcase name="testDeleteDynamicScope" time="0.001" classname="sailpoint.service.DynamicScopeServiceTests"/>
  <testcase name="testFailedCreateDynamicScope" time="0.002" classname="sailpoint.service.DynamicScopeServiceTests"/>
</testsuite> <!-- sailpoint.service.DynamicScopeServiceTests -->
