<?xml version="1.0" encoding="UTF-8"?>
<!-- Generated by org.testng.reporters.JUnitReportReporter -->
<testsuite skipped="0" hostname="sunfish.sailpoint.com" name="sailpoint.service.IdentityEntitlementListServiceTests" tests="24" failures="0" timestamp="11 May 2021 16:09:47 GMT" time="0.296" errors="0">
  <testcase name="testGetEntitlementWithParamsWithApplicationOrNameOrValue_Application" time="0.035" classname="sailpoint.service.IdentityEntitlementListServiceTests"/>
  <testcase name="testGetEntitlements" time="0.019" classname="sailpoint.service.IdentityEntitlementListServiceTests"/>
  <testcase name="testGetEntitlementsWithAssigner" time="0.009" classname="sailpoint.service.IdentityEntitlementListServiceTests"/>
  <testcase name="testGetEntitlementsWithRequestItem" time="0.004" classname="sailpoint.service.IdentityEntitlementListServiceTests"/>
  <testcase name="testGetEntitlementsWithParamsInstance" time="0.008" classname="sailpoint.service.IdentityEntitlementListServiceTests"/>
  <testcase name="testGetEntitlementsWithParamsNativeIdentity" time="0.008" classname="sailpoint.service.IdentityEntitlementListServiceTests"/>
  <testcase name="testGetEntitlementsCheckDTO" time="0.024" classname="sailpoint.service.IdentityEntitlementListServiceTests"/>
  <testcase name="testGetEntitlementsCheckClassifications" time="0.017" classname="sailpoint.service.IdentityEntitlementListServiceTests"/>
  <testcase name="testGetEntitlementWithParamsWithApplicationOrNameOrValue_Name" time="0.011" classname="sailpoint.service.IdentityEntitlementListServiceTests"/>
  <testcase name="testGetEntitlementsWithCertificationItem" time="0.004" classname="sailpoint.service.IdentityEntitlementListServiceTests"/>
  <testcase name="testGetEntitlementsWithParamsValue" time="0.011" classname="sailpoint.service.IdentityEntitlementListServiceTests"/>
  <testcase name="testGetEntitlementsWithParams" time="0.020" classname="sailpoint.service.IdentityEntitlementListServiceTests"/>
  <testcase name="testGetEntitlementsWithType" time="0.008" classname="sailpoint.service.IdentityEntitlementListServiceTests"/>
  <testcase name="testGetEntitlementWithParamsWithApplicationOrNameOrValue_DisplayableName" time="0.008" classname="sailpoint.service.IdentityEntitlementListServiceTests"/>
  <testcase name="testGetEntitlementWithParamsWithApplicationOrNameOrValue_Value" time="0.006" classname="sailpoint.service.IdentityEntitlementListServiceTests"/>
  <testcase name="testGetEntitlementsWithSource" time="0.015" classname="sailpoint.service.IdentityEntitlementListServiceTests"/>
  <testcase name="testGetEntitlementsWithAggregationState" time="0.011" classname="sailpoint.service.IdentityEntitlementListServiceTests"/>
  <testcase name="testGetEntitlementsWithParamsName" time="0.012" classname="sailpoint.service.IdentityEntitlementListServiceTests"/>
  <testcase name="testGetEntitlementsWithPendingCertificationItem" time="0.004" classname="sailpoint.service.IdentityEntitlementListServiceTests"/>
  <testcase name="testGetEntitlementsWithApplicationName" time="0.013" classname="sailpoint.service.IdentityEntitlementListServiceTests"/>
  <testcase name="testGetEntitlementsWithApplication" time="0.016" classname="sailpoint.service.IdentityEntitlementListServiceTests"/>
  <testcase name="testGetEntitlementsWithNameOrValue" time="0.010" classname="sailpoint.service.IdentityEntitlementListServiceTests"/>
  <testcase name="testGetEntitlementsWithPendingRequestItem" time="0.005" classname="sailpoint.service.IdentityEntitlementListServiceTests"/>
  <testcase name="testGetEntitlementsWithAdditionalOnly" time="0.018" classname="sailpoint.service.IdentityEntitlementListServiceTests"/>
</testsuite> <!-- sailpoint.service.IdentityEntitlementListServiceTests -->
