<?xml version="1.0" encoding="UTF-8"?>
<!-- Generated by org.testng.reporters.JUnitReportReporter -->
<testsuite skipped="0" hostname="sunfish.sailpoint.com" name="sailpoint.api.dashboard.DashboardManagerTest" tests="2" failures="0" timestamp="11 May 2021 16:09:47 GMT" time="5.350" errors="0">
  <testcase name="getAllowRequestFlags" time="4.689" classname="sailpoint.api.dashboard.DashboardManagerTest"/>
  <testcase name="getUseSunriseDates" time="0.661" classname="sailpoint.api.dashboard.DashboardManagerTest"/>
</testsuite> <!-- sailpoint.api.dashboard.DashboardManagerTest -->
