<?xml version="1.0" encoding="UTF-8"?>
<!-- Generated by org.testng.reporters.JUnitReportReporter -->
<testsuite skipped="0" hostname="sunfish.sailpoint.com" name="sailpoint.rest.ui.ElectronicSignatureResourceTests" tests="5" failures="0" timestamp="11 May 2021 16:09:47 GMT" time="0.457" errors="0">
  <testcase name="testValidSignature" time="0.071" classname="sailpoint.rest.ui.ElectronicSignatureResourceTests"/>
  <testcase name="testIncorrectSignature" time="0.065" classname="sailpoint.rest.ui.ElectronicSignatureResourceTests"/>
  <testcase name="testEmptySignature" time="0.209" classname="sailpoint.rest.ui.ElectronicSignatureResourceTests"/>
  <testcase name="testInvalidIdentity" time="0.044" classname="sailpoint.rest.ui.ElectronicSignatureResourceTests"/>
  <testcase name="testNotLoggedInUser" time="0.068" classname="sailpoint.rest.ui.ElectronicSignatureResourceTests"/>
</testsuite> <!-- sailpoint.rest.ui.ElectronicSignatureResourceTests -->
