<?xml version="1.0" encoding="UTF-8"?>
<!-- Generated by org.testng.reporters.JUnitReportReporter -->
<testsuite skipped="0" hostname="sunfish.sailpoint.com" name="sailpoint.service.WorkItemNotificationServiceTests" tests="6" failures="0" timestamp="11 May 2021 16:09:47 GMT" time="0.014" errors="0">
  <testcase name="testWorkItemNotificationsNoItems" time="0.002" classname="sailpoint.service.WorkItemNotificationServiceTests"/>
  <testcase name="testNewWorkItemCountWithStartTime" time="0.003" classname="sailpoint.service.WorkItemNotificationServiceTests"/>
  <testcase name="testNewWorkItemCountNoStartTime" time="0.003" classname="sailpoint.service.WorkItemNotificationServiceTests"/>
  <testcase name="testNewWorkItemCountNoItems" time="0.004" classname="sailpoint.service.WorkItemNotificationServiceTests"/>
  <testcase name="testNewWorkItemCountZeroStartTime" time="0.001" classname="sailpoint.service.WorkItemNotificationServiceTests"/>
  <testcase name="testWorkItemNotificationsWithItems" time="0.001" classname="sailpoint.service.WorkItemNotificationServiceTests"/>
</testsuite> <!-- sailpoint.service.WorkItemNotificationServiceTests -->
