<?xml version="1.0" encoding="UTF-8"?>
<!-- Generated by org.testng.reporters.JUnitReportReporter -->
<testsuite skipped="0" hostname="sunfish.sailpoint.com" name="sailpoint.authorization.TaskResultAuthorizerTest" tests="8" failures="0" timestamp="11 May 2021 16:09:47 GMT" time="0.388" errors="0">
  <testcase name="testLauncherMatch" time="0.048" classname="sailpoint.authorization.TaskResultAuthorizerTest"/>
  <testcase name="testOwnerMismatchUnscopedObjGloballyAccessible" time="0.069" classname="sailpoint.authorization.TaskResultAuthorizerTest"/>
  <testcase name="testSystemAdmin" time="0.062" classname="sailpoint.authorization.TaskResultAuthorizerTest"/>
  <testcase name="testOwnerMatch" time="0.034" classname="sailpoint.authorization.TaskResultAuthorizerTest"/>
  <testcase name="testOwnerMismatch" time="0.034" classname="sailpoint.authorization.TaskResultAuthorizerTest"/>
  <testcase name="testOwnerMismatchNoScoping" time="0.027" classname="sailpoint.authorization.TaskResultAuthorizerTest"/>
  <testcase name="signatory" time="0.059" classname="sailpoint.authorization.TaskResultAuthorizerTest"/>
  <testcase name="testNullResult" time="0.055" classname="sailpoint.authorization.TaskResultAuthorizerTest"/>
</testsuite> <!-- sailpoint.authorization.TaskResultAuthorizerTest -->
