<?xml version="1.0" encoding="UTF-8"?>
<!-- Generated by org.testng.reporters.JUnitReportReporter -->
<testsuite skipped="0" hostname="sunfish.sailpoint.com" name="sailpoint.service.IdentityHistoryServiceTests" tests="2" failures="0" timestamp="11 May 2021 16:09:47 GMT" time="8.188" errors="0">
  <testcase name="testGetIdentityHistory" time="4.323" classname="sailpoint.service.IdentityHistoryServiceTests"/>
  <testcase name="getLastDecisionShouldNotFindComment" time="3.865" classname="sailpoint.service.IdentityHistoryServiceTests"/>
</testsuite> <!-- sailpoint.service.IdentityHistoryServiceTests -->
