<?xml version="1.0" encoding="UTF-8"?>
<!-- Generated by org.testng.reporters.JUnitReportReporter -->
<testsuite skipped="0" hostname="sunfish.sailpoint.com" name="sailpoint.service.scim.ServerMapperForImmutableAttributeTest" tests="2" failures="0" timestamp="11 May 2021 16:09:47 GMT" time="0.037" errors="0">
  <testcase name="testImmutableCapabilities" time="0.033" classname="sailpoint.service.scim.ServerMapperForImmutableAttributeTest"/>
  <testcase name="testImmutableUsername" time="0.004" classname="sailpoint.service.scim.ServerMapperForImmutableAttributeTest"/>
</testsuite> <!-- sailpoint.service.scim.ServerMapperForImmutableAttributeTest -->
