<?xml version="1.0" encoding="UTF-8"?>
<!-- Generated by org.testng.reporters.JUnitReportReporter -->
<testsuite skipped="0" hostname="sunfish.sailpoint.com" name="sailpoint.rest.ui.workitems.WorkItemListRedirectFilterTests" tests="4" failures="0" timestamp="11 May 2021 16:09:47 GMT" time="0.032" errors="0">
  <testcase name="testFilter" time="0.000" classname="sailpoint.rest.ui.workitems.WorkItemListRedirectFilterTests"/>
  <testcase name="testFilterWithMultipleWorkItemType" time="0.032" classname="sailpoint.rest.ui.workitems.WorkItemListRedirectFilterTests"/>
  <testcase name="testFilterWithSingleWorkItemType" time="0.000" classname="sailpoint.rest.ui.workitems.WorkItemListRedirectFilterTests"/>
  <testcase name="testFilterWithArchivePage" time="0.000" classname="sailpoint.rest.ui.workitems.WorkItemListRedirectFilterTests"/>
</testsuite> <!-- sailpoint.rest.ui.workitems.WorkItemListRedirectFilterTests -->
