<?xml version="1.0" encoding="UTF-8"?>
<!-- Generated by org.testng.reporters.JUnitReportReporter -->
<testsuite skipped="0" hostname="sunfish.sailpoint.com" name="sailpoint.integration.rest.AuthorizationServiceDelegateTests" tests="2" failures="0" timestamp="11 May 2021 16:09:47 GMT" time="0.073" errors="0">
  <testcase name="checkAuthorization" time="0.042" classname="sailpoint.integration.rest.AuthorizationServiceDelegateTests"/>
  <testcase name="checkAuthorizationForAdmin" time="0.031" classname="sailpoint.integration.rest.AuthorizationServiceDelegateTests"/>
</testsuite> <!-- sailpoint.integration.rest.AuthorizationServiceDelegateTests -->
