<?xml version="1.0" encoding="UTF-8"?>
<!-- Generated by org.testng.reporters.JUnitReportReporter -->
<testsuite skipped="0" hostname="sunfish.sailpoint.com" name="sailpoint.service.AccessRequestConfigServiceTests" tests="17" failures="0" timestamp="11 May 2021 16:09:47 GMT" time="112.085" errors="0">
  <testcase name="testGetMixedRequiredsRolesAndEntitlements" time="5.788" classname="sailpoint.service.AccessRequestConfigServiceTests"/>
  <testcase name="testGetAttachmentConfigRulesWhenNoneDefined" time="5.839" classname="sailpoint.service.AccessRequestConfigServiceTests"/>
  <testcase name="testHasRequiredAttachmentNoneRequired" time="6.371" classname="sailpoint.service.AccessRequestConfigServiceTests"/>
  <testcase name="testNoRequestees" time="6.818" classname="sailpoint.service.AccessRequestConfigServiceTests"/>
  <testcase name="testGetEntitlementRequired" time="8.575" classname="sailpoint.service.AccessRequestConfigServiceTests"/>
  <testcase name="testGetRoleRequired" time="6.704" classname="sailpoint.service.AccessRequestConfigServiceTests"/>
  <testcase name="testGetRequesterRequired" time="6.241" classname="sailpoint.service.AccessRequestConfigServiceTests"/>
  <testcase name="testGetRequesteeRequiredForRemove" time="6.284" classname="sailpoint.service.AccessRequestConfigServiceTests"/>
  <testcase name="testGetMultipleConfigs" time="6.471" classname="sailpoint.service.AccessRequestConfigServiceTests"/>
  <testcase name="testgetCommentConfigsWhenAllRequired" time="6.656" classname="sailpoint.service.AccessRequestConfigServiceTests"/>
  <testcase name="testMultipleRequestees" time="6.263" classname="sailpoint.service.AccessRequestConfigServiceTests"/>
  <testcase name="testGetEnabledConfigRules" time="7.098" classname="sailpoint.service.AccessRequestConfigServiceTests"/>
  <testcase name="testGetAllNullEntitlements" time="6.208" classname="sailpoint.service.AccessRequestConfigServiceTests"/>
  <testcase name="testGetAllNullRoles" time="6.928" classname="sailpoint.service.AccessRequestConfigServiceTests"/>
  <testcase name="testGetNone" time="6.737" classname="sailpoint.service.AccessRequestConfigServiceTests"/>
  <testcase name="testIdentitiesAllRequiredsRolesAndEntitlements" time="6.746" classname="sailpoint.service.AccessRequestConfigServiceTests"/>
  <testcase name="testGetRequesteeRequiredForAdd" time="6.358" classname="sailpoint.service.AccessRequestConfigServiceTests"/>
</testsuite> <!-- sailpoint.service.AccessRequestConfigServiceTests -->
