<?xml version="1.0" encoding="UTF-8"?>
<!-- Generated by org.testng.reporters.JUnitReportReporter -->
<testsuite skipped="0" hostname="sunfish.sailpoint.com" name="sailpoint.rest.scim.SchemaListResourceTest" tests="13" failures="0" timestamp="11 May 2021 16:09:47 GMT" time="0.637" errors="0">
  <testcase name="testResourceTypeError" time="0.052" classname="sailpoint.rest.scim.SchemaListResourceTest"/>
  <testcase name="testSchemasMethodNotAllowedError" time="0.083" classname="sailpoint.rest.scim.SchemaListResourceTest"/>
  <testcase name="testSailpointEntitlementSchema" time="0.045" classname="sailpoint.rest.scim.SchemaListResourceTest"/>
  <testcase name="testGetSchemas" time="0.054" classname="sailpoint.rest.scim.SchemaListResourceTest"/>
  <testcase name="testSchemasNotFoundError" time="0.042" classname="sailpoint.rest.scim.SchemaListResourceTest"/>
  <testcase name="testSchemasFilterError" time="0.043" classname="sailpoint.rest.scim.SchemaListResourceTest"/>
  <testcase name="testSailpointTaskResultSchema" time="0.062" classname="sailpoint.rest.scim.SchemaListResourceTest"/>
  <testcase name="testSailpointWorkflowSchema" time="0.043" classname="sailpoint.rest.scim.SchemaListResourceTest"/>
  <testcase name="testSailpointApplicationSchema" time="0.052" classname="sailpoint.rest.scim.SchemaListResourceTest"/>
  <testcase name="testSailpointUserSchema" time="0.048" classname="sailpoint.rest.scim.SchemaListResourceTest"/>
  <testcase name="testSchemasUnauthorizedError" time="0.004" classname="sailpoint.rest.scim.SchemaListResourceTest"/>
  <testcase name="testGetSchemasBearerAuth" time="0.048" classname="sailpoint.rest.scim.SchemaListResourceTest"/>
  <testcase name="testSailpointAccountSchema" time="0.061" classname="sailpoint.rest.scim.SchemaListResourceTest"/>
</testsuite> <!-- sailpoint.rest.scim.SchemaListResourceTest -->
