<?xml version="1.0" encoding="UTF-8"?>
<!-- Generated by org.testng.reporters.JUnitReportReporter -->
<testsuite skipped="0" hostname="sunfish.sailpoint.com" name="sailpoint.rest.ui.suggest.SuggestResourceTests" tests="2" failures="0" timestamp="11 May 2021 16:09:47 GMT" time="0.309" errors="0">
  <testcase name="testGetSuggestWithInvalidFilterString" time="0.107" classname="sailpoint.rest.ui.suggest.SuggestResourceTests"/>
  <testcase name="testColumnSuggestWithInvalidFilterString" time="0.202" classname="sailpoint.rest.ui.suggest.SuggestResourceTests"/>
</testsuite> <!-- sailpoint.rest.ui.suggest.SuggestResourceTests -->
