<?xml version="1.0" encoding="UTF-8"?>
<!-- Generated by org.testng.reporters.JUnitReportReporter -->
<testsuite skipped="0" hostname="sunfish.sailpoint.com" name="sailpoint.lcm.IdentityTests" tests="12" failures="0" timestamp="11 May 2021 16:09:47 GMT" time="91.161" errors="0">
  <testcase name="testUpdateIdentityReject" time="9.210" classname="sailpoint.lcm.IdentityTests"/>
  <testcase name="testCreateIdentitySecretAttribute" time="7.787" classname="sailpoint.lcm.IdentityTests"/>
  <testcase name="testUpdateIdentityChangeManagerInApproval" time="9.965" classname="sailpoint.lcm.IdentityTests"/>
  <testcase name="testIdentityCreateApprovalNoManager" time="5.102" classname="sailpoint.lcm.IdentityTests"/>
  <testcase name="testCancelAfterProvisioning" time="6.422" classname="sailpoint.lcm.IdentityTests"/>
  <testcase name="testCreateIdentityReject" time="7.413" classname="sailpoint.lcm.IdentityTests"/>
  <testcase name="testRegistration" time="7.538" classname="sailpoint.lcm.IdentityTests"/>
  <testcase name="testUpdateIdentityAndNotification" time="10.462" classname="sailpoint.lcm.IdentityTests"/>
  <testcase name="testCreateIdentity" time="6.695" classname="sailpoint.lcm.IdentityTests"/>
  <testcase name="testLifecycleCreateEvents" time="10.001" classname="sailpoint.lcm.IdentityTests"/>
  <testcase name="testIdentityCreateAutoApproval" time="4.631" classname="sailpoint.lcm.IdentityTests"/>
  <testcase name="testCreateChangeManager" time="5.935" classname="sailpoint.lcm.IdentityTests"/>
</testsuite> <!-- sailpoint.lcm.IdentityTests -->
