<?xml version="1.0" encoding="UTF-8"?>
<!-- Generated by org.testng.reporters.JUnitReportReporter -->
<testsuite skipped="0" hostname="sunfish.sailpoint.com" name="sailpoint.api.ElectronicSignatureTests" tests="2" failures="0" timestamp="11 May 2021 16:09:47 GMT" time="10.635" errors="0">
  <testcase name="testCertificationSigning" time="5.533" classname="sailpoint.api.ElectronicSignatureTests"/>
  <testcase name="testWorkItemSigning" time="5.102" classname="sailpoint.api.ElectronicSignatureTests"/>
</testsuite> <!-- sailpoint.api.ElectronicSignatureTests -->
