<?xml version="1.0" encoding="UTF-8"?>
<!-- Generated by org.testng.reporters.JUnitReportReporter -->
<testsuite skipped="0" hostname="sunfish.sailpoint.com" name="sailpoint.service.pam.PamApplicationsTests" tests="1" failures="0" timestamp="11 May 2021 16:09:46 GMT" time="0.002" errors="0">
  <testcase name="testPamApplicationsOnly" time="0.002" classname="sailpoint.service.pam.PamApplicationsTests"/>
</testsuite> <!-- sailpoint.service.pam.PamApplicationsTests -->
