<?xml version="1.0" encoding="UTF-8"?>
<!-- Generated by org.testng.reporters.JUnitReportReporter -->
<testsuite skipped="0" hostname="sunfish.sailpoint.com" name="sailpoint.connector.TopSecretTests" tests="8" failures="0" timestamp="11 May 2021 16:09:46 GMT" time="25.467" errors="0">
  <testcase name="testTestConfiguration" time="0.016" classname="sailpoint.connector.TopSecretTests"/>
  <testcase name="testCreateDefaultApplication" time="0.456" classname="sailpoint.connector.TopSecretTests"/>
  <testcase name="testSchemaAttributeFiltering" time="0.024" classname="sailpoint.connector.TopSecretTests"/>
  <testcase name="testIterateObjects" time="0.186" classname="sailpoint.connector.TopSecretTests"/>
  <testcase name="testNegativeIterateObjects" time="0.265" classname="sailpoint.connector.TopSecretTests"/>
  <testcase name="testFetchNonExistingObject" time="0.217" classname="sailpoint.connector.TopSecretTests"/>
  <testcase name="testGetObject" time="0.604" classname="sailpoint.connector.TopSecretTests"/>
  <testcase name="testDelimitedPartitioning" time="23.699" classname="sailpoint.connector.TopSecretTests"/>
</testsuite> <!-- sailpoint.connector.TopSecretTests -->
