<?xml version="1.0" encoding="UTF-8"?>
<!-- Generated by org.testng.reporters.JUnitReportReporter -->
<testsuite skipped="0" hostname="sunfish.sailpoint.com" name="sailpoint.service.form.FormServiceTests" tests="10" failures="0" timestamp="11 May 2021 16:09:46 GMT" time="1.119" errors="0">
  <testcase name="testPluginFormNotFound" time="0.003" classname="sailpoint.service.form.FormServiceTests"/>
  <testcase name="testThrowOnInvalidBeanClass" time="0.001" classname="sailpoint.service.form.FormServiceTests"/>
  <testcase name="testLegacyPluginSettingsForm" time="0.003" classname="sailpoint.service.form.FormServiceTests"/>
  <testcase name="testRefreshWorkItemForm" time="0.055" classname="sailpoint.service.form.FormServiceTests"/>
  <testcase name="testFormNotSpecified" time="0.002" classname="sailpoint.service.form.FormServiceTests"/>
  <testcase name="testValidPluginForm" time="0.003" classname="sailpoint.service.form.FormServiceTests"/>
  <testcase name="testSubmitCancel" time="0.049" classname="sailpoint.service.form.FormServiceTests"/>
  <testcase name="testSubmitNextAndBack" time="0.214" classname="sailpoint.service.form.FormServiceTests"/>
  <testcase name="testLoadRefreshAndSubmitWorkItemForm" time="0.703" classname="sailpoint.service.form.FormServiceTests"/>
  <testcase name="testRefreshSimpleForm" time="0.086" classname="sailpoint.service.form.FormServiceTests"/>
</testsuite> <!-- sailpoint.service.form.FormServiceTests -->
