<?xml version="1.0" encoding="UTF-8"?>
<!-- Generated by org.testng.reporters.JUnitReportReporter -->
<testsuite skipped="0" hostname="sunfish.sailpoint.com" name="sailpoint.service.policyviolation.PolicyViolationDecisionConfigDTOTests" tests="8" failures="0" timestamp="11 May 2021 16:09:47 GMT" time="0.631" errors="0">
  <testcase name="testAvailableBulkDecisions" time="0.000" classname="sailpoint.service.policyviolation.PolicyViolationDecisionConfigDTOTests"/>
  <testcase name="testRequireMitigationComments" time="0.000" classname="sailpoint.service.policyviolation.PolicyViolationDecisionConfigDTOTests"/>
  <testcase name="testDefaultMitigationExpirationDateAmountAndScale" time="0.269" classname="sailpoint.service.policyviolation.PolicyViolationDecisionConfigDTOTests"/>
  <testcase name="testAllowMitigationExpirationEditing" time="0.096" classname="sailpoint.service.policyviolation.PolicyViolationDecisionConfigDTOTests"/>
  <testcase name="testDefaultMitigationExpirationDateDuration" time="0.088" classname="sailpoint.service.policyviolation.PolicyViolationDecisionConfigDTOTests"/>
  <testcase name="testAvailableBulkDecisionsFullAccessCertificationSchedule" time="0.000" classname="sailpoint.service.policyviolation.PolicyViolationDecisionConfigDTOTests"/>
  <testcase name="testRequireRemediationComments" time="0.082" classname="sailpoint.service.policyviolation.PolicyViolationDecisionConfigDTOTests"/>
  <testcase name="testAvailableBulkDecisionsDelegateEnabled" time="0.096" classname="sailpoint.service.policyviolation.PolicyViolationDecisionConfigDTOTests"/>
</testsuite> <!-- sailpoint.service.policyviolation.PolicyViolationDecisionConfigDTOTests -->
