<?xml version="1.0" encoding="UTF-8"?>
<!-- Generated by org.testng.reporters.JUnitReportReporter -->
<testsuite skipped="0" hostname="sunfish.sailpoint.com" name="sailpoint.api.certification.RemediationManagerTests" tests="13" failures="0" timestamp="11 May 2021 16:09:47 GMT" time="31.681" errors="0">
  <testcase name="testAssignedRoleRemediation" time="2.908" classname="sailpoint.api.certification.RemediationManagerTests"/>
  <testcase name="testHandleDeletedIdentity" time="2.344" classname="sailpoint.api.certification.RemediationManagerTests"/>
  <testcase name="testSimpleRoleRemediation" time="2.385" classname="sailpoint.api.certification.RemediationManagerTests"/>
  <testcase name="testRevokeViolationFromMultipleAccounts" time="2.147" classname="sailpoint.api.certification.RemediationManagerTests"/>
  <testcase name="testDefaultRemediatorForApps" time="1.602" classname="sailpoint.api.certification.RemediationManagerTests"/>
  <testcase name="testviolationViewerRemediation" time="1.565" classname="sailpoint.api.certification.RemediationManagerTests"/>
  <testcase name="testRemediationOnMultipleLinksAndAssignments" time="2.407" classname="sailpoint.api.certification.RemediationManagerTests"/>
  <testcase name="testAccountRevoke" time="2.853" classname="sailpoint.api.certification.RemediationManagerTests"/>
  <testcase name="testAssignedOverlapRoleRemediation" time="2.739" classname="sailpoint.api.certification.RemediationManagerTests"/>
  <testcase name="testAccountRevokeWithTransformAndProvPolicy" time="3.036" classname="sailpoint.api.certification.RemediationManagerTests"/>
  <testcase name="testAssignedRoleRemediationPlans" time="2.235" classname="sailpoint.api.certification.RemediationManagerTests"/>
  <testcase name="testRoleDeleteRemediation" time="2.894" classname="sailpoint.api.certification.RemediationManagerTests"/>
  <testcase name="testModifiedPlanRemediation" time="2.566" classname="sailpoint.api.certification.RemediationManagerTests"/>
</testsuite> <!-- sailpoint.api.certification.RemediationManagerTests -->
