<?xml version="1.0" encoding="UTF-8"?>
<!-- Generated by org.testng.reporters.JUnitReportReporter -->
<testsuite skipped="0" hostname="sunfish.sailpoint.com" name="sailpoint.rest.LocalizedAttributeResourceTest" tests="3" failures="0" timestamp="11 May 2021 16:09:47 GMT" time="0.313" errors="0">
  <testcase name="testGetLocaleSuggestOptions" time="0.124" classname="sailpoint.rest.LocalizedAttributeResourceTest"/>
  <testcase name="testGetLocaleOptions" time="0.113" classname="sailpoint.rest.LocalizedAttributeResourceTest"/>
  <testcase name="testGetLocaleNames" time="0.076" classname="sailpoint.rest.LocalizedAttributeResourceTest"/>
</testsuite> <!-- sailpoint.rest.LocalizedAttributeResourceTest -->
