<?xml version="1.0" encoding="UTF-8"?>
<!-- Generated by org.testng.reporters.JUnitReportReporter -->
<testsuite skipped="0" hostname="sunfish.sailpoint.com" name="sailpoint.rest.scim.LaunchedWorkflowListResourceTest" tests="9" failures="0" timestamp="11 May 2021 16:09:47 GMT" time="0.778" errors="0">
  <testcase name="testListAllObjectsSingleAttribute" time="0.068" classname="sailpoint.rest.scim.LaunchedWorkflowListResourceTest"/>
  <testcase name="testNotSCIMExecAuthenticateDenied" time="0.039" classname="sailpoint.rest.scim.LaunchedWorkflowListResourceTest"/>
  <testcase name="testListSortDescending" time="0.080" classname="sailpoint.rest.scim.LaunchedWorkflowListResourceTest"/>
  <testcase name="testSCIMExecAuthenticate" time="0.057" classname="sailpoint.rest.scim.LaunchedWorkflowListResourceTest"/>
  <testcase name="testListAllObjects" time="0.234" classname="sailpoint.rest.scim.LaunchedWorkflowListResourceTest"/>
  <testcase name="testListFilterBySearchable" time="0.088" classname="sailpoint.rest.scim.LaunchedWorkflowListResourceTest"/>
  <testcase name="testAdminAuthenticate" time="0.082" classname="sailpoint.rest.scim.LaunchedWorkflowListResourceTest"/>
  <testcase name="testListFilterNoMatch" time="0.053" classname="sailpoint.rest.scim.LaunchedWorkflowListResourceTest"/>
  <testcase name="testListAllObjectsMultipleAttributes" time="0.077" classname="sailpoint.rest.scim.LaunchedWorkflowListResourceTest"/>
</testsuite> <!-- sailpoint.rest.scim.LaunchedWorkflowListResourceTest -->
