<?xml version="1.0" encoding="UTF-8"?>
<!-- Generated by org.testng.reporters.JUnitReportReporter -->
<testsuite skipped="0" hostname="sunfish.sailpoint.com" name="sailpoint.authorization.LCMIdentityActionAuthorizerTests" tests="5" failures="0" timestamp="11 May 2021 16:09:47 GMT" time="0.038" errors="0">
  <testcase name="testAuthorizeFailsWhenNoActions" time="0.011" classname="sailpoint.authorization.LCMIdentityActionAuthorizerTests"/>
  <testcase name="testAuthorized" time="0.009" classname="sailpoint.authorization.LCMIdentityActionAuthorizerTests"/>
  <testcase name="testAuthorizedToRequestForSelf" time="0.008" classname="sailpoint.authorization.LCMIdentityActionAuthorizerTests"/>
  <testcase name="testAuthorizeFailsWhenNullActions" time="0.000" classname="sailpoint.authorization.LCMIdentityActionAuthorizerTests"/>
  <testcase name="testAuthorizedFailsWithIdentityOutOfScope" time="0.010" classname="sailpoint.authorization.LCMIdentityActionAuthorizerTests"/>
</testsuite> <!-- sailpoint.authorization.LCMIdentityActionAuthorizerTests -->
