<?xml version="1.0" encoding="UTF-8"?>
<!-- Generated by org.testng.reporters.JUnitReportReporter -->
<testsuite skipped="0" hostname="sunfish.sailpoint.com" name="sailpoint.rest.ui.requestaccess.AccessItemPopulationResourceTests" tests="5" failures="0" timestamp="11 May 2021 16:09:47 GMT" time="0.509" errors="0">
  <testcase name="testNonMatchingEntitlement" time="0.054" classname="sailpoint.rest.ui.requestaccess.AccessItemPopulationResourceTests"/>
  <testcase name="testAuthorization" time="0.274" classname="sailpoint.rest.ui.requestaccess.AccessItemPopulationResourceTests"/>
  <testcase name="testMatchingRole" time="0.047" classname="sailpoint.rest.ui.requestaccess.AccessItemPopulationResourceTests"/>
  <testcase name="testNonMatchingRole" time="0.077" classname="sailpoint.rest.ui.requestaccess.AccessItemPopulationResourceTests"/>
  <testcase name="testMatchingEntitlement" time="0.057" classname="sailpoint.rest.ui.requestaccess.AccessItemPopulationResourceTests"/>
</testsuite> <!-- sailpoint.rest.ui.requestaccess.AccessItemPopulationResourceTests -->
