<?xml version="1.0" encoding="UTF-8"?>
<!-- Generated by org.testng.reporters.JUnitReportReporter -->
<testsuite skipped="0" hostname="sunfish.sailpoint.com" name="sailpoint.service.form.TransientFormStoreTests" tests="2" failures="0" timestamp="11 May 2021 16:09:47 GMT" time="0.062" errors="0">
  <testcase name="testGetFormDTO" time="0.062" classname="sailpoint.service.form.TransientFormStoreTests"/>
  <testcase name="testExceptionOnNoSession" time="0.000" classname="sailpoint.service.form.TransientFormStoreTests"/>
</testsuite> <!-- sailpoint.service.form.TransientFormStoreTests -->
