<?xml version="1.0" encoding="UTF-8"?>
<!-- Generated by org.testng.reporters.JUnitReportReporter -->
<testsuite skipped="0" hostname="sunfish.sailpoint.com" name="sailpoint.service.certification.schedule.CertificationScheduleTargetPermissionListFilterContextTests" tests="3" failures="0" timestamp="11 May 2021 16:09:47 GMT" time="0.003" errors="0">
  <testcase name="testApplicationFilter" time="0.001" classname="sailpoint.service.certification.schedule.CertificationScheduleTargetPermissionListFilterContextTests"/>
  <testcase name="testDefaultFilters" time="0.001" classname="sailpoint.service.certification.schedule.CertificationScheduleTargetPermissionListFilterContextTests"/>
  <testcase name="testFullPathFilter" time="0.001" classname="sailpoint.service.certification.schedule.CertificationScheduleTargetPermissionListFilterContextTests"/>
</testsuite> <!-- sailpoint.service.certification.schedule.CertificationScheduleTargetPermissionListFilterContextTests -->
