<?xml version="1.0" encoding="UTF-8"?>
<!-- Generated by org.testng.reporters.JUnitReportReporter -->
<testsuite skipped="0" hostname="sunfish.sailpoint.com" name="sailpoint.api.SailPointContextTests" tests="3" failures="0" timestamp="11 May 2021 16:09:47 GMT" time="0.312" errors="0">
  <testcase name="testGetObjectByName" time="0.127" classname="sailpoint.api.SailPointContextTests"/>
  <testcase name="testGetObjectById" time="0.016" classname="sailpoint.api.SailPointContextTests"/>
  <testcase name="testGetObject" time="0.169" classname="sailpoint.api.SailPointContextTests"/>
</testsuite> <!-- sailpoint.api.SailPointContextTests -->
