<?xml version="1.0" encoding="UTF-8"?>
<!-- Generated by org.testng.reporters.JUnitReportReporter -->
<testsuite skipped="0" hostname="sunfish.sailpoint.com" name="sailpoint.audit.AuditTest" tests="2" failures="0" timestamp="11 May 2021 16:09:47 GMT" time="3.543" errors="0">
  <testcase name="testAuditedIdentityAttributeChange" time="3.471" classname="sailpoint.audit.AuditTest"/>
  <testcase name="testNonauditedIdentityAttributeChange" time="0.072" classname="sailpoint.audit.AuditTest"/>
</testsuite> <!-- sailpoint.audit.AuditTest -->
