<?xml version="1.0" encoding="UTF-8"?>
<!-- Generated by org.testng.reporters.JUnitReportReporter -->
<testsuite skipped="0" hostname="sunfish.sailpoint.com" name="sailpoint.api.ProvisioningTests" tests="61" failures="0" timestamp="11 May 2021 16:09:47 GMT" time="1714.247" errors="0">
  <testcase name="testFilterPendingRequest" time="27.248" classname="sailpoint.api.ProvisioningTests"/>
  <testcase name="testCaseInsensitivePlans" time="29.040" classname="sailpoint.api.ProvisioningTests"/>
  <testcase name="testIdentityUpdateEtn6371" time="27.503" classname="sailpoint.api.ProvisioningTests"/>
  <testcase name="testDeleteIdentityFromProjectNoLinkUpdate" time="28.155" classname="sailpoint.api.ProvisioningTests"/>
  <testcase name="testProvisioningAutoDetection" time="26.410" classname="sailpoint.api.ProvisioningTests"/>
  <testcase name="testAttributeSynchronizationIdentityTypeValues" time="26.479" classname="sailpoint.api.ProvisioningTests"/>
  <testcase name="testMultiTicketTrueAndGroupByNone" time="27.481" classname="sailpoint.api.ProvisioningTests"/>
  <testcase name="testRoleTargetsForRoleAssignment" time="29.444" classname="sailpoint.api.ProvisioningTests"/>
  <testcase name="testDeleteIdentityFromProject" time="27.606" classname="sailpoint.api.ProvisioningTests"/>
  <testcase name="testDetectedRoleRecon" time="28.068" classname="sailpoint.api.ProvisioningTests"/>
  <testcase name="testNewAccountMemory" time="27.568" classname="sailpoint.api.ProvisioningTests"/>
  <testcase name="testAttributeSynchronizationInvalidIdentityTypeValues" time="25.322" classname="sailpoint.api.ProvisioningTests"/>
  <testcase name="testOptimisticDetectedRoles" time="28.734" classname="sailpoint.api.ProvisioningTests"/>
  <testcase name="testPendingProvisioningRequests" time="41.136" classname="sailpoint.api.ProvisioningTests"/>
  <testcase name="testPartitionedAccountRequest" time="27.381" classname="sailpoint.api.ProvisioningTests"/>
  <testcase name="testAttributeSynchronization" time="29.322" classname="sailpoint.api.ProvisioningTests"/>
  <testcase name="testProvisioningRetries" time="28.508" classname="sailpoint.api.ProvisioningTests"/>
  <testcase name="testDeleteIdentityFromProvisionerNoLinkUpdate" time="28.077" classname="sailpoint.api.ProvisioningTests"/>
  <testcase name="testProvisioningMaintenanceWindow" time="26.533" classname="sailpoint.api.ProvisioningTests"/>
  <testcase name="checkDuplicateAutoRoleAssignment" time="27.303" classname="sailpoint.api.ProvisioningTests"/>
  <testcase name="testGroupProvisioning" time="29.423" classname="sailpoint.api.ProvisioningTests"/>
  <testcase name="testDynamicFields" time="27.322" classname="sailpoint.api.ProvisioningTests"/>
  <testcase name="testNonUniqueExceptionOnRoleAssignment" time="27.528" classname="sailpoint.api.ProvisioningTests"/>
  <testcase name="testRequestExpansion" time="26.767" classname="sailpoint.api.ProvisioningTests"/>
  <testcase name="testPlanCompileBug27605" time="27.129" classname="sailpoint.api.ProvisioningTests"/>
  <testcase name="testDuplicateAccountRole" time="27.533" classname="sailpoint.api.ProvisioningTests"/>
  <testcase name="testPermissionRequestForTargetCollector" time="27.768" classname="sailpoint.api.ProvisioningTests"/>
  <testcase name="testDuplicateTicketInCertification" time="26.931" classname="sailpoint.api.ProvisioningTests"/>
  <testcase name="testConnectorNameMapping" time="32.684" classname="sailpoint.api.ProvisioningTests"/>
  <testcase name="testProjectAttributeOverrideMethods" time="26.453" classname="sailpoint.api.ProvisioningTests"/>
  <testcase name="testMissingExpansionItem" time="27.921" classname="sailpoint.api.ProvisioningTests"/>
  <testcase name="testDeleteIdentityFromPlanNoLinkUpdate" time="27.658" classname="sailpoint.api.ProvisioningTests"/>
  <testcase name="testProvisioningWorkflowRetries" time="32.631" classname="sailpoint.api.ProvisioningTests"/>
  <testcase name="testLazyInitialization" time="31.639" classname="sailpoint.api.ProvisioningTests"/>
  <testcase name="testDeleteIdentityFromProvisioner" time="26.859" classname="sailpoint.api.ProvisioningTests"/>
  <testcase name="testBuildAccountRequestWithPermissions" time="27.351" classname="sailpoint.api.ProvisioningTests"/>
  <testcase name="testPermissionRequestExecution" time="27.490" classname="sailpoint.api.ProvisioningTests"/>
  <testcase name="testAutomatedAssignmentForm" time="30.927" classname="sailpoint.api.ProvisioningTests"/>
  <testcase name="testValueNormalization" time="28.313" classname="sailpoint.api.ProvisioningTests"/>
  <testcase name="testAttributeSyncWithAccountCreation" time="27.760" classname="sailpoint.api.ProvisioningTests"/>
  <testcase name="testPlanFilterDuplicateAttributeRequests" time="28.370" classname="sailpoint.api.ProvisioningTests"/>
  <testcase name="testIdentityEditAttributeSynchronization" time="28.298" classname="sailpoint.api.ProvisioningTests"/>
  <testcase name="testManualAssignmentForm" time="28.025" classname="sailpoint.api.ProvisioningTests"/>
  <testcase name="testProvisioningRefresh" time="29.430" classname="sailpoint.api.ProvisioningTests"/>
  <testcase name="testProvisioningResults" time="27.633" classname="sailpoint.api.ProvisioningTests"/>
  <testcase name="testAttributeSynchronizationNullValues" time="26.263" classname="sailpoint.api.ProvisioningTests"/>
  <testcase name="testLinkEditPlans" time="28.271" classname="sailpoint.api.ProvisioningTests"/>
  <testcase name="testDisabledRoleRecon" time="30.594" classname="sailpoint.api.ProvisioningTests"/>
  <testcase name="testFieldDependencies" time="27.830" classname="sailpoint.api.ProvisioningTests"/>
  <testcase name="testMultiTicketTrueAndGroupByAppCase2" time="29.592" classname="sailpoint.api.ProvisioningTests"/>
  <testcase name="testMaintenanceWindowTaskResult" time="24.517" classname="sailpoint.api.ProvisioningTests"/>
  <testcase name="testDeleteIdentityFromPlan" time="27.089" classname="sailpoint.api.ProvisioningTests"/>
  <testcase name="testAccountCreationTemplate" time="27.106" classname="sailpoint.api.ProvisioningTests"/>
  <testcase name="testGroupProvisioningWithClassification" time="27.630" classname="sailpoint.api.ProvisioningTests"/>
  <testcase name="testBuildAccountRequestWithoutPermissions" time="27.809" classname="sailpoint.api.ProvisioningTests"/>
  <testcase name="testGroupNoProvisioningArgument" time="27.879" classname="sailpoint.api.ProvisioningTests"/>
  <testcase name="testUpdatePolicyAttributeSynchronization" time="27.264" classname="sailpoint.api.ProvisioningTests"/>
  <testcase name="testMultiTicketTrueAndGroupByAppCase1" time="26.977" classname="sailpoint.api.ProvisioningTests"/>
  <testcase name="testProvisionNoFeatureString" time="27.952" classname="sailpoint.api.ProvisioningTests"/>
  <testcase name="testMultiAccountCompilation" time="26.792" classname="sailpoint.api.ProvisioningTests"/>
  <testcase name="testPermissionProvisioningFeatures" time="23.521" classname="sailpoint.api.ProvisioningTests"/>
</testsuite> <!-- sailpoint.api.ProvisioningTests -->
