<?xml version="1.0" encoding="UTF-8"?>
<!-- Generated by org.testng.reporters.JUnitReportReporter -->
<testsuite skipped="0" hostname="sunfish.sailpoint.com" name="sailpoint.api.certification.ManagerCertificationPartitionerTests" tests="10" failures="0" timestamp="11 May 2021 16:09:47 GMT" time="14.811" errors="0">
  <testcase name="launchPartitionedTaskExecutorTaskDefault" time="2.029" classname="sailpoint.api.certification.ManagerCertificationPartitionerTests"/>
  <testcase name="defaultPartitionWithNoSubordinates" time="0.225" classname="sailpoint.api.certification.ManagerCertificationPartitionerTests"/>
  <testcase name="partitionWithSubordinatesWithTwoPartitions" time="0.355" classname="sailpoint.api.certification.ManagerCertificationPartitionerTests"/>
  <testcase name="launchPartitionedTaskExecutorTaskTwoPartitions" time="2.479" classname="sailpoint.api.certification.ManagerCertificationPartitionerTests"/>
  <testcase name="abortOnException" time="2.216" classname="sailpoint.api.certification.ManagerCertificationPartitionerTests"/>
  <testcase name="partitionRequestExecutorFlatten" time="0.167" classname="sailpoint.api.certification.ManagerCertificationPartitionerTests"/>
  <testcase name="defaultPartitionWithSubordinates" time="0.114" classname="sailpoint.api.certification.ManagerCertificationPartitionerTests"/>
  <testcase name="abortOnTerminate" time="7.119" classname="sailpoint.api.certification.ManagerCertificationPartitionerTests"/>
  <testcase name="partitionWithSubordinatesWithThreePartitions" time="0.020" classname="sailpoint.api.certification.ManagerCertificationPartitionerTests"/>
  <testcase name="partitionRequestExecutor" time="0.087" classname="sailpoint.api.certification.ManagerCertificationPartitionerTests"/>
</testsuite> <!-- sailpoint.api.certification.ManagerCertificationPartitionerTests -->
