<?xml version="1.0" encoding="UTF-8"?>
<!-- Generated by org.testng.reporters.JUnitReportReporter -->
<testsuite skipped="0" hostname="sunfish.sailpoint.com" name="sailpoint.web.util.WebUtilTests" tests="8" failures="0" timestamp="11 May 2021 16:09:47 GMT" time="0.529" errors="0">
  <testcase name="testSimpleJSONKeyValue" time="0.004" classname="sailpoint.web.util.WebUtilTests"/>
  <testcase name="testHtmlSanitizerPolicyDefault" time="0.088" classname="sailpoint.web.util.WebUtilTests"/>
  <testcase name="testHtmlSanitizerPolicyConfigured" time="0.157" classname="sailpoint.web.util.WebUtilTests"/>
  <testcase name="testStripHtml" time="0.089" classname="sailpoint.web.util.WebUtilTests"/>
  <testcase name="testSafeHTML" time="0.015" classname="sailpoint.web.util.WebUtilTests"/>
  <testcase name="testBuildCSVFieldEscapesExcelFormulaInjection" time="0.001" classname="sailpoint.web.util.WebUtilTests"/>
  <testcase name="testGetResultLimit" time="0.175" classname="sailpoint.web.util.WebUtilTests"/>
  <testcase name="testGetRedirectURL" time="0.000" classname="sailpoint.web.util.WebUtilTests"/>
</testsuite> <!-- sailpoint.web.util.WebUtilTests -->
