<?xml version="1.0" encoding="UTF-8"?>
<!-- Generated by org.testng.reporters.JUnitReportReporter -->
<testsuite skipped="0" hostname="sunfish.sailpoint.com" name="sailpoint.alert.AlertProcessorTests" tests="5" failures="0" timestamp="11 May 2021 16:09:47 GMT" time="6.248" errors="0">
  <testcase name="testPartitionedProcess" time="6.047" classname="sailpoint.alert.AlertProcessorTests"/>
  <testcase name="testProcess" time="0.039" classname="sailpoint.alert.AlertProcessorTests"/>
  <testcase name="testDefinitionWithNotification" time="0.074" classname="sailpoint.alert.AlertProcessorTests"/>
  <testcase name="testDefinitionExceptionWithNotification" time="0.070" classname="sailpoint.alert.AlertProcessorTests"/>
  <testcase name="testDisabledDefinition" time="0.018" classname="sailpoint.alert.AlertProcessorTests"/>
</testsuite> <!-- sailpoint.alert.AlertProcessorTests -->
