<?xml version="1.0" encoding="UTF-8"?>
<!-- Generated by org.testng.reporters.JUnitReportReporter -->
<testsuite skipped="0" hostname="sunfish.sailpoint.com" name="sailpoint.workflow.MFALibraryTest" tests="20" failures="0" timestamp="11 May 2021 16:09:46 GMT" time="0.009" errors="0">
  <testcase name="testResponseToMethodNull" time="0.000" classname="sailpoint.workflow.MFALibraryTest"/>
  <testcase name="testResponseToDevice" time="0.000" classname="sailpoint.workflow.MFALibraryTest"/>
  <testcase name="testGetNativeUserIdNoArgs" time="0.000" classname="sailpoint.workflow.MFALibraryTest"/>
  <testcase name="testGetNativeUserIdNoAccount" time="0.002" classname="sailpoint.workflow.MFALibraryTest"/>
  <testcase name="testResponseToMethodNullSelectedDevice" time="0.000" classname="sailpoint.workflow.MFALibraryTest"/>
  <testcase name="testResponseToMethodNull" time="0.000" classname="sailpoint.workflow.MFALibraryTest"/>
  <testcase name="testResponseToDeviceNoDevices" time="0.000" classname="sailpoint.workflow.MFALibraryTest"/>
  <testcase name="testResponseToDeviceInvalidJSON" time="0.000" classname="sailpoint.workflow.MFALibraryTest"/>
  <testcase name="testGetNativeUserId" time="0.003" classname="sailpoint.workflow.MFALibraryTest"/>
  <testcase name="testGetDuoCredentialsNotFound" time="0.002" classname="sailpoint.workflow.MFALibraryTest"/>
  <testcase name="testResponseToMethodInvalidJSON" time="0.000" classname="sailpoint.workflow.MFALibraryTest"/>
  <testcase name="testGetDuoCredentials" time="0.001" classname="sailpoint.workflow.MFALibraryTest"/>
  <testcase name="testResponseToDeviceNull" time="0.000" classname="sailpoint.workflow.MFALibraryTest"/>
  <testcase name="testResponseToMethodNull" time="0.000" classname="sailpoint.workflow.MFALibraryTest"/>
  <testcase name="testResponseToMethodNoDevices" time="0.000" classname="sailpoint.workflow.MFALibraryTest"/>
  <testcase name="testGetDuoCredentialsNullVariable" time="0.000" classname="sailpoint.workflow.MFALibraryTest"/>
  <testcase name="testResponseToDeviceNull" time="0.000" classname="sailpoint.workflow.MFALibraryTest"/>
  <testcase name="testResponseToMethodWithSMS" time="0.000" classname="sailpoint.workflow.MFALibraryTest"/>
  <testcase name="testResponseToDeviceNull" time="0.000" classname="sailpoint.workflow.MFALibraryTest"/>
  <testcase name="testResponseToMethod" time="0.001" classname="sailpoint.workflow.MFALibraryTest"/>
</testsuite> <!-- sailpoint.workflow.MFALibraryTest -->
