<?xml version="1.0" encoding="UTF-8"?>
<!-- Generated by org.testng.reporters.JUnitReportReporter -->
<testsuite skipped="0" hostname="sunfish.sailpoint.com" name="sailpoint.transformer.LinkTransformerTests" tests="11" failures="0" timestamp="11 May 2021 16:09:47 GMT" time="98.746" errors="0">
  <testcase name="testModelToProvisioningPlan" time="4.916" classname="sailpoint.transformer.LinkTransformerTests"/>
  <testcase name="testNewLinkToPlan" time="6.559" classname="sailpoint.transformer.LinkTransformerTests"/>
  <testcase name="testDisable" time="9.798" classname="sailpoint.transformer.LinkTransformerTests"/>
  <testcase name="testLinkToModel" time="7.704" classname="sailpoint.transformer.LinkTransformerTests"/>
  <testcase name="testOpOverride" time="7.786" classname="sailpoint.transformer.LinkTransformerTests"/>
  <testcase name="testExampleWorkflowEditExistingLink" time="14.855" classname="sailpoint.transformer.LinkTransformerTests"/>
  <testcase name="testIncrementalChanges" time="8.437" classname="sailpoint.transformer.LinkTransformerTests"/>
  <testcase name="testExampleWorkflowNewLink" time="15.622" classname="sailpoint.transformer.LinkTransformerTests"/>
  <testcase name="testDelete" time="5.580" classname="sailpoint.transformer.LinkTransformerTests"/>
  <testcase name="testModelToPlanNulls" time="9.380" classname="sailpoint.transformer.LinkTransformerTests"/>
  <testcase name="testNoChanges" time="8.109" classname="sailpoint.transformer.LinkTransformerTests"/>
</testsuite> <!-- sailpoint.transformer.LinkTransformerTests -->
