<?xml version="1.0" encoding="UTF-8"?>
<!-- Generated by org.testng.reporters.JUnitReportReporter -->
<testsuite skipped="0" hostname="sunfish.sailpoint.com" name="sailpoint.rest.ServerStatisticListResourceTest" tests="6" failures="0" timestamp="11 May 2021 16:09:47 GMT" time="0.550" errors="0">
  <testcase name="testFilterByServer" time="0.043" classname="sailpoint.rest.ServerStatisticListResourceTest"/>
  <testcase name="testAuthorization" time="0.146" classname="sailpoint.rest.ServerStatisticListResourceTest"/>
  <testcase name="testPaging" time="0.227" classname="sailpoint.rest.ServerStatisticListResourceTest"/>
  <testcase name="testSortByName" time="0.036" classname="sailpoint.rest.ServerStatisticListResourceTest"/>
  <testcase name="testFilterByStats" time="0.071" classname="sailpoint.rest.ServerStatisticListResourceTest"/>
  <testcase name="testGetServerStatistics" time="0.027" classname="sailpoint.rest.ServerStatisticListResourceTest"/>
</testsuite> <!-- sailpoint.rest.ServerStatisticListResourceTest -->
