<?xml version="1.0" encoding="UTF-8"?>
<!-- Generated by org.testng.reporters.JUnitReportReporter -->
<testsuite skipped="0" hostname="sunfish.sailpoint.com" name="sailpoint.rest.TaskResultsResourceTest" tests="4" failures="0" timestamp="11 May 2021 16:09:47 GMT" time="1.248" errors="0">
  <testcase name="testGetTabCounts" time="0.033" classname="sailpoint.rest.TaskResultsResourceTest"/>
  <testcase name="testAuthorization" time="0.183" classname="sailpoint.rest.TaskResultsResourceTest"/>
  <testcase name="testSuggest" time="0.204" classname="sailpoint.rest.TaskResultsResourceTest"/>
  <testcase name="testList" time="0.828" classname="sailpoint.rest.TaskResultsResourceTest"/>
</testsuite> <!-- sailpoint.rest.TaskResultsResourceTest -->
