<?xml version="1.0" encoding="UTF-8"?>
<!-- Generated by org.testng.reporters.JUnitReportReporter -->
<testsuite skipped="0" hostname="sunfish.sailpoint.com" name="sailpoint.service.pam.ContainerIdentityPermissionListServiceTests" tests="4" failures="0" timestamp="11 May 2021 16:09:47 GMT" time="0.128" errors="0">
  <testcase name="testGetPermissions" time="0.041" classname="sailpoint.service.pam.ContainerIdentityPermissionListServiceTests"/>
  <testcase name="testGetPermissionsGrantedFromExternalAccount" time="0.050" classname="sailpoint.service.pam.ContainerIdentityPermissionListServiceTests"/>
  <testcase name="createPermissionDTOs" time="0.024" classname="sailpoint.service.pam.ContainerIdentityPermissionListServiceTests"/>
  <testcase name="testGetPermissionsGrantedFromExternalGroup" time="0.013" classname="sailpoint.service.pam.ContainerIdentityPermissionListServiceTests"/>
</testsuite> <!-- sailpoint.service.pam.ContainerIdentityPermissionListServiceTests -->
