<?xml version="1.0" encoding="UTF-8"?>
<!-- Generated by org.testng.reporters.JUnitReportReporter -->
<testsuite skipped="0" hostname="sunfish.sailpoint.com" name="sailpoint.service.identity.DirectReportServiceTests" tests="7" failures="0" timestamp="11 May 2021 16:09:47 GMT" time="0.190" errors="0">
  <testcase name="testGetReportsSelfServiceQuickLinks" time="0.021" classname="sailpoint.service.identity.DirectReportServiceTests"/>
  <testcase name="testGetReportsQuery" time="0.031" classname="sailpoint.service.identity.DirectReportServiceTests"/>
  <testcase name="testGetReportsNoQuickLinks" time="0.020" classname="sailpoint.service.identity.DirectReportServiceTests"/>
  <testcase name="testGetReportsNonManager" time="0.003" classname="sailpoint.service.identity.DirectReportServiceTests"/>
  <testcase name="testGetReportsNoDynamicScopes" time="0.002" classname="sailpoint.service.identity.DirectReportServiceTests"/>
  <testcase name="testGetReportsPagination" time="0.058" classname="sailpoint.service.identity.DirectReportServiceTests"/>
  <testcase name="testGetReportsDifferingActionsAndPopulations" time="0.055" classname="sailpoint.service.identity.DirectReportServiceTests"/>
</testsuite> <!-- sailpoint.service.identity.DirectReportServiceTests -->
