<?xml version="1.0" encoding="UTF-8"?>
<!-- Generated by org.testng.reporters.JUnitReportReporter -->
<testsuite skipped="0" hostname="sunfish.sailpoint.com" name="sailpoint.rest.ui.ConfigResourceTests" tests="8" failures="0" timestamp="11 May 2021 16:09:46 GMT" time="0.425" errors="0">
  <testcase name="testAuthorizedPut" time="0.067" classname="sailpoint.rest.ui.ConfigResourceTests"/>
  <testcase name="testAuthorizedPatch" time="0.064" classname="sailpoint.rest.ui.ConfigResourceTests"/>
  <testcase name="testNotAuthorizedPatch" time="0.037" classname="sailpoint.rest.ui.ConfigResourceTests"/>
  <testcase name="testAuthorizedGet" time="0.076" classname="sailpoint.rest.ui.ConfigResourceTests"/>
  <testcase name="testNotAuthorizedTest" time="0.035" classname="sailpoint.rest.ui.ConfigResourceTests"/>
  <testcase name="testNotAuthorizedGet" time="0.036" classname="sailpoint.rest.ui.ConfigResourceTests"/>
  <testcase name="testAuthorizedTest" time="0.073" classname="sailpoint.rest.ui.ConfigResourceTests"/>
  <testcase name="testNotAuthorizedPut" time="0.037" classname="sailpoint.rest.ui.ConfigResourceTests"/>
</testsuite> <!-- sailpoint.rest.ui.ConfigResourceTests -->
