<?xml version="1.0" encoding="UTF-8"?>
<!-- Generated by org.testng.reporters.JUnitReportReporter -->
<testsuite skipped="0" hostname="sunfish.sailpoint.com" name="sailpoint.service.pam.ContainerListServiceTests" tests="6" failures="0" timestamp="11 May 2021 16:09:46 GMT" time="0.478" errors="0">
  <testcase name="testGetContainersApplicationrFilter" time="0.148" classname="sailpoint.service.pam.ContainerListServiceTests"/>
  <testcase name="testGetContainersOwnerFilter" time="0.019" classname="sailpoint.service.pam.ContainerListServiceTests"/>
  <testcase name="testGetContainersOrdering" time="0.112" classname="sailpoint.service.pam.ContainerListServiceTests"/>
  <testcase name="testGetContainersLimit" time="0.035" classname="sailpoint.service.pam.ContainerListServiceTests"/>
  <testcase name="testGetContainers" time="0.153" classname="sailpoint.service.pam.ContainerListServiceTests"/>
  <testcase name="testGetContainersSearchTerm" time="0.011" classname="sailpoint.service.pam.ContainerListServiceTests"/>
</testsuite> <!-- sailpoint.service.pam.ContainerListServiceTests -->
