<?xml version="1.0" encoding="UTF-8"?>
<!-- Generated by org.testng.reporters.JUnitReportReporter -->
<testsuite skipped="0" hostname="sunfish.sailpoint.com" name="sailpoint.service.scim.UnlockOperationSetterTest" tests="4" failures="0" timestamp="11 May 2021 16:09:47 GMT" time="0.006" errors="0">
  <testcase name="testSetterKeepsLocked" time="0.002" classname="sailpoint.service.scim.UnlockOperationSetterTest"/>
  <testcase name="testSetterUnlocks" time="0.001" classname="sailpoint.service.scim.UnlockOperationSetterTest"/>
  <testcase name="testSetterKeepsUnlocked" time="0.001" classname="sailpoint.service.scim.UnlockOperationSetterTest"/>
  <testcase name="testSetterIgnoresLockRequest" time="0.002" classname="sailpoint.service.scim.UnlockOperationSetterTest"/>
</testsuite> <!-- sailpoint.service.scim.UnlockOperationSetterTest -->
