<?xml version="1.0" encoding="UTF-8"?>
<!-- Generated by org.testng.reporters.JUnitReportReporter -->
<testsuite skipped="0" hostname="sunfish.sailpoint.com" name="sailpoint.rest.TabStateResourceTest" tests="1" failures="0" timestamp="11 May 2021 16:09:47 GMT" time="0.094" errors="0">
  <testcase name="testUpdateSession" time="0.094" classname="sailpoint.rest.TabStateResourceTest"/>
</testsuite> <!-- sailpoint.rest.TabStateResourceTest -->
