<?xml version="1.0" encoding="UTF-8"?>
<!-- Generated by org.testng.reporters.JUnitReportReporter -->
<testsuite skipped="0" hostname="sunfish.sailpoint.com" name="sailpoint.integration.rest.PasswordServiceDelegateTests" tests="2" failures="0" timestamp="11 May 2021 16:09:47 GMT" time="0.111" errors="0">
  <testcase name="checkPasswordWithNoIdentity" time="0.000" classname="sailpoint.integration.rest.PasswordServiceDelegateTests"/>
  <testcase name="checkPasswordWithMinLength" time="0.111" classname="sailpoint.integration.rest.PasswordServiceDelegateTests"/>
</testsuite> <!-- sailpoint.integration.rest.PasswordServiceDelegateTests -->
