<?xml version="1.0" encoding="UTF-8"?>
<!-- Generated by org.testng.reporters.JUnitReportReporter -->
<testsuite skipped="0" hostname="sunfish.sailpoint.com" name="sailpoint.service.certification.CertificationEntityListFilterContextTests" tests="19" failures="0" timestamp="11 May 2021 16:09:47 GMT" time="0.313" errors="0">
  <testcase name="testUnhandledNullFilter" time="0.001" classname="sailpoint.service.certification.CertificationEntityListFilterContextTests"/>
  <testcase name="testRoleFilter" time="0.002" classname="sailpoint.service.certification.CertificationEntityListFilterContextTests"/>
  <testcase name="testAdditionalEntitlementFilters" time="0.180" classname="sailpoint.service.certification.CertificationEntityListFilterContextTests"/>
  <testcase name="testGetFilterObjectAttributesCertificationConfiguration" time="0.004" classname="sailpoint.service.certification.CertificationEntityListFilterContextTests"/>
  <testcase name="testTypeFilter" time="0.000" classname="sailpoint.service.certification.CertificationEntityListFilterContextTests"/>
  <testcase name="testConvertFilterAdditionalEntitlement" time="0.002" classname="sailpoint.service.certification.CertificationEntityListFilterContextTests"/>
  <testcase name="testConvertFilterForItemType" time="0.001" classname="sailpoint.service.certification.CertificationEntityListFilterContextTests"/>
  <testcase name="testSummaryStatusFilter" time="0.001" classname="sailpoint.service.certification.CertificationEntityListFilterContextTests"/>
  <testcase name="testGetFilterObjectAttributesSystemConfiguration" time="0.105" classname="sailpoint.service.certification.CertificationEntityListFilterContextTests"/>
  <testcase name="testIdentityTypeLabel" time="0.001" classname="sailpoint.service.certification.CertificationEntityListFilterContextTests"/>
  <testcase name="testIdentityTopLevelFiltersNoConfiguration" time="0.002" classname="sailpoint.service.certification.CertificationEntityListFilterContextTests"/>
  <testcase name="testClassificationsFilter" time="0.001" classname="sailpoint.service.certification.CertificationEntityListFilterContextTests"/>
  <testcase name="testUnhandledValueFilter" time="0.000" classname="sailpoint.service.certification.CertificationEntityListFilterContextTests"/>
  <testcase name="testConvertFilterSingleValue" time="0.001" classname="sailpoint.service.certification.CertificationEntityListFilterContextTests"/>
  <testcase name="testUnhandledJoinFilter" time="0.002" classname="sailpoint.service.certification.CertificationEntityListFilterContextTests"/>
  <testcase name="testDataRoleComp" time="0.001" classname="sailpoint.service.certification.CertificationEntityListFilterContextTests"/>
  <testcase name="testEntitlementTopLevelFiltersNoConfiguration" time="0.003" classname="sailpoint.service.certification.CertificationEntityListFilterContextTests"/>
  <testcase name="testConfigureSuggestWithFilterString" time="0.001" classname="sailpoint.service.certification.CertificationEntityListFilterContextTests"/>
  <testcase name="testChangesDetectedFilter" time="0.005" classname="sailpoint.service.certification.CertificationEntityListFilterContextTests"/>
</testsuite> <!-- sailpoint.service.certification.CertificationEntityListFilterContextTests -->
