<?xml version="1.0" encoding="UTF-8"?>
<!-- Generated by org.testng.reporters.JUnitReportReporter -->
<testsuite skipped="0" hostname="sunfish.sailpoint.com" name="sailpoint.service.ApprovalListServiceTests" tests="10" failures="0" timestamp="11 May 2021 16:09:47 GMT" time="44.565" errors="0">
  <testcase name="testGetApprovalByNonOwner" time="4.407" classname="sailpoint.service.ApprovalListServiceTests"/>
  <testcase name="testGetApproval" time="4.913" classname="sailpoint.service.ApprovalListServiceTests"/>
  <testcase name="testGetApprovalsPagination" time="4.473" classname="sailpoint.service.ApprovalListServiceTests"/>
  <testcase name="testGetApprovalsObjects" time="4.184" classname="sailpoint.service.ApprovalListServiceTests"/>
  <testcase name="testGetApprovalThrowsWithInvalidID" time="4.217" classname="sailpoint.service.ApprovalListServiceTests"/>
  <testcase name="testGetApprovalsFiltering" time="4.427" classname="sailpoint.service.ApprovalListServiceTests"/>
  <testcase name="testGetApprovalConfigDTO" time="4.526" classname="sailpoint.service.ApprovalListServiceTests"/>
  <testcase name="testGetApprovalsSorting" time="4.621" classname="sailpoint.service.ApprovalListServiceTests"/>
  <testcase name="testGetApprovalsSearch" time="4.381" classname="sailpoint.service.ApprovalListServiceTests"/>
  <testcase name="testApprovalsCount" time="4.416" classname="sailpoint.service.ApprovalListServiceTests"/>
</testsuite> <!-- sailpoint.service.ApprovalListServiceTests -->
