<?xml version="1.0" encoding="UTF-8"?>
<!-- Generated by org.testng.reporters.JUnitReportReporter -->
<testsuite skipped="0" hostname="sunfish.sailpoint.com" name="sailpoint.api.certification.CertificationLockingTests" tests="6" failures="0" timestamp="11 May 2021 16:09:47 GMT" time="27.273" errors="0">
  <testcase name="testNotLockAfterReassign" time="3.329" classname="sailpoint.api.certification.CertificationLockingTests"/>
  <testcase name="testConcurrentSignReassign" time="5.574" classname="sailpoint.api.certification.CertificationLockingTests"/>
  <testcase name="testConcurrentSignReassign" time="5.083" classname="sailpoint.api.certification.CertificationLockingTests"/>
  <testcase name="lockedCertPhaseContinue" time="2.874" classname="sailpoint.api.certification.CertificationLockingTests"/>
  <testcase name="testConcurrentSignReassign" time="5.368" classname="sailpoint.api.certification.CertificationLockingTests"/>
  <testcase name="certificationDecisionerLockTest" time="5.045" classname="sailpoint.api.certification.CertificationLockingTests"/>
</testsuite> <!-- sailpoint.api.certification.CertificationLockingTests -->
