<?xml version="1.0" encoding="UTF-8"?>
<!-- Generated by org.testng.reporters.JUnitReportReporter -->
<testsuite skipped="0" hostname="sunfish.sailpoint.com" name="sailpoint.service.form.renderer.extjs.FormRendererTests" tests="4" failures="0" timestamp="11 May 2021 16:09:47 GMT" time="0.004" errors="0">
  <testcase name="testCreateSectionDTO" time="0.001" classname="sailpoint.service.form.renderer.extjs.FormRendererTests"/>
  <testcase name="testCreateFormItemDTO" time="0.000" classname="sailpoint.service.form.renderer.extjs.FormRendererTests"/>
  <testcase name="testObjectSuggestParams" time="0.002" classname="sailpoint.service.form.renderer.extjs.FormRendererTests"/>
  <testcase name="testCreateDTO" time="0.001" classname="sailpoint.service.form.renderer.extjs.FormRendererTests"/>
</testsuite> <!-- sailpoint.service.form.renderer.extjs.FormRendererTests -->
