<?xml version="1.0" encoding="UTF-8"?>
<!-- Generated by org.testng.reporters.JUnitReportReporter -->
<testsuite skipped="0" hostname="sunfish.sailpoint.com" name="sailpoint.persistence.HibernatePersistenceManagerTests" tests="17" failures="0" timestamp="11 May 2021 16:09:47 GMT" time="5.010" errors="0">
  <testcase name="testMultipleObjects" time="0.027" classname="sailpoint.persistence.HibernatePersistenceManagerTests"/>
  <testcase name="testCaseInsensitiveOrdering" time="0.014" classname="sailpoint.persistence.HibernatePersistenceManagerTests"/>
  <testcase name="testJoin" time="0.437" classname="sailpoint.persistence.HibernatePersistenceManagerTests"/>
  <testcase name="testAggregateQueries" time="0.049" classname="sailpoint.persistence.HibernatePersistenceManagerTests"/>
  <testcase name="readDefaultLongLockTimeout" time="0.389" classname="sailpoint.persistence.HibernatePersistenceManagerTests"/>
  <testcase name="testCollectionCondition" time="0.741" classname="sailpoint.persistence.HibernatePersistenceManagerTests"/>
  <testcase name="testLeftJoin" time="0.366" classname="sailpoint.persistence.HibernatePersistenceManagerTests"/>
  <testcase name="testLikeQuery" time="0.045" classname="sailpoint.persistence.HibernatePersistenceManagerTests"/>
  <testcase name="testSubquery" time="1.124" classname="sailpoint.persistence.HibernatePersistenceManagerTests"/>
  <testcase name="testStringEscape" time="0.329" classname="sailpoint.persistence.HibernatePersistenceManagerTests"/>
  <testcase name="testSecondaryCache" time="0.018" classname="sailpoint.persistence.HibernatePersistenceManagerTests"/>
  <testcase name="previousLockingBehaviorWithoutParams" time="0.293" classname="sailpoint.persistence.HibernatePersistenceManagerTests"/>
  <testcase name="testIdQueries" time="0.470" classname="sailpoint.persistence.HibernatePersistenceManagerTests"/>
  <testcase name="defaultLockingBehaviorWithParams" time="0.155" classname="sailpoint.persistence.HibernatePersistenceManagerTests"/>
  <testcase name="lockWithTime" time="0.198" classname="sailpoint.persistence.HibernatePersistenceManagerTests"/>
  <testcase name="testLargeInQuery" time="0.304" classname="sailpoint.persistence.HibernatePersistenceManagerTests"/>
  <testcase name="optimizeBigInQuery" time="0.051" classname="sailpoint.persistence.HibernatePersistenceManagerTests"/>
</testsuite> <!-- sailpoint.persistence.HibernatePersistenceManagerTests -->
