<?xml version="1.0" encoding="UTF-8"?>
<!-- Generated by org.testng.reporters.JUnitReportReporter -->
<testsuite skipped="0" hostname="sunfish.sailpoint.com" name="sailpoint.object.AttributesTests" tests="2" failures="0" timestamp="11 May 2021 16:09:47 GMT" time="0.004" errors="0">
  <testcase name="testSetAttributesOnObject" time="0.001" classname="sailpoint.object.AttributesTests"/>
  <testcase name="testGetAttributesFromObject" time="0.003" classname="sailpoint.object.AttributesTests"/>
</testsuite> <!-- sailpoint.object.AttributesTests -->
