<?xml version="1.0" encoding="UTF-8"?>
<!-- Generated by org.testng.reporters.JUnitReportReporter -->
<testsuite skipped="0" hostname="sunfish.sailpoint.com" name="sailpoint.pam.scimBridge.service.SchemaServiceTests" tests="4" failures="0" timestamp="11 May 2021 16:09:47 GMT" time="0.077" errors="0">
  <testcase name="testGetSchema" time="0.017" classname="sailpoint.pam.scimBridge.service.SchemaServiceTests"/>
  <testcase name="testObjectNotFoundThrownForIIQSchema" time="0.017" classname="sailpoint.pam.scimBridge.service.SchemaServiceTests"/>
  <testcase name="testObjectNotFoundThrownForBogusSchema" time="0.015" classname="sailpoint.pam.scimBridge.service.SchemaServiceTests"/>
  <testcase name="getSchemasReturnsAllSchemas" time="0.028" classname="sailpoint.pam.scimBridge.service.SchemaServiceTests"/>
</testsuite> <!-- sailpoint.pam.scimBridge.service.SchemaServiceTests -->
