<?xml version="1.0" encoding="UTF-8"?>
<!-- Generated by org.testng.reporters.JUnitReportReporter -->
<testsuite skipped="0" hostname="sunfish.sailpoint.com" name="sailpoint.tools.DescriberTests" tests="5" failures="0" timestamp="11 May 2021 16:09:47 GMT" time="1.763" errors="0">
  <testcase name="testSaveLocalizedAttributes" time="0.322" classname="sailpoint.tools.DescriberTests"/>
  <testcase name="testSetDefaultDescription" time="0.256" classname="sailpoint.tools.DescriberTests"/>
  <testcase name="testUpdateDescription" time="0.620" classname="sailpoint.tools.DescriberTests"/>
  <testcase name="testAddDescriptions" time="0.239" classname="sailpoint.tools.DescriberTests"/>
  <testcase name="testRemoveDescription" time="0.326" classname="sailpoint.tools.DescriberTests"/>
</testsuite> <!-- sailpoint.tools.DescriberTests -->
