<?xml version="1.0" encoding="UTF-8"?>
<!-- Generated by org.testng.reporters.JUnitReportReporter -->
<testsuite skipped="0" hostname="sunfish.sailpoint.com" name="sailpoint.connector.RuleBasedFileParsingTests" tests="8" failures="0" timestamp="11 May 2021 16:09:46 GMT" time="0.588" errors="0">
  <testcase name="testTestConfiguration" time="0.010" classname="sailpoint.connector.RuleBasedFileParsingTests"/>
  <testcase name="testFetchNonExistingObject" time="0.033" classname="sailpoint.connector.RuleBasedFileParsingTests"/>
  <testcase name="testSchemaAttributeFiltering" time="0.013" classname="sailpoint.connector.RuleBasedFileParsingTests"/>
  <testcase name="testCreateDefaultApplication" time="0.365" classname="sailpoint.connector.RuleBasedFileParsingTests"/>
  <testcase name="testGetObject" time="0.036" classname="sailpoint.connector.RuleBasedFileParsingTests"/>
  <testcase name="testIterateObjects" time="0.012" classname="sailpoint.connector.RuleBasedFileParsingTests"/>
  <testcase name="testDelimitedPartitioning" time="0.103" classname="sailpoint.connector.RuleBasedFileParsingTests"/>
  <testcase name="testNegativeIterateObjects" time="0.016" classname="sailpoint.connector.RuleBasedFileParsingTests"/>
</testsuite> <!-- sailpoint.connector.RuleBasedFileParsingTests -->
