<?xml version="1.0" encoding="UTF-8"?>
<!-- Generated by org.testng.reporters.JUnitReportReporter -->
<testsuite skipped="0" hostname="sunfish.sailpoint.com" name="sailpoint.web.accessrequest.AccessRequestTests" tests="8" failures="0" timestamp="11 May 2021 16:09:46 GMT" time="5.040" errors="0">
  <testcase name="testConstructor" time="0.541" classname="sailpoint.web.accessrequest.AccessRequestTests"/>
  <testcase name="testConstructorWithEmptyData" time="0.657" classname="sailpoint.web.accessrequest.AccessRequestTests"/>
  <testcase name="testConstructorWithoutPrioriity" time="0.935" classname="sailpoint.web.accessrequest.AccessRequestTests"/>
  <testcase name="testConstructorWithMissingId" time="0.558" classname="sailpoint.web.accessrequest.AccessRequestTests"/>
  <testcase name="testGetAccountSelections" time="0.655" classname="sailpoint.web.accessrequest.AccessRequestTests"/>
  <testcase name="testConstructorWithPartialData" time="0.562" classname="sailpoint.web.accessrequest.AccessRequestTests"/>
  <testcase name="testConstructorWithMissingItems" time="0.528" classname="sailpoint.web.accessrequest.AccessRequestTests"/>
  <testcase name="testConstructorWithNullData" time="0.604" classname="sailpoint.web.accessrequest.AccessRequestTests"/>
</testsuite> <!-- sailpoint.web.accessrequest.AccessRequestTests -->
