<?xml version="1.0" encoding="UTF-8"?>
<!-- Generated by org.testng.reporters.JUnitReportReporter -->
<testsuite skipped="0" hostname="sunfish.sailpoint.com" name="sailpoint.api.TerminationTests" tests="9" failures="0" timestamp="11 May 2021 16:09:47 GMT" time="10.409" errors="0">
  <testcase name="testDeleteDynamicScopeRemovesQuickLinkOptions" time="0.920" classname="sailpoint.api.TerminationTests"/>
  <testcase name="testDeletePlugin" time="0.832" classname="sailpoint.api.TerminationTests"/>
  <testcase name="testDeleteIdentityRemovesAlertDefinitionOwner" time="1.008" classname="sailpoint.api.TerminationTests"/>
  <testcase name="testDeleteWorkflow" time="0.906" classname="sailpoint.api.TerminationTests"/>
  <testcase name="testDeleteIdentityRemovesAdministrator" time="1.022" classname="sailpoint.api.TerminationTests"/>
  <testcase name="testDeleteQuickLinkRemovesQuickLinkOptions" time="0.986" classname="sailpoint.api.TerminationTests"/>
  <testcase name="testDeletePluginRemovesPersistedFile" time="1.225" classname="sailpoint.api.TerminationTests"/>
  <testcase name="testDeleteIdentityReferencesFromDynamicScopes" time="1.274" classname="sailpoint.api.TerminationTests"/>
  <testcase name="testDeleteClassification" time="2.236" classname="sailpoint.api.TerminationTests"/>
</testsuite> <!-- sailpoint.api.TerminationTests -->
