<?xml version="1.0" encoding="UTF-8"?>
<!-- Generated by org.testng.reporters.JUnitReportReporter -->
<testsuite skipped="0" hostname="sunfish.sailpoint.com" name="sailpoint.api.certification.BusinessRoleMembershipCertificationTests" tests="11" failures="0" timestamp="11 May 2021 16:09:47 GMT" time="42.394" errors="0">
  <testcase name="testUserWithNoManager" time="2.506" classname="sailpoint.api.certification.BusinessRoleMembershipCertificationTests"/>
  <testcase name="testRoleMembershipSelfCertification" time="2.852" classname="sailpoint.api.certification.BusinessRoleMembershipCertificationTests"/>
  <testcase name="testAssignment" time="8.928" classname="sailpoint.api.certification.BusinessRoleMembershipCertificationTests"/>
  <testcase name="testMultipleDetectionsAndAssignments" time="4.026" classname="sailpoint.api.certification.BusinessRoleMembershipCertificationTests"/>
  <testcase name="testBuildComplexCertification" time="4.757" classname="sailpoint.api.certification.BusinessRoleMembershipCertificationTests"/>
  <testcase name="testManagerlessUsersAndOwnerlessBundle" time="4.185" classname="sailpoint.api.certification.BusinessRoleMembershipCertificationTests"/>
  <testcase name="testIncludesRequiredRolesIfSet" time="3.714" classname="sailpoint.api.certification.BusinessRoleMembershipCertificationTests"/>
  <testcase name="testNoDuplicateCertItems" time="2.515" classname="sailpoint.api.certification.BusinessRoleMembershipCertificationTests"/>
  <testcase name="testOneBundleWithOwnerOneWithout" time="2.600" classname="sailpoint.api.certification.BusinessRoleMembershipCertificationTests"/>
  <testcase name="testSimpleCertification" time="3.583" classname="sailpoint.api.certification.BusinessRoleMembershipCertificationTests"/>
  <testcase name="testNegativeRoleAssignment" time="2.728" classname="sailpoint.api.certification.BusinessRoleMembershipCertificationTests"/>
</testsuite> <!-- sailpoint.api.certification.BusinessRoleMembershipCertificationTests -->
