<?xml version="1.0" encoding="UTF-8"?>
<!-- Generated by org.testng.reporters.JUnitReportReporter -->
<testsuite skipped="0" hostname="sunfish.sailpoint.com" name="sailpoint.api.PolicyTests" tests="13" failures="0" timestamp="11 May 2021 16:09:47 GMT" time="62.213" errors="0">
  <testcase name="accountPolicyWithAndWithoutQuery" time="1.626" classname="sailpoint.api.PolicyTests"/>
  <testcase name="testCustomPolicy" time="10.223" classname="sailpoint.api.PolicyTests"/>
  <testcase name="testSODPolicy" time="3.652" classname="sailpoint.api.PolicyTests"/>
  <testcase name="testPolicyViolationReuse" time="5.920" classname="sailpoint.api.PolicyTests"/>
  <testcase name="testPolicyWorkflow" time="5.840" classname="sailpoint.api.PolicyTests"/>
  <testcase name="testActivityPolicy" time="3.636" classname="sailpoint.api.PolicyTests"/>
  <testcase name="testViolationDetails" time="1.783" classname="sailpoint.api.PolicyTests"/>
  <testcase name="testAccountPolicy" time="5.735" classname="sailpoint.api.PolicyTests"/>
  <testcase name="testPolicyCache" time="10.327" classname="sailpoint.api.PolicyTests"/>
  <testcase name="testRiskPolicy" time="3.919" classname="sailpoint.api.PolicyTests"/>
  <testcase name="testViolationWorkflow" time="1.885" classname="sailpoint.api.PolicyTests"/>
  <testcase name="testPolicyWorkflowWithForwarding" time="5.731" classname="sailpoint.api.PolicyTests"/>
  <testcase name="testEntitlementSODPolicy" time="1.936" classname="sailpoint.api.PolicyTests"/>
</testsuite> <!-- sailpoint.api.PolicyTests -->
