<?xml version="1.0" encoding="UTF-8"?>
<!-- Generated by org.testng.reporters.JUnitReportReporter -->
<testsuite skipped="0" hostname="sunfish.sailpoint.com" name="sailpoint.server.SpringPropertyOverriderTest" tests="5" failures="0" timestamp="11 May 2021 16:09:47 GMT" time="0.016" errors="0">
  <testcase name="testApplyPropertyValue" time="0.001" classname="sailpoint.server.SpringPropertyOverriderTest"/>
  <testcase name="testApplyPropertyValue" time="0.000" classname="sailpoint.server.SpringPropertyOverriderTest"/>
  <testcase name="testApplyPropertyValue" time="0.000" classname="sailpoint.server.SpringPropertyOverriderTest"/>
  <testcase name="testApplyPropertyValue" time="0.000" classname="sailpoint.server.SpringPropertyOverriderTest"/>
  <testcase name="testApplyPropertyValue" time="0.015" classname="sailpoint.server.SpringPropertyOverriderTest"/>
</testsuite> <!-- sailpoint.server.SpringPropertyOverriderTest -->
