<?xml version="1.0" encoding="UTF-8"?>
<!-- Generated by org.testng.reporters.JUnitReportReporter -->
<testsuite skipped="0" hostname="sunfish.sailpoint.com" name="sailpoint.rest.ui.quicklink.IdentitiesResourceTests" tests="6" failures="0" timestamp="11 May 2021 16:09:47 GMT" time="0.357" errors="0">
  <testcase name="testGetNameSearchOne" time="0.036" classname="sailpoint.rest.ui.quicklink.IdentitiesResourceTests"/>
  <testcase name="testGetNameSearchMulti" time="0.047" classname="sailpoint.rest.ui.quicklink.IdentitiesResourceTests"/>
  <testcase name="testGetNameMulti" time="0.038" classname="sailpoint.rest.ui.quicklink.IdentitiesResourceTests"/>
  <testcase name="testGetAvailableActions" time="0.091" classname="sailpoint.rest.ui.quicklink.IdentitiesResourceTests"/>
  <testcase name="testGetIdentitiesColumns" time="0.099" classname="sailpoint.rest.ui.quicklink.IdentitiesResourceTests"/>
  <testcase name="testGetNameOne" time="0.046" classname="sailpoint.rest.ui.quicklink.IdentitiesResourceTests"/>
</testsuite> <!-- sailpoint.rest.ui.quicklink.IdentitiesResourceTests -->
