<?xml version="1.0" encoding="UTF-8"?>
<!-- Generated by org.testng.reporters.JUnitReportReporter -->
<testsuite skipped="0" hostname="sunfish.sailpoint.com" name="sailpoint.pam.scimBridge.service.ServiceProviderConfigServiceTests" tests="4" failures="0" timestamp="11 May 2021 16:09:47 GMT" time="0.006" errors="0">
  <testcase name="testServiceProviderConfigSupportsFilteringWithNoMaxResult" time="0.002" classname="sailpoint.pam.scimBridge.service.ServiceProviderConfigServiceTests"/>
  <testcase name="testServiceProviderConfigDoesNotSupportSorting" time="0.001" classname="sailpoint.pam.scimBridge.service.ServiceProviderConfigServiceTests"/>
  <testcase name="testServiceProviderConfigDoesNotContainOAuth" time="0.002" classname="sailpoint.pam.scimBridge.service.ServiceProviderConfigServiceTests"/>
  <testcase name="testServiceProviderConfigDoesNotSupportETags" time="0.001" classname="sailpoint.pam.scimBridge.service.ServiceProviderConfigServiceTests"/>
</testsuite> <!-- sailpoint.pam.scimBridge.service.ServiceProviderConfigServiceTests -->
