<?xml version="1.0" encoding="UTF-8"?>
<!-- Generated by org.testng.reporters.JUnitReportReporter -->
<testsuite skipped="0" hostname="sunfish.sailpoint.com" name="sailpoint.provisioning.IIQEvaluatorTests" tests="4" failures="0" timestamp="11 May 2021 16:09:47 GMT" time="0.000" errors="0">
  <testcase name="testGetExpiryNullArg" time="0.000" classname="sailpoint.provisioning.IIQEvaluatorTests"/>
  <testcase name="testGetExpiryNullRequest" time="0.000" classname="sailpoint.provisioning.IIQEvaluatorTests"/>
  <testcase name="testGetExpirySuccess" time="0.000" classname="sailpoint.provisioning.IIQEvaluatorTests"/>
  <testcase name="testGetExpiryNoArg" time="0.000" classname="sailpoint.provisioning.IIQEvaluatorTests"/>
</testsuite> <!-- sailpoint.provisioning.IIQEvaluatorTests -->
