<?xml version="1.0" encoding="UTF-8"?>
<!-- Generated by org.testng.reporters.JUnitReportReporter -->
<testsuite skipped="0" hostname="sunfish.sailpoint.com" name="sailpoint.service.DynamicScopeDTOTests" tests="2" failures="0" timestamp="11 May 2021 16:09:47 GMT" time="0.085" errors="0">
  <testcase name="testCreateDynamicScopeDTO" time="0.076" classname="sailpoint.service.DynamicScopeDTOTests"/>
  <testcase name="testUpdateDynamicScopeDTO" time="0.009" classname="sailpoint.service.DynamicScopeDTOTests"/>
</testsuite> <!-- sailpoint.service.DynamicScopeDTOTests -->
