<?xml version="1.0" encoding="UTF-8"?>
<!-- Generated by org.testng.reporters.JUnitReportReporter -->
<testsuite skipped="0" hostname="sunfish.sailpoint.com" name="sailpoint.service.IdentityResetServiceTests" tests="18" failures="0" timestamp="11 May 2021 16:09:47 GMT" time="0.852" errors="0">
  <testcase name="validateAuthQChallengeWithWhiteSpace" time="0.059" classname="sailpoint.service.IdentityResetServiceTests"/>
  <testcase name="validateAuthQRight" time="0.045" classname="sailpoint.service.IdentityResetServiceTests"/>
  <testcase name="valideSMSRightCode" time="0.081" classname="sailpoint.service.IdentityResetServiceTests"/>
  <testcase name="accountUnlockSMSInvalid" time="0.039" classname="sailpoint.service.IdentityResetServiceTests"/>
  <testcase name="validateAuthQWrong" time="0.031" classname="sailpoint.service.IdentityResetServiceTests"/>
  <testcase name="unlockAuthQRight" time="0.059" classname="sailpoint.service.IdentityResetServiceTests"/>
  <testcase name="generateNewWhenExpired" time="0.023" classname="sailpoint.service.IdentityResetServiceTests"/>
  <testcase name="valideSMSResetMaxFailedAttempts" time="0.087" classname="sailpoint.service.IdentityResetServiceTests"/>
  <testcase name="validateSMSRightCodeButExpired" time="0.054" classname="sailpoint.service.IdentityResetServiceTests"/>
  <testcase name="valideSMSWrongCode" time="0.028" classname="sailpoint.service.IdentityResetServiceTests"/>
  <testcase name="valideSMSUnlockMaxFailedAttempts" time="0.099" classname="sailpoint.service.IdentityResetServiceTests"/>
  <testcase name="validateAuthQWithWhiteSpace" time="0.060" classname="sailpoint.service.IdentityResetServiceTests"/>
  <testcase name="accountUnlockSMSValid" time="0.074" classname="sailpoint.service.IdentityResetServiceTests"/>
  <testcase name="sendSMSInvalid" time="0.008" classname="sailpoint.service.IdentityResetServiceTests"/>
  <testcase name="passwordPolicyFail" time="0.045" classname="sailpoint.service.IdentityResetServiceTests"/>
  <testcase name="unlockAuthQWrong" time="0.023" classname="sailpoint.service.IdentityResetServiceTests"/>
  <testcase name="reuseSameTokenWhenNotExpired" time="0.021" classname="sailpoint.service.IdentityResetServiceTests"/>
  <testcase name="sendSMSValid" time="0.016" classname="sailpoint.service.IdentityResetServiceTests"/>
</testsuite> <!-- sailpoint.service.IdentityResetServiceTests -->
