<?xml version="1.0" encoding="UTF-8"?>
<!-- Generated by org.testng.reporters.JUnitReportReporter -->
<testsuite skipped="0" hostname="sunfish.sailpoint.com" name="sailpoint.api.IdentityServiceTests" tests="3" failures="0" timestamp="11 May 2021 16:09:47 GMT" time="4.277" errors="0">
  <testcase name="testGetDelegationRecipientSuggestQueryOptionsWithAdmin" time="1.596" classname="sailpoint.api.IdentityServiceTests"/>
  <testcase name="testGetDelegationRecipientSuggestQueryOptionsWithNormalUser" time="1.426" classname="sailpoint.api.IdentityServiceTests"/>
  <testcase name="testShouldGetLinksForIdentityInRange" time="1.255" classname="sailpoint.api.IdentityServiceTests"/>
</testsuite> <!-- sailpoint.api.IdentityServiceTests -->
