<?xml version="1.0" encoding="UTF-8"?>
<!-- Generated by org.testng.reporters.JUnitReportReporter -->
<testsuite skipped="0" hostname="sunfish.sailpoint.com" name="sailpoint.authorization.identityrequest.IdentityRequestAccessAuthorizerTests" tests="6" failures="0" timestamp="11 May 2021 16:09:47 GMT" time="0.029" errors="0">
  <testcase name="testRequestorAuthorized" time="0.003" classname="sailpoint.authorization.identityrequest.IdentityRequestAccessAuthorizerTests"/>
  <testcase name="testOwnerAuthorized" time="0.001" classname="sailpoint.authorization.identityrequest.IdentityRequestAccessAuthorizerTests"/>
  <testcase name="testRequesteeAuthorized" time="0.003" classname="sailpoint.authorization.identityrequest.IdentityRequestAccessAuthorizerTests"/>
  <testcase name="testAdminRightAuthorized" time="0.011" classname="sailpoint.authorization.identityrequest.IdentityRequestAccessAuthorizerTests"/>
  <testcase name="testUnrelatedIdentityNotAuthorized" time="0.006" classname="sailpoint.authorization.identityrequest.IdentityRequestAccessAuthorizerTests"/>
  <testcase name="testApproverAuthorized" time="0.005" classname="sailpoint.authorization.identityrequest.IdentityRequestAccessAuthorizerTests"/>
</testsuite> <!-- sailpoint.authorization.identityrequest.IdentityRequestAccessAuthorizerTests -->
