<?xml version="1.0" encoding="UTF-8"?>
<!-- Generated by org.testng.reporters.JUnitReportReporter -->
<testsuite skipped="0" hostname="sunfish.sailpoint.com" name="sailpoint.server.EmailFailTest" tests="1" failures="0" timestamp="11 May 2021 16:09:46 GMT" time="1.179" errors="0">
  <testcase name="testEmailInterruption" time="1.179" classname="sailpoint.server.EmailFailTest"/>
</testsuite> <!-- sailpoint.server.EmailFailTest -->
