<?xml version="1.0" encoding="UTF-8"?>
<!-- Generated by org.testng.reporters.JUnitReportReporter -->
<testsuite skipped="0" hostname="sunfish.sailpoint.com" name="sailpoint.tools.UtilTests" tests="67" failures="0" timestamp="11 May 2021 16:09:47 GMT" time="0.006" errors="0">
  <testcase name="testOtoL" time="0.000" classname="sailpoint.tools.UtilTests"/>
  <testcase name="testExcelEscape" time="0.000" classname="sailpoint.tools.UtilTests"/>
  <testcase name="testExcelEscape" time="0.000" classname="sailpoint.tools.UtilTests"/>
  <testcase name="testObjectIdString" time="0.000" classname="sailpoint.tools.UtilTests"/>
  <testcase name="testExcelEscape" time="0.000" classname="sailpoint.tools.UtilTests"/>
  <testcase name="testObjectIdString" time="0.000" classname="sailpoint.tools.UtilTests"/>
  <testcase name="testExcelEscape" time="0.000" classname="sailpoint.tools.UtilTests"/>
  <testcase name="testGetSailPointObjectClass" time="0.000" classname="sailpoint.tools.UtilTests"/>
  <testcase name="testExcelEscape" time="0.000" classname="sailpoint.tools.UtilTests"/>
  <testcase name="testTrimWhiteSpaceAndSlash" time="0.000" classname="sailpoint.tools.UtilTests"/>
  <testcase name="testListToQuotedCSV" time="0.001" classname="sailpoint.tools.UtilTests"/>
  <testcase name="testOtoL" time="0.000" classname="sailpoint.tools.UtilTests"/>
  <testcase name="testAddQuote" time="0.000" classname="sailpoint.tools.UtilTests"/>
  <testcase name="testTrimWhiteSpaceAndSlash" time="0.000" classname="sailpoint.tools.UtilTests"/>
  <testcase name="testExcelEscape" time="0.000" classname="sailpoint.tools.UtilTests"/>
  <testcase name="testExcelEscape" time="0.000" classname="sailpoint.tools.UtilTests"/>
  <testcase name="testObjectIdString" time="0.000" classname="sailpoint.tools.UtilTests"/>
  <testcase name="testExcelEscape" time="0.000" classname="sailpoint.tools.UtilTests"/>
  <testcase name="testOtoL" time="0.000" classname="sailpoint.tools.UtilTests"/>
  <testcase name="testExcelEscape" time="0.000" classname="sailpoint.tools.UtilTests"/>
  <testcase name="testTrimWhiteSpaceAndSlash" time="0.000" classname="sailpoint.tools.UtilTests"/>
  <testcase name="testExcelEscape" time="0.000" classname="sailpoint.tools.UtilTests"/>
  <testcase name="testExcelEscape" time="0.000" classname="sailpoint.tools.UtilTests"/>
  <testcase name="testExcelEscape" time="0.000" classname="sailpoint.tools.UtilTests"/>
  <testcase name="testExcelEscape" time="0.000" classname="sailpoint.tools.UtilTests"/>
  <testcase name="testObjectIdString" time="0.000" classname="sailpoint.tools.UtilTests"/>
  <testcase name="testExcelEscape" time="0.000" classname="sailpoint.tools.UtilTests"/>
  <testcase name="testConvertValue" time="0.001" classname="sailpoint.tools.UtilTests"/>
  <testcase name="testObjectIdString" time="0.000" classname="sailpoint.tools.UtilTests"/>
  <testcase name="testExcelEscape" time="0.000" classname="sailpoint.tools.UtilTests"/>
  <testcase name="testTrimWhiteSpaceAndSlash" time="0.000" classname="sailpoint.tools.UtilTests"/>
  <testcase name="testExcelEscape" time="0.000" classname="sailpoint.tools.UtilTests"/>
  <testcase name="testEncodeJavaIdentifier" time="0.000" classname="sailpoint.tools.UtilTests"/>
  <testcase name="testOtoL" time="0.000" classname="sailpoint.tools.UtilTests"/>
  <testcase name="testOtoL" time="0.000" classname="sailpoint.tools.UtilTests"/>
  <testcase name="testExcelEscape" time="0.000" classname="sailpoint.tools.UtilTests"/>
  <testcase name="testObjectIdString" time="0.000" classname="sailpoint.tools.UtilTests"/>
  <testcase name="testExcelEscape" time="0.000" classname="sailpoint.tools.UtilTests"/>
  <testcase name="testExcelEscape" time="0.000" classname="sailpoint.tools.UtilTests"/>
  <testcase name="testExcelEscape" time="0.000" classname="sailpoint.tools.UtilTests"/>
  <testcase name="testTrimWhiteSpaceAndSlash" time="0.000" classname="sailpoint.tools.UtilTests"/>
  <testcase name="testOtoL" time="0.000" classname="sailpoint.tools.UtilTests"/>
  <testcase name="testExcelEscape" time="0.000" classname="sailpoint.tools.UtilTests"/>
  <testcase name="testDecodeJavaIdentifier" time="0.000" classname="sailpoint.tools.UtilTests"/>
  <testcase name="testObjectIdString" time="0.000" classname="sailpoint.tools.UtilTests"/>
  <testcase name="testDateFormatLocale" time="0.001" classname="sailpoint.tools.UtilTests"/>
  <testcase name="testObjectIdString" time="0.000" classname="sailpoint.tools.UtilTests"/>
  <testcase name="testObjectIdString" time="0.000" classname="sailpoint.tools.UtilTests"/>
  <testcase name="testTrimWhiteSpaceAndSlash" time="0.000" classname="sailpoint.tools.UtilTests"/>
  <testcase name="testExcelEscape" time="0.000" classname="sailpoint.tools.UtilTests"/>
  <testcase name="testTrimWhiteSpaceAndSlash" time="0.000" classname="sailpoint.tools.UtilTests"/>
  <testcase name="testExcelEscape" time="0.000" classname="sailpoint.tools.UtilTests"/>
  <testcase name="testGetPropertyType" time="0.002" classname="sailpoint.tools.UtilTests"/>
  <testcase name="testOtoL" time="0.000" classname="sailpoint.tools.UtilTests"/>
  <testcase name="testStripLeadingTrailingChar" time="0.000" classname="sailpoint.tools.UtilTests"/>
  <testcase name="testTrimWhiteSpaceAndSlash" time="0.000" classname="sailpoint.tools.UtilTests"/>
  <testcase name="testExcelEscape" time="0.000" classname="sailpoint.tools.UtilTests"/>
  <testcase name="testTrimWhiteSpaceAndSlash" time="0.000" classname="sailpoint.tools.UtilTests"/>
  <testcase name="testObjectIdString" time="0.000" classname="sailpoint.tools.UtilTests"/>
  <testcase name="testTrimWhiteSpaceAndSlash" time="0.000" classname="sailpoint.tools.UtilTests"/>
  <testcase name="testOtoL" time="0.001" classname="sailpoint.tools.UtilTests"/>
  <testcase name="testExcelEscape" time="0.000" classname="sailpoint.tools.UtilTests"/>
  <testcase name="testObjectIdString" time="0.000" classname="sailpoint.tools.UtilTests"/>
  <testcase name="testExcelEscape" time="0.000" classname="sailpoint.tools.UtilTests"/>
  <testcase name="testTrimWhiteSpaceAndSlash" time="0.000" classname="sailpoint.tools.UtilTests"/>
  <testcase name="testOtoL" time="0.000" classname="sailpoint.tools.UtilTests"/>
  <testcase name="testOtoL" time="0.000" classname="sailpoint.tools.UtilTests"/>
</testsuite> <!-- sailpoint.tools.UtilTests -->
