<?xml version="1.0" encoding="UTF-8"?>
<!-- Generated by org.testng.reporters.JUnitReportReporter -->
<testsuite skipped="0" hostname="sunfish.sailpoint.com" name="sailpoint.task.TargetIndexerTests" tests="4" failures="0" timestamp="11 May 2021 16:09:47 GMT" time="0.339" errors="0">
  <testcase name="testMAClassifications" time="0.049" classname="sailpoint.task.TargetIndexerTests"/>
  <testcase name="testRoleClassificationIndexing" time="0.092" classname="sailpoint.task.TargetIndexerTests"/>
  <testcase name="testRoleClassificationPromotion" time="0.131" classname="sailpoint.task.TargetIndexerTests"/>
  <testcase name="testMAClassificationPromotion" time="0.067" classname="sailpoint.task.TargetIndexerTests"/>
</testsuite> <!-- sailpoint.task.TargetIndexerTests -->
