<?xml version="1.0" encoding="UTF-8"?>
<!-- Generated by org.testng.reporters.JUnitReportReporter -->
<testsuite skipped="0" hostname="sunfish.sailpoint.com" name="sailpoint.monitoring.MonitoringTests4" tests="3" failures="0" timestamp="11 May 2021 16:09:46 GMT" time="0.599" errors="0">
  <testcase name="processMetricsNotExisting" time="0.222" classname="sailpoint.monitoring.MonitoringTests4"/>
  <testcase name="processMetrics" time="0.196" classname="sailpoint.monitoring.MonitoringTests4"/>
  <testcase name="workflowExecutionDetails" time="0.181" classname="sailpoint.monitoring.MonitoringTests4"/>
</testsuite> <!-- sailpoint.monitoring.MonitoringTests4 -->
