<?xml version="1.0" encoding="UTF-8"?>
<!-- Generated by org.testng.reporters.JUnitReportReporter -->
<testsuite skipped="0" hostname="sunfish.sailpoint.com" name="sailpoint.connector.VMSConnectorTests" tests="7" failures="0" timestamp="11 May 2021 16:09:47 GMT" time="0.814" errors="0">
  <testcase name="testTestConfiguration" time="0.013" classname="sailpoint.connector.VMSConnectorTests"/>
  <testcase name="testIterateObjects" time="0.011" classname="sailpoint.connector.VMSConnectorTests"/>
  <testcase name="testGetObject" time="0.016" classname="sailpoint.connector.VMSConnectorTests"/>
  <testcase name="testFetchNonExistingObject" time="0.020" classname="sailpoint.connector.VMSConnectorTests"/>
  <testcase name="testNegativeIterateObjects" time="0.013" classname="sailpoint.connector.VMSConnectorTests"/>
  <testcase name="testSchemaAttributeFiltering" time="0.011" classname="sailpoint.connector.VMSConnectorTests"/>
  <testcase name="testCreateDefaultApplication" time="0.730" classname="sailpoint.connector.VMSConnectorTests"/>
</testsuite> <!-- sailpoint.connector.VMSConnectorTests -->
