<?xml version="1.0" encoding="UTF-8"?>
<!-- Generated by org.testng.reporters.JUnitReportReporter -->
<testsuite skipped="0" hostname="sunfish.sailpoint.com" name="sailpoint.rest.scim.TaskResultListResourceTest" tests="9" failures="0" timestamp="11 May 2021 16:09:47 GMT" time="0.634" errors="0">
  <testcase name="testAdminAuthenticate" time="0.068" classname="sailpoint.rest.scim.TaskResultListResourceTest"/>
  <testcase name="testListAllObjects" time="0.159" classname="sailpoint.rest.scim.TaskResultListResourceTest"/>
  <testcase name="testSCIMExecAuthenticate" time="0.056" classname="sailpoint.rest.scim.TaskResultListResourceTest"/>
  <testcase name="testListFilterNoMatch" time="0.048" classname="sailpoint.rest.scim.TaskResultListResourceTest"/>
  <testcase name="testNotSCIMExecAuthenticateDenied" time="0.034" classname="sailpoint.rest.scim.TaskResultListResourceTest"/>
  <testcase name="testListFilterBySearchable" time="0.064" classname="sailpoint.rest.scim.TaskResultListResourceTest"/>
  <testcase name="testListAllObjectsSingleAttribute" time="0.062" classname="sailpoint.rest.scim.TaskResultListResourceTest"/>
  <testcase name="testListSortDescending" time="0.074" classname="sailpoint.rest.scim.TaskResultListResourceTest"/>
  <testcase name="testListAllObjectsMultipleAttributes" time="0.069" classname="sailpoint.rest.scim.TaskResultListResourceTest"/>
</testsuite> <!-- sailpoint.rest.scim.TaskResultListResourceTest -->
