<?xml version="1.0" encoding="UTF-8"?>
<!-- Generated by org.testng.reporters.JUnitReportReporter -->
<testsuite skipped="0" hostname="sunfish.sailpoint.com" name="sailpoint.api.ProvisioningCheckerTests" tests="2" failures="0" timestamp="11 May 2021 16:09:47 GMT" time="0.020" errors="0">
  <testcase name="testRemoveDetectedRoles" time="0.006" classname="sailpoint.api.ProvisioningCheckerTests"/>
  <testcase name="testRemoveTargetPermission" time="0.014" classname="sailpoint.api.ProvisioningCheckerTests"/>
</testsuite> <!-- sailpoint.api.ProvisioningCheckerTests -->
