<?xml version="1.0" encoding="UTF-8"?>
<!-- Generated by org.testng.reporters.JUnitReportReporter -->
<testsuite skipped="0" hostname="sunfish.sailpoint.com" name="sailpoint.api.CertificationTests" tests="71" failures="0" timestamp="11 May 2021 16:09:46 GMT" time="507.667" errors="0">
  <testcase name="testIIQEntitlements" time="6.393" classname="sailpoint.api.CertificationTests"/>
  <testcase name="testRemediationPeriod" time="6.727" classname="sailpoint.api.CertificationTests"/>
  <testcase name="testProcessRevokesImmediatelyWithChallengeAndRemediation" time="8.838" classname="sailpoint.api.CertificationTests"/>
  <testcase name="rescindChildCertificationWithLocks" time="5.127" classname="sailpoint.api.CertificationTests"/>
  <testcase name="testAssimilateBulkReassignmentWhenSignedWithEsig" time="5.943" classname="sailpoint.api.CertificationTests"/>
  <testcase name="testCertificationDelegationReview" time="5.766" classname="sailpoint.api.CertificationTests"/>
  <testcase name="testRemediationDetailsForSharedRoleEntitlements" time="5.797" classname="sailpoint.api.CertificationTests"/>
  <testcase name="testMultiLevelSubordinateCertifications" time="5.125" classname="sailpoint.api.CertificationTests"/>
  <testcase name="testMitigationExpirationOrphans" time="6.466" classname="sailpoint.api.CertificationTests"/>
  <testcase name="testExcludeAll" time="5.811" classname="sailpoint.api.CertificationTests"/>
  <testcase name="testMultiAccountAppOwnerCertification" time="7.081" classname="sailpoint.api.CertificationTests"/>
  <testcase name="testCertificationWithRecommendations" time="4.227" classname="sailpoint.api.CertificationTests"/>
  <testcase name="testBasicCertificationRemediation" time="6.781" classname="sailpoint.api.CertificationTests"/>
  <testcase name="testPreDelegationReassignmentsSelfCertification" time="6.303" classname="sailpoint.api.CertificationTests"/>
  <testcase name="testItemDelegationsSelfCertification" time="5.676" classname="sailpoint.api.CertificationTests"/>
  <testcase name="testDoubleDelegateCompleteItemRevokeIdentity" time="5.580" classname="sailpoint.api.CertificationTests"/>
  <testcase name="testExcludingNegativeRoleAssignments" time="5.678" classname="sailpoint.api.CertificationTests"/>
  <testcase name="testGroupCertification" time="5.510" classname="sailpoint.api.CertificationTests"/>
  <testcase name="testItemDelegationRevocation" time="5.783" classname="sailpoint.api.CertificationTests"/>
  <testcase name="testChallengeGenerationNotification" time="5.844" classname="sailpoint.api.CertificationTests"/>
  <testcase name="testCompositeApplicationRemediation" time="5.710" classname="sailpoint.api.CertificationTests"/>
  <testcase name="testCertificationWithAutoDecisions" time="5.476" classname="sailpoint.api.CertificationTests"/>
  <testcase name="testSignOffApproval" time="5.382" classname="sailpoint.api.CertificationTests"/>
  <testcase name="testMitigation" time="6.540" classname="sailpoint.api.CertificationTests"/>
  <testcase name="testRemediateTwoBusinessRoles" time="5.522" classname="sailpoint.api.CertificationTests"/>
  <testcase name="testCertificationPersistence" time="4.897" classname="sailpoint.api.CertificationTests"/>
  <testcase name="testRemediationItemAssimilation" time="5.679" classname="sailpoint.api.CertificationTests"/>
  <testcase name="testRemediationDetails" time="6.128" classname="sailpoint.api.CertificationTests"/>
  <testcase name="testSignOffApprovalWithReassignmentLimit" time="5.762" classname="sailpoint.api.CertificationTests"/>
  <testcase name="testBulkReassignment" time="5.858" classname="sailpoint.api.CertificationTests"/>
  <testcase name="testPreReassignment" time="6.058" classname="sailpoint.api.CertificationTests"/>
  <testcase name="testPhaseDuration" time="16.753" classname="sailpoint.api.CertificationTests"/>
  <testcase name="testDoubleDelegateCompleteIdentityRevokeItem" time="5.770" classname="sailpoint.api.CertificationTests"/>
  <testcase name="testDoubleDelegateRevokeItem" time="5.483" classname="sailpoint.api.CertificationTests"/>
  <testcase name="testNameTemplates" time="5.425" classname="sailpoint.api.CertificationTests"/>
  <testcase name="testProcessRevokesImmediately" time="5.994" classname="sailpoint.api.CertificationTests"/>
  <testcase name="testPhaseRules" time="6.334" classname="sailpoint.api.CertificationTests"/>
  <testcase name="testReassignmentWithDuplicateItems" time="6.111" classname="sailpoint.api.CertificationTests"/>
  <testcase name="testAppOwnerCertification" time="6.936" classname="sailpoint.api.CertificationTests"/>
  <testcase name="testTargetPermissionInclusion" time="4.994" classname="sailpoint.api.CertificationTests"/>
  <testcase name="testCertificationRefresh" time="5.366" classname="sailpoint.api.CertificationTests"/>
  <testcase name="testWorkItemForwarding" time="6.280" classname="sailpoint.api.CertificationTests"/>
  <testcase name="testPreDelegationDelegationsSelfCertification" time="5.992" classname="sailpoint.api.CertificationTests"/>
  <testcase name="testAssimilateBulkReassignmentWhenSignedNoEsig" time="5.708" classname="sailpoint.api.CertificationTests"/>
  <testcase name="testLogicalTierFiltering" time="9.093" classname="sailpoint.api.CertificationTests"/>
  <testcase name="testCertificationDifferencing" time="63.222" classname="sailpoint.api.CertificationTests"/>
  <testcase name="testProcessRevokesImmediatelyWithChallenge" time="8.316" classname="sailpoint.api.CertificationTests"/>
  <testcase name="testRemediatePolicyViolationTwoBundles" time="5.767" classname="sailpoint.api.CertificationTests"/>
  <testcase name="testCertificationWithClassifications" time="11.697" classname="sailpoint.api.CertificationTests"/>
  <testcase name="testPreDelegation" time="6.402" classname="sailpoint.api.CertificationTests"/>
  <testcase name="testSkipChallengePhase" time="6.917" classname="sailpoint.api.CertificationTests"/>
  <testcase name="testRemediatePolicyViolation" time="6.017" classname="sailpoint.api.CertificationTests"/>
  <testcase name="testRevokeMultiRoleAssignments" time="5.703" classname="sailpoint.api.CertificationTests"/>
  <testcase name="testMultipleCertifiers" time="6.895" classname="sailpoint.api.CertificationTests"/>
  <testcase name="testRescindChildCertification" time="5.358" classname="sailpoint.api.CertificationTests"/>
  <testcase name="testCertificationDelegation" time="6.658" classname="sailpoint.api.CertificationTests"/>
  <testcase name="testExcludeInactive" time="5.456" classname="sailpoint.api.CertificationTests"/>
  <testcase name="testEntityRedelegation" time="5.245" classname="sailpoint.api.CertificationTests"/>
  <testcase name="testCertification" time="5.831" classname="sailpoint.api.CertificationTests"/>
  <testcase name="testInflightCertModification" time="7.793" classname="sailpoint.api.CertificationTests"/>
  <testcase name="testAdditionalEntitlementSearching" time="10.623" classname="sailpoint.api.CertificationTests"/>
  <testcase name="testDoubleDelegateSaveItemRevokeIdentity" time="5.182" classname="sailpoint.api.CertificationTests"/>
  <testcase name="testBulkReassignmentAgain" time="5.755" classname="sailpoint.api.CertificationTests"/>
  <testcase name="testChallengePhase" time="6.245" classname="sailpoint.api.CertificationTests"/>
  <testcase name="testEntitlementGranularity" time="5.209" classname="sailpoint.api.CertificationTests"/>
  <testcase name="testIsReadyForSignOff" time="7.329" classname="sailpoint.api.CertificationTests"/>
  <testcase name="testCertificationEntityRules" time="7.012" classname="sailpoint.api.CertificationTests"/>
  <testcase name="testCertificationCustomization" time="5.749" classname="sailpoint.api.CertificationTests"/>
  <testcase name="testReassignmentLimit" time="5.890" classname="sailpoint.api.CertificationTests"/>
  <testcase name="testCertificationAssimilation" time="6.132" classname="sailpoint.api.CertificationTests"/>
  <testcase name="testStaging" time="5.557" classname="sailpoint.api.CertificationTests"/>
</testsuite> <!-- sailpoint.api.CertificationTests -->
