<?xml version="1.0" encoding="UTF-8"?>
<!-- Generated by org.testng.reporters.JUnitReportReporter -->
<testsuite skipped="0" hostname="sunfish.sailpoint.com" name="sailpoint.rest.scim.ServiceProviderConfigResourceTest" tests="1" failures="0" timestamp="11 May 2021 16:09:47 GMT" time="0.021" errors="0">
  <testcase name="testServiceProviderConfig" time="0.021" classname="sailpoint.rest.scim.ServiceProviderConfigResourceTest"/>
</testsuite> <!-- sailpoint.rest.scim.ServiceProviderConfigResourceTest -->
