<?xml version="1.0" encoding="UTF-8"?>
<!-- Generated by org.testng.reporters.JUnitReportReporter -->
<testsuite skipped="0" hostname="sunfish.sailpoint.com" name="sailpoint.recommender.RecommenderResourceBundleControlTests" tests="3" failures="0" timestamp="11 May 2021 16:09:47 GMT" time="0.001" errors="0">
  <testcase name="testEmptyReloadRetainsBundle" time="0.001" classname="sailpoint.recommender.RecommenderResourceBundleControlTests"/>
  <testcase name="testRecoKeyNotFound" time="0.000" classname="sailpoint.recommender.RecommenderResourceBundleControlTests"/>
  <testcase name="testRecommenderResourceBundle" time="0.000" classname="sailpoint.recommender.RecommenderResourceBundleControlTests"/>
</testsuite> <!-- sailpoint.recommender.RecommenderResourceBundleControlTests -->
