<?xml version="1.0" encoding="UTF-8"?>
<!-- Generated by org.testng.reporters.JUnitReportReporter -->
<testsuite skipped="0" hostname="sunfish.sailpoint.com" name="sailpoint.monitoring.MonitoringTests2" tests="7" failures="0" timestamp="11 May 2021 16:09:47 GMT" time="2.163" errors="0">
  <testcase name="executionInfo" time="0.327" classname="sailpoint.monitoring.MonitoringTests2"/>
  <testcase name="executionInfoActiveDates" time="0.337" classname="sailpoint.monitoring.MonitoringTests2"/>
  <testcase name="search" time="0.320" classname="sailpoint.monitoring.MonitoringTests2"/>
  <testcase name="searchWithGroupFunctions" time="0.315" classname="sailpoint.monitoring.MonitoringTests2"/>
  <testcase name="searchWithParticipants" time="0.289" classname="sailpoint.monitoring.MonitoringTests2"/>
  <testcase name="searchWithExecutionDates" time="0.296" classname="sailpoint.monitoring.MonitoringTests2"/>
  <testcase name="searchWithName" time="0.279" classname="sailpoint.monitoring.MonitoringTests2"/>
</testsuite> <!-- sailpoint.monitoring.MonitoringTests2 -->
