<?xml version="1.0" encoding="UTF-8"?>
<!-- Generated by org.testng.reporters.JUnitReportReporter -->
<testsuite skipped="0" hostname="sunfish.sailpoint.com" name="sailpoint.service.identityrequest.IdentityRequestServiceTests" tests="28" failures="0" timestamp="11 May 2021 16:09:47 GMT" time="44.438" errors="0">
  <testcase name="testGetInteractionsSortByOwner" time="1.088" classname="sailpoint.service.identityrequest.IdentityRequestServiceTests"/>
  <testcase name="testCancelWorkflowSuccess" time="1.950" classname="sailpoint.service.identityrequest.IdentityRequestServiceTests"/>
  <testcase name="testGetInteractionsPaging" time="1.954" classname="sailpoint.service.identityrequest.IdentityRequestServiceTests"/>
  <testcase name="testRequestItemDTO" time="1.446" classname="sailpoint.service.identityrequest.IdentityRequestServiceTests"/>
  <testcase name="testGetInteractionsSortByOpenDate" time="1.476" classname="sailpoint.service.identityrequest.IdentityRequestServiceTests"/>
  <testcase name="testCancelWorkflowNoWorkflowCase" time="1.809" classname="sailpoint.service.identityrequest.IdentityRequestServiceTests"/>
  <testcase name="testGetInteractionsSortByCompletionDate" time="1.599" classname="sailpoint.service.identityrequest.IdentityRequestServiceTests"/>
  <testcase name="testGetAssignmentNote" time="1.519" classname="sailpoint.service.identityrequest.IdentityRequestServiceTests"/>
  <testcase name="testCancelWorkflowNoUserContext" time="1.852" classname="sailpoint.service.identityrequest.IdentityRequestServiceTests"/>
  <testcase name="testCancelWorkflowNoTaskResult" time="1.392" classname="sailpoint.service.identityrequest.IdentityRequestServiceTests"/>
  <testcase name="testCanAccessCommentsForRequestee" time="1.480" classname="sailpoint.service.identityrequest.IdentityRequestServiceTests"/>
  <testcase name="testGetInteractionsFromNonExecutingRequest" time="1.959" classname="sailpoint.service.identityrequest.IdentityRequestServiceTests"/>
  <testcase name="testGetMessagesPaging" time="1.401" classname="sailpoint.service.identityrequest.IdentityRequestServiceTests"/>
  <testcase name="testApprovalItemSummaries" time="1.467" classname="sailpoint.service.identityrequest.IdentityRequestServiceTests"/>
  <testcase name="testPAMRequest" time="1.447" classname="sailpoint.service.identityrequest.IdentityRequestServiceTests"/>
  <testcase name="testGetInteractionsHasWorkItemAccess" time="1.475" classname="sailpoint.service.identityrequest.IdentityRequestServiceTests"/>
  <testcase name="testGetMessagesSorting" time="1.402" classname="sailpoint.service.identityrequest.IdentityRequestServiceTests"/>
  <testcase name="testCanAccessCommentsForRequester" time="1.651" classname="sailpoint.service.identityrequest.IdentityRequestServiceTests"/>
  <testcase name="testGetInteractionsHasWorkItemArchiveAccess" time="1.506" classname="sailpoint.service.identityrequest.IdentityRequestServiceTests"/>
  <testcase name="testGetMessages" time="1.528" classname="sailpoint.service.identityrequest.IdentityRequestServiceTests"/>
  <testcase name="testIdentityRequestFindItem" time="1.650" classname="sailpoint.service.identityrequest.IdentityRequestServiceTests"/>
  <testcase name="testGetInteractionsWhenThereAreNoInteractions" time="1.415" classname="sailpoint.service.identityrequest.IdentityRequestServiceTests"/>
  <testcase name="testCompletionStatus" time="1.498" classname="sailpoint.service.identityrequest.IdentityRequestServiceTests"/>
  <testcase name="testGetMessagesWhenThereAreNoMessages" time="1.469" classname="sailpoint.service.identityrequest.IdentityRequestServiceTests"/>
  <testcase name="testCanAccessCommentsForApprover" time="1.497" classname="sailpoint.service.identityrequest.IdentityRequestServiceTests"/>
  <testcase name="testGetInteractionsFromExecutingRequest" time="2.078" classname="sailpoint.service.identityrequest.IdentityRequestServiceTests"/>
  <testcase name="testGetTargetAccounts" time="1.888" classname="sailpoint.service.identityrequest.IdentityRequestServiceTests"/>
  <testcase name="testIdentityRequestCancelable" time="1.542" classname="sailpoint.service.identityrequest.IdentityRequestServiceTests"/>
</testsuite> <!-- sailpoint.service.identityrequest.IdentityRequestServiceTests -->
