<?xml version="1.0" encoding="UTF-8"?>
<!-- Generated by org.testng.reporters.JUnitReportReporter -->
<testsuite skipped="0" hostname="sunfish.sailpoint.com" name="sailpoint.api.ImporterTests" tests="4" failures="0" timestamp="11 May 2021 16:09:47 GMT" time="2.561" errors="0">
  <testcase name="testSpBundlesImport" time="0.677" classname="sailpoint.api.ImporterTests"/>
  <testcase name="testPendingDelete" time="0.432" classname="sailpoint.api.ImporterTests"/>
  <testcase name="testImportUIConfigMerge" time="0.804" classname="sailpoint.api.ImporterTests"/>
  <testcase name="testImportAction" time="0.648" classname="sailpoint.api.ImporterTests"/>
</testsuite> <!-- sailpoint.api.ImporterTests -->
