<?xml version="1.0" encoding="UTF-8"?>
<!-- Generated by org.testng.reporters.JUnitReportReporter -->
<testsuite skipped="0" hostname="sunfish.sailpoint.com" name="sailpoint.rest.plugin.PluginResourceUtilTests" tests="9" failures="0" timestamp="11 May 2021 16:09:47 GMT" time="0.047" errors="0">
  <testcase name="testClassAnnotationNoMethodAnnotation" time="0.010" classname="sailpoint.rest.plugin.PluginResourceUtilTests"/>
  <testcase name="testRequiredRightAnnotationPassesWhenSysAdmin" time="0.002" classname="sailpoint.rest.plugin.PluginResourceUtilTests"/>
  <testcase name="testMethodAnnotationOverridesClassAnnotation" time="0.008" classname="sailpoint.rest.plugin.PluginResourceUtilTests"/>
  <testcase name="testMethodAnnotationNoClassAnnotation" time="0.000" classname="sailpoint.rest.plugin.PluginResourceUtilTests"/>
  <testcase name="testNoAnnotationFoundThrowsException" time="0.010" classname="sailpoint.rest.plugin.PluginResourceUtilTests"/>
  <testcase name="testRequiredRightAnnotationThrowsWhenNoRight" time="0.001" classname="sailpoint.rest.plugin.PluginResourceUtilTests"/>
  <testcase name="testRequiredRightAnnotationPassesWhenHasRight" time="0.007" classname="sailpoint.rest.plugin.PluginResourceUtilTests"/>
  <testcase name="testThrowsIfIdentityNotFound" time="0.009" classname="sailpoint.rest.plugin.PluginResourceUtilTests"/>
  <testcase name="testSystemAdminAnnotationPassesWhenSysAdmin" time="0.000" classname="sailpoint.rest.plugin.PluginResourceUtilTests"/>
</testsuite> <!-- sailpoint.rest.plugin.PluginResourceUtilTests -->
