<?xml version="1.0" encoding="UTF-8"?>
<!-- Generated by org.testng.reporters.JUnitReportReporter -->
<testsuite skipped="0" hostname="sunfish.sailpoint.com" name="sailpoint.fam.FAMFilterVisitorTest" tests="4" failures="0" timestamp="11 May 2021 16:09:47 GMT" time="0.002" errors="0">
  <testcase name="testNotNull" time="0.000" classname="sailpoint.fam.FAMFilterVisitorTest"/>
  <testcase name="testComposite" time="0.002" classname="sailpoint.fam.FAMFilterVisitorTest"/>
  <testcase name="testEq" time="0.000" classname="sailpoint.fam.FAMFilterVisitorTest"/>
  <testcase name="testLike" time="0.000" classname="sailpoint.fam.FAMFilterVisitorTest"/>
</testsuite> <!-- sailpoint.fam.FAMFilterVisitorTest -->
