<?xml version="1.0" encoding="UTF-8"?>
<!-- Generated by org.testng.reporters.JUnitReportReporter -->
<testsuite skipped="0" hostname="sunfish.sailpoint.com" name="sailpoint.rest.ui.requestaccess.IdentityListResourceTests" tests="5" failures="0" timestamp="11 May 2021 16:09:47 GMT" time="0.454" errors="0">
  <testcase name="testGetNameSearchOne" time="0.044" classname="sailpoint.rest.ui.requestaccess.IdentityListResourceTests"/>
  <testcase name="testGetNameMulti" time="0.044" classname="sailpoint.rest.ui.requestaccess.IdentityListResourceTests"/>
  <testcase name="testGetNameSearchMulti" time="0.075" classname="sailpoint.rest.ui.requestaccess.IdentityListResourceTests"/>
  <testcase name="testGetFilters" time="0.240" classname="sailpoint.rest.ui.requestaccess.IdentityListResourceTests"/>
  <testcase name="testGetNameOne" time="0.051" classname="sailpoint.rest.ui.requestaccess.IdentityListResourceTests"/>
</testsuite> <!-- sailpoint.rest.ui.requestaccess.IdentityListResourceTests -->
