<?xml version="1.0" encoding="UTF-8"?>
<!-- Generated by org.testng.reporters.JUnitReportReporter -->
<testsuite skipped="0" hostname="sunfish.sailpoint.com" name="sailpoint.web.accessrequest.RequestedEntitlementTests" tests="1" failures="0" timestamp="11 May 2021 16:09:47 GMT" time="0.650" errors="0">
  <testcase name="testProvisioningTarget" time="0.650" classname="sailpoint.web.accessrequest.RequestedEntitlementTests"/>
</testsuite> <!-- sailpoint.web.accessrequest.RequestedEntitlementTests -->
