<?xml version="1.0" encoding="UTF-8"?>
<!-- Generated by org.testng.reporters.JUnitReportReporter -->
<testsuite skipped="0" hostname="sunfish.sailpoint.com" name="sailpoint.api.AppOwnerCertificationScoreTests" tests="1" failures="0" timestamp="11 May 2021 16:09:47 GMT" time="6.465" errors="0">
  <testcase name="testAppOwnerCertScorecard" time="6.465" classname="sailpoint.api.AppOwnerCertificationScoreTests"/>
</testsuite> <!-- sailpoint.api.AppOwnerCertificationScoreTests -->
