<?xml version="1.0" encoding="UTF-8"?>
<!-- Generated by org.testng.reporters.JUnitReportReporter -->
<testsuite skipped="0" hostname="sunfish.sailpoint.com" name="sailpoint.service.identity.RoleDetailServiceTests" tests="13" failures="0" timestamp="11 May 2021 16:09:47 GMT" time="0.290" errors="0">
  <testcase name="testBusinessRole" time="0.037" classname="sailpoint.service.identity.RoleDetailServiceTests"/>
  <testcase name="testDetectedRoleWithPermissions" time="0.006" classname="sailpoint.service.identity.RoleDetailServiceTests"/>
  <testcase name="testAccountDetailsForCertificationItem" time="0.066" classname="sailpoint.service.identity.RoleDetailServiceTests"/>
  <testcase name="testDetectedRoleWithAttributes" time="0.010" classname="sailpoint.service.identity.RoleDetailServiceTests"/>
  <testcase name="testProfiles" time="0.008" classname="sailpoint.service.identity.RoleDetailServiceTests"/>
  <testcase name="testGetDetailsForNegativeAssigment" time="0.005" classname="sailpoint.service.identity.RoleDetailServiceTests"/>
  <testcase name="testBusinessRoleNoIdentity" time="0.004" classname="sailpoint.service.identity.RoleDetailServiceTests"/>
  <testcase name="testProfileEntitlements" time="0.004" classname="sailpoint.service.identity.RoleDetailServiceTests"/>
  <testcase name="testAssignedAndDetectedRole" time="0.005" classname="sailpoint.service.identity.RoleDetailServiceTests"/>
  <testcase name="testAccountDetailsForIdentityRequest" time="0.062" classname="sailpoint.service.identity.RoleDetailServiceTests"/>
  <testcase name="testRoleHierarchy" time="0.005" classname="sailpoint.service.identity.RoleDetailServiceTests"/>
  <testcase name="testAccountDetailsForApprovalItem" time="0.060" classname="sailpoint.service.identity.RoleDetailServiceTests"/>
  <testcase name="testHasHierarchy" time="0.018" classname="sailpoint.service.identity.RoleDetailServiceTests"/>
</testsuite> <!-- sailpoint.service.identity.RoleDetailServiceTests -->
