<?xml version="1.0" encoding="UTF-8"?>
<!-- Generated by org.testng.reporters.JUnitReportReporter -->
<testsuite skipped="0" hostname="sunfish.sailpoint.com" name="sailpoint.provisioning.PlanEvaluatorTests" tests="5" failures="0" timestamp="11 May 2021 16:09:47 GMT" time="0.001" errors="0">
  <testcase name="testBuildRetryPlanNoConvertWhenNoSuccess" time="0.000" classname="sailpoint.provisioning.PlanEvaluatorTests"/>
  <testcase name="testBuildRetryPlanConvertModifyWhenPlanResultSuccess" time="0.000" classname="sailpoint.provisioning.PlanEvaluatorTests"/>
  <testcase name="testBuildRetryPlanNoConvertWhenNotCreate" time="0.000" classname="sailpoint.provisioning.PlanEvaluatorTests"/>
  <testcase name="testBuildRetryPlanConvertModifyWhenAccountResultSuccess" time="0.000" classname="sailpoint.provisioning.PlanEvaluatorTests"/>
  <testcase name="testBuildRetryPlanConvertModifyWhenAttributeResultSuccess" time="0.001" classname="sailpoint.provisioning.PlanEvaluatorTests"/>
</testsuite> <!-- sailpoint.provisioning.PlanEvaluatorTests -->
