<?xml version="1.0" encoding="UTF-8"?>
<!-- Generated by org.testng.reporters.JUnitReportReporter -->
<testsuite skipped="0" hostname="sunfish.sailpoint.com" name="sailpoint.pam.scimBridge.service.PAMServerContextTests" tests="7" failures="0" timestamp="11 May 2021 16:09:47 GMT" time="0.083" errors="0">
  <testcase name="testGetSubPathURL" time="0.002" classname="sailpoint.pam.scimBridge.service.PAMServerContextTests"/>
  <testcase name="testGetSchemas" time="0.019" classname="sailpoint.pam.scimBridge.service.PAMServerContextTests"/>
  <testcase name="testGetPAMResourceType" time="0.009" classname="sailpoint.pam.scimBridge.service.PAMServerContextTests"/>
  <testcase name="testGetPAMSchema" time="0.016" classname="sailpoint.pam.scimBridge.service.PAMServerContextTests"/>
  <testcase name="testGetRootUrl" time="0.001" classname="sailpoint.pam.scimBridge.service.PAMServerContextTests"/>
  <testcase name="testGetCoreSchema" time="0.017" classname="sailpoint.pam.scimBridge.service.PAMServerContextTests"/>
  <testcase name="testGetCoreResourceType" time="0.019" classname="sailpoint.pam.scimBridge.service.PAMServerContextTests"/>
</testsuite> <!-- sailpoint.pam.scimBridge.service.PAMServerContextTests -->
