<?xml version="1.0" encoding="UTF-8"?>
<!-- Generated by org.testng.reporters.JUnitReportReporter -->
<testsuite skipped="0" hostname="sunfish.sailpoint.com" name="sailpoint.service.certification.CertificationItemListServiceTests" tests="36" failures="0" timestamp="11 May 2021 16:09:47 GMT" time="19.051" errors="0">
  <testcase name="testGroupByMetaData" time="0.443" classname="sailpoint.service.certification.CertificationItemListServiceTests"/>
  <testcase name="testGetCertificationItemsAfterStatusChange" time="0.490" classname="sailpoint.service.certification.CertificationItemListServiceTests"/>
  <testcase name="testGetCertificationItemsWithDelegationsWaitingReview" time="0.794" classname="sailpoint.service.certification.CertificationItemListServiceTests"/>
  <testcase name="testGetCertificationItemsWithReturnedDelegations" time="0.678" classname="sailpoint.service.certification.CertificationItemListServiceTests"/>
  <testcase name="testGetCertItemWithRemediationDetails" time="0.363" classname="sailpoint.service.certification.CertificationItemListServiceTests"/>
  <testcase name="testExportClassifications" time="0.449" classname="sailpoint.service.certification.CertificationItemListServiceTests"/>
  <testcase name="testGetCertificationItemsWithClassificationsDisabled" time="0.351" classname="sailpoint.service.certification.CertificationItemListServiceTests"/>
  <testcase name="testManagedAttibuteDisplayName" time="0.320" classname="sailpoint.service.certification.CertificationItemListServiceTests"/>
  <testcase name="testGetCertificationItemsForEntity" time="0.319" classname="sailpoint.service.certification.CertificationItemListServiceTests"/>
  <testcase name="testGetCertificationItemsChallenge" time="2.387" classname="sailpoint.service.certification.CertificationItemListServiceTests"/>
  <testcase name="testGetCertificationItemEntitlementIncludedInViolation" time="0.458" classname="sailpoint.service.certification.CertificationItemListServiceTests"/>
  <testcase name="testGetCertificationItemIncludedInViolation" time="0.338" classname="sailpoint.service.certification.CertificationItemListServiceTests"/>
  <testcase name="testGetCertificationItemsWithClassificationsMissingObject" time="0.362" classname="sailpoint.service.certification.CertificationItemListServiceTests"/>
  <testcase name="testGetCertificationItemsNullId" time="0.381" classname="sailpoint.service.certification.CertificationItemListServiceTests"/>
  <testcase name="testGetPolicyViolationCertificationItem" time="0.427" classname="sailpoint.service.certification.CertificationItemListServiceTests"/>
  <testcase name="testGetCertificationItemsWithFilterPanelFilters" time="0.335" classname="sailpoint.service.certification.CertificationItemListServiceTests"/>
  <testcase name="testGetCertificationItemsWithChallengeData" time="0.368" classname="sailpoint.service.certification.CertificationItemListServiceTests"/>
  <testcase name="testGetCertificationItemsWithTypeFilter" time="0.549" classname="sailpoint.service.certification.CertificationItemListServiceTests"/>
  <testcase name="testGetCertItemWithDecision" time="0.318" classname="sailpoint.service.certification.CertificationItemListServiceTests"/>
  <testcase name="testGetCertItemWithViolationRevocationDecision" time="0.318" classname="sailpoint.service.certification.CertificationItemListServiceTests"/>
  <testcase name="testGetCertificationItemsWithAutoDecideFilter" time="0.399" classname="sailpoint.service.certification.CertificationItemListServiceTests"/>
  <testcase name="testGetCertificationItemsDelegationReviewInLatePhase" time="1.970" classname="sailpoint.service.certification.CertificationItemListServiceTests"/>
  <testcase name="testGetCertificationItemsWithAccountStatusIcons" time="0.289" classname="sailpoint.service.certification.CertificationItemListServiceTests"/>
  <testcase name="testGetCertificationItemsWithRecommendationFilter" time="0.387" classname="sailpoint.service.certification.CertificationItemListServiceTests"/>
  <testcase name="testEntitlementDataInResults" time="1.577" classname="sailpoint.service.certification.CertificationItemListServiceTests"/>
  <testcase name="testRoleDataInResults" time="0.333" classname="sailpoint.service.certification.CertificationItemListServiceTests"/>
  <testcase name="testExportCertificationItemsExceptionColumns" time="0.545" classname="sailpoint.service.certification.CertificationItemListServiceTests"/>
  <testcase name="testGetCertificationExportColumns" time="0.326" classname="sailpoint.service.certification.CertificationItemListServiceTests"/>
  <testcase name="testGetCertificationItemsWithClassifications" time="0.364" classname="sailpoint.service.certification.CertificationItemListServiceTests"/>
  <testcase name="testGetCertificationItems" time="0.370" classname="sailpoint.service.certification.CertificationItemListServiceTests"/>
  <testcase name="testGetCertItemWithAccountRevokeDecision" time="0.346" classname="sailpoint.service.certification.CertificationItemListServiceTests"/>
  <testcase name="testGetCertificationExportWithRecommendationColumns" time="0.321" classname="sailpoint.service.certification.CertificationItemListServiceTests"/>
  <testcase name="testGetCertificationExportColumnsException" time="0.249" classname="sailpoint.service.certification.CertificationItemListServiceTests"/>
  <testcase name="testGetCertificationItemsWithSummaryStatusFilter" time="0.440" classname="sailpoint.service.certification.CertificationItemListServiceTests"/>
  <testcase name="testGetCertItemsWithPreviousDecisionDetails" time="0.319" classname="sailpoint.service.certification.CertificationItemListServiceTests"/>
  <testcase name="testExportCertificationItems" time="0.368" classname="sailpoint.service.certification.CertificationItemListServiceTests"/>
</testsuite> <!-- sailpoint.service.certification.CertificationItemListServiceTests -->
