<?xml version="1.0" encoding="UTF-8"?>
<!-- Generated by org.testng.reporters.JUnitReportReporter -->
<testsuite skipped="0" hostname="sunfish.sailpoint.com" name="sailpoint.build.MessagePropertiesFileParserTests" tests="2" failures="0" timestamp="11 May 2021 16:09:46 GMT" time="0.007" errors="0">
  <testcase name="testGetPropertyKeys" time="0.001" classname="sailpoint.build.MessagePropertiesFileParserTests"/>
  <testcase name="testGetMobilePropertyKeys" time="0.006" classname="sailpoint.build.MessagePropertiesFileParserTests"/>
</testsuite> <!-- sailpoint.build.MessagePropertiesFileParserTests -->
