<?xml version="1.0" encoding="UTF-8"?>
<!-- Generated by org.testng.reporters.JUnitReportReporter -->
<testsuite skipped="0" hostname="sunfish.sailpoint.com" name="sailpoint.service.identityrequest.IdentityRequestItemListServiceTests" tests="11" failures="0" timestamp="11 May 2021 16:09:47 GMT" time="0.145" errors="0">
  <testcase name="testGetIdentityRequestItemsDone" time="0.005" classname="sailpoint.service.identityrequest.IdentityRequestItemListServiceTests"/>
  <testcase name="testGetIdentityRequestItemsCanceled" time="0.008" classname="sailpoint.service.identityrequest.IdentityRequestItemListServiceTests"/>
  <testcase name="testGetChangeItemsRetries" time="0.018" classname="sailpoint.service.identityrequest.IdentityRequestItemListServiceTests"/>
  <testcase name="testGetIdentityRequestItemsWithFilters" time="0.005" classname="sailpoint.service.identityrequest.IdentityRequestItemListServiceTests"/>
  <testcase name="testWhoCanViewAttachments" time="0.037" classname="sailpoint.service.identityrequest.IdentityRequestItemListServiceTests"/>
  <testcase name="testGetChangeItemsWithoutManualWorkItems" time="0.009" classname="sailpoint.service.identityrequest.IdentityRequestItemListServiceTests"/>
  <testcase name="testCreateAccount" time="0.010" classname="sailpoint.service.identityrequest.IdentityRequestItemListServiceTests"/>
  <testcase name="testClassificationNamesIncluded" time="0.029" classname="sailpoint.service.identityrequest.IdentityRequestItemListServiceTests"/>
  <testcase name="testGetChangeItemsWithManualWorkItems" time="0.009" classname="sailpoint.service.identityrequest.IdentityRequestItemListServiceTests"/>
  <testcase name="testGetIdentityRequestItemsWithColumns" time="0.008" classname="sailpoint.service.identityrequest.IdentityRequestItemListServiceTests"/>
  <testcase name="testGetIdentityRequestItemsWithFullObjects" time="0.007" classname="sailpoint.service.identityrequest.IdentityRequestItemListServiceTests"/>
</testsuite> <!-- sailpoint.service.identityrequest.IdentityRequestItemListServiceTests -->
