<?xml version="1.0" encoding="UTF-8"?>
<!-- Generated by org.testng.reporters.JUnitReportReporter -->
<testsuite skipped="0" hostname="sunfish.sailpoint.com" name="sailpoint.rest.AccountGroupHierarchyResourceTest" tests="2" failures="0" timestamp="11 May 2021 16:09:47 GMT" time="0.809" errors="0">
  <testcase name="testGetChildNode" time="0.708" classname="sailpoint.rest.AccountGroupHierarchyResourceTest"/>
  <testcase name="testGetInitialNode" time="0.101" classname="sailpoint.rest.AccountGroupHierarchyResourceTest"/>
</testsuite> <!-- sailpoint.rest.AccountGroupHierarchyResourceTest -->
