<?xml version="1.0" encoding="UTF-8"?>
<!-- Generated by org.testng.reporters.JUnitReportReporter -->
<testsuite skipped="0" hostname="sunfish.sailpoint.com" name="sailpoint.request.RequestTests" tests="5" failures="0" timestamp="11 May 2021 16:09:46 GMT" time="85.227" errors="0">
  <testcase name="defaultDelay" time="11.047" classname="sailpoint.request.RequestTests"/>
  <testcase name="delayInRequestDefinition" time="11.040" classname="sailpoint.request.RequestTests"/>
  <testcase name="testRequestTempFailure" time="21.053" classname="sailpoint.request.RequestTests"/>
  <testcase name="testRequestProcessor" time="31.050" classname="sailpoint.request.RequestTests"/>
  <testcase name="delayInRequest" time="11.037" classname="sailpoint.request.RequestTests"/>
</testsuite> <!-- sailpoint.request.RequestTests -->
