<?xml version="1.0" encoding="UTF-8"?>
<!-- Generated by org.testng.reporters.JUnitReportReporter -->
<testsuite skipped="0" hostname="sunfish.sailpoint.com" name="sailpoint.service.ManagePasswordServiceTests" tests="15" failures="0" timestamp="11 May 2021 16:09:47 GMT" time="6.613" errors="0">
  <testcase name="testCanSynchronizePasswords" time="0.672" classname="sailpoint.service.ManagePasswordServiceTests"/>
  <testcase name="testCanGeneratePasswordWhenAuthorized" time="0.601" classname="sailpoint.service.ManagePasswordServiceTests"/>
  <testcase name="testMergedPoliciesAreChecked" time="0.010" classname="sailpoint.service.ManagePasswordServiceTests"/>
  <testcase name="testThrowsWhenFailsPasswordValidation" time="0.010" classname="sailpoint.service.ManagePasswordServiceTests"/>
  <testcase name="testPassesExternalAppToWorkflow" time="0.635" classname="sailpoint.service.ManagePasswordServiceTests"/>
  <testcase name="testPassesTicketAppToWorkflow" time="0.689" classname="sailpoint.service.ManagePasswordServiceTests"/>
  <testcase name="testCannotGeneratePasswordWhenUnauthroized" time="0.013" classname="sailpoint.service.ManagePasswordServiceTests"/>
  <testcase name="testGenerateSinglePasswordForMultipleAccounts" time="0.723" classname="sailpoint.service.ManagePasswordServiceTests"/>
  <testcase name="testCanChangePasswordForSelf" time="0.608" classname="sailpoint.service.ManagePasswordServiceTests"/>
  <testcase name="testMergeConstraints" time="0.011" classname="sailpoint.service.ManagePasswordServiceTests"/>
  <testcase name="testGenerateUniquePasswordForMultipleAccounts" time="0.790" classname="sailpoint.service.ManagePasswordServiceTests"/>
  <testcase name="testCannotChangePasswordWhenUnauthroized" time="0.023" classname="sailpoint.service.ManagePasswordServiceTests"/>
  <testcase name="testCanGeneratePasswordForSelf" time="0.613" classname="sailpoint.service.ManagePasswordServiceTests"/>
  <testcase name="testWorkflowErrorPasswordChange" time="0.151" classname="sailpoint.service.ManagePasswordServiceTests"/>
  <testcase name="testCanChangePasswordWhenAuthorized" time="1.064" classname="sailpoint.service.ManagePasswordServiceTests"/>
</testsuite> <!-- sailpoint.service.ManagePasswordServiceTests -->
