<?xml version="1.0" encoding="UTF-8"?>
<!-- Generated by org.testng.reporters.JUnitReportReporter -->
<testsuite skipped="0" hostname="sunfish.sailpoint.com" name="sailpoint.rest.scim.EntitlementResourceTest" tests="20" failures="0" timestamp="11 May 2021 16:09:47 GMT" time="1.940" errors="0">
  <testcase name="testGetEntitlementAsInvalidCredential" time="0.070" classname="sailpoint.rest.scim.EntitlementResourceTest"/>
  <testcase name="testGetAccountMultiByte" time="0.069" classname="sailpoint.rest.scim.EntitlementResourceTest"/>
  <testcase name="testAuthorizeFullAccessUser" time="0.074" classname="sailpoint.rest.scim.EntitlementResourceTest"/>
  <testcase name="testGetEntitlementRight" time="0.484" classname="sailpoint.rest.scim.EntitlementResourceTest"/>
  <testcase name="testGetEntitlementIfNoneMatchNotModifiedResponse" time="0.086" classname="sailpoint.rest.scim.EntitlementResourceTest"/>
  <testcase name="testGetEntitlementAccessDenied" time="0.156" classname="sailpoint.rest.scim.EntitlementResourceTest"/>
  <testcase name="testGetEntitlementIncludeMixedAsRead" time="0.079" classname="sailpoint.rest.scim.EntitlementResourceTest"/>
  <testcase name="testGetEntitlementAsSchemaDenied" time="0.047" classname="sailpoint.rest.scim.EntitlementResourceTest"/>
  <testcase name="testGetEntitlementBearerScopedAuthDenied" time="0.021" classname="sailpoint.rest.scim.EntitlementResourceTest"/>
  <testcase name="testGetEntitlementExcludeAsRead" time="0.065" classname="sailpoint.rest.scim.EntitlementResourceTest"/>
  <testcase name="testGetEntitlementIncludeNone" time="0.054" classname="sailpoint.rest.scim.EntitlementResourceTest"/>
  <testcase name="testGetEntitlementBearerLimitedAuth" time="0.056" classname="sailpoint.rest.scim.EntitlementResourceTest"/>
  <testcase name="testGetEntitlementIfNoneMatch" time="0.055" classname="sailpoint.rest.scim.EntitlementResourceTest"/>
  <testcase name="testGetEntitlementNotFound" time="0.033" classname="sailpoint.rest.scim.EntitlementResourceTest"/>
  <testcase name="testGetEntitlementIncludeInvalidAttribute" time="0.062" classname="sailpoint.rest.scim.EntitlementResourceTest"/>
  <testcase name="testGetEntitlementAsAdmin" time="0.203" classname="sailpoint.rest.scim.EntitlementResourceTest"/>
  <testcase name="testGetEntitlementAsSCIMExec" time="0.179" classname="sailpoint.rest.scim.EntitlementResourceTest"/>
  <testcase name="testGetEntitlementBearerAuth" time="0.053" classname="sailpoint.rest.scim.EntitlementResourceTest"/>
  <testcase name="testGetEntitlementIncludeAsRead" time="0.067" classname="sailpoint.rest.scim.EntitlementResourceTest"/>
  <testcase name="testGetEntitlementAsResourceTypeDenied" time="0.027" classname="sailpoint.rest.scim.EntitlementResourceTest"/>
</testsuite> <!-- sailpoint.rest.scim.EntitlementResourceTest -->
