<?xml version="1.0" encoding="UTF-8"?>
<!-- Generated by org.testng.reporters.JUnitReportReporter -->
<testsuite skipped="0" hostname="sunfish.sailpoint.com" name="sailpoint.rest.scim.OAuthBearerExpiredTest" tests="2" failures="0" timestamp="11 May 2021 16:09:47 GMT" time="4.218" errors="0">
  <testcase name="testBearerExpires" time="2.064" classname="sailpoint.rest.scim.OAuthBearerExpiredTest"/>
  <testcase name="testPreviousBearerAllowed" time="2.154" classname="sailpoint.rest.scim.OAuthBearerExpiredTest"/>
</testsuite> <!-- sailpoint.rest.scim.OAuthBearerExpiredTest -->
