<?xml version="1.0" encoding="UTF-8"?>
<!-- Generated by org.testng.reporters.JUnitReportReporter -->
<testsuite skipped="0" hostname="sunfish.sailpoint.com" name="sailpoint.server.ImportExportTests" tests="16" failures="0" timestamp="11 May 2021 16:09:47 GMT" time="8.203" errors="0">
  <testcase name="testExportBundle" time="3.547" classname="sailpoint.server.ImportExportTests"/>
  <testcase name="importConnectorRegistryCurrentIsBlank" time="0.295" classname="sailpoint.server.ImportExportTests"/>
  <testcase name="testExportIdentityTrigger" time="0.040" classname="sailpoint.server.ImportExportTests"/>
  <testcase name="mergeRequestDefinition" time="0.021" classname="sailpoint.server.ImportExportTests"/>
  <testcase name="simplestExportNoClean" time="0.153" classname="sailpoint.server.ImportExportTests"/>
  <testcase name="testExportCertificationDefinition" time="0.795" classname="sailpoint.server.ImportExportTests"/>
  <testcase name="testExportTaskDefinitions" time="1.677" classname="sailpoint.server.ImportExportTests"/>
  <testcase name="templateObjectTypeCreation" time="0.039" classname="sailpoint.server.ImportExportTests"/>
  <testcase name="testImportBundleWithMissingScopes" time="0.251" classname="sailpoint.server.ImportExportTests"/>
  <testcase name="simpleCleanMultipleFields" time="0.114" classname="sailpoint.server.ImportExportTests"/>
  <testcase name="testExportTaskSchedule" time="0.068" classname="sailpoint.server.ImportExportTests"/>
  <testcase name="testGroupDefinitionsWithSameName" time="0.131" classname="sailpoint.server.ImportExportTests"/>
  <testcase name="mergeIntegrationConfig" time="0.126" classname="sailpoint.server.ImportExportTests"/>
  <testcase name="simpleCleanOneField" time="0.094" classname="sailpoint.server.ImportExportTests"/>
  <testcase name="simpleCleanAllFields" time="0.804" classname="sailpoint.server.ImportExportTests"/>
  <testcase name="importConnectorRegistryCurrentNotExisting" time="0.048" classname="sailpoint.server.ImportExportTests"/>
</testsuite> <!-- sailpoint.server.ImportExportTests -->
