<?xml version="1.0" encoding="UTF-8"?>
<!-- Generated by org.testng.reporters.JUnitReportReporter -->
<testsuite skipped="0" hostname="sunfish.sailpoint.com" name="sailpoint.api.CertificationRemediationScannerTests" tests="4" failures="0" timestamp="11 May 2021 16:09:47 GMT" time="13.232" errors="0">
  <testcase name="testAccountGroupPermissionRemediation" time="2.515" classname="sailpoint.api.CertificationRemediationScannerTests"/>
  <testcase name="testBusinessRoleCompositionRemediation" time="4.334" classname="sailpoint.api.CertificationRemediationScannerTests"/>
  <testcase name="testAccountGroupMembershipRemediation" time="2.183" classname="sailpoint.api.CertificationRemediationScannerTests"/>
  <testcase name="testBusinessRoleMembershipRemediation" time="4.200" classname="sailpoint.api.CertificationRemediationScannerTests"/>
</testsuite> <!-- sailpoint.api.CertificationRemediationScannerTests -->
