<?xml version="1.0" encoding="UTF-8"?>
<!-- Generated by org.testng.reporters.JUnitReportReporter -->
<testsuite skipped="0" hostname="sunfish.sailpoint.com" name="sailpoint.service.policyviolation.PolicyViolationDTOTests" tests="1" failures="0" timestamp="11 May 2021 16:09:47 GMT" time="2.050" errors="0">
  <testcase name="testPolicyViolationDTO" time="2.050" classname="sailpoint.service.policyviolation.PolicyViolationDTOTests"/>
</testsuite> <!-- sailpoint.service.policyviolation.PolicyViolationDTOTests -->
