<?xml version="1.0" encoding="UTF-8"?>
<!-- Generated by org.testng.reporters.JUnitReportReporter -->
<testsuite skipped="0" hostname="sunfish.sailpoint.com" name="sailpoint.service.certification.CertificationListServiceTests" tests="2" failures="0" timestamp="11 May 2021 16:09:47 GMT" time="0.833" errors="0">
  <testcase name="testGetSubCertifications" time="0.144" classname="sailpoint.service.certification.CertificationListServiceTests"/>
  <testcase name="testGetCurrentCertifications" time="0.689" classname="sailpoint.service.certification.CertificationListServiceTests"/>
</testsuite> <!-- sailpoint.service.certification.CertificationListServiceTests -->
