<?xml version="1.0" encoding="UTF-8"?>
<!-- Generated by org.testng.reporters.JUnitReportReporter -->
<testsuite skipped="0" hostname="sunfish.sailpoint.com" name="sailpoint.rest.scim.PolicyViolationListResourceTest" tests="9" failures="0" timestamp="11 May 2021 16:09:46 GMT" time="0.600" errors="0">
  <testcase name="testListFilterNoMatch" time="0.053" classname="sailpoint.rest.scim.PolicyViolationListResourceTest"/>
  <testcase name="testSCIMExecAuthenticate" time="0.049" classname="sailpoint.rest.scim.PolicyViolationListResourceTest"/>
  <testcase name="testListSortDescending" time="0.062" classname="sailpoint.rest.scim.PolicyViolationListResourceTest"/>
  <testcase name="testListAllObjects" time="0.153" classname="sailpoint.rest.scim.PolicyViolationListResourceTest"/>
  <testcase name="testNotSCIMExecAuthenticateDenied" time="0.030" classname="sailpoint.rest.scim.PolicyViolationListResourceTest"/>
  <testcase name="testListAllObjectsSingleAttribute" time="0.072" classname="sailpoint.rest.scim.PolicyViolationListResourceTest"/>
  <testcase name="testAdminAuthenticate" time="0.059" classname="sailpoint.rest.scim.PolicyViolationListResourceTest"/>
  <testcase name="testListFilterBySearchable" time="0.067" classname="sailpoint.rest.scim.PolicyViolationListResourceTest"/>
  <testcase name="testListAllObjectsMultipleAttributes" time="0.055" classname="sailpoint.rest.scim.PolicyViolationListResourceTest"/>
</testsuite> <!-- sailpoint.rest.scim.PolicyViolationListResourceTest -->
