<?xml version="1.0" encoding="UTF-8"?>
<!-- Generated by org.testng.reporters.JUnitReportReporter -->
<testsuite skipped="0" hostname="sunfish.sailpoint.com" name="sailpoint.rest.scim.ApplicationListResourceTest" tests="29" failures="0" timestamp="11 May 2021 16:09:47 GMT" time="2.923" errors="0">
  <testcase name="testFilterAndNotCoNe" time="0.066" classname="sailpoint.rest.scim.ApplicationListResourceTest"/>
  <testcase name="testPagingWithSortAscendingAndExcludes" time="0.258" classname="sailpoint.rest.scim.ApplicationListResourceTest"/>
  <testcase name="testFailedFilterNotSearchable" time="0.075" classname="sailpoint.rest.scim.ApplicationListResourceTest"/>
  <testcase name="testFailedFilterMultiValueComplexNotSearchable" time="0.084" classname="sailpoint.rest.scim.ApplicationListResourceTest"/>
  <testcase name="testFilterType" time="0.129" classname="sailpoint.rest.scim.ApplicationListResourceTest"/>
  <testcase name="testFailedFilterId" time="0.058" classname="sailpoint.rest.scim.ApplicationListResourceTest"/>
  <testcase name="testFilterMatchComplex" time="0.082" classname="sailpoint.rest.scim.ApplicationListResourceTest"/>
  <testcase name="testFilterMatchComplexCase" time="0.110" classname="sailpoint.rest.scim.ApplicationListResourceTest"/>
  <testcase name="testPagingWithSortAscendingAndIncludes" time="0.186" classname="sailpoint.rest.scim.ApplicationListResourceTest"/>
  <testcase name="testFilterMatchOwner" time="0.076" classname="sailpoint.rest.scim.ApplicationListResourceTest"/>
  <testcase name="testFilterAndNotCoEq" time="0.073" classname="sailpoint.rest.scim.ApplicationListResourceTest"/>
  <testcase name="testFilterSwCoNot" time="0.051" classname="sailpoint.rest.scim.ApplicationListResourceTest"/>
  <testcase name="testPagingWithSortDescending" time="0.242" classname="sailpoint.rest.scim.ApplicationListResourceTest"/>
  <testcase name="testListApplicationsIncludeAttributes" time="0.195" classname="sailpoint.rest.scim.ApplicationListResourceTest"/>
  <testcase name="testFilterMatch" time="0.082" classname="sailpoint.rest.scim.ApplicationListResourceTest"/>
  <testcase name="testListApplicationsIncludeExtended" time="0.086" classname="sailpoint.rest.scim.ApplicationListResourceTest"/>
  <testcase name="testFilterSwCo" time="0.070" classname="sailpoint.rest.scim.ApplicationListResourceTest"/>
  <testcase name="testFilterPresent" time="0.068" classname="sailpoint.rest.scim.ApplicationListResourceTest"/>
  <testcase name="testTooManyException" time="0.061" classname="sailpoint.rest.scim.ApplicationListResourceTest"/>
  <testcase name="testFilterNoMatchComplex" time="0.056" classname="sailpoint.rest.scim.ApplicationListResourceTest"/>
  <testcase name="testFilterSw" time="0.063" classname="sailpoint.rest.scim.ApplicationListResourceTest"/>
  <testcase name="testListApplications" time="0.121" classname="sailpoint.rest.scim.ApplicationListResourceTest"/>
  <testcase name="testFilterMultiByteChar" time="0.072" classname="sailpoint.rest.scim.ApplicationListResourceTest"/>
  <testcase name="testFailedFilterMultiValueNotSearchable" time="0.072" classname="sailpoint.rest.scim.ApplicationListResourceTest"/>
  <testcase name="testFilterParenthesis" time="0.167" classname="sailpoint.rest.scim.ApplicationListResourceTest"/>
  <testcase name="testFilterNoMatch" time="0.056" classname="sailpoint.rest.scim.ApplicationListResourceTest"/>
  <testcase name="testFilterApplication" time="0.139" classname="sailpoint.rest.scim.ApplicationListResourceTest"/>
  <testcase name="testListApplicationsBearerAuth" time="0.058" classname="sailpoint.rest.scim.ApplicationListResourceTest"/>
  <testcase name="testFilterNotPresent" time="0.067" classname="sailpoint.rest.scim.ApplicationListResourceTest"/>
</testsuite> <!-- sailpoint.rest.scim.ApplicationListResourceTest -->
