<?xml version="1.0" encoding="UTF-8"?>
<!-- Generated by org.testng.reporters.JUnitReportReporter -->
<testsuite skipped="0" hostname="sunfish.sailpoint.com" name="sailpoint.rest.ui.suggest.IdentitySuggestResourceTests" tests="1" failures="0" timestamp="11 May 2021 16:09:46 GMT" time="0.241" errors="0">
  <testcase name="testGetIdentities" time="0.241" classname="sailpoint.rest.ui.suggest.IdentitySuggestResourceTests"/>
</testsuite> <!-- sailpoint.rest.ui.suggest.IdentitySuggestResourceTests -->
