<?xml version="1.0" encoding="UTF-8"?>
<!-- Generated by org.testng.reporters.JUnitReportReporter -->
<testsuite skipped="0" hostname="sunfish.sailpoint.com" name="sailpoint.object.FilterTests" tests="16" failures="0" timestamp="11 May 2021 16:09:47 GMT" time="0.033" errors="0">
  <testcase name="testInvalidFunctionCompilation" time="0.000" classname="sailpoint.object.FilterTests"/>
  <testcase name="testSubqueryNoSubqueryClass" time="0.000" classname="sailpoint.object.FilterTests"/>
  <testcase name="testUnescapedLiteralCompilation" time="0.000" classname="sailpoint.object.FilterTests"/>
  <testcase name="testCollectionCondition" time="0.000" classname="sailpoint.object.FilterTests"/>
  <testcase name="testUnmatchedParensCompilation" time="0.000" classname="sailpoint.object.FilterTests"/>
  <testcase name="testInNoArrayCompilation" time="0.000" classname="sailpoint.object.FilterTests"/>
  <testcase name="testQueryByExample" time="0.001" classname="sailpoint.object.FilterTests"/>
  <testcase name="testSubqueryNoSubqueryFilter" time="0.000" classname="sailpoint.object.FilterTests"/>
  <testcase name="testEmptyFilterCompilation" time="0.001" classname="sailpoint.object.FilterTests"/>
  <testcase name="testValidFilters" time="0.005" classname="sailpoint.object.FilterTests"/>
  <testcase name="testLargeInFilters" time="0.024" classname="sailpoint.object.FilterTests"/>
  <testcase name="testFunctionWithoutArgCompilation" time="0.001" classname="sailpoint.object.FilterTests"/>
  <testcase name="testEnumInnerClass" time="0.000" classname="sailpoint.object.FilterTests"/>
  <testcase name="testSubqueryNoSubqueryProperty" time="0.000" classname="sailpoint.object.FilterTests"/>
  <testcase name="testNonQuotedLiteralCompilation" time="0.000" classname="sailpoint.object.FilterTests"/>
  <testcase name="testSubqueryNoProperty" time="0.001" classname="sailpoint.object.FilterTests"/>
</testsuite> <!-- sailpoint.object.FilterTests -->
