<?xml version="1.0" encoding="UTF-8"?>
<!-- Generated by org.testng.reporters.JUnitReportReporter -->
<testsuite skipped="0" hostname="sunfish.sailpoint.com" name="sailpoint.authorization.identityrequest.IdentityRequestCancelAuthorizerTests" tests="7" failures="0" timestamp="11 May 2021 16:09:47 GMT" time="0.022" errors="0">
  <testcase name="testSystemAdminAuthorized" time="0.004" classname="sailpoint.authorization.identityrequest.IdentityRequestCancelAuthorizerTests"/>
  <testcase name="testRequestorAuthorized" time="0.003" classname="sailpoint.authorization.identityrequest.IdentityRequestCancelAuthorizerTests"/>
  <testcase name="testOwnerAuthorized" time="0.001" classname="sailpoint.authorization.identityrequest.IdentityRequestCancelAuthorizerTests"/>
  <testcase name="testAdminRightAuthorized" time="0.008" classname="sailpoint.authorization.identityrequest.IdentityRequestCancelAuthorizerTests"/>
  <testcase name="testUnrelatedIdentityNotAuthorized" time="0.000" classname="sailpoint.authorization.identityrequest.IdentityRequestCancelAuthorizerTests"/>
  <testcase name="testRequesteeNotAuthorized" time="0.004" classname="sailpoint.authorization.identityrequest.IdentityRequestCancelAuthorizerTests"/>
  <testcase name="testNullIdentityRequest" time="0.002" classname="sailpoint.authorization.identityrequest.IdentityRequestCancelAuthorizerTests"/>
</testsuite> <!-- sailpoint.authorization.identityrequest.IdentityRequestCancelAuthorizerTests -->
