<?xml version="1.0" encoding="UTF-8"?>
<!-- Generated by org.testng.reporters.JUnitReportReporter -->
<testsuite skipped="0" hostname="sunfish.sailpoint.com" name="sailpoint.rest.SuggestResourceTest" tests="6" failures="0" timestamp="11 May 2021 16:09:47 GMT" time="0.752" errors="0">
  <testcase name="testTagSuggest" time="0.091" classname="sailpoint.rest.SuggestResourceTest"/>
  <testcase name="testGetDistinctColumnSuggest" time="0.184" classname="sailpoint.rest.SuggestResourceTest"/>
  <testcase name="testRuleSuggest" time="0.088" classname="sailpoint.rest.SuggestResourceTest"/>
  <testcase name="testSimpleList" time="0.165" classname="sailpoint.rest.SuggestResourceTest"/>
  <testcase name="testGetUIConfigSuggest" time="0.062" classname="sailpoint.rest.SuggestResourceTest"/>
  <testcase name="testGetSuggest" time="0.162" classname="sailpoint.rest.SuggestResourceTest"/>
</testsuite> <!-- sailpoint.rest.SuggestResourceTest -->
