<?xml version="1.0" encoding="UTF-8"?>
<!-- Generated by org.testng.reporters.JUnitReportReporter -->
<testsuite skipped="0" hostname="sunfish.sailpoint.com" name="sailpoint.scim.common.JSONReaderTest" tests="6" failures="0" timestamp="11 May 2021 16:09:47 GMT" time="0.041" errors="0">
  <testcase name="testFromString" time="0.000" classname="sailpoint.scim.common.JSONReaderTest"/>
  <testcase name="testCreateComplexValue" time="0.002" classname="sailpoint.scim.common.JSONReaderTest"/>
  <testcase name="testFromInputStreamKitchenSink" time="0.033" classname="sailpoint.scim.common.JSONReaderTest"/>
  <testcase name="testFromInputStreamListResponse" time="0.003" classname="sailpoint.scim.common.JSONReaderTest"/>
  <testcase name="testFromStringMultiByte" time="0.000" classname="sailpoint.scim.common.JSONReaderTest"/>
  <testcase name="testFromInputStreamKitchenSinkMultiByte" time="0.003" classname="sailpoint.scim.common.JSONReaderTest"/>
</testsuite> <!-- sailpoint.scim.common.JSONReaderTest -->
