<?xml version="1.0" encoding="UTF-8"?>
<!-- Generated by org.testng.reporters.JUnitReportReporter -->
<testsuite skipped="0" hostname="sunfish.sailpoint.com" name="sailpoint.service.classification.ClassificationServiceTests" tests="2" failures="0" timestamp="11 May 2021 16:09:47 GMT" time="0.265" errors="0">
  <testcase name="testGetClassificationNamesForRole" time="0.096" classname="sailpoint.service.classification.ClassificationServiceTests"/>
  <testcase name="testGetClassificationNamesForEntitlement" time="0.169" classname="sailpoint.service.classification.ClassificationServiceTests"/>
</testsuite> <!-- sailpoint.service.classification.ClassificationServiceTests -->
