<?xml version="1.0" encoding="UTF-8"?>
<!-- Generated by org.testng.reporters.JUnitReportReporter -->
<testsuite skipped="0" hostname="sunfish.sailpoint.com" name="sailpoint.web.ObjectConfigTests" tests="8" failures="0" timestamp="11 May 2021 16:09:46 GMT" time="0.353" errors="0">
  <testcase name="testIdentityExtendedWithPrior" time="0.000" classname="sailpoint.web.ObjectConfigTests"/>
  <testcase name="testIdentityExtendedWithPriorForIdentityClass" time="0.000" classname="sailpoint.web.ObjectConfigTests"/>
  <testcase name="addIntegerTypeTwice" time="0.011" classname="sailpoint.web.ObjectConfigTests"/>
  <testcase name="testIdentityExtendedWithNoPriorForIdentityClass" time="0.000" classname="sailpoint.web.ObjectConfigTests"/>
  <testcase name="testIdentityExtendedWithNoPrior" time="0.001" classname="sailpoint.web.ObjectConfigTests"/>
  <testcase name="testIdentityType" time="0.181" classname="sailpoint.web.ObjectConfigTests"/>
  <testcase name="testHasIdentityType" time="0.159" classname="sailpoint.web.ObjectConfigTests"/>
  <testcase name="addIntegerTypeTwiceForIdentityClass" time="0.001" classname="sailpoint.web.ObjectConfigTests"/>
</testsuite> <!-- sailpoint.web.ObjectConfigTests -->
