<?xml version="1.0" encoding="UTF-8"?>
<!-- Generated by org.testng.reporters.JUnitReportReporter -->
<testsuite skipped="0" hostname="sunfish.sailpoint.com" name="sailpoint.service.listfilter.UserAccessIdentityFilterContextTests" tests="3" failures="0" timestamp="11 May 2021 16:09:47 GMT" time="0.001" errors="0">
  <testcase name="testIdentityIdsFilter" time="0.001" classname="sailpoint.service.listfilter.UserAccessIdentityFilterContextTests"/>
  <testcase name="testGetFilters" time="0.000" classname="sailpoint.service.listfilter.UserAccessIdentityFilterContextTests"/>
  <testcase name="testIdentityIdsFilterWithPrefix" time="0.000" classname="sailpoint.service.listfilter.UserAccessIdentityFilterContextTests"/>
</testsuite> <!-- sailpoint.service.listfilter.UserAccessIdentityFilterContextTests -->
