<?xml version="1.0" encoding="UTF-8"?>
<!-- Generated by org.testng.reporters.JUnitReportReporter -->
<testsuite skipped="0" hostname="sunfish.sailpoint.com" name="sailpoint.service.certification.CertificationItemListFilterContextTests" tests="27" failures="0" timestamp="11 May 2021 16:09:47 GMT" time="2.022" errors="0">
  <testcase name="testAdditionalEntitlementFiltersReassignment" time="0.426" classname="sailpoint.service.certification.CertificationItemListFilterContextTests"/>
  <testcase name="testConvertFilterSingleValue" time="0.001" classname="sailpoint.service.certification.CertificationItemListFilterContextTests"/>
  <testcase name="testConvertFilterAdditionalEntitlement" time="0.005" classname="sailpoint.service.certification.CertificationItemListFilterContextTests"/>
  <testcase name="testEntitlementTopLevelFiltersNoConfiguration" time="0.002" classname="sailpoint.service.certification.CertificationItemListFilterContextTests"/>
  <testcase name="testUnhandledNullFilter" time="0.001" classname="sailpoint.service.certification.CertificationItemListFilterContextTests"/>
  <testcase name="testGetFilterObjectAttributesSystemConfiguration" time="0.107" classname="sailpoint.service.certification.CertificationItemListFilterContextTests"/>
  <testcase name="testDataOwnerIdentityJoin" time="0.001" classname="sailpoint.service.certification.CertificationItemListFilterContextTests"/>
  <testcase name="testIncludedTypeFilter" time="0.000" classname="sailpoint.service.certification.CertificationItemListFilterContextTests"/>
  <testcase name="testSummaryStatusFilter" time="0.001" classname="sailpoint.service.certification.CertificationItemListFilterContextTests"/>
  <testcase name="testIdentityTopLevelFiltersNoConfiguration" time="0.001" classname="sailpoint.service.certification.CertificationItemListFilterContextTests"/>
  <testcase name="testGetFilterObjectAttributesCertificationConfiguration" time="0.002" classname="sailpoint.service.certification.CertificationItemListFilterContextTests"/>
  <testcase name="testClassificationFilter" time="0.473" classname="sailpoint.service.certification.CertificationItemListFilterContextTests"/>
  <testcase name="testChangesDetectedFilter" time="0.006" classname="sailpoint.service.certification.CertificationItemListFilterContextTests"/>
  <testcase name="testClassificationFilterConversion" time="0.001" classname="sailpoint.service.certification.CertificationItemListFilterContextTests"/>
  <testcase name="testAdditionalEntitlementFilters" time="0.242" classname="sailpoint.service.certification.CertificationItemListFilterContextTests"/>
  <testcase name="testRoleFilter" time="0.002" classname="sailpoint.service.certification.CertificationItemListFilterContextTests"/>
  <testcase name="testDataRoleComp" time="0.001" classname="sailpoint.service.certification.CertificationItemListFilterContextTests"/>
  <testcase name="testAdditionalEntitlementFiltersWithAutoApprovals" time="0.393" classname="sailpoint.service.certification.CertificationItemListFilterContextTests"/>
  <testcase name="testTypeFilter" time="0.002" classname="sailpoint.service.certification.CertificationItemListFilterContextTests"/>
  <testcase name="testEntityFilter" time="0.000" classname="sailpoint.service.certification.CertificationItemListFilterContextTests"/>
  <testcase name="testTopLevelFiltersObjectCertItemListFilterContextClear" time="0.003" classname="sailpoint.service.certification.CertificationItemListFilterContextTests"/>
  <testcase name="testUnhandledValueFilter" time="0.000" classname="sailpoint.service.certification.CertificationItemListFilterContextTests"/>
  <testcase name="testIdentityTypeLabel" time="0.001" classname="sailpoint.service.certification.CertificationItemListFilterContextTests"/>
  <testcase name="testConfigureSuggestWithFilterString" time="0.001" classname="sailpoint.service.certification.CertificationItemListFilterContextTests"/>
  <testcase name="testAdditionalEntitlementFiltersWithRecommendations" time="0.349" classname="sailpoint.service.certification.CertificationItemListFilterContextTests"/>
  <testcase name="testUnhandledJoinFilter" time="0.000" classname="sailpoint.service.certification.CertificationItemListFilterContextTests"/>
  <testcase name="testExcludedTypeFilter" time="0.001" classname="sailpoint.service.certification.CertificationItemListFilterContextTests"/>
</testsuite> <!-- sailpoint.service.certification.CertificationItemListFilterContextTests -->
