<?xml version="1.0" encoding="UTF-8"?>
<!-- Generated by org.testng.reporters.JUnitReportReporter -->
<testsuite skipped="0" hostname="sunfish.sailpoint.com" name="sailpoint.rapidsetup.constraint.impl.OrEvaluatorTests" tests="4" failures="0" timestamp="11 May 2021 16:09:47 GMT" time="0.007" errors="0">
  <testcase name="test_or_null_children" time="0.001" classname="sailpoint.rapidsetup.constraint.impl.OrEvaluatorTests"/>
  <testcase name="test_or_true" time="0.000" classname="sailpoint.rapidsetup.constraint.impl.OrEvaluatorTests"/>
  <testcase name="test_or_empty_children" time="0.002" classname="sailpoint.rapidsetup.constraint.impl.OrEvaluatorTests"/>
  <testcase name="test_or_false" time="0.004" classname="sailpoint.rapidsetup.constraint.impl.OrEvaluatorTests"/>
</testsuite> <!-- sailpoint.rapidsetup.constraint.impl.OrEvaluatorTests -->
