<?xml version="1.0" encoding="UTF-8"?>
<!-- Generated by org.testng.reporters.JUnitReportReporter -->
<testsuite skipped="0" hostname="sunfish.sailpoint.com" name="sailpoint.task.HousekeeperTests" tests="18" failures="0" timestamp="11 May 2021 16:09:47 GMT" time="122.557" errors="0">
  <testcase name="testHousekeeperTimeout" time="15.801" classname="sailpoint.task.HousekeeperTests"/>
  <testcase name="testPruneCertificationsWithNoArchiving" time="2.410" classname="sailpoint.task.HousekeeperTests"/>
  <testcase name="testPrunePartitioned" time="9.443" classname="sailpoint.task.HousekeeperTests"/>
  <testcase name="testPruneProvisioningTransactionsDisabled" time="2.490" classname="sailpoint.task.HousekeeperTests"/>
  <testcase name="testCertificationsAutoCloserPartitioned" time="11.604" classname="sailpoint.task.HousekeeperTests"/>
  <testcase name="testCertificationsFinisherPartitioned" time="8.540" classname="sailpoint.task.HousekeeperTests"/>
  <testcase name="testPruneCertificationsWithArchiving" time="2.407" classname="sailpoint.task.HousekeeperTests"/>
  <testcase name="testPruneProvisioningTransactions" time="2.348" classname="sailpoint.task.HousekeeperTests"/>
  <testcase name="testAttachmentPruning" time="2.401" classname="sailpoint.task.HousekeeperTests"/>
  <testcase name="testHousekeeperTimeoutPartitioned" time="12.808" classname="sailpoint.task.HousekeeperTests"/>
  <testcase name="testInactiveWorkItemForwardPartitioned" time="9.095" classname="sailpoint.task.HousekeeperTests"/>
  <testcase name="testCertificationsScanRemediationPartitioned" time="10.175" classname="sailpoint.task.HousekeeperTests"/>
  <testcase name="testInactiveWorkItemForward" time="2.639" classname="sailpoint.task.HousekeeperTests"/>
  <testcase name="testPendingAttachmentPruning" time="2.368" classname="sailpoint.task.HousekeeperTests"/>
  <testcase name="testPruneProvisioningTransactionsBeforePruneAge" time="2.441" classname="sailpoint.task.HousekeeperTests"/>
  <testcase name="testCertificationsPhaserPartitioned" time="10.848" classname="sailpoint.task.HousekeeperTests"/>
  <testcase name="testPruneCertificationsWithArchivingPartitioned" time="6.250" classname="sailpoint.task.HousekeeperTests"/>
  <testcase name="testPruneCertificationsWithNoArchivingPartitioned" time="8.489" classname="sailpoint.task.HousekeeperTests"/>
</testsuite> <!-- sailpoint.task.HousekeeperTests -->
