<?xml version="1.0" encoding="UTF-8"?>
<!-- Generated by org.testng.reporters.JUnitReportReporter -->
<testsuite skipped="0" hostname="sunfish.sailpoint.com" name="sailpoint.web.sso.DefaultSSOValidatorTests" tests="6" failures="0" timestamp="11 May 2021 16:09:46 GMT" time="0.607" errors="0">
  <testcase name="testDoSSOValidation_fail" time="0.101" classname="sailpoint.web.sso.DefaultSSOValidatorTests"/>
  <testcase name="testRunSSOValidationRule_validationError" time="0.001" classname="sailpoint.web.sso.DefaultSSOValidatorTests"/>
  <testcase name="testRunSSOValidationRule" time="0.001" classname="sailpoint.web.sso.DefaultSSOValidatorTests"/>
  <testcase name="testDoSSOValidation_success" time="0.409" classname="sailpoint.web.sso.DefaultSSOValidatorTests"/>
  <testcase name="testRunSSOValidationRule_bogusRuleName" time="0.014" classname="sailpoint.web.sso.DefaultSSOValidatorTests"/>
  <testcase name="testGetSSOValidationRuleName" time="0.081" classname="sailpoint.web.sso.DefaultSSOValidatorTests"/>
</testsuite> <!-- sailpoint.web.sso.DefaultSSOValidatorTests -->
