<?xml version="1.0" encoding="UTF-8"?>
<!-- Generated by org.testng.reporters.JUnitReportReporter -->
<testsuite skipped="0" hostname="sunfish.sailpoint.com" name="sailpoint.service.PasswordReseterTests" tests="7" failures="0" timestamp="11 May 2021 16:09:47 GMT" time="0.774" errors="0">
  <testcase name="buildProvisioningPlan" time="0.005" classname="sailpoint.service.PasswordReseterTests"/>
  <testcase name="getPassThruLink" time="0.004" classname="sailpoint.service.PasswordReseterTests"/>
  <testcase name="getQuestionsIdentityExists" time="0.010" classname="sailpoint.service.PasswordReseterTests"/>
  <testcase name="getQuestionsIdentityDoesNotExist" time="0.001" classname="sailpoint.service.PasswordReseterTests"/>
  <testcase name="checkPasswordPolicyOnLink" time="0.022" classname="sailpoint.service.PasswordReseterTests"/>
  <testcase name="getQuestionsIdentityAnsweredFewer" time="0.012" classname="sailpoint.service.PasswordReseterTests"/>
  <testcase name="launchUpdatePasswordWorkflow" time="0.720" classname="sailpoint.service.PasswordReseterTests"/>
</testsuite> <!-- sailpoint.service.PasswordReseterTests -->
