<?xml version="1.0" encoding="UTF-8"?>
<!-- Generated by org.testng.reporters.JUnitReportReporter -->
<testsuite skipped="0" hostname="sunfish.sailpoint.com" name="sailpoint.service.scim.AccountRequestOperationSetterTest" tests="4" failures="0" timestamp="11 May 2021 16:09:46 GMT" time="0.006" errors="0">
  <testcase name="testSetterDisables" time="0.001" classname="sailpoint.service.scim.AccountRequestOperationSetterTest"/>
  <testcase name="testSetterEnables" time="0.001" classname="sailpoint.service.scim.AccountRequestOperationSetterTest"/>
  <testcase name="testSetterAlreadyEnabled" time="0.002" classname="sailpoint.service.scim.AccountRequestOperationSetterTest"/>
  <testcase name="testSetterAlreadyDisabled" time="0.002" classname="sailpoint.service.scim.AccountRequestOperationSetterTest"/>
</testsuite> <!-- sailpoint.service.scim.AccountRequestOperationSetterTest -->
