<?xml version="1.0" encoding="UTF-8"?>
<!-- Generated by org.testng.reporters.JUnitReportReporter -->
<testsuite skipped="0" hostname="sunfish.sailpoint.com" name="sailpoint.fam.FAMServiceTest" tests="5" failures="0" timestamp="11 May 2021 16:09:47 GMT" time="0.047" errors="0">
  <testcase name="testConnectionTest" time="0.007" classname="sailpoint.fam.FAMServiceTest"/>
  <testcase name="testCorrelationId" time="0.008" classname="sailpoint.fam.FAMServiceTest"/>
  <testcase name="testGetSPObject" time="0.023" classname="sailpoint.fam.FAMServiceTest"/>
  <testcase name="testGetClassifications" time="0.008" classname="sailpoint.fam.FAMServiceTest"/>
  <testcase name="testHealthCheck" time="0.001" classname="sailpoint.fam.FAMServiceTest"/>
</testsuite> <!-- sailpoint.fam.FAMServiceTest -->
