<?xml version="1.0" encoding="UTF-8"?>
<!-- Generated by org.testng.reporters.JUnitReportReporter -->
<testsuite skipped="0" hostname="sunfish.sailpoint.com" name="sailpoint.rest.AlertDefinitionListResourceTest" tests="5" failures="0" timestamp="11 May 2021 16:09:47 GMT" time="0.829" errors="0">
  <testcase name="testSuggestAuth" time="0.350" classname="sailpoint.rest.AlertDefinitionListResourceTest"/>
  <testcase name="testPaging" time="0.087" classname="sailpoint.rest.AlertDefinitionListResourceTest"/>
  <testcase name="testAuthorization" time="0.326" classname="sailpoint.rest.AlertDefinitionListResourceTest"/>
  <testcase name="testSort" time="0.038" classname="sailpoint.rest.AlertDefinitionListResourceTest"/>
  <testcase name="testGetAlertDefs" time="0.028" classname="sailpoint.rest.AlertDefinitionListResourceTest"/>
</testsuite> <!-- sailpoint.rest.AlertDefinitionListResourceTest -->
