<?xml version="1.0" encoding="UTF-8"?>
<!-- Generated by org.testng.reporters.JUnitReportReporter -->
<testsuite skipped="0" hostname="sunfish.sailpoint.com" name="sailpoint.service.scim.AccountPropertySetterTest" tests="2" failures="0" timestamp="11 May 2021 16:09:47 GMT" time="0.006" errors="0">
  <testcase name="testNoArgUsesSetsOperation" time="0.000" classname="sailpoint.service.scim.AccountPropertySetterTest"/>
  <testcase name="testArgAddOperationWithSecret" time="0.006" classname="sailpoint.service.scim.AccountPropertySetterTest"/>
</testsuite> <!-- sailpoint.service.scim.AccountPropertySetterTest -->
