<?xml version="1.0" encoding="UTF-8"?>
<!-- Generated by org.testng.reporters.JUnitReportReporter -->
<testsuite skipped="0" hostname="sunfish.sailpoint.com" name="sailpoint.web.lcm.LcmAccessRequestHelperTests" tests="11" failures="0" timestamp="11 May 2021 16:09:47 GMT" time="59.522" errors="0">
  <testcase name="testEntitlementsBulkRequestAdditionalAccountNotSelfService" time="4.770" classname="sailpoint.web.lcm.LcmAccessRequestHelperTests"/>
  <testcase name="testEntitlementWithExistingAssignment" time="5.461" classname="sailpoint.web.lcm.LcmAccessRequestHelperTests"/>
  <testcase name="testIdentityAccountSelectionOrigins" time="5.301" classname="sailpoint.web.lcm.LcmAccessRequestHelperTests"/>
  <testcase name="testRequiredRoleWithExistingAssignment" time="5.582" classname="sailpoint.web.lcm.LcmAccessRequestHelperTests"/>
  <testcase name="testEntitlementImplicitCreateNoAccount" time="6.329" classname="sailpoint.web.lcm.LcmAccessRequestHelperTests"/>
  <testcase name="testPermittedRoleWithExistingAssignment" time="4.984" classname="sailpoint.web.lcm.LcmAccessRequestHelperTests"/>
  <testcase name="testGetIdentityAccountSelectionsByItemId" time="5.647" classname="sailpoint.web.lcm.LcmAccessRequestHelperTests"/>
  <testcase name="testValidateRemoveRequests" time="5.476" classname="sailpoint.web.lcm.LcmAccessRequestHelperTests"/>
  <testcase name="testRolesWithProvisioningTargets" time="5.284" classname="sailpoint.web.lcm.LcmAccessRequestHelperTests"/>
  <testcase name="getEntitlementAccountRequestsWithSelections" time="5.327" classname="sailpoint.web.lcm.LcmAccessRequestHelperTests"/>
  <testcase name="testEntitlementsWithProvisioningTargets" time="5.361" classname="sailpoint.web.lcm.LcmAccessRequestHelperTests"/>
</testsuite> <!-- sailpoint.web.lcm.LcmAccessRequestHelperTests -->
