<?xml version="1.0" encoding="UTF-8"?>
<!-- Generated by org.testng.reporters.JUnitReportReporter -->
<testsuite skipped="0" hostname="sunfish.sailpoint.com" name="sailpoint.api.ExampleRulesTests" tests="1" failures="0" timestamp="11 May 2021 16:09:46 GMT" time="12.882" errors="0">
  <testcase name="testRuleExamples" time="12.882" classname="sailpoint.api.ExampleRulesTests"/>
</testsuite> <!-- sailpoint.api.ExampleRulesTests -->
