<?xml version="1.0" encoding="UTF-8"?>
<!-- Generated by org.testng.reporters.JUnitReportReporter -->
<testsuite skipped="0" hostname="sunfish.sailpoint.com" name="sailpoint.api.ApplicationTemplateTests" tests="3" failures="0" timestamp="11 May 2021 16:09:47 GMT" time="13.301" errors="0">
  <testcase name="testTemplateCertification" time="4.223" classname="sailpoint.api.ApplicationTemplateTests"/>
  <testcase name="testTemplateAggregation" time="5.157" classname="sailpoint.api.ApplicationTemplateTests"/>
  <testcase name="testTemplateCorrelation" time="3.921" classname="sailpoint.api.ApplicationTemplateTests"/>
</testsuite> <!-- sailpoint.api.ApplicationTemplateTests -->
