<?xml version="1.0" encoding="UTF-8"?>
<!-- Generated by org.testng.reporters.JUnitReportReporter -->
<testsuite skipped="0" hostname="sunfish.sailpoint.com" name="sailpoint.authorization.CertifiableItemAuthorizerTest" tests="5" failures="0" timestamp="11 May 2021 16:09:47 GMT" time="1.224" errors="0">
  <testcase name="testAuthorized" time="0.244" classname="sailpoint.authorization.CertifiableItemAuthorizerTest"/>
  <testcase name="testNotAuthorizedEntityCertFakeout" time="0.247" classname="sailpoint.authorization.CertifiableItemAuthorizerTest"/>
  <testcase name="testNullCert" time="0.282" classname="sailpoint.authorization.CertifiableItemAuthorizerTest"/>
  <testcase name="testNotAuthorizedItemCertFakeout" time="0.220" classname="sailpoint.authorization.CertifiableItemAuthorizerTest"/>
  <testcase name="testNullItem" time="0.231" classname="sailpoint.authorization.CertifiableItemAuthorizerTest"/>
</testsuite> <!-- sailpoint.authorization.CertifiableItemAuthorizerTest -->
