<?xml version="1.0" encoding="UTF-8"?>
<!-- Generated by org.testng.reporters.JUnitReportReporter -->
<testsuite skipped="0" hostname="sunfish.sailpoint.com" name="sailpoint.web.identity.IdentityTypeTests" tests="7" failures="0" timestamp="11 May 2021 16:09:47 GMT" time="5.734" errors="0">
  <testcase name="testIdentityProxy" time="0.570" classname="sailpoint.web.identity.IdentityTypeTests"/>
  <testcase name="testIdentitizerRefreshSetIdentityType" time="0.601" classname="sailpoint.web.identity.IdentityTypeTests"/>
  <testcase name="testIdentityTypesJson" time="0.897" classname="sailpoint.web.identity.IdentityTypeTests"/>
  <testcase name="testUpdateInvalidIdentityTypes" time="1.367" classname="sailpoint.web.identity.IdentityTypeTests"/>
  <testcase name="testIdentitizerRefreshSetInvalidIdentityType" time="0.614" classname="sailpoint.web.identity.IdentityTypeTests"/>
  <testcase name="testIsValidIdentityType" time="0.512" classname="sailpoint.web.identity.IdentityTypeTests"/>
  <testcase name="testUpdateIdentityType" time="1.173" classname="sailpoint.web.identity.IdentityTypeTests"/>
</testsuite> <!-- sailpoint.web.identity.IdentityTypeTests -->
