<?xml version="1.0" encoding="UTF-8"?>
<!-- Generated by org.testng.reporters.JUnitReportReporter -->
<testsuite skipped="0" hostname="sunfish.sailpoint.com" name="sailpoint.service.scim.AccountServiceTest" tests="21" failures="0" timestamp="11 May 2021 16:09:47 GMT" time="1.429" errors="0">
  <testcase name="testCreateAccountNoAudit" time="0.201" classname="sailpoint.service.scim.AccountServiceTest"/>
  <testcase name="testCreateAccountFailed" time="0.192" classname="sailpoint.service.scim.AccountServiceTest"/>
  <testcase name="testListResourceMaxCount" time="0.002" classname="sailpoint.service.scim.AccountServiceTest"/>
  <testcase name="testDeleteUserModified" time="0.004" classname="sailpoint.service.scim.AccountServiceTest"/>
  <testcase name="testGetResource" time="0.024" classname="sailpoint.service.scim.AccountServiceTest"/>
  <testcase name="testListResourceCountZeroReturnsTotalResults" time="0.004" classname="sailpoint.service.scim.AccountServiceTest"/>
  <testcase name="testUpdateAccountNoAudit" time="0.076" classname="sailpoint.service.scim.AccountServiceTest"/>
  <testcase name="testGetResourceNotFound" time="0.011" classname="sailpoint.service.scim.AccountServiceTest"/>
  <testcase name="testAuditResourcesConfigurationUpdated" time="0.010" classname="sailpoint.service.scim.AccountServiceTest"/>
  <testcase name="testUpdateAccountMutabilityError" time="0.021" classname="sailpoint.service.scim.AccountServiceTest"/>
  <testcase name="testCreateAccount" time="0.539" classname="sailpoint.service.scim.AccountServiceTest"/>
  <testcase name="testCreateResource" time="0.000" classname="sailpoint.service.scim.AccountServiceTest"/>
  <testcase name="testUpdateAccount" time="0.140" classname="sailpoint.service.scim.AccountServiceTest"/>
  <testcase name="testDeleteResourceNotFound" time="0.002" classname="sailpoint.service.scim.AccountServiceTest"/>
  <testcase name="testIsProvisionableAppFalse" time="0.001" classname="sailpoint.service.scim.AccountServiceTest"/>
  <testcase name="testUpdateResourceNotFound" time="0.002" classname="sailpoint.service.scim.AccountServiceTest"/>
  <testcase name="testUpdateResource" time="0.002" classname="sailpoint.service.scim.AccountServiceTest"/>
  <testcase name="testListResourceStartIndexLessThanOne" time="0.066" classname="sailpoint.service.scim.AccountServiceTest"/>
  <testcase name="testIsProvisionableAppSchema" time="0.011" classname="sailpoint.service.scim.AccountServiceTest"/>
  <testcase name="testCreateAccountPending" time="0.120" classname="sailpoint.service.scim.AccountServiceTest"/>
  <testcase name="testIsProvisionableApp" time="0.001" classname="sailpoint.service.scim.AccountServiceTest"/>
</testsuite> <!-- sailpoint.service.scim.AccountServiceTest -->
