<?xml version="1.0" encoding="UTF-8"?>
<!-- Generated by org.testng.reporters.JUnitReportReporter -->
<testsuite skipped="0" hostname="sunfish.sailpoint.com" name="sailpoint.service.NonIdentityRequestApprovalServiceTests" tests="3" failures="0" timestamp="11 May 2021 16:09:47 GMT" time="12.337" errors="0">
  <testcase name="testAmendResults" time="4.284" classname="sailpoint.service.NonIdentityRequestApprovalServiceTests"/>
  <testcase name="testAmendResultsNullDTO" time="3.813" classname="sailpoint.service.NonIdentityRequestApprovalServiceTests"/>
  <testcase name="testAmendResultsThrowsWithInvalidID" time="4.240" classname="sailpoint.service.NonIdentityRequestApprovalServiceTests"/>
</testsuite> <!-- sailpoint.service.NonIdentityRequestApprovalServiceTests -->
