<?xml version="1.0" encoding="UTF-8"?>
<!-- Generated by org.testng.reporters.JUnitReportReporter -->
<testsuite skipped="0" hostname="sunfish.sailpoint.com" name="sailpoint.server.ExporterTests" tests="6" failures="0" timestamp="11 May 2021 16:09:47 GMT" time="0.001" errors="0">
  <testcase name="testExportArgsCreatorClean" time="0.000" classname="sailpoint.server.ExporterTests"/>
  <testcase name="testExportArgsCreatorClassnameTag" time="0.000" classname="sailpoint.server.ExporterTests"/>
  <testcase name="testExportArgsCreatorInit" time="0.001" classname="sailpoint.server.ExporterTests"/>
  <testcase name="testExportCleanFailIdentity" time="0.000" classname="sailpoint.server.ExporterTests"/>
  <testcase name="testExportArgsCreatorFileNameClassnameAll" time="0.000" classname="sailpoint.server.ExporterTests"/>
  <testcase name="testExportArgsCreatorClassnameWorkgroup" time="0.000" classname="sailpoint.server.ExporterTests"/>
</testsuite> <!-- sailpoint.server.ExporterTests -->
