<?xml version="1.0" encoding="UTF-8"?>
<!-- Generated by org.testng.reporters.JUnitReportReporter -->
<testsuite skipped="0" hostname="sunfish.sailpoint.com" name="sailpoint.service.certification.CertificationItemServiceTests" tests="8" failures="0" timestamp="11 May 2021 16:09:47 GMT" time="1.828" errors="0">
  <testcase name="testShouldReturnDecisionSummary" time="0.243" classname="sailpoint.service.certification.CertificationItemServiceTests"/>
  <testcase name="testShouldGetLinkAttributes" time="0.193" classname="sailpoint.service.certification.CertificationItemServiceTests"/>
  <testcase name="testEntitlementViolationsWithClassifications" time="0.248" classname="sailpoint.service.certification.CertificationItemServiceTests"/>
  <testcase name="testShouldReturnLinkSnapshot" time="0.200" classname="sailpoint.service.certification.CertificationItemServiceTests"/>
  <testcase name="testEntitlementViolationsWithoutClassifications" time="0.251" classname="sailpoint.service.certification.CertificationItemServiceTests"/>
  <testcase name="testUpdateViolationDetails" time="0.267" classname="sailpoint.service.certification.CertificationItemServiceTests"/>
  <testcase name="testRoleViolationsWithClassifications" time="0.263" classname="sailpoint.service.certification.CertificationItemServiceTests"/>
  <testcase name="testShouldReturnRealLink" time="0.163" classname="sailpoint.service.certification.CertificationItemServiceTests"/>
</testsuite> <!-- sailpoint.service.certification.CertificationItemServiceTests -->
