<?xml version="1.0" encoding="UTF-8"?>
<!-- Generated by org.testng.reporters.JUnitReportReporter -->
<testsuite skipped="0" hostname="sunfish.sailpoint.com" name="sailpoint.pam.scimBridge.engine.CountSQLGeneratorTests" tests="4" failures="0" timestamp="11 May 2021 16:09:47 GMT" time="0.001" errors="0">
  <testcase name="testSQLWithSemiColon" time="0.000" classname="sailpoint.pam.scimBridge.engine.CountSQLGeneratorTests"/>
  <testcase name="testSQLWithSingleDistinctColumn" time="0.000" classname="sailpoint.pam.scimBridge.engine.CountSQLGeneratorTests"/>
  <testcase name="testSQLWithWhiteSpace" time="0.000" classname="sailpoint.pam.scimBridge.engine.CountSQLGeneratorTests"/>
  <testcase name="testSQLWithMultipleDistinctColumns" time="0.001" classname="sailpoint.pam.scimBridge.engine.CountSQLGeneratorTests"/>
</testsuite> <!-- sailpoint.pam.scimBridge.engine.CountSQLGeneratorTests -->
