<?xml version="1.0" encoding="UTF-8"?>
<!-- Generated by org.testng.reporters.JUnitReportReporter -->
<testsuite skipped="0" hostname="sunfish.sailpoint.com" name="sailpoint.web.sso.SAMLSSOAuthenticatorTests" tests="7" failures="0" timestamp="11 May 2021 16:09:46 GMT" time="0.715" errors="0">
  <testcase name="testVerifyAssertion" time="0.069" classname="sailpoint.web.sso.SAMLSSOAuthenticatorTests"/>
  <testcase name="testAuthenticiateLoggedIn" time="0.000" classname="sailpoint.web.sso.SAMLSSOAuthenticatorTests"/>
  <testcase name="testAutenticateNotEnabled" time="0.093" classname="sailpoint.web.sso.SAMLSSOAuthenticatorTests"/>
  <testcase name="testDoAuthenticateViaPostPhase2XSWAttack" time="0.337" classname="sailpoint.web.sso.SAMLSSOAuthenticatorTests"/>
  <testcase name="testGetSAMLCertificate" time="0.000" classname="sailpoint.web.sso.SAMLSSOAuthenticatorTests"/>
  <testcase name="testDoAuthenticateViaGetPhase1" time="0.156" classname="sailpoint.web.sso.SAMLSSOAuthenticatorTests"/>
  <testcase name="testDoAuthenticateViaPostSignedPhase2" time="0.060" classname="sailpoint.web.sso.SAMLSSOAuthenticatorTests"/>
</testsuite> <!-- sailpoint.web.sso.SAMLSSOAuthenticatorTests -->
