<?xml version="1.0" encoding="UTF-8"?>
<!-- Generated by org.testng.reporters.JUnitReportReporter -->
<testsuite skipped="0" hostname="sunfish.sailpoint.com" name="sailpoint.rest.TaskScheduleResourceTest" tests="5" failures="0" timestamp="11 May 2021 16:09:46 GMT" time="0.649" errors="0">
  <testcase name="testPatch" time="0.166" classname="sailpoint.rest.TaskScheduleResourceTest"/>
  <testcase name="testDelete" time="0.070" classname="sailpoint.rest.TaskScheduleResourceTest"/>
  <testcase name="testAuthorization" time="0.306" classname="sailpoint.rest.TaskScheduleResourceTest"/>
  <testcase name="testGetObject" time="0.071" classname="sailpoint.rest.TaskScheduleResourceTest"/>
  <testcase name="testObjectNotFound" time="0.036" classname="sailpoint.rest.TaskScheduleResourceTest"/>
</testsuite> <!-- sailpoint.rest.TaskScheduleResourceTest -->
