<?xml version="1.0" encoding="UTF-8"?>
<!-- Generated by org.testng.reporters.JUnitReportReporter -->
<testsuite skipped="0" hostname="sunfish.sailpoint.com" name="sailpoint.tools.IOUtilTests" tests="1" failures="0" timestamp="11 May 2021 16:09:46 GMT" time="0.000" errors="0">
  <testcase name="testCopy" time="0.000" classname="sailpoint.tools.IOUtilTests"/>
</testsuite> <!-- sailpoint.tools.IOUtilTests -->
