<?xml version="1.0" encoding="UTF-8"?>
<!-- Generated by org.testng.reporters.JUnitReportReporter -->
<testsuite skipped="0" hostname="sunfish.sailpoint.com" name="sailpoint.service.ServiceHandlerTests" tests="7" failures="0" timestamp="11 May 2021 16:09:47 GMT" time="6.776" errors="0">
  <testcase name="testAggregateBadAppName" time="0.028" classname="sailpoint.service.ServiceHandlerTests"/>
  <testcase name="testAggregateWithOptions" time="2.168" classname="sailpoint.service.ServiceHandlerTests"/>
  <testcase name="testAggregateBadResourceObject" time="1.090" classname="sailpoint.service.ServiceHandlerTests"/>
  <testcase name="initAggregateTests" time="0.265" classname="sailpoint.service.ServiceHandlerTests"/>
  <testcase name="testAggregateNewIdentity" time="1.071" classname="sailpoint.service.ServiceHandlerTests"/>
  <testcase name="testAggregateExistingIdentity" time="1.077" classname="sailpoint.service.ServiceHandlerTests"/>
  <testcase name="testAggregateMappedAppName" time="1.077" classname="sailpoint.service.ServiceHandlerTests"/>
</testsuite> <!-- sailpoint.service.ServiceHandlerTests -->
