<?xml version="1.0" encoding="UTF-8"?>
<!-- Generated by org.testng.reporters.JUnitReportReporter -->
<testsuite skipped="0" hostname="sunfish.sailpoint.com" name="sailpoint.api.certification.CertificationTriggerHandlerTests" tests="8" failures="0" timestamp="11 May 2021 16:09:47 GMT" time="74.704" errors="0">
  <testcase name="testIdentityCreation" time="0.686" classname="sailpoint.api.certification.CertificationTriggerHandlerTests"/>
  <testcase name="testManagerTransferWithManualCertifier" time="1.123" classname="sailpoint.api.certification.CertificationTriggerHandlerTests"/>
  <testcase name="testCertificationGroups" time="1.168" classname="sailpoint.api.certification.CertificationTriggerHandlerTests"/>
  <testcase name="testErrorHandling" time="1.602" classname="sailpoint.api.certification.CertificationTriggerHandlerTests"/>
  <testcase name="testAggregationRefresh" time="67.164" classname="sailpoint.api.certification.CertificationTriggerHandlerTests"/>
  <testcase name="testManagerTransfer" time="1.056" classname="sailpoint.api.certification.CertificationTriggerHandlerTests"/>
  <testcase name="testIdentityUpdate" time="0.793" classname="sailpoint.api.certification.CertificationTriggerHandlerTests"/>
  <testcase name="testCertifierTypes" time="1.112" classname="sailpoint.api.certification.CertificationTriggerHandlerTests"/>
</testsuite> <!-- sailpoint.api.certification.CertificationTriggerHandlerTests -->
