<?xml version="1.0" encoding="UTF-8"?>
<!-- Generated by org.testng.reporters.JUnitReportReporter -->
<testsuite skipped="0" hostname="sunfish.sailpoint.com" name="sailpoint.api.AggregationTests" tests="59" failures="0" timestamp="11 May 2021 16:09:47 GMT" time="1794.410" errors="0">
  <testcase name="testAggregationReconnect" time="14.395" classname="sailpoint.api.AggregationTests"/>
  <testcase name="testFilterFromListFilterValue" time="8.147" classname="sailpoint.api.AggregationTests"/>
  <testcase name="testAggregation" time="19.404" classname="sailpoint.api.AggregationTests"/>
  <testcase name="testOpenConnectorDeltaAgg" time="14.537" classname="sailpoint.api.AggregationTests"/>
  <testcase name="testFilterFromListFilterValue" time="7.828" classname="sailpoint.api.AggregationTests"/>
  <testcase name="testClassificationPromotion" time="8.289" classname="sailpoint.api.AggregationTests"/>
  <testcase name="testAggregationAccountGroupsPartitioned" time="21.578" classname="sailpoint.api.AggregationTests"/>
  <testcase name="testOpenConnectorState" time="14.092" classname="sailpoint.api.AggregationTests"/>
  <testcase name="testPromotionPriority" time="20.203" classname="sailpoint.api.AggregationTests"/>
  <testcase name="testServiceAcctAndBotAggregation" time="8.374" classname="sailpoint.api.AggregationTests"/>
  <testcase name="testPartitionedAggregation" time="13.667" classname="sailpoint.api.AggregationTests"/>
  <testcase name="testFilterFromListFilterValue" time="8.013" classname="sailpoint.api.AggregationTests"/>
  <testcase name="testServiceAcctAndBotAggregation" time="7.978" classname="sailpoint.api.AggregationTests"/>
  <testcase name="testIIQETN5097Optimized" time="121.270" classname="sailpoint.api.AggregationTests"/>
  <testcase name="testMultiplexedRecorrelate" time="35.245" classname="sailpoint.api.AggregationTests"/>
  <testcase name="testAggregationPartitionedTaskUpdateResults" time="12.196" classname="sailpoint.api.AggregationTests"/>
  <testcase name="testAttributeModified" time="31.276" classname="sailpoint.api.AggregationTests"/>
  <testcase name="testMultiplexedApplicationRename" time="14.738" classname="sailpoint.api.AggregationTests"/>
  <testcase name="testAggregationIdentityCreationRule" time="15.206" classname="sailpoint.api.AggregationTests"/>
  <testcase name="testMultiGroupAgg" time="11.137" classname="sailpoint.api.AggregationTests"/>
  <testcase name="testFilterFromListFilterValue" time="8.196" classname="sailpoint.api.AggregationTests"/>
  <testcase name="testOptimizedAggregationIncludingObjectConfig" time="17.031" classname="sailpoint.api.AggregationTests"/>
  <testcase name="testMultiplexedDeletedAccountDetection" time="16.637" classname="sailpoint.api.AggregationTests"/>
  <testcase name="testAggregationIdentitySnapshots" time="26.681" classname="sailpoint.api.AggregationTests"/>
  <testcase name="testMultiGroupAggPartitioned" time="21.314" classname="sailpoint.api.AggregationTests"/>
  <testcase name="testAccountStatus" time="8.074" classname="sailpoint.api.AggregationTests"/>
  <testcase name="testFilterFromListFilterValue" time="8.056" classname="sailpoint.api.AggregationTests"/>
  <testcase name="testAggregationCorrelationManuallyCorrelated" time="19.793" classname="sailpoint.api.AggregationTests"/>
  <testcase name="testEmptyDescriptionGroupDescription" time="66.274" classname="sailpoint.api.AggregationTests"/>
  <testcase name="testServiceAcctAndBotAggregation" time="8.374" classname="sailpoint.api.AggregationTests"/>
  <testcase name="testPartitionedAggTermination" time="16.169" classname="sailpoint.api.AggregationTests"/>
  <testcase name="testMissingAttributeAggregation" time="14.293" classname="sailpoint.api.AggregationTests"/>
  <testcase name="testEntitlementGroupDisplayNameUpdate" time="14.892" classname="sailpoint.api.AggregationTests"/>
  <testcase name="testServiceAcctAndBotAggregation" time="7.759" classname="sailpoint.api.AggregationTests"/>
  <testcase name="testGroupDeltaAggregation" time="21.002" classname="sailpoint.api.AggregationTests"/>
  <testcase name="testLinkExternalAttributeAggregation" time="18.514" classname="sailpoint.api.AggregationTests"/>
  <testcase name="testDeletedAccountDetection" time="16.909" classname="sailpoint.api.AggregationTests"/>
  <testcase name="testAggregationLinkReassignment" time="14.763" classname="sailpoint.api.AggregationTests"/>
  <testcase name="testFilterFromListFilterValue" time="8.309" classname="sailpoint.api.AggregationTests"/>
  <testcase name="testFilterFromListFilterValue" time="8.232" classname="sailpoint.api.AggregationTests"/>
  <testcase name="testScopeCorrelation" time="20.209" classname="sailpoint.api.AggregationTests"/>
  <testcase name="testGroupHierarchyCycles" time="11.138" classname="sailpoint.api.AggregationTests"/>
  <testcase name="testMaintenanceWindow" time="20.595" classname="sailpoint.api.AggregationTests"/>
  <testcase name="testIncrementalAggregation" time="17.266" classname="sailpoint.api.AggregationTests"/>
  <testcase name="testIIQETN5097Unoptimized" time="556.256" classname="sailpoint.api.AggregationTests"/>
  <testcase name="testAbortBecauseReconnectFailure" time="10.602" classname="sailpoint.api.AggregationTests"/>
  <testcase name="testAggregationAccountGroups" time="11.636" classname="sailpoint.api.AggregationTests"/>
  <testcase name="testDeltaAggregation" time="29.298" classname="sailpoint.api.AggregationTests"/>
  <testcase name="testOptimizedAggregation" time="26.587" classname="sailpoint.api.AggregationTests"/>
  <testcase name="testMultiGroupAggWithSubSetSchemas" time="11.078" classname="sailpoint.api.AggregationTests"/>
  <testcase name="testFilterFromListFilterValue" time="8.143" classname="sailpoint.api.AggregationTests"/>
  <testcase name="testAccountStatus" time="7.988" classname="sailpoint.api.AggregationTests"/>
  <testcase name="testMultiplexedAccountCreation" time="250.363" classname="sailpoint.api.AggregationTests"/>
  <testcase name="testFilterFromListFilterValue" time="7.886" classname="sailpoint.api.AggregationTests"/>
  <testcase name="testNoAggFeatureAggregation" time="14.974" classname="sailpoint.api.AggregationTests"/>
  <testcase name="testFilterFromListFilterValue" time="8.688" classname="sailpoint.api.AggregationTests"/>
  <testcase name="testAggregationGroupMaximumErrors" time="10.424" classname="sailpoint.api.AggregationTests"/>
  <testcase name="testAggregationMaximumErrors" time="10.514" classname="sailpoint.api.AggregationTests"/>
  <testcase name="testMultiplexedAccountCreationWithProxy" time="11.920" classname="sailpoint.api.AggregationTests"/>
</testsuite> <!-- sailpoint.api.AggregationTests -->
