<?xml version="1.0" encoding="UTF-8"?>
<!-- Generated by org.testng.reporters.JUnitReportReporter -->
<testsuite skipped="0" hostname="sunfish.sailpoint.com" name="sailpoint.rest.CertificationResourceTest" tests="3" failures="0" timestamp="11 May 2021 16:09:47 GMT" time="1.292" errors="0">
  <testcase name="testMakeDecisions" time="0.450" classname="sailpoint.rest.CertificationResourceTest"/>
  <testcase name="testGetBulkEntityDecisionDetails" time="0.348" classname="sailpoint.rest.CertificationResourceTest"/>
  <testcase name="testGetBulkDecisionDetails" time="0.494" classname="sailpoint.rest.CertificationResourceTest"/>
</testsuite> <!-- sailpoint.rest.CertificationResourceTest -->
