<?xml version="1.0" encoding="UTF-8"?>
<!-- Generated by org.testng.reporters.JUnitReportReporter -->
<testsuite skipped="0" hostname="sunfish.sailpoint.com" name="sailpoint.service.AdditionalQuestionsServiceTests" tests="26" failures="0" timestamp="11 May 2021 16:09:47 GMT" time="2.293" errors="0">
  <testcase name="testPreventRequestingExistingEntitlementOnMultipleAccounts" time="0.009" classname="sailpoint.service.AdditionalQuestionsServiceTests"/>
  <testcase name="testAmbiguousAssignedRoles" time="0.245" classname="sailpoint.service.AdditionalQuestionsServiceTests"/>
  <testcase name="testBulkRequestExistingRoleAssignment" time="0.038" classname="sailpoint.service.AdditionalQuestionsServiceTests"/>
  <testcase name="testPreventRequestingPendingRoleCanCreateAccount" time="0.360" classname="sailpoint.service.AdditionalQuestionsServiceTests"/>
  <testcase name="testPreventRequestingExistingRoleOnMultipleAccounts" time="0.007" classname="sailpoint.service.AdditionalQuestionsServiceTests"/>
  <testcase name="testPendingWithNoMultipleAssignment" time="0.034" classname="sailpoint.service.AdditionalQuestionsServiceTests"/>
  <testcase name="testPreventRequestingPendingRole" time="0.014" classname="sailpoint.service.AdditionalQuestionsServiceTests"/>
  <testcase name="testFailedAuth" time="0.346" classname="sailpoint.service.AdditionalQuestionsServiceTests"/>
  <testcase name="testPreventRequestingPendingEntitlement" time="0.010" classname="sailpoint.service.AdditionalQuestionsServiceTests"/>
  <testcase name="testEntitlementAccountSelections" time="0.066" classname="sailpoint.service.AdditionalQuestionsServiceTests"/>
  <testcase name="testBulkRequestDifferentOptionsSelfAndOthers" time="0.231" classname="sailpoint.service.AdditionalQuestionsServiceTests"/>
  <testcase name="testPreventRequestingExistingEntitlement" time="0.006" classname="sailpoint.service.AdditionalQuestionsServiceTests"/>
  <testcase name="testPendingRolesWithExistingAssignment" time="0.034" classname="sailpoint.service.AdditionalQuestionsServiceTests"/>
  <testcase name="testBadObject" time="0.000" classname="sailpoint.service.AdditionalQuestionsServiceTests"/>
  <testcase name="testBulkRequestExistingEntitlement" time="0.027" classname="sailpoint.service.AdditionalQuestionsServiceTests"/>
  <testcase name="testNoIdentityIds" time="0.001" classname="sailpoint.service.AdditionalQuestionsServiceTests"/>
  <testcase name="testAssignedRoleConstructor" time="0.001" classname="sailpoint.service.AdditionalQuestionsServiceTests"/>
  <testcase name="testNoAdditionalQuestionsInput" time="0.000" classname="sailpoint.service.AdditionalQuestionsServiceTests"/>
  <testcase name="testReusingAccountSelections" time="0.122" classname="sailpoint.service.AdditionalQuestionsServiceTests"/>
  <testcase name="testPreventRequestingPendingEntitlementCanCreateAccount" time="0.044" classname="sailpoint.service.AdditionalQuestionsServiceTests"/>
  <testcase name="testPermittedRoles" time="0.061" classname="sailpoint.service.AdditionalQuestionsServiceTests"/>
  <testcase name="testPermittedRoleConfiguration" time="0.437" classname="sailpoint.service.AdditionalQuestionsServiceTests"/>
  <testcase name="testRequestingEntitlementForAppWithNoAccount" time="0.017" classname="sailpoint.service.AdditionalQuestionsServiceTests"/>
  <testcase name="testNullObject" time="0.000" classname="sailpoint.service.AdditionalQuestionsServiceTests"/>
  <testcase name="testPreventRequestingExistingRole" time="0.006" classname="sailpoint.service.AdditionalQuestionsServiceTests"/>
  <testcase name="testRoleAccountSelections" time="0.177" classname="sailpoint.service.AdditionalQuestionsServiceTests"/>
</testsuite> <!-- sailpoint.service.AdditionalQuestionsServiceTests -->
