<?xml version="1.0" encoding="UTF-8"?>
<!-- Generated by org.testng.reporters.JUnitReportReporter -->
<testsuite skipped="0" hostname="sunfish.sailpoint.com" name="sailpoint.rest.ui.certifications.CertificationItemSuggestResourceTests" tests="5" failures="0" timestamp="11 May 2021 16:09:47 GMT" time="1.847" errors="0">
  <testcase name="testGetNames" time="0.392" classname="sailpoint.rest.ui.certifications.CertificationItemSuggestResourceTests"/>
  <testcase name="testGetValues" time="0.426" classname="sailpoint.rest.ui.certifications.CertificationItemSuggestResourceTests"/>
  <testcase name="testGetValuesNoApplication" time="0.342" classname="sailpoint.rest.ui.certifications.CertificationItemSuggestResourceTests"/>
  <testcase name="testGetNamesNoApplication" time="0.338" classname="sailpoint.rest.ui.certifications.CertificationItemSuggestResourceTests"/>
  <testcase name="testGetNameNoName" time="0.349" classname="sailpoint.rest.ui.certifications.CertificationItemSuggestResourceTests"/>
</testsuite> <!-- sailpoint.rest.ui.certifications.CertificationItemSuggestResourceTests -->
