<?xml version="1.0" encoding="UTF-8"?>
<!-- Generated by org.testng.reporters.JUnitReportReporter -->
<testsuite skipped="0" hostname="sunfish.sailpoint.com" name="sailpoint.rest.ui.pam.ContainerResourceTests" tests="4" failures="0" timestamp="11 May 2021 16:09:47 GMT" time="2.889" errors="0">
  <testcase name="testRemovePrivData" time="0.758" classname="sailpoint.rest.ui.pam.ContainerResourceTests"/>
  <testcase name="testAddPrivData" time="0.703" classname="sailpoint.rest.ui.pam.ContainerResourceTests"/>
  <testcase name="testRemoveIdentities" time="0.729" classname="sailpoint.rest.ui.pam.ContainerResourceTests"/>
  <testcase name="testAddIdentities" time="0.699" classname="sailpoint.rest.ui.pam.ContainerResourceTests"/>
</testsuite> <!-- sailpoint.rest.ui.pam.ContainerResourceTests -->
