<?xml version="1.0" encoding="UTF-8"?>
<!-- Generated by org.testng.reporters.JUnitReportReporter -->
<testsuite skipped="0" hostname="sunfish.sailpoint.com" name="sailpoint.service.scim.TypedMapSetterTest" tests="4" failures="0" timestamp="11 May 2021 16:09:47 GMT" time="0.014" errors="0">
  <testcase name="testSimpleTypedMap" time="0.001" classname="sailpoint.service.scim.TypedMapSetterTest"/>
  <testcase name="testJsonTypedMap" time="0.013" classname="sailpoint.service.scim.TypedMapSetterTest"/>
  <testcase name="testNull" time="0.000" classname="sailpoint.service.scim.TypedMapSetterTest"/>
  <testcase name="testXmlTypedMap" time="0.000" classname="sailpoint.service.scim.TypedMapSetterTest"/>
</testsuite> <!-- sailpoint.service.scim.TypedMapSetterTest -->
