<?xml version="1.0" encoding="UTF-8"?>
<!-- Generated by org.testng.reporters.JUnitReportReporter -->
<testsuite skipped="0" hostname="sunfish.sailpoint.com" name="sailpoint.service.policyviolation.PolicyViolationListFilterContextTests" tests="5" failures="0" timestamp="11 May 2021 16:09:47 GMT" time="0.005" errors="0">
  <testcase name="testNameFilters" time="0.001" classname="sailpoint.service.policyviolation.PolicyViolationListFilterContextTests"/>
  <testcase name="testPolicyTypeJoinFilter" time="0.001" classname="sailpoint.service.policyviolation.PolicyViolationListFilterContextTests"/>
  <testcase name="testPolicyTypeFilters" time="0.001" classname="sailpoint.service.policyviolation.PolicyViolationListFilterContextTests"/>
  <testcase name="testIncludedStatusFilter" time="0.000" classname="sailpoint.service.policyviolation.PolicyViolationListFilterContextTests"/>
  <testcase name="testGetFilters" time="0.002" classname="sailpoint.service.policyviolation.PolicyViolationListFilterContextTests"/>
</testsuite> <!-- sailpoint.service.policyviolation.PolicyViolationListFilterContextTests -->
