<?xml version="1.0" encoding="UTF-8"?>
<!-- Generated by org.testng.reporters.JUnitReportReporter -->
<testsuite skipped="0" hostname="sunfish.sailpoint.com" name="sailpoint.rest.ui.requestaccess.AccessItemListResourcesTests" tests="11" failures="0" timestamp="11 May 2021 16:09:47 GMT" time="4.057" errors="0">
  <testcase name="testSuggestEndpointAuth" time="0.342" classname="sailpoint.rest.ui.requestaccess.AccessItemListResourcesTests"/>
  <testcase name="testLimitParameter" time="0.044" classname="sailpoint.rest.ui.requestaccess.AccessItemListResourcesTests"/>
  <testcase name="testGetCurrentAccess" time="2.445" classname="sailpoint.rest.ui.requestaccess.AccessItemListResourcesTests"/>
  <testcase name="testAccessTypeRoleParameter" time="0.111" classname="sailpoint.rest.ui.requestaccess.AccessItemListResourcesTests"/>
  <testcase name="testAccessTypeEntitlementParameter" time="0.166" classname="sailpoint.rest.ui.requestaccess.AccessItemListResourcesTests"/>
  <testcase name="testSearchTypeKeywordParameter" time="0.054" classname="sailpoint.rest.ui.requestaccess.AccessItemListResourcesTests"/>
  <testcase name="testStartParameter" time="0.060" classname="sailpoint.rest.ui.requestaccess.AccessItemListResourcesTests"/>
  <testcase name="testNoParameters" time="0.064" classname="sailpoint.rest.ui.requestaccess.AccessItemListResourcesTests"/>
  <testcase name="testFiltersSuggestUrl" time="0.102" classname="sailpoint.rest.ui.requestaccess.AccessItemListResourcesTests"/>
  <testcase name="testAuthorization" time="0.227" classname="sailpoint.rest.ui.requestaccess.AccessItemListResourcesTests"/>
  <testcase name="testGetFilters" time="0.442" classname="sailpoint.rest.ui.requestaccess.AccessItemListResourcesTests"/>
</testsuite> <!-- sailpoint.rest.ui.requestaccess.AccessItemListResourcesTests -->
