<?xml version="1.0" encoding="UTF-8"?>
<!-- Generated by org.testng.reporters.JUnitReportReporter -->
<testsuite skipped="0" hostname="sunfish.sailpoint.com" name="sailpoint.service.pam.PamApprovalServiceTests" tests="7" failures="0" timestamp="11 May 2021 16:09:47 GMT" time="0.080" errors="0">
  <testcase name="testCreatePamApprovalDTO" time="0.007" classname="sailpoint.service.pam.PamApprovalServiceTests"/>
  <testcase name="testCreatePamApprovalDTOThrowsForNonPamApproval" time="0.005" classname="sailpoint.service.pam.PamApprovalServiceTests"/>
  <testcase name="testCreatePamApprovalDTOProjection" time="0.009" classname="sailpoint.service.pam.PamApprovalServiceTests"/>
  <testcase name="testApprove" time="0.040" classname="sailpoint.service.pam.PamApprovalServiceTests"/>
  <testcase name="testIsPamApprovalProjection" time="0.001" classname="sailpoint.service.pam.PamApprovalServiceTests"/>
  <testcase name="testIsPamApproval" time="0.001" classname="sailpoint.service.pam.PamApprovalServiceTests"/>
  <testcase name="testReject" time="0.017" classname="sailpoint.service.pam.PamApprovalServiceTests"/>
</testsuite> <!-- sailpoint.service.pam.PamApprovalServiceTests -->
