<?xml version="1.0" encoding="UTF-8"?>
<!-- Generated by org.testng.reporters.JUnitReportReporter -->
<testsuite skipped="0" hostname="sunfish.sailpoint.com" name="sailpoint.connector.RACFTests" tests="9" failures="0" timestamp="11 May 2021 16:09:47 GMT" time="3.125" errors="0">
  <testcase name="testNegativeIterateObjects" time="0.039" classname="sailpoint.connector.RACFTests"/>
  <testcase name="testSchemaAttributeFiltering" time="0.031" classname="sailpoint.connector.RACFTests"/>
  <testcase name="testFetchNonExistingObject" time="0.057" classname="sailpoint.connector.RACFTests"/>
  <testcase name="testGetObject" time="0.172" classname="sailpoint.connector.RACFTests"/>
  <testcase name="testDelimitedPartitioning" time="1.855" classname="sailpoint.connector.RACFTests"/>
  <testcase name="testTestConfiguration" time="0.019" classname="sailpoint.connector.RACFTests"/>
  <testcase name="testCreateDefaultApplication" time="0.425" classname="sailpoint.connector.RACFTests"/>
  <testcase name="testPermissionCustomization" time="0.463" classname="sailpoint.connector.RACFTests"/>
  <testcase name="testIterateObjects" time="0.064" classname="sailpoint.connector.RACFTests"/>
</testsuite> <!-- sailpoint.connector.RACFTests -->
