<?xml version="1.0" encoding="UTF-8"?>
<!-- Generated by org.testng.reporters.JUnitReportReporter -->
<testsuite skipped="0" hostname="sunfish.sailpoint.com" name="sailpoint.authorization.RoleDetailsAuthorizerTests" tests="8" failures="0" timestamp="11 May 2021 16:09:47 GMT" time="0.541" errors="0">
  <testcase name="testRelatedRoles" time="0.011" classname="sailpoint.authorization.RoleDetailsAuthorizerTests"/>
  <testcase name="testOwnerAuthorized" time="0.006" classname="sailpoint.authorization.RoleDetailsAuthorizerTests"/>
  <testcase name="testCertificationItem" time="0.497" classname="sailpoint.authorization.RoleDetailsAuthorizerTests"/>
  <testcase name="testRightsAuthorized" time="0.004" classname="sailpoint.authorization.RoleDetailsAuthorizerTests"/>
  <testcase name="testIdentityReferer" time="0.010" classname="sailpoint.authorization.RoleDetailsAuthorizerTests"/>
  <testcase name="testRandomNobodyUnauthorized" time="0.000" classname="sailpoint.authorization.RoleDetailsAuthorizerTests"/>
  <testcase name="testNobodyAuthorizedNullRole" time="0.004" classname="sailpoint.authorization.RoleDetailsAuthorizerTests"/>
  <testcase name="testSpadminAuthorized" time="0.009" classname="sailpoint.authorization.RoleDetailsAuthorizerTests"/>
</testsuite> <!-- sailpoint.authorization.RoleDetailsAuthorizerTests -->
