<?xml version="1.0" encoding="UTF-8"?>
<!-- Generated by org.testng.reporters.JUnitReportReporter -->
<testsuite skipped="0" hostname="sunfish.sailpoint.com" name="sailpoint.web.identity.PolicyViolationFinderTests" tests="3" failures="0" timestamp="11 May 2021 16:09:47 GMT" time="0.016" errors="0">
  <testcase name="testFalsePositives" time="0.009" classname="sailpoint.web.identity.PolicyViolationFinderTests"/>
  <testcase name="testFindPolicyOnIdentity" time="0.003" classname="sailpoint.web.identity.PolicyViolationFinderTests"/>
  <testcase name="testFindPolicyThroughWorkgroup" time="0.004" classname="sailpoint.web.identity.PolicyViolationFinderTests"/>
</testsuite> <!-- sailpoint.web.identity.PolicyViolationFinderTests -->
