<?xml version="1.0" encoding="UTF-8"?>
<!-- Generated by org.testng.reporters.JUnitReportReporter -->
<testsuite skipped="0" hostname="sunfish.sailpoint.com" name="sailpoint.authorization.ManagedAttributeDetailsAuthorizerTests" tests="8" failures="0" timestamp="11 May 2021 16:09:46 GMT" time="0.624" errors="0">
  <testcase name="testRandomPersonNotAuthorized" time="0.000" classname="sailpoint.authorization.ManagedAttributeDetailsAuthorizerTests"/>
  <testcase name="testRightsAuthorized" time="0.018" classname="sailpoint.authorization.ManagedAttributeDetailsAuthorizerTests"/>
  <testcase name="testOwnerAuthorized" time="0.002" classname="sailpoint.authorization.ManagedAttributeDetailsAuthorizerTests"/>
  <testcase name="testRandomPersonAuthorizedWithNullMA" time="0.001" classname="sailpoint.authorization.ManagedAttributeDetailsAuthorizerTests"/>
  <testcase name="testSpadminAuthorized" time="0.013" classname="sailpoint.authorization.ManagedAttributeDetailsAuthorizerTests"/>
  <testcase name="testCertificationItem" time="0.543" classname="sailpoint.authorization.ManagedAttributeDetailsAuthorizerTests"/>
  <testcase name="testRoleReferer" time="0.035" classname="sailpoint.authorization.ManagedAttributeDetailsAuthorizerTests"/>
  <testcase name="testIdentityReferer" time="0.012" classname="sailpoint.authorization.ManagedAttributeDetailsAuthorizerTests"/>
</testsuite> <!-- sailpoint.authorization.ManagedAttributeDetailsAuthorizerTests -->
