<?xml version="1.0" encoding="UTF-8"?>
<!-- Generated by org.testng.reporters.JUnitReportReporter -->
<testsuite skipped="0" hostname="sunfish.sailpoint.com" name="sailpoint.api.RemediationScannerTests" tests="4" failures="0" timestamp="11 May 2021 16:09:47 GMT" time="31.663" errors="0">
  <testcase name="testEnableDisable" time="9.417" classname="sailpoint.api.RemediationScannerTests"/>
  <testcase name="testLockUnlock" time="9.431" classname="sailpoint.api.RemediationScannerTests"/>
  <testcase name="testModify" time="6.405" classname="sailpoint.api.RemediationScannerTests"/>
  <testcase name="testDelete" time="6.410" classname="sailpoint.api.RemediationScannerTests"/>
</testsuite> <!-- sailpoint.api.RemediationScannerTests -->
