<?xml version="1.0" encoding="UTF-8"?>
<!-- Generated by org.testng.reporters.JUnitReportReporter -->
<testsuite skipped="0" hostname="sunfish.sailpoint.com" name="sailpoint.web.sso.DefaultSSOAuthenticatorTest" tests="11" failures="0" timestamp="11 May 2021 16:09:47 GMT" time="6.588" errors="0">
  <testcase name="testRunSSORule_ruleReturnsLink" time="0.540" classname="sailpoint.web.sso.DefaultSSOAuthenticatorTest"/>
  <testcase name="testDoSSOAuthentication" time="0.646" classname="sailpoint.web.sso.DefaultSSOAuthenticatorTest"/>
  <testcase name="testAuthenticate_token" time="0.637" classname="sailpoint.web.sso.DefaultSSOAuthenticatorTest"/>
  <testcase name="testRunSSORule_ruleReturnsNull" time="0.531" classname="sailpoint.web.sso.DefaultSSOAuthenticatorTest"/>
  <testcase name="testAuthenticate_sso" time="0.773" classname="sailpoint.web.sso.DefaultSSOAuthenticatorTest"/>
  <testcase name="testRunSSORule_ruleNotFound" time="0.610" classname="sailpoint.web.sso.DefaultSSOAuthenticatorTest"/>
  <testcase name="testRunSSORule" time="0.530" classname="sailpoint.web.sso.DefaultSSOAuthenticatorTest"/>
  <testcase name="testSuccessfulTokenLogin" time="0.537" classname="sailpoint.web.sso.DefaultSSOAuthenticatorTest"/>
  <testcase name="testGetSSORuleName" time="0.611" classname="sailpoint.web.sso.DefaultSSOAuthenticatorTest"/>
  <testcase name="testSuccessfulTokenLogin_missingToken" time="0.535" classname="sailpoint.web.sso.DefaultSSOAuthenticatorTest"/>
  <testcase name="testSuccessfulTokenLogin_expiredToken" time="0.638" classname="sailpoint.web.sso.DefaultSSOAuthenticatorTest"/>
</testsuite> <!-- sailpoint.web.sso.DefaultSSOAuthenticatorTest -->
