<?xml version="1.0" encoding="UTF-8"?>
<!-- Generated by org.testng.reporters.JUnitReportReporter -->
<testsuite skipped="0" hostname="sunfish.sailpoint.com" name="sailpoint.service.task.TaskResultServiceTests" tests="2" failures="0" timestamp="11 May 2021 16:09:47 GMT" time="0.024" errors="0">
  <testcase name="testTerminateTaskResult" time="0.010" classname="sailpoint.service.task.TaskResultServiceTests"/>
  <testcase name="testRequestStackTrace" time="0.014" classname="sailpoint.service.task.TaskResultServiceTests"/>
</testsuite> <!-- sailpoint.service.task.TaskResultServiceTests -->
