<?xml version="1.0" encoding="UTF-8"?>
<!-- Generated by org.testng.reporters.JUnitReportReporter -->
<testsuite skipped="0" hostname="sunfish.sailpoint.com" name="sailpoint.service.ChangeLoginPasswordServiceTests" tests="3" failures="0" timestamp="11 May 2021 16:09:47 GMT" time="0.237" errors="0">
  <testcase name="testChangePasswordShouldChangeThePassword" time="0.227" classname="sailpoint.service.ChangeLoginPasswordServiceTests"/>
  <testcase name="withPolicyShouldReturnListOfCorrectSize" time="0.003" classname="sailpoint.service.ChangeLoginPasswordServiceTests"/>
  <testcase name="noPolicyShouldReturnEmptyList" time="0.007" classname="sailpoint.service.ChangeLoginPasswordServiceTests"/>
</testsuite> <!-- sailpoint.service.ChangeLoginPasswordServiceTests -->
