<?xml version="1.0" encoding="UTF-8"?>
<!-- Generated by org.testng.reporters.JUnitReportReporter -->
<testsuite skipped="0" hostname="sunfish.sailpoint.com" name="sailpoint.rest.ui.ExceptionMapperTests" tests="2" failures="0" timestamp="11 May 2021 16:09:47 GMT" time="0.186" errors="0">
  <testcase name="testInvalidParameterException" time="0.088" classname="sailpoint.rest.ui.ExceptionMapperTests"/>
  <testcase name="testObjectNotFoundException" time="0.098" classname="sailpoint.rest.ui.ExceptionMapperTests"/>
</testsuite> <!-- sailpoint.rest.ui.ExceptionMapperTests -->
