<?xml version="1.0" encoding="UTF-8"?>
<!-- Generated by org.testng.reporters.JUnitReportReporter -->
<testsuite skipped="0" hostname="sunfish.sailpoint.com" name="sailpoint.pam.credential.MapCredentialManagerTests" tests="2" failures="0" timestamp="11 May 2021 16:09:47 GMT" time="0.000" errors="0">
  <testcase name="testMapCredentialManager_keyDoesntExist" time="0.000" classname="sailpoint.pam.credential.MapCredentialManagerTests"/>
  <testcase name="testMapCredentialManager_singleAttribute" time="0.000" classname="sailpoint.pam.credential.MapCredentialManagerTests"/>
</testsuite> <!-- sailpoint.pam.credential.MapCredentialManagerTests -->
