<?xml version="1.0" encoding="UTF-8"?>
<!-- Generated by org.testng.reporters.JUnitReportReporter -->
<testsuite skipped="0" hostname="sunfish.sailpoint.com" name="sailpoint.service.identityrequest.IdentityRequestItemListFilterContextTests" tests="2" failures="0" timestamp="11 May 2021 16:09:47 GMT" time="0.003" errors="0">
  <testcase name="testConvertFilterNotEquals" time="0.003" classname="sailpoint.service.identityrequest.IdentityRequestItemListFilterContextTests"/>
  <testcase name="testGetFilters" time="0.000" classname="sailpoint.service.identityrequest.IdentityRequestItemListFilterContextTests"/>
</testsuite> <!-- sailpoint.service.identityrequest.IdentityRequestItemListFilterContextTests -->
