<?xml version="1.0" encoding="UTF-8"?>
<!-- Generated by org.testng.reporters.JUnitReportReporter -->
<testsuite skipped="0" hostname="sunfish.sailpoint.com" name="sailpoint.rapidsetup.constraint.impl.StringEvaluatorTests" tests="9" failures="0" timestamp="11 May 2021 16:09:47 GMT" time="0.010" errors="0">
  <testcase name="test_string_missing_value" time="0.001" classname="sailpoint.rapidsetup.constraint.impl.StringEvaluatorTests"/>
  <testcase name="test_string_starts_with" time="0.000" classname="sailpoint.rapidsetup.constraint.impl.StringEvaluatorTests"/>
  <testcase name="test_string_changed_from" time="0.001" classname="sailpoint.rapidsetup.constraint.impl.StringEvaluatorTests"/>
  <testcase name="test_string_eq" time="0.004" classname="sailpoint.rapidsetup.constraint.impl.StringEvaluatorTests"/>
  <testcase name="test_string_not_contains" time="0.000" classname="sailpoint.rapidsetup.constraint.impl.StringEvaluatorTests"/>
  <testcase name="test_string_null_attribute" time="0.001" classname="sailpoint.rapidsetup.constraint.impl.StringEvaluatorTests"/>
  <testcase name="test_string_contains" time="0.001" classname="sailpoint.rapidsetup.constraint.impl.StringEvaluatorTests"/>
  <testcase name="test_string_changed_to" time="0.001" classname="sailpoint.rapidsetup.constraint.impl.StringEvaluatorTests"/>
  <testcase name="test_string_ne" time="0.001" classname="sailpoint.rapidsetup.constraint.impl.StringEvaluatorTests"/>
</testsuite> <!-- sailpoint.rapidsetup.constraint.impl.StringEvaluatorTests -->
