<?xml version="1.0" encoding="UTF-8"?>
<!-- Generated by org.testng.reporters.JUnitReportReporter -->
<testsuite skipped="0" hostname="sunfish.sailpoint.com" name="sailpoint.service.identityrequest.IdentityRequestListFilterContextTests" tests="6" failures="0" timestamp="11 May 2021 16:09:47 GMT" time="0.170" errors="0">
  <testcase name="testGetFilters" time="0.165" classname="sailpoint.service.identityrequest.IdentityRequestListFilterContextTests"/>
  <testcase name="testConvertStatusFilter" time="0.002" classname="sailpoint.service.identityrequest.IdentityRequestListFilterContextTests"/>
  <testcase name="testConvertTypeFilter" time="0.001" classname="sailpoint.service.identityrequest.IdentityRequestListFilterContextTests"/>
  <testcase name="testConvertRequesteeFilter" time="0.000" classname="sailpoint.service.identityrequest.IdentityRequestListFilterContextTests"/>
  <testcase name="testConvertRequesterFilter" time="0.001" classname="sailpoint.service.identityrequest.IdentityRequestListFilterContextTests"/>
  <testcase name="testConvertPriorityFilter" time="0.001" classname="sailpoint.service.identityrequest.IdentityRequestListFilterContextTests"/>
</testsuite> <!-- sailpoint.service.identityrequest.IdentityRequestListFilterContextTests -->
