<?xml version="1.0" encoding="UTF-8"?>
<!-- Generated by org.testng.reporters.JUnitReportReporter -->
<testsuite skipped="0" hostname="sunfish.sailpoint.com" name="sailpoint.authorization.CertificationAuthorizerTest" tests="4" failures="0" timestamp="11 May 2021 16:09:47 GMT" time="0.022" errors="0">
  <testcase name="testRights" time="0.008" classname="sailpoint.authorization.CertificationAuthorizerTest"/>
  <testcase name="testNullCert" time="0.002" classname="sailpoint.authorization.CertificationAuthorizerTest"/>
  <testcase name="testCreator" time="0.003" classname="sailpoint.authorization.CertificationAuthorizerTest"/>
  <testcase name="testWorkItem" time="0.009" classname="sailpoint.authorization.CertificationAuthorizerTest"/>
</testsuite> <!-- sailpoint.authorization.CertificationAuthorizerTest -->
