<?xml version="1.0" encoding="UTF-8"?>
<!-- Generated by org.testng.reporters.JUnitReportReporter -->
<testsuite skipped="0" hostname="sunfish.sailpoint.com" name="sailpoint.rest.FormListResourceTest" tests="4" failures="0" timestamp="11 May 2021 16:09:47 GMT" time="0.146" errors="0">
  <testcase name="testCentralizeForms" time="0.032" classname="sailpoint.rest.FormListResourceTest"/>
  <testcase name="testListForms" time="0.032" classname="sailpoint.rest.FormListResourceTest"/>
  <testcase name="testNameFilterForms" time="0.042" classname="sailpoint.rest.FormListResourceTest"/>
  <testcase name="testTypeFilterForms" time="0.040" classname="sailpoint.rest.FormListResourceTest"/>
</testsuite> <!-- sailpoint.rest.FormListResourceTest -->
