<?xml version="1.0" encoding="UTF-8"?>
<!-- Generated by org.testng.reporters.JUnitReportReporter -->
<testsuite skipped="0" hostname="sunfish.sailpoint.com" name="sailpoint.rest.ui.requestaccess.AccessItemResourceTests" tests="14" failures="0" timestamp="11 May 2021 16:09:47 GMT" time="3.297" errors="0">
  <testcase name="testAdditionalQuestionsInputs" time="1.112" classname="sailpoint.rest.ui.requestaccess.AccessItemResourceTests"/>
  <testcase name="testCheckUniqueAssignementAccess" time="0.260" classname="sailpoint.rest.ui.requestaccess.AccessItemResourceTests"/>
  <testcase name="testGetManagedAttributeDetailsInvalidItem" time="0.079" classname="sailpoint.rest.ui.requestaccess.AccessItemResourceTests"/>
  <testcase name="testAccessItemObject" time="0.253" classname="sailpoint.rest.ui.requestaccess.AccessItemResourceTests"/>
  <testcase name="testCheckUniqueAssignment" time="0.175" classname="sailpoint.rest.ui.requestaccess.AccessItemResourceTests"/>
  <testcase name="testGetRoleDetails" time="0.048" classname="sailpoint.rest.ui.requestaccess.AccessItemResourceTests"/>
  <testcase name="testCheckUniqueAssignementSpanningIdentities" time="0.102" classname="sailpoint.rest.ui.requestaccess.AccessItemResourceTests"/>
  <testcase name="testRoleDetailsAuth" time="0.060" classname="sailpoint.rest.ui.requestaccess.AccessItemResourceTests"/>
  <testcase name="testAdditionalQuestionsBulkAuth" time="0.278" classname="sailpoint.rest.ui.requestaccess.AccessItemResourceTests"/>
  <testcase name="testManagedAttributeDetailsAuth" time="0.068" classname="sailpoint.rest.ui.requestaccess.AccessItemResourceTests"/>
  <testcase name="testGetManagedAttributeDetailsValidItem" time="0.088" classname="sailpoint.rest.ui.requestaccess.AccessItemResourceTests"/>
  <testcase name="testGetPopulation" time="0.142" classname="sailpoint.rest.ui.requestaccess.AccessItemResourceTests"/>
  <testcase name="testAdditionalQuestionsAuth" time="0.402" classname="sailpoint.rest.ui.requestaccess.AccessItemResourceTests"/>
  <testcase name="testCheckUniqueAssignementAccessWithRequestSelf" time="0.230" classname="sailpoint.rest.ui.requestaccess.AccessItemResourceTests"/>
</testsuite> <!-- sailpoint.rest.ui.requestaccess.AccessItemResourceTests -->
