<?xml version="1.0" encoding="UTF-8"?>
<!-- Generated by org.testng.reporters.JUnitReportReporter -->
<testsuite skipped="0" hostname="sunfish.sailpoint.com" name="sailpoint.api.certification.RemediationAdvisorTests" tests="4" failures="0" timestamp="11 May 2021 16:09:47 GMT" time="0.155" errors="0">
  <testcase name="testGetPolicyViolationApplications" time="0.001" classname="sailpoint.api.certification.RemediationAdvisorTests"/>
  <testcase name="testCalculateDefaultRemediatorWithEmptyPlan" time="0.007" classname="sailpoint.api.certification.RemediationAdvisorTests"/>
  <testcase name="testCalculateDefaultRemediatorWithNoPlan" time="0.002" classname="sailpoint.api.certification.RemediationAdvisorTests"/>
  <testcase name="testCalculateDefaultRemediatorWithDefaultRemediator" time="0.145" classname="sailpoint.api.certification.RemediationAdvisorTests"/>
</testsuite> <!-- sailpoint.api.certification.RemediationAdvisorTests -->
