<?xml version="1.0" encoding="UTF-8"?>
<!-- Generated by org.testng.reporters.JUnitReportReporter -->
<testsuite skipped="0" hostname="sunfish.sailpoint.com" name="sailpoint.tools.VariableExpanderTests" tests="7" failures="0" timestamp="11 May 2021 16:09:47 GMT" time="0.003" errors="0">
  <testcase name="testExpansionWithMapUtil" time="0.002" classname="sailpoint.tools.VariableExpanderTests"/>
  <testcase name="testExpansion" time="0.001" classname="sailpoint.tools.VariableExpanderTests"/>
  <testcase name="testParse" time="0.000" classname="sailpoint.tools.VariableExpanderTests"/>
  <testcase name="testExpansionMissingArgument" time="0.000" classname="sailpoint.tools.VariableExpanderTests"/>
  <testcase name="testExpansionNullMap" time="0.000" classname="sailpoint.tools.VariableExpanderTests"/>
  <testcase name="testNestedExpansion" time="0.000" classname="sailpoint.tools.VariableExpanderTests"/>
  <testcase name="testExpansionWithBadVariables" time="0.000" classname="sailpoint.tools.VariableExpanderTests"/>
</testsuite> <!-- sailpoint.tools.VariableExpanderTests -->
