<?xml version="1.0" encoding="UTF-8"?>
<!-- Generated by org.testng.reporters.JUnitReportReporter -->
<testsuite skipped="0" hostname="sunfish.sailpoint.com" name="sailpoint.rest.CertificationRevocationResourceTest" tests="1" failures="0" timestamp="11 May 2021 16:09:46 GMT" time="0.438" errors="0">
  <testcase name="testGetCompletedRevocations" time="0.438" classname="sailpoint.rest.CertificationRevocationResourceTest"/>
</testsuite> <!-- sailpoint.rest.CertificationRevocationResourceTest -->
