<?xml version="1.0" encoding="UTF-8"?>
<!-- Generated by org.testng.reporters.JUnitReportReporter -->
<testsuite skipped="0" hostname="sunfish.sailpoint.com" name="sailpoint.api.ScoreTests" tests="5" failures="0" timestamp="11 May 2021 16:09:47 GMT" time="32.356" errors="0">
  <testcase name="testScorecardWithActivityMonitoring" time="5.975" classname="sailpoint.api.ScoreTests"/>
  <testcase name="testDefaultAccountWeight" time="6.250" classname="sailpoint.api.ScoreTests"/>
  <testcase name="testCustomScores" time="6.674" classname="sailpoint.api.ScoreTests"/>
  <testcase name="testScorecard" time="6.711" classname="sailpoint.api.ScoreTests"/>
  <testcase name="testApplicationScoring" time="6.746" classname="sailpoint.api.ScoreTests"/>
</testsuite> <!-- sailpoint.api.ScoreTests -->
