<?xml version="1.0" encoding="UTF-8"?>
<!-- Generated by org.testng.reporters.JUnitReportReporter -->
<testsuite skipped="0" hostname="sunfish.sailpoint.com" name="sailpoint.alert.AlertCertificationHandlerTests" tests="1" failures="0" timestamp="11 May 2021 16:09:46 GMT" time="0.224" errors="0">
  <testcase name="testCertCreation" time="0.224" classname="sailpoint.alert.AlertCertificationHandlerTests"/>
</testsuite> <!-- sailpoint.alert.AlertCertificationHandlerTests -->
