<?xml version="1.0" encoding="UTF-8"?>
<!-- Generated by org.testng.reporters.JUnitReportReporter -->
<testsuite skipped="0" hostname="sunfish.sailpoint.com" name="sailpoint.api.ScopedSearchTests" tests="14" failures="0" timestamp="11 May 2021 16:09:47 GMT" time="92.480" errors="0">
  <testcase name="testUnscopedObjects" time="6.415" classname="sailpoint.api.ScopedSearchTests"/>
  <testcase name="testGlobalUnscopedWithSearch" time="2.955" classname="sailpoint.api.ScopedSearchTests"/>
  <testcase name="testControlledNonHierarchicalLeafScope" time="6.216" classname="sailpoint.api.ScopedSearchTests"/>
  <testcase name="testControlsAssignedScope" time="17.535" classname="sailpoint.api.ScopedSearchTests"/>
  <testcase name="testScopeExtension" time="3.460" classname="sailpoint.api.ScopedSearchTests"/>
  <testcase name="testNoControlledScopes" time="6.220" classname="sailpoint.api.ScopedSearchTests"/>
  <testcase name="testControlledFullHierarchicalScope" time="6.280" classname="sailpoint.api.ScopedSearchTests"/>
  <testcase name="testPseudoUser" time="3.561" classname="sailpoint.api.ScopedSearchTests"/>
  <testcase name="testImpersonation" time="3.606" classname="sailpoint.api.ScopedSearchTests"/>
  <testcase name="testMultipleControlledScopes" time="6.352" classname="sailpoint.api.ScopedSearchTests"/>
  <testcase name="testSystemAdministrator" time="3.363" classname="sailpoint.api.ScopedSearchTests"/>
  <testcase name="testControlledLeafScope" time="6.295" classname="sailpoint.api.ScopedSearchTests"/>
  <testcase name="testScopeHierarchyReorder" time="13.921" classname="sailpoint.api.ScopedSearchTests"/>
  <testcase name="testControlledHierarchicalSubScope" time="6.301" classname="sailpoint.api.ScopedSearchTests"/>
</testsuite> <!-- sailpoint.api.ScopedSearchTests -->
