<?xml version="1.0" encoding="UTF-8"?>
<!-- Generated by org.testng.reporters.JUnitReportReporter -->
<testsuite skipped="0" hostname="sunfish.sailpoint.com" name="sailpoint.activity.WindowsEventLogTests" tests="1" failures="0" timestamp="11 May 2021 16:09:47 GMT" time="2.403" errors="0">
  <testcase name="testIterateActivities" time="2.403" classname="sailpoint.activity.WindowsEventLogTests"/>
</testsuite> <!-- sailpoint.activity.WindowsEventLogTests -->
