<?xml version="1.0" encoding="UTF-8"?>
<!-- Generated by org.testng.reporters.JUnitReportReporter -->
<testsuite skipped="0" hostname="sunfish.sailpoint.com" name="sailpoint.connector.ExampleConnectorTests" tests="8" failures="0" timestamp="11 May 2021 16:09:47 GMT" time="0.306" errors="0">
  <testcase name="testAuthenticate" time="0.008" classname="sailpoint.connector.ExampleConnectorTests"/>
  <testcase name="testGetObject" time="0.017" classname="sailpoint.connector.ExampleConnectorTests"/>
  <testcase name="testSchemaAttributeFiltering" time="0.013" classname="sailpoint.connector.ExampleConnectorTests"/>
  <testcase name="testFetchNonExistingObject" time="0.009" classname="sailpoint.connector.ExampleConnectorTests"/>
  <testcase name="testNegativeIterateObjects" time="0.012" classname="sailpoint.connector.ExampleConnectorTests"/>
  <testcase name="testTestConfiguration" time="0.007" classname="sailpoint.connector.ExampleConnectorTests"/>
  <testcase name="testIterateObjects" time="0.008" classname="sailpoint.connector.ExampleConnectorTests"/>
  <testcase name="testCreateDefaultApplication" time="0.232" classname="sailpoint.connector.ExampleConnectorTests"/>
</testsuite> <!-- sailpoint.connector.ExampleConnectorTests -->
