<?xml version="1.0" encoding="UTF-8"?>
<!-- Generated by org.testng.reporters.JUnitReportReporter -->
<testsuite skipped="0" hostname="sunfish.sailpoint.com" name="sailpoint.service.certification.schedule.CertificationScheduleAdditionalEntitlementsListFilterContextTests" tests="4" failures="0" timestamp="11 May 2021 16:09:46 GMT" time="0.017" errors="0">
  <testcase name="testObjectAttributeFilters" time="0.001" classname="sailpoint.service.certification.schedule.CertificationScheduleAdditionalEntitlementsListFilterContextTests"/>
  <testcase name="testClassificationFilter" time="0.004" classname="sailpoint.service.certification.schedule.CertificationScheduleAdditionalEntitlementsListFilterContextTests"/>
  <testcase name="testDefaultFilters" time="0.001" classname="sailpoint.service.certification.schedule.CertificationScheduleAdditionalEntitlementsListFilterContextTests"/>
  <testcase name="testApplicationMapping" time="0.011" classname="sailpoint.service.certification.schedule.CertificationScheduleAdditionalEntitlementsListFilterContextTests"/>
</testsuite> <!-- sailpoint.service.certification.schedule.CertificationScheduleAdditionalEntitlementsListFilterContextTests -->
