<?xml version="1.0" encoding="UTF-8"?>
<!-- Generated by org.testng.reporters.JUnitReportReporter -->
<testsuite skipped="0" hostname="sunfish.sailpoint.com" name="sailpoint.service.suggest.GlobalSuggestAuthorizerTests" tests="4" failures="0" timestamp="11 May 2021 16:09:47 GMT" time="0.043" errors="0">
  <testcase name="testColumnAuthorized" time="0.041" classname="sailpoint.service.suggest.GlobalSuggestAuthorizerTests"/>
  <testcase name="testClassAuthorized" time="0.002" classname="sailpoint.service.suggest.GlobalSuggestAuthorizerTests"/>
  <testcase name="testColumnNotAuthorized" time="0.000" classname="sailpoint.service.suggest.GlobalSuggestAuthorizerTests"/>
  <testcase name="testClassNotAuthorized" time="0.000" classname="sailpoint.service.suggest.GlobalSuggestAuthorizerTests"/>
</testsuite> <!-- sailpoint.service.suggest.GlobalSuggestAuthorizerTests -->
