<?xml version="1.0" encoding="UTF-8"?>
<!-- Generated by org.testng.reporters.JUnitReportReporter -->
<testsuite skipped="0" hostname="sunfish.sailpoint.com" name="sailpoint.service.form.WorkItemFormTests" tests="10" failures="0" timestamp="11 May 2021 16:09:46 GMT" time="0.149" errors="0">
  <testcase name="testReadOnlyFormForRequester" time="0.020" classname="sailpoint.service.form.WorkItemFormTests"/>
  <testcase name="testEsigMeaning" time="0.015" classname="sailpoint.service.form.WorkItemFormTests"/>
  <testcase name="testFormArgumentMutation" time="0.015" classname="sailpoint.service.form.WorkItemFormTests"/>
  <testcase name="testNotReadOnlyWhenRequesterAndOwner" time="0.021" classname="sailpoint.service.form.WorkItemFormTests"/>
  <testcase name="testNoAccessWhenUserNotInWorkgroup" time="0.005" classname="sailpoint.service.form.WorkItemFormTests"/>
  <testcase name="testFetchWorkItemNoExist" time="0.001" classname="sailpoint.service.form.WorkItemFormTests"/>
  <testcase name="testDifferentWorkItem" time="0.040" classname="sailpoint.service.form.WorkItemFormTests"/>
  <testcase name="testFetchSimpleForm" time="0.009" classname="sailpoint.service.form.WorkItemFormTests"/>
  <testcase name="testReadOnlyFormForUserInWorkgroup" time="0.023" classname="sailpoint.service.form.WorkItemFormTests"/>
  <testcase name="testFormBeanState" time="0.000" classname="sailpoint.service.form.WorkItemFormTests"/>
</testsuite> <!-- sailpoint.service.form.WorkItemFormTests -->
