<?xml version="1.0" encoding="UTF-8"?>
<!-- Generated by org.testng.reporters.JUnitReportReporter -->
<testsuite skipped="0" hostname="sunfish.sailpoint.com" name="sailpoint.rest.ui.suggest.ApplicationSuggestResourceTests" tests="11" failures="0" timestamp="11 May 2021 16:09:46 GMT" time="0.467" errors="0">
  <testcase name="testGetApplicationAttributesSearchTerm" time="0.032" classname="sailpoint.rest.ui.suggest.ApplicationSuggestResourceTests"/>
  <testcase name="testGetApplicationAttributesLCM" time="0.064" classname="sailpoint.rest.ui.suggest.ApplicationSuggestResourceTests"/>
  <testcase name="testGetApplicationsAttributeOnly" time="0.031" classname="sailpoint.rest.ui.suggest.ApplicationSuggestResourceTests"/>
  <testcase name="testGetApplications" time="0.029" classname="sailpoint.rest.ui.suggest.ApplicationSuggestResourceTests"/>
  <testcase name="testIIQSR394" time="0.032" classname="sailpoint.rest.ui.suggest.ApplicationSuggestResourceTests"/>
  <testcase name="testGetApplicationAttributeValues" time="0.049" classname="sailpoint.rest.ui.suggest.ApplicationSuggestResourceTests"/>
  <testcase name="testGetApplicationsLCM" time="0.049" classname="sailpoint.rest.ui.suggest.ApplicationSuggestResourceTests"/>
  <testcase name="testGetApplicationsLimit" time="0.045" classname="sailpoint.rest.ui.suggest.ApplicationSuggestResourceTests"/>
  <testcase name="testGetApplicationAttributesLimit" time="0.031" classname="sailpoint.rest.ui.suggest.ApplicationSuggestResourceTests"/>
  <testcase name="testGetApplicationsSearchTerm" time="0.037" classname="sailpoint.rest.ui.suggest.ApplicationSuggestResourceTests"/>
  <testcase name="testGetApplicationAttributes" time="0.068" classname="sailpoint.rest.ui.suggest.ApplicationSuggestResourceTests"/>
</testsuite> <!-- sailpoint.rest.ui.suggest.ApplicationSuggestResourceTests -->
