<?xml version="1.0" encoding="UTF-8"?>
<!-- Generated by org.testng.reporters.JUnitReportReporter -->
<testsuite skipped="0" hostname="sunfish.sailpoint.com" name="sailpoint.rapidsetup.constraint.impl.DateEvaluatorTests" tests="15" failures="0" timestamp="11 May 2021 16:09:47 GMT" time="0.030" errors="0">
  <testcase name="test_date_lt" time="0.001" classname="sailpoint.rapidsetup.constraint.impl.DateEvaluatorTests"/>
  <testcase name="test_date_lte" time="0.002" classname="sailpoint.rapidsetup.constraint.impl.DateEvaluatorTests"/>
  <testcase name="test_date_null_attribute" time="0.001" classname="sailpoint.rapidsetup.constraint.impl.DateEvaluatorTests"/>
  <testcase name="test_date_relative_after" time="0.003" classname="sailpoint.rapidsetup.constraint.impl.DateEvaluatorTests"/>
  <testcase name="test_date_between" time="0.009" classname="sailpoint.rapidsetup.constraint.impl.DateEvaluatorTests"/>
  <testcase name="test_date_missing_format_key" time="0.002" classname="sailpoint.rapidsetup.constraint.impl.DateEvaluatorTests"/>
  <testcase name="test_date_eq" time="0.001" classname="sailpoint.rapidsetup.constraint.impl.DateEvaluatorTests"/>
  <testcase name="test_date_today_or_before" time="0.001" classname="sailpoint.rapidsetup.constraint.impl.DateEvaluatorTests"/>
  <testcase name="test_date_changed_to" time="0.001" classname="sailpoint.rapidsetup.constraint.impl.DateEvaluatorTests"/>
  <testcase name="test_date_missing_attribute_key" time="0.002" classname="sailpoint.rapidsetup.constraint.impl.DateEvaluatorTests"/>
  <testcase name="test_date_ne" time="0.001" classname="sailpoint.rapidsetup.constraint.impl.DateEvaluatorTests"/>
  <testcase name="test_date_relative_before" time="0.001" classname="sailpoint.rapidsetup.constraint.impl.DateEvaluatorTests"/>
  <testcase name="test_date_gte" time="0.001" classname="sailpoint.rapidsetup.constraint.impl.DateEvaluatorTests"/>
  <testcase name="test_date_changed_from" time="0.002" classname="sailpoint.rapidsetup.constraint.impl.DateEvaluatorTests"/>
  <testcase name="test_date_gt" time="0.002" classname="sailpoint.rapidsetup.constraint.impl.DateEvaluatorTests"/>
</testsuite> <!-- sailpoint.rapidsetup.constraint.impl.DateEvaluatorTests -->
