<?xml version="1.0" encoding="UTF-8"?>
<!-- Generated by org.testng.reporters.JUnitReportReporter -->
<testsuite skipped="0" hostname="sunfish.sailpoint.com" name="sailpoint.web.util.FormJsonUtilTests" tests="1" failures="0" timestamp="11 May 2021 16:09:47 GMT" time="0.022" errors="0">
  <testcase name="testUpdateFormItemsFromJSON" time="0.022" classname="sailpoint.web.util.FormJsonUtilTests"/>
</testsuite> <!-- sailpoint.web.util.FormJsonUtilTests -->
