<?xml version="1.0" encoding="UTF-8"?>
<!-- Generated by org.testng.reporters.JUnitReportReporter -->
<testsuite skipped="0" hostname="sunfish.sailpoint.com" name="sailpoint.service.scim.SCIMUtilTest" tests="2" failures="0" timestamp="11 May 2021 16:09:47 GMT" time="0.022" errors="0">
  <testcase name="testInvalidAttribute" time="0.018" classname="sailpoint.service.scim.SCIMUtilTest"/>
  <testcase name="testValidAttribute" time="0.004" classname="sailpoint.service.scim.SCIMUtilTest"/>
</testsuite> <!-- sailpoint.service.scim.SCIMUtilTest -->
