<?xml version="1.0" encoding="UTF-8"?>
<!-- Generated by org.testng.reporters.JUnitReportReporter -->
<testsuite skipped="0" hostname="sunfish.sailpoint.com" name="sailpoint.authorization.RoleDetailManagedAttributeAuthorizerTests" tests="4" failures="0" timestamp="11 May 2021 16:09:47 GMT" time="2.878" errors="0">
  <testcase name="testManagedAttributeNestedPermitAuth" time="0.702" classname="sailpoint.authorization.RoleDetailManagedAttributeAuthorizerTests"/>
  <testcase name="testRandomManagedAttributeAuthFails" time="0.702" classname="sailpoint.authorization.RoleDetailManagedAttributeAuthorizerTests"/>
  <testcase name="testManagedAttributeNestedInheritAuth" time="0.778" classname="sailpoint.authorization.RoleDetailManagedAttributeAuthorizerTests"/>
  <testcase name="testManagedAttributeNestedReqAuth" time="0.696" classname="sailpoint.authorization.RoleDetailManagedAttributeAuthorizerTests"/>
</testsuite> <!-- sailpoint.authorization.RoleDetailManagedAttributeAuthorizerTests -->
