<?xml version="1.0" encoding="UTF-8"?>
<!-- Generated by org.testng.reporters.JUnitReportReporter -->
<testsuite skipped="0" hostname="sunfish.sailpoint.com" name="sailpoint.web.sso.RedirectUtilTest" tests="15" failures="0" timestamp="11 May 2021 16:09:47 GMT" time="0.002" errors="0">
  <testcase name="testFormatUrlString" time="0.000" classname="sailpoint.web.sso.RedirectUtilTest"/>
  <testcase name="testFormatUrlString" time="0.000" classname="sailpoint.web.sso.RedirectUtilTest"/>
  <testcase name="testCalculateParamString" time="0.000" classname="sailpoint.web.sso.RedirectUtilTest"/>
  <testcase name="testCalculateRedirectUrl" time="0.000" classname="sailpoint.web.sso.RedirectUtilTest"/>
  <testcase name="testCalculateRedirectUrl" time="0.000" classname="sailpoint.web.sso.RedirectUtilTest"/>
  <testcase name="testFormatUrlString" time="0.000" classname="sailpoint.web.sso.RedirectUtilTest"/>
  <testcase name="testCalculateParamString" time="0.000" classname="sailpoint.web.sso.RedirectUtilTest"/>
  <testcase name="testCalculateParamString" time="0.001" classname="sailpoint.web.sso.RedirectUtilTest"/>
  <testcase name="testFormatUrlString" time="0.000" classname="sailpoint.web.sso.RedirectUtilTest"/>
  <testcase name="testFormatUrlString" time="0.001" classname="sailpoint.web.sso.RedirectUtilTest"/>
  <testcase name="testCalculateRedirectUrl" time="0.000" classname="sailpoint.web.sso.RedirectUtilTest"/>
  <testcase name="testCalculateParamString" time="0.000" classname="sailpoint.web.sso.RedirectUtilTest"/>
  <testcase name="testCalculateParamString" time="0.000" classname="sailpoint.web.sso.RedirectUtilTest"/>
  <testcase name="testCalculateRedirectUrl" time="0.000" classname="sailpoint.web.sso.RedirectUtilTest"/>
  <testcase name="testFormatUrlString" time="0.000" classname="sailpoint.web.sso.RedirectUtilTest"/>
</testsuite> <!-- sailpoint.web.sso.RedirectUtilTest -->
