<?xml version="1.0" encoding="UTF-8"?>
<!-- Generated by org.testng.reporters.JUnitReportReporter -->
<testsuite skipped="0" hostname="sunfish.sailpoint.com" name="sailpoint.web.accessrequest.RequestedRoleTests" tests="5" failures="0" timestamp="11 May 2021 16:09:47 GMT" time="3.258" errors="0">
  <testcase name="testGetName" time="0.566" classname="sailpoint.web.accessrequest.RequestedRoleTests"/>
  <testcase name="testCtorThrowsWithoutId" time="0.958" classname="sailpoint.web.accessrequest.RequestedRoleTests"/>
  <testcase name="testCtorThrowsWithNull" time="0.531" classname="sailpoint.web.accessrequest.RequestedRoleTests"/>
  <testcase name="testFullyFormedRequestedRole" time="0.580" classname="sailpoint.web.accessrequest.RequestedRoleTests"/>
  <testcase name="testProvisioningTarget" time="0.623" classname="sailpoint.web.accessrequest.RequestedRoleTests"/>
</testsuite> <!-- sailpoint.web.accessrequest.RequestedRoleTests -->
