<?xml version="1.0" encoding="UTF-8"?>
<!-- Generated by org.testng.reporters.JUnitReportReporter -->
<testsuite skipped="0" hostname="sunfish.sailpoint.com" name="sailpoint.service.listfilter.UserAccessPopulationFilterContextTests" tests="2" failures="0" timestamp="11 May 2021 16:09:47 GMT" time="0.201" errors="0">
  <testcase name="testGetFilters" time="0.201" classname="sailpoint.service.listfilter.UserAccessPopulationFilterContextTests"/>
  <testcase name="testManagerFilter" time="0.000" classname="sailpoint.service.listfilter.UserAccessPopulationFilterContextTests"/>
</testsuite> <!-- sailpoint.service.listfilter.UserAccessPopulationFilterContextTests -->
