<?xml version="1.0" encoding="UTF-8"?>
<!-- Generated by org.testng.reporters.JUnitReportReporter -->
<testsuite skipped="0" hostname="sunfish.sailpoint.com" name="sailpoint.service.certification.CertificationServiceTests" tests="12" failures="0" timestamp="11 May 2021 16:09:47 GMT" time="3.787" errors="0">
  <testcase name="testSignCertificationNoSignature" time="0.406" classname="sailpoint.service.certification.CertificationServiceTests"/>
  <testcase name="testRescindChildCertification" time="0.128" classname="sailpoint.service.certification.CertificationServiceTests"/>
  <testcase name="testSignCertificationError" time="0.324" classname="sailpoint.service.certification.CertificationServiceTests"/>
  <testcase name="testRescindChildCertWithLockedCert" time="0.086" classname="sailpoint.service.certification.CertificationServiceTests"/>
  <testcase name="testSignCertificationEncryptedSignature" time="0.320" classname="sailpoint.service.certification.CertificationServiceTests"/>
  <testcase name="testGetConfigurationDTO" time="0.271" classname="sailpoint.service.certification.CertificationServiceTests"/>
  <testcase name="testInitializationWithNullParameters" time="0.086" classname="sailpoint.service.certification.CertificationServiceTests"/>
  <testcase name="testSignCertificationSignature" time="0.298" classname="sailpoint.service.certification.CertificationServiceTests"/>
  <testcase name="testRescindChildCertWithLockedParent" time="0.164" classname="sailpoint.service.certification.CertificationServiceTests"/>
  <testcase name="testGetRequiredPermittedRolesForDecision" time="0.611" classname="sailpoint.service.certification.CertificationServiceTests"/>
  <testcase name="testSkipRequiredPermittedRolesForBulkDecision" time="0.682" classname="sailpoint.service.certification.CertificationServiceTests"/>
  <testcase name="testGetCertificationDTO" time="0.411" classname="sailpoint.service.certification.CertificationServiceTests"/>
</testsuite> <!-- sailpoint.service.certification.CertificationServiceTests -->
