<?xml version="1.0" encoding="UTF-8"?>
<!-- Generated by org.testng.reporters.JUnitReportReporter -->
<testsuite skipped="0" hostname="sunfish.sailpoint.com" name="sailpoint.service.pam.ContainerIdentityListServiceTests" tests="3" failures="0" timestamp="11 May 2021 16:09:47 GMT" time="0.032" errors="0">
  <testcase name="testGetIdentities" time="0.003" classname="sailpoint.service.pam.ContainerIdentityListServiceTests"/>
  <testcase name="testGetGroupMembersLocalGroup" time="0.006" classname="sailpoint.service.pam.ContainerIdentityListServiceTests"/>
  <testcase name="testGetGroupMembersExternalGroup" time="0.023" classname="sailpoint.service.pam.ContainerIdentityListServiceTests"/>
</testsuite> <!-- sailpoint.service.pam.ContainerIdentityListServiceTests -->
