<?xml version="1.0" encoding="UTF-8"?>
<!-- Generated by org.testng.reporters.JUnitReportReporter -->
<testsuite skipped="0" hostname="sunfish.sailpoint.com" name="sailpoint.authorization.WorkItemAuthorizerTest" tests="4" failures="0" timestamp="11 May 2021 16:09:47 GMT" time="0.000" errors="0">
  <testcase name="testSystemAdmin" time="0.000" classname="sailpoint.authorization.WorkItemAuthorizerTest"/>
  <testcase name="testRequester" time="0.000" classname="sailpoint.authorization.WorkItemAuthorizerTest"/>
  <testcase name="testOwner" time="0.000" classname="sailpoint.authorization.WorkItemAuthorizerTest"/>
  <testcase name="testUnauthorizedUser" time="0.000" classname="sailpoint.authorization.WorkItemAuthorizerTest"/>
</testsuite> <!-- sailpoint.authorization.WorkItemAuthorizerTest -->
