<?xml version="1.0" encoding="UTF-8"?>
<!-- Generated by org.testng.reporters.JUnitReportReporter -->
<testsuite skipped="0" hostname="sunfish.sailpoint.com" name="sailpoint.service.certification.CertificationItemSuggestServiceTests" tests="4" failures="0" timestamp="11 May 2021 16:09:47 GMT" time="1.295" errors="0">
  <testcase name="testGetEntitlementNames" time="0.360" classname="sailpoint.service.certification.CertificationItemSuggestServiceTests"/>
  <testcase name="testGetEntitlementValuesWithQuery" time="0.282" classname="sailpoint.service.certification.CertificationItemSuggestServiceTests"/>
  <testcase name="testGetEntitlementNamesWithQuery" time="0.345" classname="sailpoint.service.certification.CertificationItemSuggestServiceTests"/>
  <testcase name="testGetEntitlementValues" time="0.308" classname="sailpoint.service.certification.CertificationItemSuggestServiceTests"/>
</testsuite> <!-- sailpoint.service.certification.CertificationItemSuggestServiceTests -->
