<?xml version="1.0" encoding="UTF-8"?>
<!-- Generated by org.testng.reporters.JUnitReportReporter -->
<testsuite skipped="0" hostname="sunfish.sailpoint.com" name="sailpoint.pam.scimBridge.service.ResourceServiceTests" tests="44" failures="0" timestamp="11 May 2021 16:09:47 GMT" time="4.040" errors="0">
  <testcase name="testListReturnsPagedObjectsNoStartAndLimitSupport" time="0.003" classname="sailpoint.pam.scimBridge.service.ResourceServiceTests"/>
  <testcase name="testCreateWithMissingRequiredAttributesFails" time="0.035" classname="sailpoint.pam.scimBridge.service.ResourceServiceTests"/>
  <testcase name="testGetPrivilegedDataPermission" time="0.052" classname="sailpoint.pam.scimBridge.service.ResourceServiceTests"/>
  <testcase name="testUpdateSimpleUserValues" time="0.489" classname="sailpoint.pam.scimBridge.service.ResourceServiceTests"/>
  <testcase name="testGetContainer" time="0.048" classname="sailpoint.pam.scimBridge.service.ResourceServiceTests"/>
  <testcase name="testGetThrowsIfObjectNotFound" time="0.002" classname="sailpoint.pam.scimBridge.service.ResourceServiceTests"/>
  <testcase name="testUpdateComplexUserValues" time="0.373" classname="sailpoint.pam.scimBridge.service.ResourceServiceTests"/>
  <testcase name="testUpdateThrowsIfEngineFails" time="0.027" classname="sailpoint.pam.scimBridge.service.ResourceServiceTests"/>
  <testcase name="testUpdateMultiValuedAttributes" time="0.206" classname="sailpoint.pam.scimBridge.service.ResourceServiceTests"/>
  <testcase name="testDeleteThrowsIfObjectNotFound" time="0.001" classname="sailpoint.pam.scimBridge.service.ResourceServiceTests"/>
  <testcase name="testUpdateGroup" time="0.126" classname="sailpoint.pam.scimBridge.service.ResourceServiceTests"/>
  <testcase name="testUpdatePrivilegedDataPermission" time="0.266" classname="sailpoint.pam.scimBridge.service.ResourceServiceTests"/>
  <testcase name="testListReturnsPartialPageOnLastPageNoStartAndLimitSupport" time="0.003" classname="sailpoint.pam.scimBridge.service.ResourceServiceTests"/>
  <testcase name="testUpdateThrowsIfObjectNotFound" time="0.027" classname="sailpoint.pam.scimBridge.service.ResourceServiceTests"/>
  <testcase name="testCreatePrivilegedData" time="0.048" classname="sailpoint.pam.scimBridge.service.ResourceServiceTests"/>
  <testcase name="testCreatePrivilegedDataPermission" time="0.051" classname="sailpoint.pam.scimBridge.service.ResourceServiceTests"/>
  <testcase name="testGetContainerPermission" time="0.050" classname="sailpoint.pam.scimBridge.service.ResourceServiceTests"/>
  <testcase name="testCreateMinimalUser" time="0.024" classname="sailpoint.pam.scimBridge.service.ResourceServiceTests"/>
  <testcase name="testUpdateMultipleEmailsThrows" time="0.060" classname="sailpoint.pam.scimBridge.service.ResourceServiceTests"/>
  <testcase name="testGetGroup" time="0.062" classname="sailpoint.pam.scimBridge.service.ResourceServiceTests"/>
  <testcase name="testUpdateActive" time="0.056" classname="sailpoint.pam.scimBridge.service.ResourceServiceTests"/>
  <testcase name="testFilterPrivilegedDataPermissions" time="0.055" classname="sailpoint.pam.scimBridge.service.ResourceServiceTests"/>
  <testcase name="testFilterContainerPermissions" time="0.059" classname="sailpoint.pam.scimBridge.service.ResourceServiceTests"/>
  <testcase name="testDelete" time="0.006" classname="sailpoint.pam.scimBridge.service.ResourceServiceTests"/>
  <testcase name="testListContainers" time="0.058" classname="sailpoint.pam.scimBridge.service.ResourceServiceTests"/>
  <testcase name="testListContainerPermissions" time="0.064" classname="sailpoint.pam.scimBridge.service.ResourceServiceTests"/>
  <testcase name="testListResourceMapping" time="0.072" classname="sailpoint.pam.scimBridge.service.ResourceServiceTests"/>
  <testcase name="testGetReturnsFullUser" time="0.068" classname="sailpoint.pam.scimBridge.service.ResourceServiceTests"/>
  <testcase name="testCreateFullUser" time="0.026" classname="sailpoint.pam.scimBridge.service.ResourceServiceTests"/>
  <testcase name="testUpdateExtendedUserValues" time="0.140" classname="sailpoint.pam.scimBridge.service.ResourceServiceTests"/>
  <testcase name="testCreateGroup" time="0.028" classname="sailpoint.pam.scimBridge.service.ResourceServiceTests"/>
  <testcase name="testCreateContainerPermission" time="0.070" classname="sailpoint.pam.scimBridge.service.ResourceServiceTests"/>
  <testcase name="testGetReturnsBasicObject" time="0.003" classname="sailpoint.pam.scimBridge.service.ResourceServiceTests"/>
  <testcase name="testGetPrivilegedData" time="0.045" classname="sailpoint.pam.scimBridge.service.ResourceServiceTests"/>
  <testcase name="testListCountWhenEngineDoesNotSupportCounting" time="0.069" classname="sailpoint.pam.scimBridge.service.ResourceServiceTests"/>
  <testcase name="testCreateContainer" time="0.076" classname="sailpoint.pam.scimBridge.service.ResourceServiceTests"/>
  <testcase name="testUpdatePrivilegedData" time="0.243" classname="sailpoint.pam.scimBridge.service.ResourceServiceTests"/>
  <testcase name="testUpdateContainer" time="0.442" classname="sailpoint.pam.scimBridge.service.ResourceServiceTests"/>
  <testcase name="testDeleteThrowsIfEngineFails" time="0.002" classname="sailpoint.pam.scimBridge.service.ResourceServiceTests"/>
  <testcase name="testListPrivilegedDataPermissions" time="0.051" classname="sailpoint.pam.scimBridge.service.ResourceServiceTests"/>
  <testcase name="testListFullUser" time="0.054" classname="sailpoint.pam.scimBridge.service.ResourceServiceTests"/>
  <testcase name="testUpdateContainerPermission" time="0.284" classname="sailpoint.pam.scimBridge.service.ResourceServiceTests"/>
  <testcase name="testUpdateReadOnlyAttributeDoesNothing" time="0.069" classname="sailpoint.pam.scimBridge.service.ResourceServiceTests"/>
  <testcase name="testListPrivilegedData" time="0.047" classname="sailpoint.pam.scimBridge.service.ResourceServiceTests"/>
</testsuite> <!-- sailpoint.pam.scimBridge.service.ResourceServiceTests -->
