<?xml version="1.0" encoding="UTF-8"?>
<!-- Generated by org.testng.reporters.JUnitReportReporter -->
<testsuite skipped="0" hostname="sunfish.sailpoint.com" name="sailpoint.plugin.ConcurrentMapCacheTests" tests="9" failures="0" timestamp="11 May 2021 16:09:47 GMT" time="0.430" errors="0">
  <testcase name="testGetPageContent" time="0.042" classname="sailpoint.plugin.ConcurrentMapCacheTests"/>
  <testcase name="testVersioning" time="0.049" classname="sailpoint.plugin.ConcurrentMapCacheTests"/>
  <testcase name="testCacheSettingsFormName" time="0.073" classname="sailpoint.plugin.ConcurrentMapCacheTests"/>
  <testcase name="testCacheUpdateSettings" time="0.044" classname="sailpoint.plugin.ConcurrentMapCacheTests"/>
  <testcase name="testCacheSettings" time="0.041" classname="sailpoint.plugin.ConcurrentMapCacheTests"/>
  <testcase name="testCache" time="0.048" classname="sailpoint.plugin.ConcurrentMapCacheTests"/>
  <testcase name="testCacheMessages" time="0.044" classname="sailpoint.plugin.ConcurrentMapCacheTests"/>
  <testcase name="testNoCacheManifest" time="0.046" classname="sailpoint.plugin.ConcurrentMapCacheTests"/>
  <testcase name="testCacheSettingsPageName" time="0.043" classname="sailpoint.plugin.ConcurrentMapCacheTests"/>
</testsuite> <!-- sailpoint.plugin.ConcurrentMapCacheTests -->
