<?xml version="1.0" encoding="UTF-8"?>
<!-- Generated by org.testng.reporters.JUnitReportReporter -->
<testsuite skipped="0" hostname="sunfish.sailpoint.com" name="sailpoint.scim.common.ServiceProviderConfigTest" tests="5" failures="0" timestamp="11 May 2021 16:09:47 GMT" time="0.000" errors="0">
  <testcase name="testFilter" time="0.000" classname="sailpoint.scim.common.ServiceProviderConfigTest"/>
  <testcase name="testSupported" time="0.000" classname="sailpoint.scim.common.ServiceProviderConfigTest"/>
  <testcase name="testAuthenticationSchemes" time="0.000" classname="sailpoint.scim.common.ServiceProviderConfigTest"/>
  <testcase name="testAddAuth" time="0.000" classname="sailpoint.scim.common.ServiceProviderConfigTest"/>
  <testcase name="testBulk" time="0.000" classname="sailpoint.scim.common.ServiceProviderConfigTest"/>
</testsuite> <!-- sailpoint.scim.common.ServiceProviderConfigTest -->
