<?xml version="1.0" encoding="UTF-8"?>
<!-- Generated by org.testng.reporters.JUnitReportReporter -->
<testsuite skipped="0" hostname="sunfish.sailpoint.com" name="sailpoint.rest.RequestAccessResourceTest" tests="5" failures="0" timestamp="11 May 2021 16:09:47 GMT" time="0.646" errors="0">
  <testcase name="testCheckUniqueAssignementAccess" time="0.126" classname="sailpoint.rest.RequestAccessResourceTest"/>
  <testcase name="testGetAssignmentsForIdentity" time="0.133" classname="sailpoint.rest.RequestAccessResourceTest"/>
  <testcase name="testAdditionalQuestions" time="0.135" classname="sailpoint.rest.RequestAccessResourceTest"/>
  <testcase name="testGetGridRequestablesForIdentity" time="0.083" classname="sailpoint.rest.RequestAccessResourceTest"/>
  <testcase name="testGetTypes" time="0.169" classname="sailpoint.rest.RequestAccessResourceTest"/>
</testsuite> <!-- sailpoint.rest.RequestAccessResourceTest -->
