<?xml version="1.0" encoding="UTF-8"?>
<!-- Generated by org.testng.reporters.JUnitReportReporter -->
<testsuite skipped="0" hostname="sunfish.sailpoint.com" name="sailpoint.api.ManagedAttributerTests" tests="4" failures="0" timestamp="11 May 2021 16:09:47 GMT" time="0.022" errors="0">
  <testcase name="testManagedAttributeUniqueHash" time="0.015" classname="sailpoint.api.ManagedAttributerTests"/>
  <testcase name="testCount" time="0.002" classname="sailpoint.api.ManagedAttributerTests"/>
  <testcase name="testGetAll" time="0.003" classname="sailpoint.api.ManagedAttributerTests"/>
  <testcase name="testGet" time="0.002" classname="sailpoint.api.ManagedAttributerTests"/>
</testsuite> <!-- sailpoint.api.ManagedAttributerTests -->
