<?xml version="1.0" encoding="UTF-8"?>
<!-- Generated by org.testng.reporters.JUnitReportReporter -->
<testsuite skipped="0" hostname="sunfish.sailpoint.com" name="sailpoint.service.quicklink.QuickLinksServiceTests" tests="6" failures="0" timestamp="11 May 2021 16:09:47 GMT" time="5.531" errors="0">
  <testcase name="testGetConfiguredQuickLinkCardsWithUserPreferences" time="1.012" classname="sailpoint.service.quicklink.QuickLinksServiceTests"/>
  <testcase name="testSetConfiguredQuickLinkCards" time="0.888" classname="sailpoint.service.quicklink.QuickLinksServiceTests"/>
  <testcase name="testGetQuickLinkCards" time="0.930" classname="sailpoint.service.quicklink.QuickLinksServiceTests"/>
  <testcase name="testGetConfiguredQuickLinkCardsWithoutUserPreferences" time="0.910" classname="sailpoint.service.quicklink.QuickLinksServiceTests"/>
  <testcase name="getQuickLinks" time="0.926" classname="sailpoint.service.quicklink.QuickLinksServiceTests"/>
  <testcase name="testMobileQuickLinks" time="0.865" classname="sailpoint.service.quicklink.QuickLinksServiceTests"/>
</testsuite> <!-- sailpoint.service.quicklink.QuickLinksServiceTests -->
