<?xml version="1.0" encoding="UTF-8"?>
<!-- Generated by org.testng.reporters.JUnitReportReporter -->
<testsuite skipped="0" hostname="sunfish.sailpoint.com" name="sailpoint.rest.ui.RequestAccessResourceTests" tests="1" failures="0" timestamp="11 May 2021 16:09:47 GMT" time="0.154" errors="0">
  <testcase name="testAuthorization" time="0.154" classname="sailpoint.rest.ui.RequestAccessResourceTests"/>
</testsuite> <!-- sailpoint.rest.ui.RequestAccessResourceTests -->
