<?xml version="1.0" encoding="UTF-8"?>
<!-- Generated by org.testng.reporters.JUnitReportReporter -->
<testsuite skipped="0" hostname="sunfish.sailpoint.com" name="sailpoint.service.WorkItemListServiceTests" tests="14" failures="0" timestamp="11 May 2021 16:09:47 GMT" time="0.207" errors="0">
  <testcase name="testGetWorkItemsNoTypes" time="0.003" classname="sailpoint.service.WorkItemListServiceTests"/>
  <testcase name="testGetFilterValuesWithWorkItemTypeAll" time="0.001" classname="sailpoint.service.WorkItemListServiceTests"/>
  <testcase name="testDistinctVersusNonDistinct" time="0.031" classname="sailpoint.service.WorkItemListServiceTests"/>
  <testcase name="testGetFilterValues" time="0.005" classname="sailpoint.service.WorkItemListServiceTests"/>
  <testcase name="testGetWorkItemsSearchNameNumericFilter" time="0.003" classname="sailpoint.service.WorkItemListServiceTests"/>
  <testcase name="testGetTypesForMenuItem" time="0.000" classname="sailpoint.service.WorkItemListServiceTests"/>
  <testcase name="testGetWorkItemsSingleType" time="0.009" classname="sailpoint.service.WorkItemListServiceTests"/>
  <testcase name="testGetNoViolationReviewWorkItems" time="0.006" classname="sailpoint.service.WorkItemListServiceTests"/>
  <testcase name="testGetViolationReviewWorkItemWithTwoViolation" time="0.006" classname="sailpoint.service.WorkItemListServiceTests"/>
  <testcase name="testGetMenuItemForType" time="0.007" classname="sailpoint.service.WorkItemListServiceTests"/>
  <testcase name="testGetWorkItemsSearchDescriptionFilter" time="0.004" classname="sailpoint.service.WorkItemListServiceTests"/>
  <testcase name="testGetWorkItemsMultipleTypes" time="0.007" classname="sailpoint.service.WorkItemListServiceTests"/>
  <testcase name="testGetViolationReviewWorkItemsRoleSOD" time="0.021" classname="sailpoint.service.WorkItemListServiceTests"/>
  <testcase name="testGetViolationReviewWorkItemsRoleSODClassificationsDisabled" time="0.104" classname="sailpoint.service.WorkItemListServiceTests"/>
</testsuite> <!-- sailpoint.service.WorkItemListServiceTests -->
