<?xml version="1.0" encoding="UTF-8"?>
<!-- Generated by org.testng.reporters.JUnitReportReporter -->
<testsuite skipped="0" hostname="sunfish.sailpoint.com" name="sailpoint.rest.ui.policyviolations.PolicyViolationListResourceTests" tests="20" failures="0" timestamp="11 May 2021 16:09:47 GMT" time="27.530" errors="0">
  <testcase name="testGetPolicyViolationAuthorization" time="1.117" classname="sailpoint.rest.ui.policyviolations.PolicyViolationListResourceTests"/>
  <testcase name="testSaveMitigateBulk" time="1.276" classname="sailpoint.rest.ui.policyviolations.PolicyViolationListResourceTests"/>
  <testcase name="testGetPolicyViolationsByIdNotFound" time="1.096" classname="sailpoint.rest.ui.policyviolations.PolicyViolationListResourceTests"/>
  <testcase name="testGetPolicyViolations" time="1.209" classname="sailpoint.rest.ui.policyviolations.PolicyViolationListResourceTests"/>
  <testcase name="testSaveMitigatePastExpirationDate" time="1.167" classname="sailpoint.rest.ui.policyviolations.PolicyViolationListResourceTests"/>
  <testcase name="testGetPolicyViolationsDefaultSort" time="1.269" classname="sailpoint.rest.ui.policyviolations.PolicyViolationListResourceTests"/>
  <testcase name="testSaveMitigateShowAll" time="1.542" classname="sailpoint.rest.ui.policyviolations.PolicyViolationListResourceTests"/>
  <testcase name="testCertify" time="1.068" classname="sailpoint.rest.ui.policyviolations.PolicyViolationListResourceTests"/>
  <testcase name="testCertifyAuthorization" time="1.137" classname="sailpoint.rest.ui.policyviolations.PolicyViolationListResourceTests"/>
  <testcase name="testSaveMitigateDecisionSuccess" time="1.205" classname="sailpoint.rest.ui.policyviolations.PolicyViolationListResourceTests"/>
  <testcase name="testSaveMitigateDecisionException" time="1.092" classname="sailpoint.rest.ui.policyviolations.PolicyViolationListResourceTests"/>
  <testcase name="testPolicyViolationsConfigAuthorization" time="1.054" classname="sailpoint.rest.ui.policyviolations.PolicyViolationListResourceTests"/>
  <testcase name="testSuggest" time="1.211" classname="sailpoint.rest.ui.policyviolations.PolicyViolationListResourceTests"/>
  <testcase name="testSaveDecisionAuthorization" time="1.324" classname="sailpoint.rest.ui.policyviolations.PolicyViolationListResourceTests"/>
  <testcase name="testGetPolicyViolationsByIdGood" time="1.251" classname="sailpoint.rest.ui.policyviolations.PolicyViolationListResourceTests"/>
  <testcase name="testPolicyViolationsConfig" time="1.093" classname="sailpoint.rest.ui.policyviolations.PolicyViolationListResourceTests"/>
  <testcase name="testGetFiltersSuggestUrl" time="1.114" classname="sailpoint.rest.ui.policyviolations.PolicyViolationListResourceTests"/>
  <testcase name="testPolicyViolationsFiltersAuthorization" time="1.159" classname="sailpoint.rest.ui.policyviolations.PolicyViolationListResourceTests"/>
  <testcase name="testSaveMitigateUnauthorizedUser" time="4.972" classname="sailpoint.rest.ui.policyviolations.PolicyViolationListResourceTests"/>
  <testcase name="testSaveMitigateValidOwner" time="1.174" classname="sailpoint.rest.ui.policyviolations.PolicyViolationListResourceTests"/>
</testsuite> <!-- sailpoint.rest.ui.policyviolations.PolicyViolationListResourceTests -->
