<?xml version="1.0" encoding="UTF-8"?>
<!-- Generated by org.testng.reporters.JUnitReportReporter -->
<testsuite skipped="0" hostname="sunfish.sailpoint.com" name="sailpoint.recommender.RecommenderUtilTests" tests="3" failures="0" timestamp="11 May 2021 16:09:47 GMT" time="0.786" errors="0">
  <testcase name="testGetRecommendedRoles" time="0.238" classname="sailpoint.recommender.RecommenderUtilTests"/>
  <testcase name="testGetRecommendedAccess" time="0.313" classname="sailpoint.recommender.RecommenderUtilTests"/>
  <testcase name="testGetRecommendedEntitlements" time="0.235" classname="sailpoint.recommender.RecommenderUtilTests"/>
</testsuite> <!-- sailpoint.recommender.RecommenderUtilTests -->
