<?xml version="1.0" encoding="UTF-8"?>
<!-- Generated by org.testng.reporters.JUnitReportReporter -->
<testsuite skipped="0" hostname="sunfish.sailpoint.com" name="sailpoint.scim.common.UserResourceTest" tests="11" failures="0" timestamp="11 May 2021 16:09:47 GMT" time="0.003" errors="0">
  <testcase name="testEntitlements" time="0.000" classname="sailpoint.scim.common.UserResourceTest"/>
  <testcase name="testPhotos" time="0.000" classname="sailpoint.scim.common.UserResourceTest"/>
  <testcase name="testX509Certs" time="0.000" classname="sailpoint.scim.common.UserResourceTest"/>
  <testcase name="testAddresses" time="0.001" classname="sailpoint.scim.common.UserResourceTest"/>
  <testcase name="testName" time="0.000" classname="sailpoint.scim.common.UserResourceTest"/>
  <testcase name="testGroups" time="0.001" classname="sailpoint.scim.common.UserResourceTest"/>
  <testcase name="testIM" time="0.000" classname="sailpoint.scim.common.UserResourceTest"/>
  <testcase name="testManager" time="0.001" classname="sailpoint.scim.common.UserResourceTest"/>
  <testcase name="testPhone" time="0.000" classname="sailpoint.scim.common.UserResourceTest"/>
  <testcase name="testRoles" time="0.000" classname="sailpoint.scim.common.UserResourceTest"/>
  <testcase name="testEmail" time="0.000" classname="sailpoint.scim.common.UserResourceTest"/>
</testsuite> <!-- sailpoint.scim.common.UserResourceTest -->
