<?xml version="1.0" encoding="UTF-8"?>
<!-- Generated by org.testng.reporters.JUnitReportReporter -->
<testsuite skipped="0" hostname="sunfish.sailpoint.com" name="sailpoint.rest.scim.TaskResultResourceTest" tests="5" failures="0" timestamp="11 May 2021 16:09:47 GMT" time="0.324" errors="0">
  <testcase name="testGetEtagNotMatch" time="0.084" classname="sailpoint.rest.scim.TaskResultResourceTest"/>
  <testcase name="testGetById" time="0.068" classname="sailpoint.rest.scim.TaskResultResourceTest"/>
  <testcase name="testGetEtagMatch" time="0.093" classname="sailpoint.rest.scim.TaskResultResourceTest"/>
  <testcase name="testGetNotFound" time="0.020" classname="sailpoint.rest.scim.TaskResultResourceTest"/>
  <testcase name="testGetByName" time="0.059" classname="sailpoint.rest.scim.TaskResultResourceTest"/>
</testsuite> <!-- sailpoint.rest.scim.TaskResultResourceTest -->
