<?xml version="1.0" encoding="UTF-8"?>
<!-- Generated by org.testng.reporters.JUnitReportReporter -->
<testsuite skipped="0" hostname="sunfish.sailpoint.com" name="sailpoint.service.identityrequest.IdentityRequestDTOTests" tests="2" failures="0" timestamp="11 May 2021 16:09:47 GMT" time="2.767" errors="0">
  <testcase name="testTerminated" time="1.105" classname="sailpoint.service.identityrequest.IdentityRequestDTOTests"/>
  <testcase name="testIdentityRequestDTO" time="1.662" classname="sailpoint.service.identityrequest.IdentityRequestDTOTests"/>
</testsuite> <!-- sailpoint.service.identityrequest.IdentityRequestDTOTests -->
